<?xml version="1.0" encoding="utf-8"?>
<TestRun id="39a0fa2d-3dbc-4765-8561-bfc7ae782801" name="Mathew.Burkitt@DT-2020-RES-1 2026-03-19 11:14:37" runUser="CJC\Mathew.Burkitt" xmlns="http://microsoft.com/schemas/VisualStudio/TeamTest/2010">
  <Times creation="2026-03-19T11:14:37.0905946+00:00" queuing="2026-03-19T11:14:37.0905950+00:00" start="2026-03-19T11:14:36.0264235+00:00" finish="2026-03-19T11:14:39.6243161+00:00" />
  <TestSettings name="default" id="f75dd7f1-073c-4770-a135-172971f3fe76">
    <Deployment runDeploymentRoot="Mathew.Burkitt_DT-2020-RES-1_2026-03-19_11_14_37" />
  </TestSettings>
  <Results>
    <UnitTestResult executionId="3ad8509a-925e-443f-9067-5702f9fe01c2" testId="79fec0af-7103-0a94-f383-cfab316b3a9a" testName="Entropic.Core.Tests+AggregatorTests.getProjects aggregates from multiple providers" computerName="DT-2020-RES-1" duration="00:00:01.1439785" startTime="2026-03-19T11:14:38.3310298+00:00" endTime="2026-03-19T11:14:39.4747723+00:00" testType="13cdc9d9-ddb5-4fa4-a97d-d965ccfc6d4b" outcome="Passed" testListId="8c84fa94-04c1-424b-9868-57a2d4851a1d" relativeResultsDirectory="3ad8509a-925e-443f-9067-5702f9fe01c2" />
    <UnitTestResult executionId="e28f457d-7b31-4551-8eb8-22530331cf11" testId="e4b89777-d8fd-f325-c60d-032962d41356" testName="Entropic.Core.Tests+ProviderDetectionTests.geminiPaths returns sessions directory" computerName="DT-2020-RES-1" duration="00:00:00.0001512" startTime="2026-03-19T11:14:39.4832353+00:00" endTime="2026-03-19T11:14:39.4832559+00:00" testType="13cdc9d9-ddb5-4fa4-a97d-d965ccfc6d4b" outcome="Passed" testListId="8c84fa94-04c1-424b-9868-57a2d4851a1d" relativeResultsDirectory="e28f457d-7b31-4551-8eb8-22530331cf11" />
    <UnitTestResult executionId="0dcfca15-e571-4895-8916-8c194486c130" testId="55866702-2cfe-1c61-419c-441cb0c29fdb" testName="Entropic.Core.Tests+PersistencePortTests.IPersistencePort round-trips values" computerName="DT-2020-RES-1" duration="00:00:00.0045899" startTime="2026-03-19T11:14:36.9838445+00:00" endTime="2026-03-19T11:14:36.9884734+00:00" testType="13cdc9d9-ddb5-4fa4-a97d-d965ccfc6d4b" outcome="Passed" testListId="8c84fa94-04c1-424b-9868-57a2d4851a1d" relativeResultsDirectory="0dcfca15-e571-4895-8916-8c194486c130" />
    <UnitTestResult executionId="701c3d02-a25a-4ace-ab6f-bce3c89d8a19" testId="68debd23-8970-79da-116e-1f302d918f61" testName="Entropic.Core.Tests+JsonlParserTests.computeJsonlSignature changes when files are added" computerName="DT-2020-RES-1" duration="00:00:00.0078987" startTime="2026-03-19T11:14:37.6835663+00:00" endTime="2026-03-19T11:14:37.6914423+00:00" testType="13cdc9d9-ddb5-4fa4-a97d-d965ccfc6d4b" outcome="Passed" testListId="8c84fa94-04c1-424b-9868-57a2d4851a1d" relativeResultsDirectory="701c3d02-a25a-4ace-ab6f-bce3c89d8a19" />
    <UnitTestResult executionId="f55c0ea1-a319-400b-a2dc-16d2d2a953f6" testId="727efe84-58a5-e7f9-3788-d00eed737311" testName="Entropic.Core.Tests+PathUtilsTests.reconstructPath handles Windows-style flattened paths" computerName="DT-2020-RES-1" duration="00:00:00.0271186" startTime="2026-03-19T11:14:37.0520748+00:00" endTime="2026-03-19T11:14:37.0532172+00:00" testType="13cdc9d9-ddb5-4fa4-a97d-d965ccfc6d4b" outcome="Passed" testListId="8c84fa94-04c1-424b-9868-57a2d4851a1d" relativeResultsDirectory="f55c0ea1-a319-400b-a2dc-16d2d2a953f6" />
    <UnitTestResult executionId="cf963a03-bfba-43f0-9cf3-ddc8a711efc6" testId="1cc5e005-e19c-89d6-de53-b450ef39410d" testName="Entropic.Core.Tests+ProviderDetectionTests.claudePaths returns expected directory structure" computerName="DT-2020-RES-1" duration="00:00:00.0005496" startTime="2026-03-19T11:14:39.4835918+00:00" endTime="2026-03-19T11:14:39.4836073+00:00" testType="13cdc9d9-ddb5-4fa4-a97d-d965ccfc6d4b" outcome="Passed" testListId="8c84fa94-04c1-424b-9868-57a2d4851a1d" relativeResultsDirectory="cf963a03-bfba-43f0-9cf3-ddc8a711efc6" />
    <UnitTestResult executionId="5c6a66df-f5f3-4cd8-8807-6f77a7041ee5" testId="8181facd-0500-d651-7c9e-12e3bfeb6d99" testName="Entropic.Core.Tests+SessionMergeTests.mergeSessions detects duplicates" computerName="DT-2020-RES-1" duration="00:00:00.0051611" startTime="2026-03-19T11:14:37.7233633+00:00" endTime="2026-03-19T11:14:37.7284457+00:00" testType="13cdc9d9-ddb5-4fa4-a97d-d965ccfc6d4b" outcome="Passed" testListId="8c84fa94-04c1-424b-9868-57a2d4851a1d" relativeResultsDirectory="5c6a66df-f5f3-4cd8-8807-6f77a7041ee5" />
    <UnitTestResult executionId="cf32917e-a683-4d03-b610-85340954d934" testId="5e4eff96-0eeb-e17e-1ee2-ecb5dc46af95" testName="Entropic.Core.Tests+FileWatcherTests.DebouncedFileWatcher handles non-existent path gracefully" computerName="DT-2020-RES-1" duration="00:00:00.0004617" startTime="2026-03-19T11:14:37.0525387+00:00" endTime="2026-03-19T11:14:37.0525620+00:00" testType="13cdc9d9-ddb5-4fa4-a97d-d965ccfc6d4b" outcome="Passed" testListId="8c84fa94-04c1-424b-9868-57a2d4851a1d" relativeResultsDirectory="cf32917e-a683-4d03-b610-85340954d934" />
    <UnitTestResult executionId="43540477-8460-4b76-a6f6-4fca2ed4821b" testId="d91f0816-5fca-4f36-0647-464581ce2e50" testName="Entropic.Core.Tests+JsonlParserTests.tryParseJson returns None for invalid JSON" computerName="DT-2020-RES-1" duration="00:00:00.0016755" startTime="2026-03-19T11:14:37.7055403+00:00" endTime="2026-03-19T11:14:37.7067513+00:00" testType="13cdc9d9-ddb5-4fa4-a97d-d965ccfc6d4b" outcome="Passed" testListId="8c84fa94-04c1-424b-9868-57a2d4851a1d" relativeResultsDirectory="43540477-8460-4b76-a6f6-4fca2ed4821b" />
    <UnitTestResult executionId="cd323eeb-ebfe-4cf0-9c91-8c747adb1e68" testId="b5976f81-c47c-9f93-1da3-9c46a44286bf" testName="Entropic.Core.Tests+GitOnDemandTests.onDemandLoader caches after first call" computerName="DT-2020-RES-1" duration="00:00:00.0434057" startTime="2026-03-19T11:14:36.9434459+00:00" endTime="2026-03-19T11:14:37.0056201+00:00" testType="13cdc9d9-ddb5-4fa4-a97d-d965ccfc6d4b" outcome="Passed" testListId="8c84fa94-04c1-424b-9868-57a2d4851a1d" relativeResultsDirectory="cd323eeb-ebfe-4cf0-9c91-8c747adb1e68" />
    <UnitTestResult executionId="058ef8ea-6a6a-4bef-bfbb-7bc81d160ace" testId="bc434266-73fa-3be4-b367-8bd4bf937db6" testName="Entropic.Core.Tests+SessionHistoryTests.loadHistory returns empty for missing file" computerName="DT-2020-RES-1" duration="00:00:00.0012407" startTime="2026-03-19T11:14:38.2690811+00:00" endTime="2026-03-19T11:14:38.2704787+00:00" testType="13cdc9d9-ddb5-4fa4-a97d-d965ccfc6d4b" outcome="Passed" testListId="8c84fa94-04c1-424b-9868-57a2d4851a1d" relativeResultsDirectory="058ef8ea-6a6a-4bef-bfbb-7bc81d160ace" />
    <UnitTestResult executionId="9a480a75-84ba-409e-905d-965193bd85da" testId="876b027c-38b0-19d0-4a23-30df406d2a6e" testName="Entropic.Core.Tests+GitDiscoverTests.discoverRepos finds git repos" computerName="DT-2020-RES-1" duration="00:00:00.5434458" startTime="2026-03-19T11:14:37.7230955+00:00" endTime="2026-03-19T11:14:38.2663587+00:00" testType="13cdc9d9-ddb5-4fa4-a97d-d965ccfc6d4b" outcome="Passed" testListId="8c84fa94-04c1-424b-9868-57a2d4851a1d" relativeResultsDirectory="9a480a75-84ba-409e-905d-965193bd85da" />
    <UnitTestResult executionId="1bd53c62-7a7c-48e6-98e5-b06e49926156" testId="a3331ea0-7780-a405-2a16-11504ad61f75" testName="Entropic.Core.Tests+SessionDeleteTests.deleteSession returns error for missing file" computerName="DT-2020-RES-1" duration="00:00:00.0008738" startTime="2026-03-19T11:14:37.0822516+00:00" endTime="2026-03-19T11:14:37.0832288+00:00" testType="13cdc9d9-ddb5-4fa4-a97d-d965ccfc6d4b" outcome="Passed" testListId="8c84fa94-04c1-424b-9868-57a2d4851a1d" relativeResultsDirectory="1bd53c62-7a7c-48e6-98e5-b06e49926156" />
    <UnitTestResult executionId="0be29ee8-e7be-4aa7-b230-d7453f6e3a70" testId="14154c83-46dc-0a04-3fe1-0e05f3b985f7" testName="Entropic.Core.Tests+TodoStatusTests.TodoStatus has three cases" computerName="DT-2020-RES-1" duration="00:00:00.0092868" startTime="2026-03-19T11:14:36.9454232+00:00" endTime="2026-03-19T11:14:36.9608947+00:00" testType="13cdc9d9-ddb5-4fa4-a97d-d965ccfc6d4b" outcome="Passed" testListId="8c84fa94-04c1-424b-9868-57a2d4851a1d" relativeResultsDirectory="0be29ee8-e7be-4aa7-b230-d7453f6e3a70" />
    <UnitTestResult executionId="bfa4f2de-0260-4097-ba32-1cb5c051234e" testId="84f209b6-ea5d-9605-b9b7-d5e05f599c18" testName="Entropic.Core.Tests+TodoManagerDisplayTests.displayText uses ActiveForm when InProgress" computerName="DT-2020-RES-1" duration="00:00:00.0001104" startTime="2026-03-19T11:14:38.3282807+00:00" endTime="2026-03-19T11:14:38.3283148+00:00" testType="13cdc9d9-ddb5-4fa4-a97d-d965ccfc6d4b" outcome="Passed" testListId="8c84fa94-04c1-424b-9868-57a2d4851a1d" relativeResultsDirectory="bfa4f2de-0260-4097-ba32-1cb5c051234e" />
    <UnitTestResult executionId="b3b66763-0ac0-4675-8722-037219b474c7" testId="26dd9e4a-c788-f582-4108-8db9b6ebdef5" testName="Entropic.Core.Tests+SessionHistoryTests.loadHistory parses JSONL chat messages" computerName="DT-2020-RES-1" duration="00:00:00.0126403" startTime="2026-03-19T11:14:38.2716814+00:00" endTime="2026-03-19T11:14:38.2828872+00:00" testType="13cdc9d9-ddb5-4fa4-a97d-d965ccfc6d4b" outcome="Passed" testListId="8c84fa94-04c1-424b-9868-57a2d4851a1d" relativeResultsDirectory="b3b66763-0ac0-4675-8722-037219b474c7" />
    <UnitTestResult executionId="0508007e-e968-46da-84e6-984fe49f081b" testId="ed9ca763-8d8f-9a7e-2869-2f2457d015d7" testName="Entropic.Core.Tests+PreferencesTests.getDefaultDryRun reads false from file" computerName="DT-2020-RES-1" duration="00:00:00.0042717" startTime="2026-03-19T11:14:38.3224940+00:00" endTime="2026-03-19T11:14:38.3266128+00:00" testType="13cdc9d9-ddb5-4fa4-a97d-d965ccfc6d4b" outcome="Passed" testListId="8c84fa94-04c1-424b-9868-57a2d4851a1d" relativeResultsDirectory="0508007e-e968-46da-84e6-984fe49f081b" />
    <UnitTestResult executionId="36a8efbf-9f69-4b5d-9644-4d04dfd37f0f" testId="900c40b4-f1ed-59ab-2aa3-f271f9a9fc45" testName="Entropic.Core.Tests+LocalOnlyTests.Domain types carry no telemetry or external service fields" computerName="DT-2020-RES-1" duration="00:00:00.0006644" startTime="2026-03-19T11:14:37.7200990+00:00" endTime="2026-03-19T11:14:37.7209659+00:00" testType="13cdc9d9-ddb5-4fa4-a97d-d965ccfc6d4b" outcome="Passed" testListId="8c84fa94-04c1-424b-9868-57a2d4851a1d" relativeResultsDirectory="36a8efbf-9f69-4b5d-9644-4d04dfd37f0f" />
    <UnitTestResult executionId="3e01075c-95a5-46a1-a674-78bb4c88146b" testId="66f944fb-5d95-0df0-09f2-95005977671b" testName="Entropic.Core.Tests+PreferencesTests.getDefaultDryRun returns default true when no file" computerName="DT-2020-RES-1" duration="00:00:00.0005669" startTime="2026-03-19T11:14:38.3155878+00:00" endTime="2026-03-19T11:14:38.3162591+00:00" testType="13cdc9d9-ddb5-4fa4-a97d-d965ccfc6d4b" outcome="Passed" testListId="8c84fa94-04c1-424b-9868-57a2d4851a1d" relativeResultsDirectory="3e01075c-95a5-46a1-a674-78bb4c88146b" />
    <UnitTestResult executionId="80cc5cec-4057-45c2-a681-5068e9614acd" testId="e7b18816-8a79-62cd-e26e-2deb2f50700c" testName="Entropic.Core.Tests+GitCommitHistoryTests.getCommitHistory returns commits for real repo" computerName="DT-2020-RES-1" duration="00:00:01.1707142" startTime="2026-03-19T11:14:38.2943644+00:00" endTime="2026-03-19T11:14:39.4649550+00:00" testType="13cdc9d9-ddb5-4fa4-a97d-d965ccfc6d4b" outcome="Passed" testListId="8c84fa94-04c1-424b-9868-57a2d4851a1d" relativeResultsDirectory="80cc5cec-4057-45c2-a681-5068e9614acd" />
    <UnitTestResult executionId="0d3871ff-4a1e-4cd8-a110-ae7d82a24d1a" testId="3f693ff5-935b-1937-d400-9d92db6b9c02" testName="Entropic.Core.Tests+PortsTests.IProviderPort can be implemented and called" computerName="DT-2020-RES-1" duration="00:00:00.0050275" startTime="2026-03-19T11:14:39.4703927+00:00" endTime="2026-03-19T11:14:39.4751431+00:00" testType="13cdc9d9-ddb5-4fa4-a97d-d965ccfc6d4b" outcome="Passed" testListId="8c84fa94-04c1-424b-9868-57a2d4851a1d" relativeResultsDirectory="0d3871ff-4a1e-4cd8-a110-ae7d82a24d1a" />
    <UnitTestResult executionId="bde30adf-f73f-4d53-a9d6-1e75fc79ae06" testId="61d2cba2-cda6-706a-5d36-e8e0e8e4bdbe" testName="Entropic.Core.Tests+ClaudeAdapterTests.ClaudeAdapter returns empty list for nonexistent directories" computerName="DT-2020-RES-1" duration="00:00:00.0250620" startTime="2026-03-19T11:14:38.3026003+00:00" endTime="2026-03-19T11:14:38.3274454+00:00" testType="13cdc9d9-ddb5-4fa4-a97d-d965ccfc6d4b" outcome="Passed" testListId="8c84fa94-04c1-424b-9868-57a2d4851a1d" relativeResultsDirectory="bde30adf-f73f-4d53-a9d6-1e75fc79ae06" />
    <UnitTestResult executionId="8cb270ee-d904-46f2-a44d-fa71b2e40bf1" testId="c18db5d0-a8c2-d62e-f856-e536d8523fad" testName="Entropic.Core.Tests+AggregatorTests.mergeProjects keeps different providers separate" computerName="DT-2020-RES-1" duration="00:00:00.0023058" startTime="2026-03-19T11:14:38.3295831+00:00" endTime="2026-03-19T11:14:38.3307704+00:00" testType="13cdc9d9-ddb5-4fa4-a97d-d965ccfc6d4b" outcome="Passed" testListId="8c84fa94-04c1-424b-9868-57a2d4851a1d" relativeResultsDirectory="8cb270ee-d904-46f2-a44d-fa71b2e40bf1" />
    <UnitTestResult executionId="52b44378-830d-4625-aec5-5f9836f2bc60" testId="e4083456-9668-6347-273c-11f37ab637af" testName="Entropic.Core.Tests+SessionMappingTests.readProjectMapping returns None for missing file" computerName="DT-2020-RES-1" duration="00:00:00.0054931" startTime="2026-03-19T11:14:38.2841011+00:00" endTime="2026-03-19T11:14:38.2885446+00:00" testType="13cdc9d9-ddb5-4fa4-a97d-d965ccfc6d4b" outcome="Passed" testListId="8c84fa94-04c1-424b-9868-57a2d4851a1d" relativeResultsDirectory="52b44378-830d-4625-aec5-5f9836f2bc60" />
    <UnitTestResult executionId="cfb4d15e-04bf-4063-89c0-87809c192098" testId="b0b81e99-c22c-dc71-aa4a-9d872f78a4c9" testName="Entropic.Core.Tests+SessionDeleteTests.deleteSession removes file" computerName="DT-2020-RES-1" duration="00:00:00.0339324" startTime="2026-03-19T11:14:37.0547309+00:00" endTime="2026-03-19T11:14:37.0813577+00:00" testType="13cdc9d9-ddb5-4fa4-a97d-d965ccfc6d4b" outcome="Passed" testListId="8c84fa94-04c1-424b-9868-57a2d4851a1d" relativeResultsDirectory="cfb4d15e-04bf-4063-89c0-87809c192098" />
    <UnitTestResult executionId="0113570e-6449-4af2-adb8-1b037dad3fb2" testId="6e31f0c1-cbe9-886c-0f3a-39942dc6a1b7" testName="Entropic.Core.Tests+AggregatorTests.mergeProjects does not duplicate same session" computerName="DT-2020-RES-1" duration="00:00:00.0002528" startTime="2026-03-19T11:14:39.4802860+00:00" endTime="2026-03-19T11:14:39.4804150+00:00" testType="13cdc9d9-ddb5-4fa4-a97d-d965ccfc6d4b" outcome="Passed" testListId="8c84fa94-04c1-424b-9868-57a2d4851a1d" relativeResultsDirectory="0113570e-6449-4af2-adb8-1b037dad3fb2" />
    <UnitTestResult executionId="940fe108-b4b4-42cd-9418-46dca73db088" testId="3cfc995e-3396-d755-980d-60acfb365a93" testName="Entropic.Core.Tests+DiagnosticsCollectTests.repairAll in dry-run mode reports planned but zero written" computerName="DT-2020-RES-1" duration="00:00:00.0038084" startTime="2026-03-19T11:14:38.2693612+00:00" endTime="2026-03-19T11:14:38.2728972+00:00" testType="13cdc9d9-ddb5-4fa4-a97d-d965ccfc6d4b" outcome="Passed" testListId="8c84fa94-04c1-424b-9868-57a2d4851a1d" relativeResultsDirectory="940fe108-b4b4-42cd-9418-46dca73db088" />
    <UnitTestResult executionId="da0bff29-a75c-42d1-be3b-db846517d210" testId="64e4d325-7685-2561-bf81-fdb4673a1121" testName="Entropic.Core.Tests+TodoStatusTests.TodoStatus cases are distinct" computerName="DT-2020-RES-1" duration="00:00:00.0032608" startTime="2026-03-19T11:14:36.9741509+00:00" endTime="2026-03-19T11:14:36.9742091+00:00" testType="13cdc9d9-ddb5-4fa4-a97d-d965ccfc6d4b" outcome="Passed" testListId="8c84fa94-04c1-424b-9868-57a2d4851a1d" relativeResultsDirectory="da0bff29-a75c-42d1-be3b-db846517d210" />
    <UnitTestResult executionId="f27832fb-c977-4e34-a1f9-1e46b0dce99f" testId="ab22731d-aae5-4fe6-7c88-9ec18a2b4929" testName="Entropic.Core.Tests+DomainTypeTests.Todo record stores provider-agnostic todo data" computerName="DT-2020-RES-1" duration="00:00:00.0012760" startTime="2026-03-19T11:14:36.9919937+00:00" endTime="2026-03-19T11:14:37.0059298+00:00" testType="13cdc9d9-ddb5-4fa4-a97d-d965ccfc6d4b" outcome="Passed" testListId="8c84fa94-04c1-424b-9868-57a2d4851a1d" relativeResultsDirectory="f27832fb-c977-4e34-a1f9-1e46b0dce99f" />
    <UnitTestResult executionId="7ddd545b-9142-4352-bd29-3fa83d907349" testId="a902bf30-4cae-643f-aa9d-15040fc2caf7" testName="Entropic.Core.Tests+TodoManagerFilterTests.filterActive excludes Completed todos" computerName="DT-2020-RES-1" duration="00:00:00.0025621" startTime="2026-03-19T11:14:38.3278653+00:00" endTime="2026-03-19T11:14:38.3304099+00:00" testType="13cdc9d9-ddb5-4fa4-a97d-d965ccfc6d4b" outcome="Passed" testListId="8c84fa94-04c1-424b-9868-57a2d4851a1d" relativeResultsDirectory="7ddd545b-9142-4352-bd29-3fa83d907349" />
    <UnitTestResult executionId="185dfdfb-25ed-4978-b642-4158e80bd1e9" testId="2417d599-d753-df79-d741-0a60e45a61c5" testName="Entropic.Core.Tests+DiagnosticsCollectTests.collectAll aggregates unanchored counts across providers" computerName="DT-2020-RES-1" duration="00:00:00.0026928" startTime="2026-03-19T11:14:38.2734064+00:00" endTime="2026-03-19T11:14:38.2759730+00:00" testType="13cdc9d9-ddb5-4fa4-a97d-d965ccfc6d4b" outcome="Passed" testListId="8c84fa94-04c1-424b-9868-57a2d4851a1d" relativeResultsDirectory="185dfdfb-25ed-4978-b642-4158e80bd1e9" />
    <UnitTestResult executionId="280097e3-d969-4aff-9e56-283193060124" testId="d98e496a-9d36-46f2-c7ee-e0388f85d1c4" testName="Entropic.Core.Tests+PreferencesTests.getString returns None when key missing" computerName="DT-2020-RES-1" duration="00:00:00.0054901" startTime="2026-03-19T11:14:38.3012458+00:00" endTime="2026-03-19T11:14:38.3067584+00:00" testType="13cdc9d9-ddb5-4fa4-a97d-d965ccfc6d4b" outcome="Passed" testListId="8c84fa94-04c1-424b-9868-57a2d4851a1d" relativeResultsDirectory="280097e3-d969-4aff-9e56-283193060124" />
    <UnitTestResult executionId="6c17e1b4-1972-4f8e-8ca6-bf980e838d5b" testId="fc997945-08f2-f3f0-f5fb-8bd9ebbafbcb" testName="Entropic.Core.Tests+SessionTests.Session carries file and project paths" computerName="DT-2020-RES-1" duration="00:00:00.0011580" startTime="2026-03-19T11:14:39.4764604+00:00" endTime="2026-03-19T11:14:39.4764855+00:00" testType="13cdc9d9-ddb5-4fa4-a97d-d965ccfc6d4b" outcome="Passed" testListId="8c84fa94-04c1-424b-9868-57a2d4851a1d" relativeResultsDirectory="6c17e1b4-1972-4f8e-8ca6-bf980e838d5b" />
    <UnitTestResult executionId="fe8102ba-9004-4ea6-b557-5ed082896ddb" testId="4adf8a46-f3bf-2c1d-d7aa-abe7f13db00a" testName="Entropic.Core.Tests+SessionTests.Session has provider and sessionId identity" computerName="DT-2020-RES-1" duration="00:00:00.0002121" startTime="2026-03-19T11:14:39.4766002+00:00" endTime="2026-03-19T11:14:39.4789564+00:00" testType="13cdc9d9-ddb5-4fa4-a97d-d965ccfc6d4b" outcome="Passed" testListId="8c84fa94-04c1-424b-9868-57a2d4851a1d" relativeResultsDirectory="fe8102ba-9004-4ea6-b557-5ed082896ddb" />
    <UnitTestResult executionId="71749035-bf06-4310-a755-69adae1104ac" testId="25ef1caa-c415-b046-5dcd-3528c236a343" testName="Entropic.Core.Tests+GarageScaleTests.Aggregator is a simple module with no distributed patterns" computerName="DT-2020-RES-1" duration="00:00:00.0011351" startTime="2026-03-19T11:14:37.6851351+00:00" endTime="2026-03-19T11:14:37.6863964+00:00" testType="13cdc9d9-ddb5-4fa4-a97d-d965ccfc6d4b" outcome="Passed" testListId="8c84fa94-04c1-424b-9868-57a2d4851a1d" relativeResultsDirectory="71749035-bf06-4310-a755-69adae1104ac" />
    <UnitTestResult executionId="9d9e20d5-5ff4-4a19-9fb6-e121ec6c1e1b" testId="2a41ce3b-4250-9151-8bbd-e512f43b2604" testName="Entropic.Core.Tests+TodoManagerDisplayTests.displayText uses Content when Pending" computerName="DT-2020-RES-1" duration="00:00:00.0001032" startTime="2026-03-19T11:14:38.3285104+00:00" endTime="2026-03-19T11:14:38.3285377+00:00" testType="13cdc9d9-ddb5-4fa4-a97d-d965ccfc6d4b" outcome="Passed" testListId="8c84fa94-04c1-424b-9868-57a2d4851a1d" relativeResultsDirectory="9d9e20d5-5ff4-4a19-9fb6-e121ec6c1e1b" />
    <UnitTestResult executionId="eebce141-7ad0-4053-98c6-37c2c6d6a5d6" testId="c823fdb7-9b1f-e68d-5842-2ba795d6dfc1" testName="Entropic.Core.Tests+TodoPersistenceTests.persistTodos writes and loadTodos reads back" computerName="DT-2020-RES-1" duration="00:00:00.0499676" startTime="2026-03-19T11:14:37.0544460+00:00" endTime="2026-03-19T11:14:37.0962181+00:00" testType="13cdc9d9-ddb5-4fa4-a97d-d965ccfc6d4b" outcome="Passed" testListId="8c84fa94-04c1-424b-9868-57a2d4851a1d" relativeResultsDirectory="eebce141-7ad0-4053-98c6-37c2c6d6a5d6" />
    <UnitTestResult executionId="f35997f7-4a3f-41e3-8f78-bd485cab54aa" testId="6d145b05-8103-2974-6844-98a0ed088ff3" testName="Entropic.Core.Tests+ResultTypeTests.FetchProjects returns Result type" computerName="DT-2020-RES-1" duration="00:00:00.0035805" startTime="2026-03-19T11:14:39.4659429+00:00" endTime="2026-03-19T11:14:39.4691886+00:00" testType="13cdc9d9-ddb5-4fa4-a97d-d965ccfc6d4b" outcome="Passed" testListId="8c84fa94-04c1-424b-9868-57a2d4851a1d" relativeResultsDirectory="f35997f7-4a3f-41e3-8f78-bd485cab54aa" />
    <UnitTestResult executionId="2e9c6467-2cbe-4735-8063-bba8168ecc48" testId="61e0a2ae-2b62-4b91-d247-3e5d08a78409" testName="Entropic.Core.Tests+AggregatorTests.mergeProjects deduplicates by provider and path" computerName="DT-2020-RES-1" duration="00:00:00.0052944" startTime="2026-03-19T11:14:39.4750354+00:00" endTime="2026-03-19T11:14:39.4801241+00:00" testType="13cdc9d9-ddb5-4fa4-a97d-d965ccfc6d4b" outcome="Passed" testListId="8c84fa94-04c1-424b-9868-57a2d4851a1d" relativeResultsDirectory="2e9c6467-2cbe-4735-8063-bba8168ecc48" />
    <UnitTestResult executionId="e30163f4-d1ca-42b8-b94b-de8f568823e7" testId="96195fab-3003-c7ac-75fd-21fda0482431" testName="Entropic.Core.Tests+ClaudeAdapterTests.ClaudeAdapter reads projects from temp directory" computerName="DT-2020-RES-1" duration="00:00:00.0263335" startTime="2026-03-19T11:14:38.2762878+00:00" endTime="2026-03-19T11:14:38.3023308+00:00" testType="13cdc9d9-ddb5-4fa4-a97d-d965ccfc6d4b" outcome="Passed" testListId="8c84fa94-04c1-424b-9868-57a2d4851a1d" relativeResultsDirectory="e30163f4-d1ca-42b8-b94b-de8f568823e7" />
    <UnitTestResult executionId="b612493a-eb8e-48ae-9bfd-f4f4f1d4faff" testId="df12b5e3-6f94-19a7-6b93-76d32b24d417" testName="Entropic.Core.Tests+TodoManagerDisplayTests.displayText uses Content when ActiveForm is empty" computerName="DT-2020-RES-1" duration="00:00:00.0003143" startTime="2026-03-19T11:14:38.3277606+00:00" endTime="2026-03-19T11:14:38.3279530+00:00" testType="13cdc9d9-ddb5-4fa4-a97d-d965ccfc6d4b" outcome="Passed" testListId="8c84fa94-04c1-424b-9868-57a2d4851a1d" relativeResultsDirectory="b612493a-eb8e-48ae-9bfd-f4f4f1d4faff" />
    <UnitTestResult executionId="7862b48d-5c96-4419-903f-7d2eee92e5a3" testId="a0ca3ebe-13af-6e13-9681-cc0b3196e762" testName="Entropic.Core.Tests+DomainTypeTests.Project record stores provider and path" computerName="DT-2020-RES-1" duration="00:00:00.0028135" startTime="2026-03-19T11:14:36.9889364+00:00" endTime="2026-03-19T11:14:36.9917780+00:00" testType="13cdc9d9-ddb5-4fa4-a97d-d965ccfc6d4b" outcome="Passed" testListId="8c84fa94-04c1-424b-9868-57a2d4851a1d" relativeResultsDirectory="7862b48d-5c96-4419-903f-7d2eee92e5a3" />
    <UnitTestResult executionId="b0d9d0ff-f048-487d-ab05-1c15ab4c2a6b" testId="ba7e55e1-bc25-6239-38a5-6244c0424f32" testName="Entropic.Core.Tests+CodexAdapterTests.CodexAdapter returns empty list for nonexistent directory" computerName="DT-2020-RES-1" duration="00:00:00.0444323" startTime="2026-03-19T11:14:37.0531847+00:00" endTime="2026-03-19T11:14:37.0544764+00:00" testType="13cdc9d9-ddb5-4fa4-a97d-d965ccfc6d4b" outcome="Passed" testListId="8c84fa94-04c1-424b-9868-57a2d4851a1d" relativeResultsDirectory="b0d9d0ff-f048-487d-ab05-1c15ab4c2a6b" />
    <UnitTestResult executionId="28510a04-2dd9-4bf7-bc26-5a31a3370d4c" testId="043ed3d9-da1d-6e7c-6cec-f0885108bf38" testName="Entropic.Core.Tests+DiagnosticsCollectTests.repairAll in live mode writes files" computerName="DT-2020-RES-1" duration="00:00:00.5456522" startTime="2026-03-19T11:14:37.7244375+00:00" endTime="2026-03-19T11:14:38.2691075+00:00" testType="13cdc9d9-ddb5-4fa4-a97d-d965ccfc6d4b" outcome="Passed" testListId="8c84fa94-04c1-424b-9868-57a2d4851a1d" relativeResultsDirectory="28510a04-2dd9-4bf7-bc26-5a31a3370d4c" />
    <UnitTestResult executionId="6e80ad19-fb05-4b31-aae9-ff4393b0c1fa" testId="d470aed5-fd95-0a8d-5b7f-7b7d63f92210" testName="Entropic.Core.Tests+JsonlParserTests.tryParseJson returns Some for valid JSON" computerName="DT-2020-RES-1" duration="00:00:00.0009352" startTime="2026-03-19T11:14:37.7053509+00:00" endTime="2026-03-19T11:14:37.7053750+00:00" testType="13cdc9d9-ddb5-4fa4-a97d-d965ccfc6d4b" outcome="Passed" testListId="8c84fa94-04c1-424b-9868-57a2d4851a1d" relativeResultsDirectory="6e80ad19-fb05-4b31-aae9-ff4393b0c1fa" />
    <UnitTestResult executionId="831c6d2e-a892-48bf-9c24-27a268254c56" testId="42100eba-103b-afb2-a98b-b488d4220f22" testName="Entropic.Core.Tests+PathUtilsTests.validatePath returns false for nonexistent path" computerName="DT-2020-RES-1" duration="00:00:00.0004418" startTime="2026-03-19T11:14:37.0533884+00:00" endTime="2026-03-19T11:14:37.0534103+00:00" testType="13cdc9d9-ddb5-4fa4-a97d-d965ccfc6d4b" outcome="Passed" testListId="8c84fa94-04c1-424b-9868-57a2d4851a1d" relativeResultsDirectory="831c6d2e-a892-48bf-9c24-27a268254c56" />
    <UnitTestResult executionId="cff7aba2-f6a2-4913-af4b-d9c2f50d6a21" testId="373eb4d6-b88c-8be3-0a1d-87a21abb8e21" testName="Entropic.Core.Tests+JsonlParserTests.normalizeStatus maps known strings" computerName="DT-2020-RES-1" duration="00:00:00.0005276" startTime="2026-03-19T11:14:37.7050809+00:00" endTime="2026-03-19T11:14:37.7051279+00:00" testType="13cdc9d9-ddb5-4fa4-a97d-d965ccfc6d4b" outcome="Passed" testListId="8c84fa94-04c1-424b-9868-57a2d4851a1d" relativeResultsDirectory="cff7aba2-f6a2-4913-af4b-d9c2f50d6a21" />
    <UnitTestResult executionId="c140ef6b-4a1a-4120-b236-326904bd33b1" testId="1b8ce734-c4a0-b754-d372-7270e57dad37" testName="Entropic.Core.Tests+PreferencesTests.getRepairThreshold reads from file" computerName="DT-2020-RES-1" duration="00:00:00.0056709" startTime="2026-03-19T11:14:38.3165623+00:00" endTime="2026-03-19T11:14:38.3222240+00:00" testType="13cdc9d9-ddb5-4fa4-a97d-d965ccfc6d4b" outcome="Passed" testListId="8c84fa94-04c1-424b-9868-57a2d4851a1d" relativeResultsDirectory="c140ef6b-4a1a-4120-b236-326904bd33b1" />
    <UnitTestResult executionId="52784aae-fd1a-4726-9cfc-2b72ead2d938" testId="77c6b3b8-20b6-45e8-6fc1-ff170c00f74a" testName="Entropic.Core.Tests+DiagnosticsCollectTests.shouldPromptRepair returns true when above threshold" computerName="DT-2020-RES-1" duration="00:00:00.0002587" startTime="2026-03-19T11:14:38.2730917+00:00" endTime="2026-03-19T11:14:38.2732072+00:00" testType="13cdc9d9-ddb5-4fa4-a97d-d965ccfc6d4b" outcome="Passed" testListId="8c84fa94-04c1-424b-9868-57a2d4851a1d" relativeResultsDirectory="52784aae-fd1a-4726-9cfc-2b72ead2d938" />
    <UnitTestResult executionId="79ebf8a2-523d-457b-93f1-fd111c861aa3" testId="f4e3b196-9550-9a8c-89a3-7ec32db01f48" testName="Entropic.Core.Tests+SessionDeleteTests.deleteSession returns error for no file path" computerName="DT-2020-RES-1" duration="00:00:00.0002179" startTime="2026-03-19T11:14:37.0816706+00:00" endTime="2026-03-19T11:14:37.0819595+00:00" testType="13cdc9d9-ddb5-4fa4-a97d-d965ccfc6d4b" outcome="Passed" testListId="8c84fa94-04c1-424b-9868-57a2d4851a1d" relativeResultsDirectory="79ebf8a2-523d-457b-93f1-fd111c861aa3" />
    <UnitTestResult executionId="2735e950-a9be-44d9-8d20-4b00390b3019" testId="389efc94-ddd3-e68c-19de-f429669da475" testName="Entropic.Core.Tests+ProviderDetectionTests.detect returns ProviderPresence record" computerName="DT-2020-RES-1" duration="00:00:00.0053866" startTime="2026-03-19T11:14:39.4791732+00:00" endTime="2026-03-19T11:14:39.4824585+00:00" testType="13cdc9d9-ddb5-4fa4-a97d-d965ccfc6d4b" outcome="Passed" testListId="8c84fa94-04c1-424b-9868-57a2d4851a1d" relativeResultsDirectory="2735e950-a9be-44d9-8d20-4b00390b3019" />
    <UnitTestResult executionId="cbb0493c-fe0b-48a1-9669-dfc1c3a29235" testId="4968f137-6473-b690-0860-4e0a0c0d32b6" testName="Entropic.Core.Tests+DiagnosticsCollectTests.collectAll returns per-provider breakdown" computerName="DT-2020-RES-1" duration="00:00:00.0338554" startTime="2026-03-19T11:14:37.6894985+00:00" endTime="2026-03-19T11:14:37.7233871+00:00" testType="13cdc9d9-ddb5-4fa4-a97d-d965ccfc6d4b" outcome="Passed" testListId="8c84fa94-04c1-424b-9868-57a2d4851a1d" relativeResultsDirectory="cbb0493c-fe0b-48a1-9669-dfc1c3a29235" />
    <UnitTestResult executionId="2d9eb0b7-e7c7-4760-b672-098f068dd2a4" testId="b8e4d3e3-789e-d502-0c86-31274dcc2302" testName="Entropic.Core.Tests+SessionSortTests.sortSessionsByDate puts most recent first" computerName="DT-2020-RES-1" duration="00:00:00.0027334" startTime="2026-03-19T11:14:38.2731812+00:00" endTime="2026-03-19T11:14:38.2756398+00:00" testType="13cdc9d9-ddb5-4fa4-a97d-d965ccfc6d4b" outcome="Passed" testListId="8c84fa94-04c1-424b-9868-57a2d4851a1d" relativeResultsDirectory="2d9eb0b7-e7c7-4760-b672-098f068dd2a4" />
    <UnitTestResult executionId="90463a97-084d-4631-a04c-27e021238308" testId="e69ed514-a4ad-01d8-6ab1-54bc2a894ec1" testName="Entropic.Core.Tests+TodoPersistenceTests.loadTodos returns empty for missing file" computerName="DT-2020-RES-1" duration="00:00:00.0004327" startTime="2026-03-19T11:14:37.0964184+00:00" endTime="2026-03-19T11:14:37.0966740+00:00" testType="13cdc9d9-ddb5-4fa4-a97d-d965ccfc6d4b" outcome="Passed" testListId="8c84fa94-04c1-424b-9868-57a2d4851a1d" relativeResultsDirectory="90463a97-084d-4631-a04c-27e021238308" />
    <UnitTestResult executionId="2950d9c6-a741-46f4-906c-4a5dcf11044a" testId="1a466743-d5a5-f266-298d-292c900b3f35" testName="Entropic.Core.Tests+GeminiAdapterTests.GeminiAdapter returns empty list for nonexistent directory" computerName="DT-2020-RES-1" duration="00:00:00.0060410" startTime="2026-03-19T11:14:39.4805788+00:00" endTime="2026-03-19T11:14:39.4866300+00:00" testType="13cdc9d9-ddb5-4fa4-a97d-d965ccfc6d4b" outcome="Passed" testListId="8c84fa94-04c1-424b-9868-57a2d4851a1d" relativeResultsDirectory="2950d9c6-a741-46f4-906c-4a5dcf11044a" />
    <UnitTestResult executionId="287ba791-edd6-4b1f-89c5-f4c99033a56e" testId="3a04d0e9-f5e6-bb9d-0f64-2a8b3334b925" testName="Entropic.Core.Tests+SessionMergeTests.mergeSessions combines unique todos" computerName="DT-2020-RES-1" duration="00:00:00.0004870" startTime="2026-03-19T11:14:37.7286846+00:00" endTime="2026-03-19T11:14:37.7289871+00:00" testType="13cdc9d9-ddb5-4fa4-a97d-d965ccfc6d4b" outcome="Passed" testListId="8c84fa94-04c1-424b-9868-57a2d4851a1d" relativeResultsDirectory="287ba791-edd6-4b1f-89c5-f4c99033a56e" />
    <UnitTestResult executionId="9b15ad38-6584-4ecf-a1c4-30928cb19447" testId="4696ed54-2605-566b-fa88-4612cfb51ee9" testName="Entropic.Core.Tests+ResultTypeTests.Error result is propagated not thrown" computerName="DT-2020-RES-1" duration="00:00:01.1349340" startTime="2026-03-19T11:14:38.3307366+00:00" endTime="2026-03-19T11:14:39.4657769+00:00" testType="13cdc9d9-ddb5-4fa4-a97d-d965ccfc6d4b" outcome="Passed" testListId="8c84fa94-04c1-424b-9868-57a2d4851a1d" relativeResultsDirectory="9b15ad38-6584-4ecf-a1c4-30928cb19447" />
    <UnitTestResult executionId="b40c9934-5a8c-4ccf-b220-11c7c4e781de" testId="0fbf9cdc-b75f-1329-e924-71bbaa1ae114" testName="Entropic.Core.Tests+ProviderDetectionTests.codexPaths returns sessions directory" computerName="DT-2020-RES-1" duration="00:00:00.0004269" startTime="2026-03-19T11:14:39.4826276+00:00" endTime="2026-03-19T11:14:39.4831016+00:00" testType="13cdc9d9-ddb5-4fa4-a97d-d965ccfc6d4b" outcome="Passed" testListId="8c84fa94-04c1-424b-9868-57a2d4851a1d" relativeResultsDirectory="b40c9934-5a8c-4ccf-b220-11c7c4e781de" />
    <UnitTestResult executionId="a7ab6cfb-5685-4c99-b395-e52e1dcbaf3b" testId="b9252515-cc31-4a79-21c1-77798b350d13" testName="Entropic.Core.Tests+GitDiscoverTests.discoverRepos returns empty for nonexistent path" computerName="DT-2020-RES-1" duration="00:00:00.0016702" startTime="2026-03-19T11:14:37.7212996+00:00" endTime="2026-03-19T11:14:37.7227709+00:00" testType="13cdc9d9-ddb5-4fa4-a97d-d965ccfc6d4b" outcome="Passed" testListId="8c84fa94-04c1-424b-9868-57a2d4851a1d" relativeResultsDirectory="a7ab6cfb-5685-4c99-b395-e52e1dcbaf3b" />
    <UnitTestResult executionId="57831fc8-0054-4853-b64c-e589cafdc287" testId="a3d44622-4d86-6172-3a77-8691cd6880c1" testName="Entropic.Core.Tests+SessionMappingTests.readProjectMapping reads path from metadata" computerName="DT-2020-RES-1" duration="00:00:00.0070532" startTime="2026-03-19T11:14:38.2761307+00:00" endTime="2026-03-19T11:14:38.2831917+00:00" testType="13cdc9d9-ddb5-4fa4-a97d-d965ccfc6d4b" outcome="Passed" testListId="8c84fa94-04c1-424b-9868-57a2d4851a1d" relativeResultsDirectory="57831fc8-0054-4853-b64c-e589cafdc287" />
    <UnitTestResult executionId="a54ff71d-0e57-475d-a395-75cb979ae794" testId="99598655-b3a9-4588-dd7b-d2823c98eeaa" testName="Entropic.Core.Tests+PreferencesTests.getRepairThreshold returns default 5 when no file" computerName="DT-2020-RES-1" duration="00:00:00.0006045" startTime="2026-03-19T11:14:38.3126308+00:00" endTime="2026-03-19T11:14:38.3152315+00:00" testType="13cdc9d9-ddb5-4fa4-a97d-d965ccfc6d4b" outcome="Passed" testListId="8c84fa94-04c1-424b-9868-57a2d4851a1d" relativeResultsDirectory="a54ff71d-0e57-475d-a395-75cb979ae794" />
    <UnitTestResult executionId="247639ce-3d7e-43b4-8bae-6da47d8edbaa" testId="31252b63-e5d1-ead0-520c-e86001c6dc88" testName="Entropic.Core.Tests+SessionHistoryTests.loadHistory truncates long messages" computerName="DT-2020-RES-1" duration="00:00:00.0105564" startTime="2026-03-19T11:14:38.2831612+00:00" endTime="2026-03-19T11:14:38.2935455+00:00" testType="13cdc9d9-ddb5-4fa4-a97d-d965ccfc6d4b" outcome="Passed" testListId="8c84fa94-04c1-424b-9868-57a2d4851a1d" relativeResultsDirectory="247639ce-3d7e-43b4-8bae-6da47d8edbaa" />
    <UnitTestResult executionId="38c4b9b6-b9db-4410-a935-78c09229743e" testId="a01b7443-27a9-9fc4-fb40-5d7259b6d790" testName="Entropic.Core.Tests+PreferencesTests.getString returns value when present" computerName="DT-2020-RES-1" duration="00:00:00.0048595" startTime="2026-03-19T11:14:38.3070446+00:00" endTime="2026-03-19T11:14:38.3117242+00:00" testType="13cdc9d9-ddb5-4fa4-a97d-d965ccfc6d4b" outcome="Passed" testListId="8c84fa94-04c1-424b-9868-57a2d4851a1d" relativeResultsDirectory="38c4b9b6-b9db-4410-a935-78c09229743e" />
    <UnitTestResult executionId="104fcb68-f540-4c96-b591-2aae4f38aefa" testId="d880a009-00b5-6763-edde-5da0b79be497" testName="Entropic.Core.Tests+GitAheadBehindTests.GitRepoStatus has ahead and behind counts" computerName="DT-2020-RES-1" duration="00:00:00.0002891" startTime="2026-03-19T11:14:37.7230625+00:00" endTime="2026-03-19T11:14:37.7231178+00:00" testType="13cdc9d9-ddb5-4fa4-a97d-d965ccfc6d4b" outcome="Passed" testListId="8c84fa94-04c1-424b-9868-57a2d4851a1d" relativeResultsDirectory="104fcb68-f540-4c96-b591-2aae4f38aefa" />
    <UnitTestResult executionId="e3d5c318-2ac2-47b9-9450-011b4e5ed9f0" testId="4cf803e3-f8ac-e7ef-a626-025a6c5dab44" testName="Entropic.Core.Tests+GitRepoStatusFieldTests.GitRepoStatus has all required fields" computerName="DT-2020-RES-1" duration="00:00:00.0013685" startTime="2026-03-19T11:14:37.6877753+00:00" endTime="2026-03-19T11:14:37.6892010+00:00" testType="13cdc9d9-ddb5-4fa4-a97d-d965ccfc6d4b" outcome="Passed" testListId="8c84fa94-04c1-424b-9868-57a2d4851a1d" relativeResultsDirectory="e3d5c318-2ac2-47b9-9450-011b4e5ed9f0" />
    <UnitTestResult executionId="d9454f64-ff00-4d8f-8c24-8185934aea58" testId="a1148d75-65e2-753e-2d32-80ee665746d0" testName="Entropic.Core.Tests+TodoManagerSortTests.sortByStatus puts InProgress first, then Pending, then Completed" computerName="DT-2020-RES-1" duration="00:00:00.0035422" startTime="2026-03-19T11:14:38.2695984+00:00" endTime="2026-03-19T11:14:38.2726565+00:00" testType="13cdc9d9-ddb5-4fa4-a97d-d965ccfc6d4b" outcome="Passed" testListId="8c84fa94-04c1-424b-9868-57a2d4851a1d" relativeResultsDirectory="d9454f64-ff00-4d8f-8c24-8185934aea58" />
    <UnitTestResult executionId="c67d1520-aaf1-4a9a-9ab2-25b8ccb52fc8" testId="2c583dd4-6776-60a4-79a7-7c3fe797a27b" testName="Entropic.Core.Tests+GitCommitHistoryTests.CommitStats record stores additions and deletions" computerName="DT-2020-RES-1" duration="00:00:00.0004196" startTime="2026-03-19T11:14:38.2940950+00:00" endTime="2026-03-19T11:14:38.2941566+00:00" testType="13cdc9d9-ddb5-4fa4-a97d-d965ccfc6d4b" outcome="Passed" testListId="8c84fa94-04c1-424b-9868-57a2d4851a1d" relativeResultsDirectory="c67d1520-aaf1-4a9a-9ab2-25b8ccb52fc8" />
    <UnitTestResult executionId="70f0cad8-f258-406c-b597-52d3b7c16768" testId="c91a3c83-a3b7-c686-c6ac-836ed3ff8344" testName="Entropic.Core.Tests+JsonlParserTests.computeJsonlSignature returns stable signature for directory" computerName="DT-2020-RES-1" duration="00:00:00.0041116" startTime="2026-03-19T11:14:37.6917164+00:00" endTime="2026-03-19T11:14:37.6957353+00:00" testType="13cdc9d9-ddb5-4fa4-a97d-d965ccfc6d4b" outcome="Passed" testListId="8c84fa94-04c1-424b-9868-57a2d4851a1d" relativeResultsDirectory="70f0cad8-f258-406c-b597-52d3b7c16768" />
    <UnitTestResult executionId="06924978-863b-48aa-b86f-220f7d9988d2" testId="b63eee48-f9af-b28d-244c-af86fc8ea6db" testName="Entropic.Core.Tests+GitLanguageDetectionTests.discovered repos include detected languages" computerName="DT-2020-RES-1" duration="00:00:00.5964606" startTime="2026-03-19T11:14:37.0865647+00:00" endTime="2026-03-19T11:14:37.6832441+00:00" testType="13cdc9d9-ddb5-4fa4-a97d-d965ccfc6d4b" outcome="Passed" testListId="8c84fa94-04c1-424b-9868-57a2d4851a1d" relativeResultsDirectory="06924978-863b-48aa-b86f-220f7d9988d2" />
    <UnitTestResult executionId="4db8d940-0093-4adc-a4c7-2de9fa32c0bd" testId="a5e64e37-ca0d-cca9-e963-7a725c366b53" testName="Entropic.Core.Tests+PathUtilsTests.validatePath returns true for existing directory" computerName="DT-2020-RES-1" duration="00:00:00.0012061" startTime="2026-03-19T11:14:37.0062887+00:00" endTime="2026-03-19T11:14:37.0063115+00:00" testType="13cdc9d9-ddb5-4fa4-a97d-d965ccfc6d4b" outcome="Passed" testListId="8c84fa94-04c1-424b-9868-57a2d4851a1d" relativeResultsDirectory="4db8d940-0093-4adc-a4c7-2de9fa32c0bd" />
    <UnitTestResult executionId="c5c8c413-265d-4ac1-a19b-3690b5497f2a" testId="a4dd7fd0-c439-1989-2748-a7eae51dbd4c" testName="Entropic.Core.Tests+GitSummaryTests.summarize returns zeros for empty list" computerName="DT-2020-RES-1" duration="00:00:00.0002154" startTime="2026-03-19T11:14:38.2689623+00:00" endTime="2026-03-19T11:14:38.2692925+00:00" testType="13cdc9d9-ddb5-4fa4-a97d-d965ccfc6d4b" outcome="Passed" testListId="8c84fa94-04c1-424b-9868-57a2d4851a1d" relativeResultsDirectory="c5c8c413-265d-4ac1-a19b-3690b5497f2a" />
    <UnitTestResult executionId="ac869929-6e92-4d00-b090-9c6eedcfe6e1" testId="2c62e57d-f6bc-348f-c579-030a937166a5" testName="Entropic.Core.Tests+GitSummaryTests.summarize computes aggregate stats" computerName="DT-2020-RES-1" duration="00:00:00.0019380" startTime="2026-03-19T11:14:38.2667248+00:00" endTime="2026-03-19T11:14:38.2686908+00:00" testType="13cdc9d9-ddb5-4fa4-a97d-d965ccfc6d4b" outcome="Passed" testListId="8c84fa94-04c1-424b-9868-57a2d4851a1d" relativeResultsDirectory="ac869929-6e92-4d00-b090-9c6eedcfe6e1" />
    <UnitTestResult executionId="f95214db-3291-449c-8eda-6f5bc1bc3343" testId="80eac98b-587b-a93a-fb5d-2545990c48b0" testName="Entropic.Core.Tests+PathUtilsTests.createFlattenedPath replaces separators with hyphens" computerName="DT-2020-RES-1" duration="00:00:00.0056899" startTime="2026-03-19T11:14:37.0059083+00:00" endTime="2026-03-19T11:14:37.0061433+00:00" testType="13cdc9d9-ddb5-4fa4-a97d-d965ccfc6d4b" outcome="Passed" testListId="8c84fa94-04c1-424b-9868-57a2d4851a1d" relativeResultsDirectory="f95214db-3291-449c-8eda-6f5bc1bc3343" />
    <UnitTestResult executionId="67b3ae06-1ba1-4685-8ac2-a1f42a13aa95" testId="79662c2f-d433-8f04-9fc8-d58afc9f975b" testName="Entropic.Core.Tests+JsonlParserTests.listJsonlFiles finds jsonl files recursively" computerName="DT-2020-RES-1" duration="00:00:00.0074415" startTime="2026-03-19T11:14:37.6959858+00:00" endTime="2026-03-19T11:14:37.7032922+00:00" testType="13cdc9d9-ddb5-4fa4-a97d-d965ccfc6d4b" outcome="Passed" testListId="8c84fa94-04c1-424b-9868-57a2d4851a1d" relativeResultsDirectory="67b3ae06-1ba1-4685-8ac2-a1f42a13aa95" />
    <UnitTestResult executionId="f5cb12be-3ad9-475a-9e0a-d2434ffa494a" testId="b6183f1a-f736-80ad-dc19-51d4883108f8" testName="Entropic.Core.Tests+FileWatcherTests.DebouncedFileWatcher can be created and disposed" computerName="DT-2020-RES-1" duration="00:00:00.0087808" startTime="2026-03-19T11:14:37.0061239+00:00" endTime="2026-03-19T11:14:37.0521118+00:00" testType="13cdc9d9-ddb5-4fa4-a97d-d965ccfc6d4b" outcome="Passed" testListId="8c84fa94-04c1-424b-9868-57a2d4851a1d" relativeResultsDirectory="f5cb12be-3ad9-475a-9e0a-d2434ffa494a" />
    <UnitTestResult executionId="aaffbf8c-e88c-4d3e-bfde-38665bcac7f0" testId="8124c945-08a9-f81a-1e55-74705429237d" testName="Entropic.Core.Tests+BatchDeleteTests.deleteEmptySessions removes only empty sessions" computerName="DT-2020-RES-1" duration="00:00:00.0474604" startTime="2026-03-19T11:14:39.4753087+00:00" endTime="2026-03-19T11:14:39.5227569+00:00" testType="13cdc9d9-ddb5-4fa4-a97d-d965ccfc6d4b" outcome="Passed" testListId="8c84fa94-04c1-424b-9868-57a2d4851a1d" relativeResultsDirectory="aaffbf8c-e88c-4d3e-bfde-38665bcac7f0" />
    <UnitTestResult executionId="3d37a1a0-d12b-423c-89f1-4fccd4192696" testId="f900d56e-8fd7-833b-2a3e-37b5d94bd86f" testName="Entropic.Core.Tests+SessionMappingTests.writeProjectMapping creates metadata file" computerName="DT-2020-RES-1" duration="00:00:00.0048950" startTime="2026-03-19T11:14:38.2888546+00:00" endTime="2026-03-19T11:14:38.2937544+00:00" testType="13cdc9d9-ddb5-4fa4-a97d-d965ccfc6d4b" outcome="Passed" testListId="8c84fa94-04c1-424b-9868-57a2d4851a1d" relativeResultsDirectory="3d37a1a0-d12b-423c-89f1-4fccd4192696" />
  </Results>
  <TestDefinitions>
    <UnitTest name="Entropic.Core.Tests+SessionMergeTests.mergeSessions combines unique todos" storage="c:\users\mathew.burkitt\source\repos\dt\entropic\source\dotnet\entropic.core.tests\bin\debug\net10.0\entropic.core.tests.dll" id="3a04d0e9-f5e6-bb9d-0f64-2a8b3334b925">
      <Execution id="287ba791-edd6-4b1f-89c5-f4c99033a56e" />
      <TestMethod codeBase="C:\Users\mathew.burkitt\source\repos\DT\Entropic\source\dotnet\Entropic.Core.Tests\bin\Debug\net10.0\Entropic.Core.Tests.dll" adapterTypeName="executor://xunit/VsTestRunner3/netcore/" className="Entropic.Core.Tests+SessionMergeTests" name="mergeSessions combines unique todos" />
    </UnitTest>
    <UnitTest name="Entropic.Core.Tests+SessionHistoryTests.loadHistory returns empty for missing file" storage="c:\users\mathew.burkitt\source\repos\dt\entropic\source\dotnet\entropic.core.tests\bin\debug\net10.0\entropic.core.tests.dll" id="bc434266-73fa-3be4-b367-8bd4bf937db6">
      <Execution id="058ef8ea-6a6a-4bef-bfbb-7bc81d160ace" />
      <TestMethod codeBase="C:\Users\mathew.burkitt\source\repos\DT\Entropic\source\dotnet\Entropic.Core.Tests\bin\Debug\net10.0\Entropic.Core.Tests.dll" adapterTypeName="executor://xunit/VsTestRunner3/netcore/" className="Entropic.Core.Tests+SessionHistoryTests" name="loadHistory returns empty for missing file" />
    </UnitTest>
    <UnitTest name="Entropic.Core.Tests+ProviderDetectionTests.geminiPaths returns sessions directory" storage="c:\users\mathew.burkitt\source\repos\dt\entropic\source\dotnet\entropic.core.tests\bin\debug\net10.0\entropic.core.tests.dll" id="e4b89777-d8fd-f325-c60d-032962d41356">
      <Execution id="e28f457d-7b31-4551-8eb8-22530331cf11" />
      <TestMethod codeBase="C:\Users\mathew.burkitt\source\repos\DT\Entropic\source\dotnet\Entropic.Core.Tests\bin\Debug\net10.0\Entropic.Core.Tests.dll" adapterTypeName="executor://xunit/VsTestRunner3/netcore/" className="Entropic.Core.Tests+ProviderDetectionTests" name="geminiPaths returns sessions directory" />
    </UnitTest>
    <UnitTest name="Entropic.Core.Tests+GitOnDemandTests.onDemandLoader caches after first call" storage="c:\users\mathew.burkitt\source\repos\dt\entropic\source\dotnet\entropic.core.tests\bin\debug\net10.0\entropic.core.tests.dll" id="b5976f81-c47c-9f93-1da3-9c46a44286bf">
      <Execution id="cd323eeb-ebfe-4cf0-9c91-8c747adb1e68" />
      <TestMethod codeBase="C:\Users\mathew.burkitt\source\repos\DT\Entropic\source\dotnet\Entropic.Core.Tests\bin\Debug\net10.0\Entropic.Core.Tests.dll" adapterTypeName="executor://xunit/VsTestRunner3/netcore/" className="Entropic.Core.Tests+GitOnDemandTests" name="onDemandLoader caches after first call" />
    </UnitTest>
    <UnitTest name="Entropic.Core.Tests+PortsTests.IProviderPort can be implemented and called" storage="c:\users\mathew.burkitt\source\repos\dt\entropic\source\dotnet\entropic.core.tests\bin\debug\net10.0\entropic.core.tests.dll" id="3f693ff5-935b-1937-d400-9d92db6b9c02">
      <Execution id="0d3871ff-4a1e-4cd8-a110-ae7d82a24d1a" />
      <TestMethod codeBase="C:\Users\mathew.burkitt\source\repos\DT\Entropic\source\dotnet\Entropic.Core.Tests\bin\Debug\net10.0\Entropic.Core.Tests.dll" adapterTypeName="executor://xunit/VsTestRunner3/netcore/" className="Entropic.Core.Tests+PortsTests" name="IProviderPort can be implemented and called" />
    </UnitTest>
    <UnitTest name="Entropic.Core.Tests+PreferencesTests.getRepairThreshold returns default 5 when no file" storage="c:\users\mathew.burkitt\source\repos\dt\entropic\source\dotnet\entropic.core.tests\bin\debug\net10.0\entropic.core.tests.dll" id="99598655-b3a9-4588-dd7b-d2823c98eeaa">
      <Execution id="a54ff71d-0e57-475d-a395-75cb979ae794" />
      <TestMethod codeBase="C:\Users\mathew.burkitt\source\repos\DT\Entropic\source\dotnet\Entropic.Core.Tests\bin\Debug\net10.0\Entropic.Core.Tests.dll" adapterTypeName="executor://xunit/VsTestRunner3/netcore/" className="Entropic.Core.Tests+PreferencesTests" name="getRepairThreshold returns default 5 when no file" />
    </UnitTest>
    <UnitTest name="Entropic.Core.Tests+GitCommitHistoryTests.CommitStats record stores additions and deletions" storage="c:\users\mathew.burkitt\source\repos\dt\entropic\source\dotnet\entropic.core.tests\bin\debug\net10.0\entropic.core.tests.dll" id="2c583dd4-6776-60a4-79a7-7c3fe797a27b">
      <Execution id="c67d1520-aaf1-4a9a-9ab2-25b8ccb52fc8" />
      <TestMethod codeBase="C:\Users\mathew.burkitt\source\repos\DT\Entropic\source\dotnet\Entropic.Core.Tests\bin\Debug\net10.0\Entropic.Core.Tests.dll" adapterTypeName="executor://xunit/VsTestRunner3/netcore/" className="Entropic.Core.Tests+GitCommitHistoryTests" name="CommitStats record stores additions and deletions" />
    </UnitTest>
    <UnitTest name="Entropic.Core.Tests+GitCommitHistoryTests.getCommitHistory returns commits for real repo" storage="c:\users\mathew.burkitt\source\repos\dt\entropic\source\dotnet\entropic.core.tests\bin\debug\net10.0\entropic.core.tests.dll" id="e7b18816-8a79-62cd-e26e-2deb2f50700c">
      <Execution id="80cc5cec-4057-45c2-a681-5068e9614acd" />
      <TestMethod codeBase="C:\Users\mathew.burkitt\source\repos\DT\Entropic\source\dotnet\Entropic.Core.Tests\bin\Debug\net10.0\Entropic.Core.Tests.dll" adapterTypeName="executor://xunit/VsTestRunner3/netcore/" className="Entropic.Core.Tests+GitCommitHistoryTests" name="getCommitHistory returns commits for real repo" />
    </UnitTest>
    <UnitTest name="Entropic.Core.Tests+PathUtilsTests.createFlattenedPath replaces separators with hyphens" storage="c:\users\mathew.burkitt\source\repos\dt\entropic\source\dotnet\entropic.core.tests\bin\debug\net10.0\entropic.core.tests.dll" id="80eac98b-587b-a93a-fb5d-2545990c48b0">
      <Execution id="f95214db-3291-449c-8eda-6f5bc1bc3343" />
      <TestMethod codeBase="C:\Users\mathew.burkitt\source\repos\DT\Entropic\source\dotnet\Entropic.Core.Tests\bin\Debug\net10.0\Entropic.Core.Tests.dll" adapterTypeName="executor://xunit/VsTestRunner3/netcore/" className="Entropic.Core.Tests+PathUtilsTests" name="createFlattenedPath replaces separators with hyphens" />
    </UnitTest>
    <UnitTest name="Entropic.Core.Tests+ProviderDetectionTests.detect returns ProviderPresence record" storage="c:\users\mathew.burkitt\source\repos\dt\entropic\source\dotnet\entropic.core.tests\bin\debug\net10.0\entropic.core.tests.dll" id="389efc94-ddd3-e68c-19de-f429669da475">
      <Execution id="2735e950-a9be-44d9-8d20-4b00390b3019" />
      <TestMethod codeBase="C:\Users\mathew.burkitt\source\repos\DT\Entropic\source\dotnet\Entropic.Core.Tests\bin\Debug\net10.0\Entropic.Core.Tests.dll" adapterTypeName="executor://xunit/VsTestRunner3/netcore/" className="Entropic.Core.Tests+ProviderDetectionTests" name="detect returns ProviderPresence record" />
    </UnitTest>
    <UnitTest name="Entropic.Core.Tests+DiagnosticsCollectTests.repairAll in live mode writes files" storage="c:\users\mathew.burkitt\source\repos\dt\entropic\source\dotnet\entropic.core.tests\bin\debug\net10.0\entropic.core.tests.dll" id="043ed3d9-da1d-6e7c-6cec-f0885108bf38">
      <Execution id="28510a04-2dd9-4bf7-bc26-5a31a3370d4c" />
      <TestMethod codeBase="C:\Users\mathew.burkitt\source\repos\DT\Entropic\source\dotnet\Entropic.Core.Tests\bin\Debug\net10.0\Entropic.Core.Tests.dll" adapterTypeName="executor://xunit/VsTestRunner3/netcore/" className="Entropic.Core.Tests+DiagnosticsCollectTests" name="repairAll in live mode writes files" />
    </UnitTest>
    <UnitTest name="Entropic.Core.Tests+GitSummaryTests.summarize returns zeros for empty list" storage="c:\users\mathew.burkitt\source\repos\dt\entropic\source\dotnet\entropic.core.tests\bin\debug\net10.0\entropic.core.tests.dll" id="a4dd7fd0-c439-1989-2748-a7eae51dbd4c">
      <Execution id="c5c8c413-265d-4ac1-a19b-3690b5497f2a" />
      <TestMethod codeBase="C:\Users\mathew.burkitt\source\repos\DT\Entropic\source\dotnet\Entropic.Core.Tests\bin\Debug\net10.0\Entropic.Core.Tests.dll" adapterTypeName="executor://xunit/VsTestRunner3/netcore/" className="Entropic.Core.Tests+GitSummaryTests" name="summarize returns zeros for empty list" />
    </UnitTest>
    <UnitTest name="Entropic.Core.Tests+GitLanguageDetectionTests.discovered repos include detected languages" storage="c:\users\mathew.burkitt\source\repos\dt\entropic\source\dotnet\entropic.core.tests\bin\debug\net10.0\entropic.core.tests.dll" id="b63eee48-f9af-b28d-244c-af86fc8ea6db">
      <Execution id="06924978-863b-48aa-b86f-220f7d9988d2" />
      <TestMethod codeBase="C:\Users\mathew.burkitt\source\repos\DT\Entropic\source\dotnet\Entropic.Core.Tests\bin\Debug\net10.0\Entropic.Core.Tests.dll" adapterTypeName="executor://xunit/VsTestRunner3/netcore/" className="Entropic.Core.Tests+GitLanguageDetectionTests" name="discovered repos include detected languages" />
    </UnitTest>
    <UnitTest name="Entropic.Core.Tests+TodoManagerSortTests.sortByStatus puts InProgress first, then Pending, then Completed" storage="c:\users\mathew.burkitt\source\repos\dt\entropic\source\dotnet\entropic.core.tests\bin\debug\net10.0\entropic.core.tests.dll" id="a1148d75-65e2-753e-2d32-80ee665746d0">
      <Execution id="d9454f64-ff00-4d8f-8c24-8185934aea58" />
      <TestMethod codeBase="C:\Users\mathew.burkitt\source\repos\DT\Entropic\source\dotnet\Entropic.Core.Tests\bin\Debug\net10.0\Entropic.Core.Tests.dll" adapterTypeName="executor://xunit/VsTestRunner3/netcore/" className="Entropic.Core.Tests+TodoManagerSortTests" name="sortByStatus puts InProgress first, then Pending, then Completed" />
    </UnitTest>
    <UnitTest name="Entropic.Core.Tests+DiagnosticsCollectTests.collectAll aggregates unanchored counts across providers" storage="c:\users\mathew.burkitt\source\repos\dt\entropic\source\dotnet\entropic.core.tests\bin\debug\net10.0\entropic.core.tests.dll" id="2417d599-d753-df79-d741-0a60e45a61c5">
      <Execution id="185dfdfb-25ed-4978-b642-4158e80bd1e9" />
      <TestMethod codeBase="C:\Users\mathew.burkitt\source\repos\DT\Entropic\source\dotnet\Entropic.Core.Tests\bin\Debug\net10.0\Entropic.Core.Tests.dll" adapterTypeName="executor://xunit/VsTestRunner3/netcore/" className="Entropic.Core.Tests+DiagnosticsCollectTests" name="collectAll aggregates unanchored counts across providers" />
    </UnitTest>
    <UnitTest name="Entropic.Core.Tests+FileWatcherTests.DebouncedFileWatcher handles non-existent path gracefully" storage="c:\users\mathew.burkitt\source\repos\dt\entropic\source\dotnet\entropic.core.tests\bin\debug\net10.0\entropic.core.tests.dll" id="5e4eff96-0eeb-e17e-1ee2-ecb5dc46af95">
      <Execution id="cf32917e-a683-4d03-b610-85340954d934" />
      <TestMethod codeBase="C:\Users\mathew.burkitt\source\repos\DT\Entropic\source\dotnet\Entropic.Core.Tests\bin\Debug\net10.0\Entropic.Core.Tests.dll" adapterTypeName="executor://xunit/VsTestRunner3/netcore/" className="Entropic.Core.Tests+FileWatcherTests" name="DebouncedFileWatcher handles non-existent path gracefully" />
    </UnitTest>
    <UnitTest name="Entropic.Core.Tests+GarageScaleTests.Aggregator is a simple module with no distributed patterns" storage="c:\users\mathew.burkitt\source\repos\dt\entropic\source\dotnet\entropic.core.tests\bin\debug\net10.0\entropic.core.tests.dll" id="25ef1caa-c415-b046-5dcd-3528c236a343">
      <Execution id="71749035-bf06-4310-a755-69adae1104ac" />
      <TestMethod codeBase="C:\Users\mathew.burkitt\source\repos\DT\Entropic\source\dotnet\Entropic.Core.Tests\bin\Debug\net10.0\Entropic.Core.Tests.dll" adapterTypeName="executor://xunit/VsTestRunner3/netcore/" className="Entropic.Core.Tests+GarageScaleTests" name="Aggregator is a simple module with no distributed patterns" />
    </UnitTest>
    <UnitTest name="Entropic.Core.Tests+PersistencePortTests.IPersistencePort round-trips values" storage="c:\users\mathew.burkitt\source\repos\dt\entropic\source\dotnet\entropic.core.tests\bin\debug\net10.0\entropic.core.tests.dll" id="55866702-2cfe-1c61-419c-441cb0c29fdb">
      <Execution id="0dcfca15-e571-4895-8916-8c194486c130" />
      <TestMethod codeBase="C:\Users\mathew.burkitt\source\repos\DT\Entropic\source\dotnet\Entropic.Core.Tests\bin\Debug\net10.0\Entropic.Core.Tests.dll" adapterTypeName="executor://xunit/VsTestRunner3/netcore/" className="Entropic.Core.Tests+PersistencePortTests" name="IPersistencePort round-trips values" />
    </UnitTest>
    <UnitTest name="Entropic.Core.Tests+CodexAdapterTests.CodexAdapter returns empty list for nonexistent directory" storage="c:\users\mathew.burkitt\source\repos\dt\entropic\source\dotnet\entropic.core.tests\bin\debug\net10.0\entropic.core.tests.dll" id="ba7e55e1-bc25-6239-38a5-6244c0424f32">
      <Execution id="b0d9d0ff-f048-487d-ab05-1c15ab4c2a6b" />
      <TestMethod codeBase="C:\Users\mathew.burkitt\source\repos\DT\Entropic\source\dotnet\Entropic.Core.Tests\bin\Debug\net10.0\Entropic.Core.Tests.dll" adapterTypeName="executor://xunit/VsTestRunner3/netcore/" className="Entropic.Core.Tests+CodexAdapterTests" name="CodexAdapter returns empty list for nonexistent directory" />
    </UnitTest>
    <UnitTest name="Entropic.Core.Tests+TodoStatusTests.TodoStatus has three cases" storage="c:\users\mathew.burkitt\source\repos\dt\entropic\source\dotnet\entropic.core.tests\bin\debug\net10.0\entropic.core.tests.dll" id="14154c83-46dc-0a04-3fe1-0e05f3b985f7">
      <Execution id="0be29ee8-e7be-4aa7-b230-d7453f6e3a70" />
      <TestMethod codeBase="C:\Users\mathew.burkitt\source\repos\DT\Entropic\source\dotnet\Entropic.Core.Tests\bin\Debug\net10.0\Entropic.Core.Tests.dll" adapterTypeName="executor://xunit/VsTestRunner3/netcore/" className="Entropic.Core.Tests+TodoStatusTests" name="TodoStatus has three cases" />
    </UnitTest>
    <UnitTest name="Entropic.Core.Tests+JsonlParserTests.listJsonlFiles finds jsonl files recursively" storage="c:\users\mathew.burkitt\source\repos\dt\entropic\source\dotnet\entropic.core.tests\bin\debug\net10.0\entropic.core.tests.dll" id="79662c2f-d433-8f04-9fc8-d58afc9f975b">
      <Execution id="67b3ae06-1ba1-4685-8ac2-a1f42a13aa95" />
      <TestMethod codeBase="C:\Users\mathew.burkitt\source\repos\DT\Entropic\source\dotnet\Entropic.Core.Tests\bin\Debug\net10.0\Entropic.Core.Tests.dll" adapterTypeName="executor://xunit/VsTestRunner3/netcore/" className="Entropic.Core.Tests+JsonlParserTests" name="listJsonlFiles finds jsonl files recursively" />
    </UnitTest>
    <UnitTest name="Entropic.Core.Tests+TodoManagerFilterTests.filterActive excludes Completed todos" storage="c:\users\mathew.burkitt\source\repos\dt\entropic\source\dotnet\entropic.core.tests\bin\debug\net10.0\entropic.core.tests.dll" id="a902bf30-4cae-643f-aa9d-15040fc2caf7">
      <Execution id="7ddd545b-9142-4352-bd29-3fa83d907349" />
      <TestMethod codeBase="C:\Users\mathew.burkitt\source\repos\DT\Entropic\source\dotnet\Entropic.Core.Tests\bin\Debug\net10.0\Entropic.Core.Tests.dll" adapterTypeName="executor://xunit/VsTestRunner3/netcore/" className="Entropic.Core.Tests+TodoManagerFilterTests" name="filterActive excludes Completed todos" />
    </UnitTest>
    <UnitTest name="Entropic.Core.Tests+ClaudeAdapterTests.ClaudeAdapter returns empty list for nonexistent directories" storage="c:\users\mathew.burkitt\source\repos\dt\entropic\source\dotnet\entropic.core.tests\bin\debug\net10.0\entropic.core.tests.dll" id="61d2cba2-cda6-706a-5d36-e8e0e8e4bdbe">
      <Execution id="bde30adf-f73f-4d53-a9d6-1e75fc79ae06" />
      <TestMethod codeBase="C:\Users\mathew.burkitt\source\repos\DT\Entropic\source\dotnet\Entropic.Core.Tests\bin\Debug\net10.0\Entropic.Core.Tests.dll" adapterTypeName="executor://xunit/VsTestRunner3/netcore/" className="Entropic.Core.Tests+ClaudeAdapterTests" name="ClaudeAdapter returns empty list for nonexistent directories" />
    </UnitTest>
    <UnitTest name="Entropic.Core.Tests+JsonlParserTests.tryParseJson returns None for invalid JSON" storage="c:\users\mathew.burkitt\source\repos\dt\entropic\source\dotnet\entropic.core.tests\bin\debug\net10.0\entropic.core.tests.dll" id="d91f0816-5fca-4f36-0647-464581ce2e50">
      <Execution id="43540477-8460-4b76-a6f6-4fca2ed4821b" />
      <TestMethod codeBase="C:\Users\mathew.burkitt\source\repos\DT\Entropic\source\dotnet\Entropic.Core.Tests\bin\Debug\net10.0\Entropic.Core.Tests.dll" adapterTypeName="executor://xunit/VsTestRunner3/netcore/" className="Entropic.Core.Tests+JsonlParserTests" name="tryParseJson returns None for invalid JSON" />
    </UnitTest>
    <UnitTest name="Entropic.Core.Tests+TodoManagerDisplayTests.displayText uses Content when ActiveForm is empty" storage="c:\users\mathew.burkitt\source\repos\dt\entropic\source\dotnet\entropic.core.tests\bin\debug\net10.0\entropic.core.tests.dll" id="df12b5e3-6f94-19a7-6b93-76d32b24d417">
      <Execution id="b612493a-eb8e-48ae-9bfd-f4f4f1d4faff" />
      <TestMethod codeBase="C:\Users\mathew.burkitt\source\repos\DT\Entropic\source\dotnet\Entropic.Core.Tests\bin\Debug\net10.0\Entropic.Core.Tests.dll" adapterTypeName="executor://xunit/VsTestRunner3/netcore/" className="Entropic.Core.Tests+TodoManagerDisplayTests" name="displayText uses Content when ActiveForm is empty" />
    </UnitTest>
    <UnitTest name="Entropic.Core.Tests+SessionDeleteTests.deleteSession returns error for no file path" storage="c:\users\mathew.burkitt\source\repos\dt\entropic\source\dotnet\entropic.core.tests\bin\debug\net10.0\entropic.core.tests.dll" id="f4e3b196-9550-9a8c-89a3-7ec32db01f48">
      <Execution id="79ebf8a2-523d-457b-93f1-fd111c861aa3" />
      <TestMethod codeBase="C:\Users\mathew.burkitt\source\repos\DT\Entropic\source\dotnet\Entropic.Core.Tests\bin\Debug\net10.0\Entropic.Core.Tests.dll" adapterTypeName="executor://xunit/VsTestRunner3/netcore/" className="Entropic.Core.Tests+SessionDeleteTests" name="deleteSession returns error for no file path" />
    </UnitTest>
    <UnitTest name="Entropic.Core.Tests+GitDiscoverTests.discoverRepos returns empty for nonexistent path" storage="c:\users\mathew.burkitt\source\repos\dt\entropic\source\dotnet\entropic.core.tests\bin\debug\net10.0\entropic.core.tests.dll" id="b9252515-cc31-4a79-21c1-77798b350d13">
      <Execution id="a7ab6cfb-5685-4c99-b395-e52e1dcbaf3b" />
      <TestMethod codeBase="C:\Users\mathew.burkitt\source\repos\DT\Entropic\source\dotnet\Entropic.Core.Tests\bin\Debug\net10.0\Entropic.Core.Tests.dll" adapterTypeName="executor://xunit/VsTestRunner3/netcore/" className="Entropic.Core.Tests+GitDiscoverTests" name="discoverRepos returns empty for nonexistent path" />
    </UnitTest>
    <UnitTest name="Entropic.Core.Tests+SessionMappingTests.readProjectMapping reads path from metadata" storage="c:\users\mathew.burkitt\source\repos\dt\entropic\source\dotnet\entropic.core.tests\bin\debug\net10.0\entropic.core.tests.dll" id="a3d44622-4d86-6172-3a77-8691cd6880c1">
      <Execution id="57831fc8-0054-4853-b64c-e589cafdc287" />
      <TestMethod codeBase="C:\Users\mathew.burkitt\source\repos\DT\Entropic\source\dotnet\Entropic.Core.Tests\bin\Debug\net10.0\Entropic.Core.Tests.dll" adapterTypeName="executor://xunit/VsTestRunner3/netcore/" className="Entropic.Core.Tests+SessionMappingTests" name="readProjectMapping reads path from metadata" />
    </UnitTest>
    <UnitTest name="Entropic.Core.Tests+AggregatorTests.mergeProjects keeps different providers separate" storage="c:\users\mathew.burkitt\source\repos\dt\entropic\source\dotnet\entropic.core.tests\bin\debug\net10.0\entropic.core.tests.dll" id="c18db5d0-a8c2-d62e-f856-e536d8523fad">
      <Execution id="8cb270ee-d904-46f2-a44d-fa71b2e40bf1" />
      <TestMethod codeBase="C:\Users\mathew.burkitt\source\repos\DT\Entropic\source\dotnet\Entropic.Core.Tests\bin\Debug\net10.0\Entropic.Core.Tests.dll" adapterTypeName="executor://xunit/VsTestRunner3/netcore/" className="Entropic.Core.Tests+AggregatorTests" name="mergeProjects keeps different providers separate" />
    </UnitTest>
    <UnitTest name="Entropic.Core.Tests+SessionTests.Session carries file and project paths" storage="c:\users\mathew.burkitt\source\repos\dt\entropic\source\dotnet\entropic.core.tests\bin\debug\net10.0\entropic.core.tests.dll" id="fc997945-08f2-f3f0-f5fb-8bd9ebbafbcb">
      <Execution id="6c17e1b4-1972-4f8e-8ca6-bf980e838d5b" />
      <TestMethod codeBase="C:\Users\mathew.burkitt\source\repos\DT\Entropic\source\dotnet\Entropic.Core.Tests\bin\Debug\net10.0\Entropic.Core.Tests.dll" adapterTypeName="executor://xunit/VsTestRunner3/netcore/" className="Entropic.Core.Tests+SessionTests" name="Session carries file and project paths" />
    </UnitTest>
    <UnitTest name="Entropic.Core.Tests+SessionDeleteTests.deleteSession removes file" storage="c:\users\mathew.burkitt\source\repos\dt\entropic\source\dotnet\entropic.core.tests\bin\debug\net10.0\entropic.core.tests.dll" id="b0b81e99-c22c-dc71-aa4a-9d872f78a4c9">
      <Execution id="cfb4d15e-04bf-4063-89c0-87809c192098" />
      <TestMethod codeBase="C:\Users\mathew.burkitt\source\repos\DT\Entropic\source\dotnet\Entropic.Core.Tests\bin\Debug\net10.0\Entropic.Core.Tests.dll" adapterTypeName="executor://xunit/VsTestRunner3/netcore/" className="Entropic.Core.Tests+SessionDeleteTests" name="deleteSession removes file" />
    </UnitTest>
    <UnitTest name="Entropic.Core.Tests+DomainTypeTests.Project record stores provider and path" storage="c:\users\mathew.burkitt\source\repos\dt\entropic\source\dotnet\entropic.core.tests\bin\debug\net10.0\entropic.core.tests.dll" id="a0ca3ebe-13af-6e13-9681-cc0b3196e762">
      <Execution id="7862b48d-5c96-4419-903f-7d2eee92e5a3" />
      <TestMethod codeBase="C:\Users\mathew.burkitt\source\repos\DT\Entropic\source\dotnet\Entropic.Core.Tests\bin\Debug\net10.0\Entropic.Core.Tests.dll" adapterTypeName="executor://xunit/VsTestRunner3/netcore/" className="Entropic.Core.Tests+DomainTypeTests" name="Project record stores provider and path" />
    </UnitTest>
    <UnitTest name="Entropic.Core.Tests+JsonlParserTests.computeJsonlSignature returns stable signature for directory" storage="c:\users\mathew.burkitt\source\repos\dt\entropic\source\dotnet\entropic.core.tests\bin\debug\net10.0\entropic.core.tests.dll" id="c91a3c83-a3b7-c686-c6ac-836ed3ff8344">
      <Execution id="70f0cad8-f258-406c-b597-52d3b7c16768" />
      <TestMethod codeBase="C:\Users\mathew.burkitt\source\repos\DT\Entropic\source\dotnet\Entropic.Core.Tests\bin\Debug\net10.0\Entropic.Core.Tests.dll" adapterTypeName="executor://xunit/VsTestRunner3/netcore/" className="Entropic.Core.Tests+JsonlParserTests" name="computeJsonlSignature returns stable signature for directory" />
    </UnitTest>
    <UnitTest name="Entropic.Core.Tests+GitSummaryTests.summarize computes aggregate stats" storage="c:\users\mathew.burkitt\source\repos\dt\entropic\source\dotnet\entropic.core.tests\bin\debug\net10.0\entropic.core.tests.dll" id="2c62e57d-f6bc-348f-c579-030a937166a5">
      <Execution id="ac869929-6e92-4d00-b090-9c6eedcfe6e1" />
      <TestMethod codeBase="C:\Users\mathew.burkitt\source\repos\DT\Entropic\source\dotnet\Entropic.Core.Tests\bin\Debug\net10.0\Entropic.Core.Tests.dll" adapterTypeName="executor://xunit/VsTestRunner3/netcore/" className="Entropic.Core.Tests+GitSummaryTests" name="summarize computes aggregate stats" />
    </UnitTest>
    <UnitTest name="Entropic.Core.Tests+PreferencesTests.getString returns value when present" storage="c:\users\mathew.burkitt\source\repos\dt\entropic\source\dotnet\entropic.core.tests\bin\debug\net10.0\entropic.core.tests.dll" id="a01b7443-27a9-9fc4-fb40-5d7259b6d790">
      <Execution id="38c4b9b6-b9db-4410-a935-78c09229743e" />
      <TestMethod codeBase="C:\Users\mathew.burkitt\source\repos\DT\Entropic\source\dotnet\Entropic.Core.Tests\bin\Debug\net10.0\Entropic.Core.Tests.dll" adapterTypeName="executor://xunit/VsTestRunner3/netcore/" className="Entropic.Core.Tests+PreferencesTests" name="getString returns value when present" />
    </UnitTest>
    <UnitTest name="Entropic.Core.Tests+ClaudeAdapterTests.ClaudeAdapter reads projects from temp directory" storage="c:\users\mathew.burkitt\source\repos\dt\entropic\source\dotnet\entropic.core.tests\bin\debug\net10.0\entropic.core.tests.dll" id="96195fab-3003-c7ac-75fd-21fda0482431">
      <Execution id="e30163f4-d1ca-42b8-b94b-de8f568823e7" />
      <TestMethod codeBase="C:\Users\mathew.burkitt\source\repos\DT\Entropic\source\dotnet\Entropic.Core.Tests\bin\Debug\net10.0\Entropic.Core.Tests.dll" adapterTypeName="executor://xunit/VsTestRunner3/netcore/" className="Entropic.Core.Tests+ClaudeAdapterTests" name="ClaudeAdapter reads projects from temp directory" />
    </UnitTest>
    <UnitTest name="Entropic.Core.Tests+GitAheadBehindTests.GitRepoStatus has ahead and behind counts" storage="c:\users\mathew.burkitt\source\repos\dt\entropic\source\dotnet\entropic.core.tests\bin\debug\net10.0\entropic.core.tests.dll" id="d880a009-00b5-6763-edde-5da0b79be497">
      <Execution id="104fcb68-f540-4c96-b591-2aae4f38aefa" />
      <TestMethod codeBase="C:\Users\mathew.burkitt\source\repos\DT\Entropic\source\dotnet\Entropic.Core.Tests\bin\Debug\net10.0\Entropic.Core.Tests.dll" adapterTypeName="executor://xunit/VsTestRunner3/netcore/" className="Entropic.Core.Tests+GitAheadBehindTests" name="GitRepoStatus has ahead and behind counts" />
    </UnitTest>
    <UnitTest name="Entropic.Core.Tests+SessionSortTests.sortSessionsByDate puts most recent first" storage="c:\users\mathew.burkitt\source\repos\dt\entropic\source\dotnet\entropic.core.tests\bin\debug\net10.0\entropic.core.tests.dll" id="b8e4d3e3-789e-d502-0c86-31274dcc2302">
      <Execution id="2d9eb0b7-e7c7-4760-b672-098f068dd2a4" />
      <TestMethod codeBase="C:\Users\mathew.burkitt\source\repos\DT\Entropic\source\dotnet\Entropic.Core.Tests\bin\Debug\net10.0\Entropic.Core.Tests.dll" adapterTypeName="executor://xunit/VsTestRunner3/netcore/" className="Entropic.Core.Tests+SessionSortTests" name="sortSessionsByDate puts most recent first" />
    </UnitTest>
    <UnitTest name="Entropic.Core.Tests+SessionMappingTests.readProjectMapping returns None for missing file" storage="c:\users\mathew.burkitt\source\repos\dt\entropic\source\dotnet\entropic.core.tests\bin\debug\net10.0\entropic.core.tests.dll" id="e4083456-9668-6347-273c-11f37ab637af">
      <Execution id="52b44378-830d-4625-aec5-5f9836f2bc60" />
      <TestMethod codeBase="C:\Users\mathew.burkitt\source\repos\DT\Entropic\source\dotnet\Entropic.Core.Tests\bin\Debug\net10.0\Entropic.Core.Tests.dll" adapterTypeName="executor://xunit/VsTestRunner3/netcore/" className="Entropic.Core.Tests+SessionMappingTests" name="readProjectMapping returns None for missing file" />
    </UnitTest>
    <UnitTest name="Entropic.Core.Tests+ResultTypeTests.FetchProjects returns Result type" storage="c:\users\mathew.burkitt\source\repos\dt\entropic\source\dotnet\entropic.core.tests\bin\debug\net10.0\entropic.core.tests.dll" id="6d145b05-8103-2974-6844-98a0ed088ff3">
      <Execution id="f35997f7-4a3f-41e3-8f78-bd485cab54aa" />
      <TestMethod codeBase="C:\Users\mathew.burkitt\source\repos\DT\Entropic\source\dotnet\Entropic.Core.Tests\bin\Debug\net10.0\Entropic.Core.Tests.dll" adapterTypeName="executor://xunit/VsTestRunner3/netcore/" className="Entropic.Core.Tests+ResultTypeTests" name="FetchProjects returns Result type" />
    </UnitTest>
    <UnitTest name="Entropic.Core.Tests+SessionDeleteTests.deleteSession returns error for missing file" storage="c:\users\mathew.burkitt\source\repos\dt\entropic\source\dotnet\entropic.core.tests\bin\debug\net10.0\entropic.core.tests.dll" id="a3331ea0-7780-a405-2a16-11504ad61f75">
      <Execution id="1bd53c62-7a7c-48e6-98e5-b06e49926156" />
      <TestMethod codeBase="C:\Users\mathew.burkitt\source\repos\DT\Entropic\source\dotnet\Entropic.Core.Tests\bin\Debug\net10.0\Entropic.Core.Tests.dll" adapterTypeName="executor://xunit/VsTestRunner3/netcore/" className="Entropic.Core.Tests+SessionDeleteTests" name="deleteSession returns error for missing file" />
    </UnitTest>
    <UnitTest name="Entropic.Core.Tests+ProviderDetectionTests.claudePaths returns expected directory structure" storage="c:\users\mathew.burkitt\source\repos\dt\entropic\source\dotnet\entropic.core.tests\bin\debug\net10.0\entropic.core.tests.dll" id="1cc5e005-e19c-89d6-de53-b450ef39410d">
      <Execution id="cf963a03-bfba-43f0-9cf3-ddc8a711efc6" />
      <TestMethod codeBase="C:\Users\mathew.burkitt\source\repos\DT\Entropic\source\dotnet\Entropic.Core.Tests\bin\Debug\net10.0\Entropic.Core.Tests.dll" adapterTypeName="executor://xunit/VsTestRunner3/netcore/" className="Entropic.Core.Tests+ProviderDetectionTests" name="claudePaths returns expected directory structure" />
    </UnitTest>
    <UnitTest name="Entropic.Core.Tests+BatchDeleteTests.deleteEmptySessions removes only empty sessions" storage="c:\users\mathew.burkitt\source\repos\dt\entropic\source\dotnet\entropic.core.tests\bin\debug\net10.0\entropic.core.tests.dll" id="8124c945-08a9-f81a-1e55-74705429237d">
      <Execution id="aaffbf8c-e88c-4d3e-bfde-38665bcac7f0" />
      <TestMethod codeBase="C:\Users\mathew.burkitt\source\repos\DT\Entropic\source\dotnet\Entropic.Core.Tests\bin\Debug\net10.0\Entropic.Core.Tests.dll" adapterTypeName="executor://xunit/VsTestRunner3/netcore/" className="Entropic.Core.Tests+BatchDeleteTests" name="deleteEmptySessions removes only empty sessions" />
    </UnitTest>
    <UnitTest name="Entropic.Core.Tests+JsonlParserTests.computeJsonlSignature changes when files are added" storage="c:\users\mathew.burkitt\source\repos\dt\entropic\source\dotnet\entropic.core.tests\bin\debug\net10.0\entropic.core.tests.dll" id="68debd23-8970-79da-116e-1f302d918f61">
      <Execution id="701c3d02-a25a-4ace-ab6f-bce3c89d8a19" />
      <TestMethod codeBase="C:\Users\mathew.burkitt\source\repos\DT\Entropic\source\dotnet\Entropic.Core.Tests\bin\Debug\net10.0\Entropic.Core.Tests.dll" adapterTypeName="executor://xunit/VsTestRunner3/netcore/" className="Entropic.Core.Tests+JsonlParserTests" name="computeJsonlSignature changes when files are added" />
    </UnitTest>
    <UnitTest name="Entropic.Core.Tests+SessionMergeTests.mergeSessions detects duplicates" storage="c:\users\mathew.burkitt\source\repos\dt\entropic\source\dotnet\entropic.core.tests\bin\debug\net10.0\entropic.core.tests.dll" id="8181facd-0500-d651-7c9e-12e3bfeb6d99">
      <Execution id="5c6a66df-f5f3-4cd8-8807-6f77a7041ee5" />
      <TestMethod codeBase="C:\Users\mathew.burkitt\source\repos\DT\Entropic\source\dotnet\Entropic.Core.Tests\bin\Debug\net10.0\Entropic.Core.Tests.dll" adapterTypeName="executor://xunit/VsTestRunner3/netcore/" className="Entropic.Core.Tests+SessionMergeTests" name="mergeSessions detects duplicates" />
    </UnitTest>
    <UnitTest name="Entropic.Core.Tests+AggregatorTests.mergeProjects does not duplicate same session" storage="c:\users\mathew.burkitt\source\repos\dt\entropic\source\dotnet\entropic.core.tests\bin\debug\net10.0\entropic.core.tests.dll" id="6e31f0c1-cbe9-886c-0f3a-39942dc6a1b7">
      <Execution id="0113570e-6449-4af2-adb8-1b037dad3fb2" />
      <TestMethod codeBase="C:\Users\mathew.burkitt\source\repos\DT\Entropic\source\dotnet\Entropic.Core.Tests\bin\Debug\net10.0\Entropic.Core.Tests.dll" adapterTypeName="executor://xunit/VsTestRunner3/netcore/" className="Entropic.Core.Tests+AggregatorTests" name="mergeProjects does not duplicate same session" />
    </UnitTest>
    <UnitTest name="Entropic.Core.Tests+PreferencesTests.getString returns None when key missing" storage="c:\users\mathew.burkitt\source\repos\dt\entropic\source\dotnet\entropic.core.tests\bin\debug\net10.0\entropic.core.tests.dll" id="d98e496a-9d36-46f2-c7ee-e0388f85d1c4">
      <Execution id="280097e3-d969-4aff-9e56-283193060124" />
      <TestMethod codeBase="C:\Users\mathew.burkitt\source\repos\DT\Entropic\source\dotnet\Entropic.Core.Tests\bin\Debug\net10.0\Entropic.Core.Tests.dll" adapterTypeName="executor://xunit/VsTestRunner3/netcore/" className="Entropic.Core.Tests+PreferencesTests" name="getString returns None when key missing" />
    </UnitTest>
    <UnitTest name="Entropic.Core.Tests+TodoPersistenceTests.persistTodos writes and loadTodos reads back" storage="c:\users\mathew.burkitt\source\repos\dt\entropic\source\dotnet\entropic.core.tests\bin\debug\net10.0\entropic.core.tests.dll" id="c823fdb7-9b1f-e68d-5842-2ba795d6dfc1">
      <Execution id="eebce141-7ad0-4053-98c6-37c2c6d6a5d6" />
      <TestMethod codeBase="C:\Users\mathew.burkitt\source\repos\DT\Entropic\source\dotnet\Entropic.Core.Tests\bin\Debug\net10.0\Entropic.Core.Tests.dll" adapterTypeName="executor://xunit/VsTestRunner3/netcore/" className="Entropic.Core.Tests+TodoPersistenceTests" name="persistTodos writes and loadTodos reads back" />
    </UnitTest>
    <UnitTest name="Entropic.Core.Tests+GitDiscoverTests.discoverRepos finds git repos" storage="c:\users\mathew.burkitt\source\repos\dt\entropic\source\dotnet\entropic.core.tests\bin\debug\net10.0\entropic.core.tests.dll" id="876b027c-38b0-19d0-4a23-30df406d2a6e">
      <Execution id="9a480a75-84ba-409e-905d-965193bd85da" />
      <TestMethod codeBase="C:\Users\mathew.burkitt\source\repos\DT\Entropic\source\dotnet\Entropic.Core.Tests\bin\Debug\net10.0\Entropic.Core.Tests.dll" adapterTypeName="executor://xunit/VsTestRunner3/netcore/" className="Entropic.Core.Tests+GitDiscoverTests" name="discoverRepos finds git repos" />
    </UnitTest>
    <UnitTest name="Entropic.Core.Tests+PathUtilsTests.validatePath returns true for existing directory" storage="c:\users\mathew.burkitt\source\repos\dt\entropic\source\dotnet\entropic.core.tests\bin\debug\net10.0\entropic.core.tests.dll" id="a5e64e37-ca0d-cca9-e963-7a725c366b53">
      <Execution id="4db8d940-0093-4adc-a4c7-2de9fa32c0bd" />
      <TestMethod codeBase="C:\Users\mathew.burkitt\source\repos\DT\Entropic\source\dotnet\Entropic.Core.Tests\bin\Debug\net10.0\Entropic.Core.Tests.dll" adapterTypeName="executor://xunit/VsTestRunner3/netcore/" className="Entropic.Core.Tests+PathUtilsTests" name="validatePath returns true for existing directory" />
    </UnitTest>
    <UnitTest name="Entropic.Core.Tests+PathUtilsTests.validatePath returns false for nonexistent path" storage="c:\users\mathew.burkitt\source\repos\dt\entropic\source\dotnet\entropic.core.tests\bin\debug\net10.0\entropic.core.tests.dll" id="42100eba-103b-afb2-a98b-b488d4220f22">
      <Execution id="831c6d2e-a892-48bf-9c24-27a268254c56" />
      <TestMethod codeBase="C:\Users\mathew.burkitt\source\repos\DT\Entropic\source\dotnet\Entropic.Core.Tests\bin\Debug\net10.0\Entropic.Core.Tests.dll" adapterTypeName="executor://xunit/VsTestRunner3/netcore/" className="Entropic.Core.Tests+PathUtilsTests" name="validatePath returns false for nonexistent path" />
    </UnitTest>
    <UnitTest name="Entropic.Core.Tests+FileWatcherTests.DebouncedFileWatcher can be created and disposed" storage="c:\users\mathew.burkitt\source\repos\dt\entropic\source\dotnet\entropic.core.tests\bin\debug\net10.0\entropic.core.tests.dll" id="b6183f1a-f736-80ad-dc19-51d4883108f8">
      <Execution id="f5cb12be-3ad9-475a-9e0a-d2434ffa494a" />
      <TestMethod codeBase="C:\Users\mathew.burkitt\source\repos\DT\Entropic\source\dotnet\Entropic.Core.Tests\bin\Debug\net10.0\Entropic.Core.Tests.dll" adapterTypeName="executor://xunit/VsTestRunner3/netcore/" className="Entropic.Core.Tests+FileWatcherTests" name="DebouncedFileWatcher can be created and disposed" />
    </UnitTest>
    <UnitTest name="Entropic.Core.Tests+TodoManagerDisplayTests.displayText uses Content when Pending" storage="c:\users\mathew.burkitt\source\repos\dt\entropic\source\dotnet\entropic.core.tests\bin\debug\net10.0\entropic.core.tests.dll" id="2a41ce3b-4250-9151-8bbd-e512f43b2604">
      <Execution id="9d9e20d5-5ff4-4a19-9fb6-e121ec6c1e1b" />
      <TestMethod codeBase="C:\Users\mathew.burkitt\source\repos\DT\Entropic\source\dotnet\Entropic.Core.Tests\bin\Debug\net10.0\Entropic.Core.Tests.dll" adapterTypeName="executor://xunit/VsTestRunner3/netcore/" className="Entropic.Core.Tests+TodoManagerDisplayTests" name="displayText uses Content when Pending" />
    </UnitTest>
    <UnitTest name="Entropic.Core.Tests+GeminiAdapterTests.GeminiAdapter returns empty list for nonexistent directory" storage="c:\users\mathew.burkitt\source\repos\dt\entropic\source\dotnet\entropic.core.tests\bin\debug\net10.0\entropic.core.tests.dll" id="1a466743-d5a5-f266-298d-292c900b3f35">
      <Execution id="2950d9c6-a741-46f4-906c-4a5dcf11044a" />
      <TestMethod codeBase="C:\Users\mathew.burkitt\source\repos\DT\Entropic\source\dotnet\Entropic.Core.Tests\bin\Debug\net10.0\Entropic.Core.Tests.dll" adapterTypeName="executor://xunit/VsTestRunner3/netcore/" className="Entropic.Core.Tests+GeminiAdapterTests" name="GeminiAdapter returns empty list for nonexistent directory" />
    </UnitTest>
    <UnitTest name="Entropic.Core.Tests+ProviderDetectionTests.codexPaths returns sessions directory" storage="c:\users\mathew.burkitt\source\repos\dt\entropic\source\dotnet\entropic.core.tests\bin\debug\net10.0\entropic.core.tests.dll" id="0fbf9cdc-b75f-1329-e924-71bbaa1ae114">
      <Execution id="b40c9934-5a8c-4ccf-b220-11c7c4e781de" />
      <TestMethod codeBase="C:\Users\mathew.burkitt\source\repos\DT\Entropic\source\dotnet\Entropic.Core.Tests\bin\Debug\net10.0\Entropic.Core.Tests.dll" adapterTypeName="executor://xunit/VsTestRunner3/netcore/" className="Entropic.Core.Tests+ProviderDetectionTests" name="codexPaths returns sessions directory" />
    </UnitTest>
    <UnitTest name="Entropic.Core.Tests+JsonlParserTests.tryParseJson returns Some for valid JSON" storage="c:\users\mathew.burkitt\source\repos\dt\entropic\source\dotnet\entropic.core.tests\bin\debug\net10.0\entropic.core.tests.dll" id="d470aed5-fd95-0a8d-5b7f-7b7d63f92210">
      <Execution id="6e80ad19-fb05-4b31-aae9-ff4393b0c1fa" />
[...]
      <TestMethod codeBase="C:\Users\mathew.burkitt\source\repos\DT\Entropic\source\dotnet\Entropic.Core.Tests\bin\Debug\net10.0\Entropic.Core.Tests.dll" adapterTypeName="executor://xunit/VsTestRunner3/netcore/" className="Entropic.Core.Tests+TodoPersistenceTests" name="loadTodos returns empty for missing file" />
    </UnitTest>
    <UnitTest name="Entropic.Core.Tests+PreferencesTests.getDefaultDryRun reads false from file" storage="c:\users\mathew.burkitt\source\repos\dt\entropic\source\dotnet\entropic.core.tests\bin\debug\net10.0\entropic.core.tests.dll" id="ed9ca763-8d8f-9a7e-2869-2f2457d015d7">
      <Execution id="0508007e-e968-46da-84e6-984fe49f081b" />
      <TestMethod codeBase="C:\Users\mathew.burkitt\source\repos\DT\Entropic\source\dotnet\Entropic.Core.Tests\bin\Debug\net10.0\Entropic.Core.Tests.dll" adapterTypeName="executor://xunit/VsTestRunner3/netcore/" className="Entropic.Core.Tests+PreferencesTests" name="getDefaultDryRun reads false from file" />
    </UnitTest>
    <UnitTest name="Entropic.Core.Tests+SessionTests.Session has provider and sessionId identity" storage="c:\users\mathew.burkitt\source\repos\dt\entropic\source\dotnet\entropic.core.tests\bin\debug\net10.0\entropic.core.tests.dll" id="4adf8a46-f3bf-2c1d-d7aa-abe7f13db00a">
      <Execution id="fe8102ba-9004-4ea6-b557-5ed082896ddb" />
      <TestMethod codeBase="C:\Users\mathew.burkitt\source\repos\DT\Entropic\source\dotnet\Entropic.Core.Tests\bin\Debug\net10.0\Entropic.Core.Tests.dll" adapterTypeName="executor://xunit/VsTestRunner3/netcore/" className="Entropic.Core.Tests+SessionTests" name="Session has provider and sessionId identity" />
    </UnitTest>
    <UnitTest name="Entropic.Core.Tests+PreferencesTests.getDefaultDryRun returns default true when no file" storage="c:\users\mathew.burkitt\source\repos\dt\entropic\source\dotnet\entropic.core.tests\bin\debug\net10.0\entropic.core.tests.dll" id="66f944fb-5d95-0df0-09f2-95005977671b">
      <Execution id="3e01075c-95a5-46a1-a674-78bb4c88146b" />
      <TestMethod codeBase="C:\Users\mathew.burkitt\source\repos\DT\Entropic\source\dotnet\Entropic.Core.Tests\bin\Debug\net10.0\Entropic.Core.Tests.dll" adapterTypeName="executor://xunit/VsTestRunner3/netcore/" className="Entropic.Core.Tests+PreferencesTests" name="getDefaultDryRun returns default true when no file" />
    </UnitTest>
    <UnitTest name="Entropic.Core.Tests+JsonlParserTests.normalizeStatus maps known strings" storage="c:\users\mathew.burkitt\source\repos\dt\entropic\source\dotnet\entropic.core.tests\bin\debug\net10.0\entropic.core.tests.dll" id="373eb4d6-b88c-8be3-0a1d-87a21abb8e21">
      <Execution id="cff7aba2-f6a2-4913-af4b-d9c2f50d6a21" />
      <TestMethod codeBase="C:\Users\mathew.burkitt\source\repos\DT\Entropic\source\dotnet\Entropic.Core.Tests\bin\Debug\net10.0\Entropic.Core.Tests.dll" adapterTypeName="executor://xunit/VsTestRunner3/netcore/" className="Entropic.Core.Tests+JsonlParserTests" name="normalizeStatus maps known strings" />
    </UnitTest>
    <UnitTest name="Entropic.Core.Tests+AggregatorTests.getProjects aggregates from multiple providers" storage="c:\users\mathew.burkitt\source\repos\dt\entropic\source\dotnet\entropic.core.tests\bin\debug\net10.0\entropic.core.tests.dll" id="79fec0af-7103-0a94-f383-cfab316b3a9a">
      <Execution id="3ad8509a-925e-443f-9067-5702f9fe01c2" />
      <TestMethod codeBase="C:\Users\mathew.burkitt\source\repos\DT\Entropic\source\dotnet\Entropic.Core.Tests\bin\Debug\net10.0\Entropic.Core.Tests.dll" adapterTypeName="executor://xunit/VsTestRunner3/netcore/" className="Entropic.Core.Tests+AggregatorTests" name="getProjects aggregates from multiple providers" />
    </UnitTest>
    <UnitTest name="Entropic.Core.Tests+TodoStatusTests.TodoStatus cases are distinct" storage="c:\users\mathew.burkitt\source\repos\dt\entropic\source\dotnet\entropic.core.tests\bin\debug\net10.0\entropic.core.tests.dll" id="64e4d325-7685-2561-bf81-fdb4673a1121">
      <Execution id="da0bff29-a75c-42d1-be3b-db846517d210" />
      <TestMethod codeBase="C:\Users\mathew.burkitt\source\repos\DT\Entropic\source\dotnet\Entropic.Core.Tests\bin\Debug\net10.0\Entropic.Core.Tests.dll" adapterTypeName="executor://xunit/VsTestRunner3/netcore/" className="Entropic.Core.Tests+TodoStatusTests" name="TodoStatus cases are distinct" />
    </UnitTest>
    <UnitTest name="Entropic.Core.Tests+PreferencesTests.getRepairThreshold reads from file" storage="c:\users\mathew.burkitt\source\repos\dt\entropic\source\dotnet\entropic.core.tests\bin\debug\net10.0\entropic.core.tests.dll" id="1b8ce734-c4a0-b754-d372-7270e57dad37">
      <Execution id="c140ef6b-4a1a-4120-b236-326904bd33b1" />
      <TestMethod codeBase="C:\Users\mathew.burkitt\source\repos\DT\Entropic\source\dotnet\Entropic.Core.Tests\bin\Debug\net10.0\Entropic.Core.Tests.dll" adapterTypeName="executor://xunit/VsTestRunner3/netcore/" className="Entropic.Core.Tests+PreferencesTests" name="getRepairThreshold reads from file" />
    </UnitTest>
    <UnitTest name="Entropic.Core.Tests+TodoManagerDisplayTests.displayText uses ActiveForm when InProgress" storage="c:\users\mathew.burkitt\source\repos\dt\entropic\source\dotnet\entropic.core.tests\bin\debug\net10.0\entropic.core.tests.dll" id="84f209b6-ea5d-9605-b9b7-d5e05f599c18">
      <Execution id="bfa4f2de-0260-4097-ba32-1cb5c051234e" />
      <TestMethod codeBase="C:\Users\mathew.burkitt\source\repos\DT\Entropic\source\dotnet\Entropic.Core.Tests\bin\Debug\net10.0\Entropic.Core.Tests.dll" adapterTypeName="executor://xunit/VsTestRunner3/netcore/" className="Entropic.Core.Tests+TodoManagerDisplayTests" name="displayText uses ActiveForm when InProgress" />
    </UnitTest>
    <UnitTest name="Entropic.Core.Tests+ResultTypeTests.Error result is propagated not thrown" storage="c:\users\mathew.burkitt\source\repos\dt\entropic\source\dotnet\entropic.core.tests\bin\debug\net10.0\entropic.core.tests.dll" id="4696ed54-2605-566b-fa88-4612cfb51ee9">
      <Execution id="9b15ad38-6584-4ecf-a1c4-30928cb19447" />
      <TestMethod codeBase="C:\Users\mathew.burkitt\source\repos\DT\Entropic\source\dotnet\Entropic.Core.Tests\bin\Debug\net10.0\Entropic.Core.Tests.dll" adapterTypeName="executor://xunit/VsTestRunner3/netcore/" className="Entropic.Core.Tests+ResultTypeTests" name="Error result is propagated not thrown" />
    </UnitTest>
  </TestDefinitions>
  <TestEntries>
    <TestEntry testId="79fec0af-7103-0a94-f383-cfab316b3a9a" executionId="3ad8509a-925e-443f-9067-5702f9fe01c2" testListId="8c84fa94-04c1-424b-9868-57a2d4851a1d" />
    <TestEntry testId="e4b89777-d8fd-f325-c60d-032962d41356" executionId="e28f457d-7b31-4551-8eb8-22530331cf11" testListId="8c84fa94-04c1-424b-9868-57a2d4851a1d" />
    <TestEntry testId="55866702-2cfe-1c61-419c-441cb0c29fdb" executionId="0dcfca15-e571-4895-8916-8c194486c130" testListId="8c84fa94-04c1-424b-9868-57a2d4851a1d" />
    <TestEntry testId="68debd23-8970-79da-116e-1f302d918f61" executionId="701c3d02-a25a-4ace-ab6f-bce3c89d8a19" testListId="8c84fa94-04c1-424b-9868-57a2d4851a1d" />
    <TestEntry testId="727efe84-58a5-e7f9-3788-d00eed737311" executionId="f55c0ea1-a319-400b-a2dc-16d2d2a953f6" testListId="8c84fa94-04c1-424b-9868-57a2d4851a1d" />
    <TestEntry testId="1cc5e005-e19c-89d6-de53-b450ef39410d" executionId="cf963a03-bfba-43f0-9cf3-ddc8a711efc6" testListId="8c84fa94-04c1-424b-9868-57a2d4851a1d" />
    <TestEntry testId="8181facd-0500-d651-7c9e-12e3bfeb6d99" executionId="5c6a66df-f5f3-4cd8-8807-6f77a7041ee5" testListId="8c84fa94-04c1-424b-9868-57a2d4851a1d" />
    <TestEntry testId="5e4eff96-0eeb-e17e-1ee2-ecb5dc46af95" executionId="cf32917e-a683-4d03-b610-85340954d934" testListId="8c84fa94-04c1-424b-9868-57a2d4851a1d" />
    <TestEntry testId="d91f0816-5fca-4f36-0647-464581ce2e50" executionId="43540477-8460-4b76-a6f6-4fca2ed4821b" testListId="8c84fa94-04c1-424b-9868-57a2d4851a1d" />
    <TestEntry testId="b5976f81-c47c-9f93-1da3-9c46a44286bf" executionId="cd323eeb-ebfe-4cf0-9c91-8c747adb1e68" testListId="8c84fa94-04c1-424b-9868-57a2d4851a1d" />
    <TestEntry testId="bc434266-73fa-3be4-b367-8bd4bf937db6" executionId="058ef8ea-6a6a-4bef-bfbb-7bc81d160ace" testListId="8c84fa94-04c1-424b-9868-57a2d4851a1d" />
    <TestEntry testId="876b027c-38b0-19d0-4a23-30df406d2a6e" executionId="9a480a75-84ba-409e-905d-965193bd85da" testListId="8c84fa94-04c1-424b-9868-57a2d4851a1d" />
    <TestEntry testId="a3331ea0-7780-a405-2a16-11504ad61f75" executionId="1bd53c62-7a7c-48e6-98e5-b06e49926156" testListId="8c84fa94-04c1-424b-9868-57a2d4851a1d" />
    <TestEntry testId="14154c83-46dc-0a04-3fe1-0e05f3b985f7" executionId="0be29ee8-e7be-4aa7-b230-d7453f6e3a70" testListId="8c84fa94-04c1-424b-9868-57a2d4851a1d" />
    <TestEntry testId="84f209b6-ea5d-9605-b9b7-d5e05f599c18" executionId="bfa4f2de-0260-4097-ba32-1cb5c051234e" testListId="8c84fa94-04c1-424b-9868-57a2d4851a1d" />
    <TestEntry testId="26dd9e4a-c788-f582-4108-8db9b6ebdef5" executionId="b3b66763-0ac0-4675-8722-037219b474c7" testListId="8c84fa94-04c1-424b-9868-57a2d4851a1d" />
    <TestEntry testId="ed9ca763-8d8f-9a7e-2869-2f2457d015d7" executionId="0508007e-e968-46da-84e6-984fe49f081b" testListId="8c84fa94-04c1-424b-9868-57a2d4851a1d" />
    <TestEntry testId="900c40b4-f1ed-59ab-2aa3-f271f9a9fc45" executionId="36a8efbf-9f69-4b5d-9644-4d04dfd37f0f" testListId="8c84fa94-04c1-424b-9868-57a2d4851a1d" />
    <TestEntry testId="66f944fb-5d95-0df0-09f2-95005977671b" executionId="3e01075c-95a5-46a1-a674-78bb4c88146b" testListId="8c84fa94-04c1-424b-9868-57a2d4851a1d" />
    <TestEntry testId="e7b18816-8a79-62cd-e26e-2deb2f50700c" executionId="80cc5cec-4057-45c2-a681-5068e9614acd" testListId="8c84fa94-04c1-424b-9868-57a2d4851a1d" />
    <TestEntry testId="3f693ff5-935b-1937-d400-9d92db6b9c02" executionId="0d3871ff-4a1e-4cd8-a110-ae7d82a24d1a" testListId="8c84fa94-04c1-424b-9868-57a2d4851a1d" />
    <TestEntry testId="61d2cba2-cda6-706a-5d36-e8e0e8e4bdbe" executionId="bde30adf-f73f-4d53-a9d6-1e75fc79ae06" testListId="8c84fa94-04c1-424b-9868-57a2d4851a1d" />
    <TestEntry testId="c18db5d0-a8c2-d62e-f856-e536d8523fad" executionId="8cb270ee-d904-46f2-a44d-fa71b2e40bf1" testListId="8c84fa94-04c1-424b-9868-57a2d4851a1d" />
    <TestEntry testId="e4083456-9668-6347-273c-11f37ab637af" executionId="52b44378-830d-4625-aec5-5f9836f2bc60" testListId="8c84fa94-04c1-424b-9868-57a2d4851a1d" />
    <TestEntry testId="b0b81e99-c22c-dc71-aa4a-9d872f78a4c9" executionId="cfb4d15e-04bf-4063-89c0-87809c192098" testListId="8c84fa94-04c1-424b-9868-57a2d4851a1d" />
    <TestEntry testId="6e31f0c1-cbe9-886c-0f3a-39942dc6a1b7" executionId="0113570e-6449-4af2-adb8-1b037dad3fb2" testListId="8c84fa94-04c1-424b-9868-57a2d4851a1d" />
    <TestEntry testId="3cfc995e-3396-d755-980d-60acfb365a93" executionId="940fe108-b4b4-42cd-9418-46dca73db088" testListId="8c84fa94-04c1-424b-9868-57a2d4851a1d" />
    <TestEntry testId="64e4d325-7685-2561-bf81-fdb4673a1121" executionId="da0bff29-a75c-42d1-be3b-db846517d210" testListId="8c84fa94-04c1-424b-9868-57a2d4851a1d" />
    <TestEntry testId="ab22731d-aae5-4fe6-7c88-9ec18a2b4929" executionId="f27832fb-c977-4e34-a1f9-1e46b0dce99f" testListId="8c84fa94-04c1-424b-9868-57a2d4851a1d" />
    <TestEntry testId="a902bf30-4cae-643f-aa9d-15040fc2caf7" executionId="7ddd545b-9142-4352-bd29-3fa83d907349" testListId="8c84fa94-04c1-424b-9868-57a2d4851a1d" />
    <TestEntry testId="2417d599-d753-df79-d741-0a60e45a61c5" executionId="185dfdfb-25ed-4978-b642-4158e80bd1e9" testListId="8c84fa94-04c1-424b-9868-57a2d4851a1d" />
    <TestEntry testId="d98e496a-9d36-46f2-c7ee-e0388f85d1c4" executionId="280097e3-d969-4aff-9e56-283193060124" testListId="8c84fa94-04c1-424b-9868-57a2d4851a1d" />
    <TestEntry testId="fc997945-08f2-f3f0-f5fb-8bd9ebbafbcb" executionId="6c17e1b4-1972-4f8e-8ca6-bf980e838d5b" testListId="8c84fa94-04c1-424b-9868-57a2d4851a1d" />
    <TestEntry testId="4adf8a46-f3bf-2c1d-d7aa-abe7f13db00a" executionId="fe8102ba-9004-4ea6-b557-5ed082896ddb" testListId="8c84fa94-04c1-424b-9868-57a2d4851a1d" />
    <TestEntry testId="25ef1caa-c415-b046-5dcd-3528c236a343" executionId="71749035-bf06-4310-a755-69adae1104ac" testListId="8c84fa94-04c1-424b-9868-57a2d4851a1d" />
    <TestEntry testId="2a41ce3b-4250-9151-8bbd-e512f43b2604" executionId="9d9e20d5-5ff4-4a19-9fb6-e121ec6c1e1b" testListId="8c84fa94-04c1-424b-9868-57a2d4851a1d" />
    <TestEntry testId="c823fdb7-9b1f-e68d-5842-2ba795d6dfc1" executionId="eebce141-7ad0-4053-98c6-37c2c6d6a5d6" testListId="8c84fa94-04c1-424b-9868-57a2d4851a1d" />
    <TestEntry testId="6d145b05-8103-2974-6844-98a0ed088ff3" executionId="f35997f7-4a3f-41e3-8f78-bd485cab54aa" testListId="8c84fa94-04c1-424b-9868-57a2d4851a1d" />
    <TestEntry testId="61e0a2ae-2b62-4b91-d247-3e5d08a78409" executionId="2e9c6467-2cbe-4735-8063-bba8168ecc48" testListId="8c84fa94-04c1-424b-9868-57a2d4851a1d" />
    <TestEntry testId="96195fab-3003-c7ac-75fd-21fda0482431" executionId="e30163f4-d1ca-42b8-b94b-de8f568823e7" testListId="8c84fa94-04c1-424b-9868-57a2d4851a1d" />
    <TestEntry testId="df12b5e3-6f94-19a7-6b93-76d32b24d417" executionId="b612493a-eb8e-48ae-9bfd-f4f4f1d4faff" testListId="8c84fa94-04c1-424b-9868-57a2d4851a1d" />
    <TestEntry testId="a0ca3ebe-13af-6e13-9681-cc0b3196e762" executionId="7862b48d-5c96-4419-903f-7d2eee92e5a3" testListId="8c84fa94-04c1-424b-9868-57a2d4851a1d" />
    <TestEntry testId="ba7e55e1-bc25-6239-38a5-6244c0424f32" executionId="b0d9d0ff-f048-487d-ab05-1c15ab4c2a6b" testListId="8c84fa94-04c1-424b-9868-57a2d4851a1d" />
    <TestEntry testId="043ed3d9-da1d-6e7c-6cec-f0885108bf38" executionId="28510a04-2dd9-4bf7-bc26-5a31a3370d4c" testListId="8c84fa94-04c1-424b-9868-57a2d4851a1d" />
    <TestEntry testId="d470aed5-fd95-0a8d-5b7f-7b7d63f92210" executionId="6e80ad19-fb05-4b31-aae9-ff4393b0c1fa" testListId="8c84fa94-04c1-424b-9868-57a2d4851a1d" />
    <TestEntry testId="42100eba-103b-afb2-a98b-b488d4220f22" executionId="831c6d2e-a892-48bf-9c24-27a268254c56" testListId="8c84fa94-04c1-424b-9868-57a2d4851a1d" />
    <TestEntry testId="373eb4d6-b88c-8be3-0a1d-87a21abb8e21" executionId="cff7aba2-f6a2-4913-af4b-d9c2f50d6a21" testListId="8c84fa94-04c1-424b-9868-57a2d4851a1d" />
    <TestEntry testId="1b8ce734-c4a0-b754-d372-7270e57dad37" executionId="c140ef6b-4a1a-4120-b236-326904bd33b1" testListId="8c84fa94-04c1-424b-9868-57a2d4851a1d" />
    <TestEntry testId="77c6b3b8-20b6-45e8-6fc1-ff170c00f74a" executionId="52784aae-fd1a-4726-9cfc-2b72ead2d938" testListId="8c84fa94-04c1-424b-9868-57a2d4851a1d" />
    <TestEntry testId="f4e3b196-9550-9a8c-89a3-7ec32db01f48" executionId="79ebf8a2-523d-457b-93f1-fd111c861aa3" testListId="8c84fa94-04c1-424b-9868-57a2d4851a1d" />
    <TestEntry testId="389efc94-ddd3-e68c-19de-f429669da475" executionId="2735e950-a9be-44d9-8d20-4b00390b3019" testListId="8c84fa94-04c1-424b-9868-57a2d4851a1d" />
    <TestEntry testId="4968f137-6473-b690-0860-4e0a0c0d32b6" executionId="cbb0493c-fe0b-48a1-9669-dfc1c3a29235" testListId="8c84fa94-04c1-424b-9868-57a2d4851a1d" />
    <TestEntry testId="b8e4d3e3-789e-d502-0c86-31274dcc2302" executionId="2d9eb0b7-e7c7-4760-b672-098f068dd2a4" testListId="8c84fa94-04c1-424b-9868-57a2d4851a1d" />
    <TestEntry testId="e69ed514-a4ad-01d8-6ab1-54bc2a894ec1" executionId="90463a97-084d-4631-a04c-27e021238308" testListId="8c84fa94-04c1-424b-9868-57a2d4851a1d" />
    <TestEntry testId="1a466743-d5a5-f266-298d-292c900b3f35" executionId="2950d9c6-a741-46f4-906c-4a5dcf11044a" testListId="8c84fa94-04c1-424b-9868-57a2d4851a1d" />
    <TestEntry testId="3a04d0e9-f5e6-bb9d-0f64-2a8b3334b925" executionId="287ba791-edd6-4b1f-89c5-f4c99033a56e" testListId="8c84fa94-04c1-424b-9868-57a2d4851a1d" />
    <TestEntry testId="4696ed54-2605-566b-fa88-4612cfb51ee9" executionId="9b15ad38-6584-4ecf-a1c4-30928cb19447" testListId="8c84fa94-04c1-424b-9868-57a2d4851a1d" />
    <TestEntry testId="0fbf9cdc-b75f-1329-e924-71bbaa1ae114" executionId="b40c9934-5a8c-4ccf-b220-11c7c4e781de" testListId="8c84fa94-04c1-424b-9868-57a2d4851a1d" />
    <TestEntry testId="b9252515-cc31-4a79-21c1-77798b350d13" executionId="a7ab6cfb-5685-4c99-b395-e52e1dcbaf3b" testListId="8c84fa94-04c1-424b-9868-57a2d4851a1d" />
    <TestEntry testId="a3d44622-4d86-6172-3a77-8691cd6880c1" executionId="57831fc8-0054-4853-b64c-e589cafdc287" testListId="8c84fa94-04c1-424b-9868-57a2d4851a1d" />
    <TestEntry testId="99598655-b3a9-4588-dd7b-d2823c98eeaa" executionId="a54ff71d-0e57-475d-a395-75cb979ae794" testListId="8c84fa94-04c1-424b-9868-57a2d4851a1d" />
    <TestEntry testId="31252b63-e5d1-ead0-520c-e86001c6dc88" executionId="247639ce-3d7e-43b4-8bae-6da47d8edbaa" testListId="8c84fa94-04c1-424b-9868-57a2d4851a1d" />
    <TestEntry testId="a01b7443-27a9-9fc4-fb40-5d7259b6d790" executionId="38c4b9b6-b9db-4410-a935-78c09229743e" testListId="8c84fa94-04c1-424b-9868-57a2d4851a1d" />
    <TestEntry testId="d880a009-00b5-6763-edde-5da0b79be497" executionId="104fcb68-f540-4c96-b591-2aae4f38aefa" testListId="8c84fa94-04c1-424b-9868-57a2d4851a1d" />
    <TestEntry testId="4cf803e3-f8ac-e7ef-a626-025a6c5dab44" executionId="e3d5c318-2ac2-47b9-9450-011b4e5ed9f0" testListId="8c84fa94-04c1-424b-9868-57a2d4851a1d" />
    <TestEntry testId="a1148d75-65e2-753e-2d32-80ee665746d0" executionId="d9454f64-ff00-4d8f-8c24-8185934aea58" testListId="8c84fa94-04c1-424b-9868-57a2d4851a1d" />
    <TestEntry testId="2c583dd4-6776-60a4-79a7-7c3fe797a27b" executionId="c67d1520-aaf1-4a9a-9ab2-25b8ccb52fc8" testListId="8c84fa94-04c1-424b-9868-57a2d4851a1d" />
    <TestEntry testId="c91a3c83-a3b7-c686-c6ac-836ed3ff8344" executionId="70f0cad8-f258-406c-b597-52d3b7c16768" testListId="8c84fa94-04c1-424b-9868-57a2d4851a1d" />
    <TestEntry testId="b63eee48-f9af-b28d-244c-af86fc8ea6db" executionId="06924978-863b-48aa-b86f-220f7d9988d2" testListId="8c84fa94-04c1-424b-9868-57a2d4851a1d" />
    <TestEntry testId="a5e64e37-ca0d-cca9-e963-7a725c366b53" executionId="4db8d940-0093-4adc-a4c7-2de9fa32c0bd" testListId="8c84fa94-04c1-424b-9868-57a2d4851a1d" />
    <TestEntry testId="a4dd7fd0-c439-1989-2748-a7eae51dbd4c" executionId="c5c8c413-265d-4ac1-a19b-3690b5497f2a" testListId="8c84fa94-04c1-424b-9868-57a2d4851a1d" />
    <TestEntry testId="2c62e57d-f6bc-348f-c579-030a937166a5" executionId="ac869929-6e92-4d00-b090-9c6eedcfe6e1" testListId="8c84fa94-04c1-424b-9868-57a2d4851a1d" />
    <TestEntry testId="80eac98b-587b-a93a-fb5d-2545990c48b0" executionId="f95214db-3291-449c-8eda-6f5bc1bc3343" testListId="8c84fa94-04c1-424b-9868-57a2d4851a1d" />
    <TestEntry testId="79662c2f-d433-8f04-9fc8-d58afc9f975b" executionId="67b3ae06-1ba1-4685-8ac2-a1f42a13aa95" testListId="8c84fa94-04c1-424b-9868-57a2d4851a1d" />
    <TestEntry testId="b6183f1a-f736-80ad-dc19-51d4883108f8" executionId="f5cb12be-3ad9-475a-9e0a-d2434ffa494a" testListId="8c84fa94-04c1-424b-9868-57a2d4851a1d" />
    <TestEntry testId="8124c945-08a9-f81a-1e55-74705429237d" executionId="aaffbf8c-e88c-4d3e-bfde-38665bcac7f0" testListId="8c84fa94-04c1-424b-9868-57a2d4851a1d" />
    <TestEntry testId="f900d56e-8fd7-833b-2a3e-37b5d94bd86f" executionId="3d37a1a0-d12b-423c-89f1-4fccd4192696" testListId="8c84fa94-04c1-424b-9868-57a2d4851a1d" />
  </TestEntries>
  <TestLists>
    <TestList name="Results Not in a List" id="8c84fa94-04c1-424b-9868-57a2d4851a1d" />
    <TestList name="All Loaded Results" id="19431567-8539-422a-85d7-44ee4e166bda" />
  </TestLists>
  <ResultSummary outcome="Completed">
    <Counters total="77" executed="77" passed="77" failed="0" error="0" timeout="0" aborted="0" inconclusive="0" passedButRunAborted="0" notRunnable="0" notExecuted="0" disconnected="0" warning="0" completed="0" inProgress="0" pending="0" />
    <Output>
      <StdOut>[xUnit.net 00:00:00.00] xUnit.net VSTest Adapter v3.1.4+50e68bbb8b (64-bit .NET 10.0.4)&#xD;
[xUnit.net 00:00:00.12]   Discovering: Entropic.Core.Tests&#xD;
[xUnit.net 00:00:00.19]   Discovered:  Entropic.Core.Tests&#xD;
[xUnit.net 00:00:00.22]   Starting:    Entropic.Core.Tests&#xD;
[xUnit.net 00:00:02.84]   Finished:    Entropic.Core.Tests&#xD;
</StdOut>
    </Output>
  </ResultSummary>
</TestRun>