<?xml version="1.0" encoding="utf-8"?>
<TestRun id="14b0442d-5f28-421b-891c-89f484973632" name="Mathew.Burkitt@DT-2020-RES-1 2026-03-19 11:15:54" runUser="CJC\Mathew.Burkitt" xmlns="http://microsoft.com/schemas/VisualStudio/TeamTest/2010">
  <Times creation="2026-03-19T11:15:54.4697862+00:00" queuing="2026-03-19T11:15:54.4697867+00:00" start="2026-03-19T11:15:51.9932538+00:00" finish="2026-03-19T11:15:56.9649793+00:00" />
  <TestSettings name="default" id="a33617a5-67e0-4ffc-8654-65d7eb4ea88d">
    <Deployment runDeploymentRoot="Mathew.Burkitt_DT-2020-RES-1_2026-03-19_11_15_54" />
  </TestSettings>
  <Results>
    <UnitTestResult executionId="2031e29d-1c11-4272-a564-782854b4f898" testId="389efc94-ddd3-e68c-19de-f429669da475" testName="Entropic.Core.Tests+ProviderDetectionTests.detect returns ProviderPresence record" computerName="DT-2020-RES-1" duration="00:00:00.0068885" startTime="2026-03-19T11:15:56.2174962+00:00" endTime="2026-03-19T11:15:56.2244801+00:00" testType="13cdc9d9-ddb5-4fa4-a97d-d965ccfc6d4b" outcome="Passed" testListId="8c84fa94-04c1-424b-9868-57a2d4851a1d" relativeResultsDirectory="2031e29d-1c11-4272-a564-782854b4f898" />
    <UnitTestResult executionId="35e9adbb-f455-42fc-b107-2849ef522ce6" testId="a3331ea0-7780-a405-2a16-11504ad61f75" testName="Entropic.Core.Tests+SessionDeleteTests.deleteSession returns error for missing file" computerName="DT-2020-RES-1" duration="00:00:00.0017601" startTime="2026-03-19T11:15:56.1550459+00:00" endTime="2026-03-19T11:15:56.1577056+00:00" testType="13cdc9d9-ddb5-4fa4-a97d-d965ccfc6d4b" outcome="Passed" testListId="8c84fa94-04c1-424b-9868-57a2d4851a1d" relativeResultsDirectory="35e9adbb-f455-42fc-b107-2849ef522ce6" />
    <UnitTestResult executionId="1c2fec97-140b-4784-b3b9-8d51dcd16dc8" testId="f4e3b196-9550-9a8c-89a3-7ec32db01f48" testName="Entropic.Core.Tests+SessionDeleteTests.deleteSession returns error for no file path" computerName="DT-2020-RES-1" duration="00:00:00.0004469" startTime="2026-03-19T11:15:56.1493167+00:00" endTime="2026-03-19T11:15:56.1498573+00:00" testType="13cdc9d9-ddb5-4fa4-a97d-d965ccfc6d4b" outcome="Passed" testListId="8c84fa94-04c1-424b-9868-57a2d4851a1d" relativeResultsDirectory="1c2fec97-140b-4784-b3b9-8d51dcd16dc8" />
    <UnitTestResult executionId="183bf37d-a736-482c-ac67-c8a42dd89156" testId="45d18030-6def-ed22-e048-8d0b686871bb" testName="Entropic.Core.Tests+ScriptReferenceTests.PowerShell monitor script path is defined" computerName="DT-2020-RES-1" duration="00:00:00.0001265" startTime="2026-03-19T11:15:56.2122280+00:00" endTime="2026-03-19T11:15:56.2122592+00:00" testType="13cdc9d9-ddb5-4fa4-a97d-d965ccfc6d4b" outcome="Passed" testListId="8c84fa94-04c1-424b-9868-57a2d4851a1d" relativeResultsDirectory="183bf37d-a736-482c-ac67-c8a42dd89156" />
    <UnitTestResult executionId="a2546ca8-4ddc-4b82-b2c0-8b715de07a27" testId="a4dd7fd0-c439-1989-2748-a7eae51dbd4c" testName="Entropic.Core.Tests+GitSummaryTests.summarize returns zeros for empty list" computerName="DT-2020-RES-1" duration="00:00:00.0001443" startTime="2026-03-19T11:15:56.2102841+00:00" endTime="2026-03-19T11:15:56.2103219+00:00" testType="13cdc9d9-ddb5-4fa4-a97d-d965ccfc6d4b" outcome="Passed" testListId="8c84fa94-04c1-424b-9868-57a2d4851a1d" relativeResultsDirectory="a2546ca8-4ddc-4b82-b2c0-8b715de07a27" />
    <UnitTestResult executionId="056ff70a-1cfd-4226-a7a2-589a63f2679e" testId="26dd9e4a-c788-f582-4108-8db9b6ebdef5" testName="Entropic.Core.Tests+SessionHistoryTests.loadHistory parses JSONL chat messages" computerName="DT-2020-RES-1" duration="00:00:00.0105757" startTime="2026-03-19T11:15:56.2391150+00:00" endTime="2026-03-19T11:15:56.2547354+00:00" testType="13cdc9d9-ddb5-4fa4-a97d-d965ccfc6d4b" outcome="Passed" testListId="8c84fa94-04c1-424b-9868-57a2d4851a1d" relativeResultsDirectory="056ff70a-1cfd-4226-a7a2-589a63f2679e" />
    <UnitTestResult executionId="183abfcb-129a-4f46-91ff-47942725d632" testId="3a04d0e9-f5e6-bb9d-0f64-2a8b3334b925" testName="Entropic.Core.Tests+SessionMergeTests.mergeSessions combines unique todos" computerName="DT-2020-RES-1" duration="00:00:00.0003061" startTime="2026-03-19T11:15:56.2233572+00:00" endTime="2026-03-19T11:15:56.2237576+00:00" testType="13cdc9d9-ddb5-4fa4-a97d-d965ccfc6d4b" outcome="Passed" testListId="8c84fa94-04c1-424b-9868-57a2d4851a1d" relativeResultsDirectory="183abfcb-129a-4f46-91ff-47942725d632" />
    <UnitTestResult executionId="8bfc2809-cdca-4ee3-88a6-d816a2ea14a5" testId="900c40b4-f1ed-59ab-2aa3-f271f9a9fc45" testName="Entropic.Core.Tests+LocalOnlyTests.Domain types carry no telemetry or external service fields" computerName="DT-2020-RES-1" duration="00:00:00.0001678" startTime="2026-03-19T11:15:56.2374788+00:00" endTime="2026-03-19T11:15:56.2375118+00:00" testType="13cdc9d9-ddb5-4fa4-a97d-d965ccfc6d4b" outcome="Passed" testListId="8c84fa94-04c1-424b-9868-57a2d4851a1d" relativeResultsDirectory="8bfc2809-cdca-4ee3-88a6-d816a2ea14a5" />
    <UnitTestResult executionId="1ac8a71f-b3fa-4a2c-9de2-e6a6b186c60e" testId="c91a3c83-a3b7-c686-c6ac-836ed3ff8344" testName="Entropic.Core.Tests+JsonlParserTests.computeJsonlSignature returns stable signature for directory" computerName="DT-2020-RES-1" duration="00:00:00.0093932" startTime="2026-03-19T11:15:56.1745275+00:00" endTime="2026-03-19T11:15:56.1837244+00:00" testType="13cdc9d9-ddb5-4fa4-a97d-d965ccfc6d4b" outcome="Passed" testListId="8c84fa94-04c1-424b-9868-57a2d4851a1d" relativeResultsDirectory="1ac8a71f-b3fa-4a2c-9de2-e6a6b186c60e" />
    <UnitTestResult executionId="4a5f7430-12fa-4750-b02e-4fc820fa41e6" testId="0fbf9cdc-b75f-1329-e924-71bbaa1ae114" testName="Entropic.Core.Tests+ProviderDetectionTests.codexPaths returns sessions directory" computerName="DT-2020-RES-1" duration="00:00:00.0004311" startTime="2026-03-19T11:15:56.2259833+00:00" endTime="2026-03-19T11:15:56.2260292+00:00" testType="13cdc9d9-ddb5-4fa4-a97d-d965ccfc6d4b" outcome="Passed" testListId="8c84fa94-04c1-424b-9868-57a2d4851a1d" relativeResultsDirectory="4a5f7430-12fa-4750-b02e-4fc820fa41e6" />
    <UnitTestResult executionId="5e369677-10e1-44e9-a890-2e8bc2631320" testId="4cf803e3-f8ac-e7ef-a626-025a6c5dab44" testName="Entropic.Core.Tests+GitRepoStatusFieldTests.GitRepoStatus has all required fields" computerName="DT-2020-RES-1" duration="00:00:00.0014739" startTime="2026-03-19T11:15:56.2334961+00:00" endTime="2026-03-19T11:15:56.2338919+00:00" testType="13cdc9d9-ddb5-4fa4-a97d-d965ccfc6d4b" outcome="Passed" testListId="8c84fa94-04c1-424b-9868-57a2d4851a1d" relativeResultsDirectory="5e369677-10e1-44e9-a890-2e8bc2631320" />
    <UnitTestResult executionId="470d9588-2e3b-49f6-b351-6835cdf4b9e9" testId="c823fdb7-9b1f-e68d-5842-2ba795d6dfc1" testName="Entropic.Core.Tests+TodoPersistenceTests.persistTodos writes and loadTodos reads back" computerName="DT-2020-RES-1" duration="00:00:00.0404029" startTime="2026-03-19T11:15:56.3021876+00:00" endTime="2026-03-19T11:15:56.3421894+00:00" testType="13cdc9d9-ddb5-4fa4-a97d-d965ccfc6d4b" outcome="Passed" testListId="8c84fa94-04c1-424b-9868-57a2d4851a1d" relativeResultsDirectory="470d9588-2e3b-49f6-b351-6835cdf4b9e9" />
    <UnitTestResult executionId="1fd062ec-d0fe-4c38-907b-fefdaa4df92e" testId="3f8f49f6-7a20-5258-8553-e432ac37ae0b" testName="Entropic.Core.Tests+ScriptReferenceTests.Build distribution reference is defined" computerName="DT-2020-RES-1" duration="00:00:00.0001181" startTime="2026-03-19T11:15:56.2119477+00:00" endTime="2026-03-19T11:15:56.2119801+00:00" testType="13cdc9d9-ddb5-4fa4-a97d-d965ccfc6d4b" outcome="Passed" testListId="8c84fa94-04c1-424b-9868-57a2d4851a1d" relativeResultsDirectory="1fd062ec-d0fe-4c38-907b-fefdaa4df92e" />
    <UnitTestResult executionId="f5dc98e9-0437-411e-a305-603d56df8ed0" testId="25ef1caa-c415-b046-5dcd-3528c236a343" testName="Entropic.Core.Tests+GarageScaleTests.Aggregator is a simple module with no distributed patterns" computerName="DT-2020-RES-1" duration="00:00:00.0013181" startTime="2026-03-19T11:15:56.1440416+00:00" endTime="2026-03-19T11:15:56.1444280+00:00" testType="13cdc9d9-ddb5-4fa4-a97d-d965ccfc6d4b" outcome="Passed" testListId="8c84fa94-04c1-424b-9868-57a2d4851a1d" relativeResultsDirectory="f5dc98e9-0437-411e-a305-603d56df8ed0" />
    <UnitTestResult executionId="c1a87f0e-0459-469e-b6d7-b96c9e2364d8" testId="4adf8a46-f3bf-2c1d-d7aa-abe7f13db00a" testName="Entropic.Core.Tests+SessionTests.Session has provider and sessionId identity" computerName="DT-2020-RES-1" duration="00:00:00.0002328" startTime="2026-03-19T11:15:56.2628676+00:00" endTime="2026-03-19T11:15:56.2629029+00:00" testType="13cdc9d9-ddb5-4fa4-a97d-d965ccfc6d4b" outcome="Passed" testListId="8c84fa94-04c1-424b-9868-57a2d4851a1d" relativeResultsDirectory="c1a87f0e-0459-469e-b6d7-b96c9e2364d8" />
    <UnitTestResult executionId="f3b947b2-ad3c-4a52-958a-1072e7b86ad5" testId="4968f137-6473-b690-0860-4e0a0c0d32b6" testName="Entropic.Core.Tests+DiagnosticsCollectTests.collectAll returns per-provider breakdown" computerName="DT-2020-RES-1" duration="00:00:00.0266352" startTime="2026-03-19T11:15:54.4428992+00:00" endTime="2026-03-19T11:15:54.4650330+00:00" testType="13cdc9d9-ddb5-4fa4-a97d-d965ccfc6d4b" outcome="Passed" testListId="8c84fa94-04c1-424b-9868-57a2d4851a1d" relativeResultsDirectory="f3b947b2-ad3c-4a52-958a-1072e7b86ad5" />
    <UnitTestResult executionId="6284d329-d48d-4453-83dd-b298e185f564" testId="68debd23-8970-79da-116e-1f302d918f61" testName="Entropic.Core.Tests+JsonlParserTests.computeJsonlSignature changes when files are added" computerName="DT-2020-RES-1" duration="00:00:00.0169786" startTime="2026-03-19T11:15:56.1582598+00:00" endTime="2026-03-19T11:15:56.1741752+00:00" testType="13cdc9d9-ddb5-4fa4-a97d-d965ccfc6d4b" outcome="Passed" testListId="8c84fa94-04c1-424b-9868-57a2d4851a1d" relativeResultsDirectory="6284d329-d48d-4453-83dd-b298e185f564" />
    <UnitTestResult executionId="40e4f9b3-ca6d-444f-b59e-2b714903f4e9" testId="fc997945-08f2-f3f0-f5fb-8bd9ebbafbcb" testName="Entropic.Core.Tests+SessionTests.Session carries file and project paths" computerName="DT-2020-RES-1" duration="00:00:00.0012121" startTime="2026-03-19T11:15:56.2618322+00:00" endTime="2026-03-19T11:15:56.2626250+00:00" testType="13cdc9d9-ddb5-4fa4-a97d-d965ccfc6d4b" outcome="Passed" testListId="8c84fa94-04c1-424b-9868-57a2d4851a1d" relativeResultsDirectory="40e4f9b3-ca6d-444f-b59e-2b714903f4e9" />
    <UnitTestResult executionId="9bfb3b8e-d0bc-4758-9d19-2e98081fee6b" testId="1b8ce734-c4a0-b754-d372-7270e57dad37" testName="Entropic.Core.Tests+PreferencesTests.getRepairThreshold reads from file" computerName="DT-2020-RES-1" duration="00:00:00.0108909" startTime="2026-03-19T11:15:56.1706112+00:00" endTime="2026-03-19T11:15:56.1810132+00:00" testType="13cdc9d9-ddb5-4fa4-a97d-d965ccfc6d4b" outcome="Passed" testListId="8c84fa94-04c1-424b-9868-57a2d4851a1d" relativeResultsDirectory="9bfb3b8e-d0bc-4758-9d19-2e98081fee6b" />
    <UnitTestResult executionId="e33a6eef-36ed-4824-a2cd-b93cb98370dd" testId="0d985b08-ef52-37d8-7bef-54200631028b" testName="Entropic.Core.Tests+ScriptReferenceTests.Hook post tool script path is defined" computerName="DT-2020-RES-1" duration="00:00:00.0001258" startTime="2026-03-19T11:15:56.2113806+00:00" endTime="2026-03-19T11:15:56.2114111+00:00" testType="13cdc9d9-ddb5-4fa4-a97d-d965ccfc6d4b" outcome="Passed" testListId="8c84fa94-04c1-424b-9868-57a2d4851a1d" relativeResultsDirectory="e33a6eef-36ed-4824-a2cd-b93cb98370dd" />
    <UnitTestResult executionId="2f621c1c-0e0c-4987-9064-1772609dba1a" testId="876b027c-38b0-19d0-4a23-30df406d2a6e" testName="Entropic.Core.Tests+GitDiscoverTests.discoverRepos finds git repos" computerName="DT-2020-RES-1" duration="00:00:00.6652629" startTime="2026-03-19T11:15:56.2272370+00:00" endTime="2026-03-19T11:15:56.8920362+00:00" testType="13cdc9d9-ddb5-4fa4-a97d-d965ccfc6d4b" outcome="Passed" testListId="8c84fa94-04c1-424b-9868-57a2d4851a1d" relativeResultsDirectory="2f621c1c-0e0c-4987-9064-1772609dba1a" />
    <UnitTestResult executionId="9a451e17-2e62-4162-b10a-eda909d14c08" testId="6e31f0c1-cbe9-886c-0f3a-39942dc6a1b7" testName="Entropic.Core.Tests+AggregatorTests.mergeProjects does not duplicate same session" computerName="DT-2020-RES-1" duration="00:00:00.0002293" startTime="2026-03-19T11:15:56.2294595+00:00" endTime="2026-03-19T11:15:56.2294952+00:00" testType="13cdc9d9-ddb5-4fa4-a97d-d965ccfc6d4b" outcome="Passed" testListId="8c84fa94-04c1-424b-9868-57a2d4851a1d" relativeResultsDirectory="9a451e17-2e62-4162-b10a-eda909d14c08" />
    <UnitTestResult executionId="51acaf06-29a8-4dae-8e04-20779cb958aa" testId="e69ed514-a4ad-01d8-6ab1-54bc2a894ec1" testName="Entropic.Core.Tests+TodoPersistenceTests.loadTodos returns empty for missing file" computerName="DT-2020-RES-1" duration="00:00:00.0004008" startTime="2026-03-19T11:15:56.3425167+00:00" endTime="2026-03-19T11:15:56.3426717+00:00" testType="13cdc9d9-ddb5-4fa4-a97d-d965ccfc6d4b" outcome="Passed" testListId="8c84fa94-04c1-424b-9868-57a2d4851a1d" relativeResultsDirectory="51acaf06-29a8-4dae-8e04-20779cb958aa" />
    <UnitTestResult executionId="204433f9-07d9-4eba-b125-1b89ba709285" testId="a01b7443-27a9-9fc4-fb40-5d7259b6d790" testName="Entropic.Core.Tests+PreferencesTests.getString returns value when present" computerName="DT-2020-RES-1" duration="00:00:00.0155292" startTime="2026-03-19T11:15:56.1517499+00:00" endTime="2026-03-19T11:15:56.1671446+00:00" testType="13cdc9d9-ddb5-4fa4-a97d-d965ccfc6d4b" outcome="Passed" testListId="8c84fa94-04c1-424b-9868-57a2d4851a1d" relativeResultsDirectory="204433f9-07d9-4eba-b125-1b89ba709285" />
    <UnitTestResult executionId="6180d427-636d-4603-a2c4-6c3b56a7be32" testId="e7b18816-8a79-62cd-e26e-2deb2f50700c" testName="Entropic.Core.Tests+GitCommitHistoryTests.getCommitHistory returns commits for real repo" computerName="DT-2020-RES-1" duration="00:00:01.1832582" startTime="2026-03-19T11:15:53.2245184+00:00" endTime="2026-03-19T11:15:54.3868535+00:00" testType="13cdc9d9-ddb5-4fa4-a97d-d965ccfc6d4b" outcome="Passed" testListId="8c84fa94-04c1-424b-9868-57a2d4851a1d" relativeResultsDirectory="6180d427-636d-4603-a2c4-6c3b56a7be32" />
    <UnitTestResult executionId="b7eab235-9bf4-4a9e-9b7d-618472db0635" testId="3cfc995e-3396-d755-980d-60acfb365a93" testName="Entropic.Core.Tests+DiagnosticsCollectTests.repairAll in dry-run mode reports planned but zero written" computerName="DT-2020-RES-1" duration="00:00:00.5274532" startTime="2026-03-19T11:15:55.6129668+00:00" endTime="2026-03-19T11:15:56.1419338+00:00" testType="13cdc9d9-ddb5-4fa4-a97d-d965ccfc6d4b" outcome="Passed" testListId="8c84fa94-04c1-424b-9868-57a2d4851a1d" relativeResultsDirectory="b7eab235-9bf4-4a9e-9b7d-618472db0635" />
    <UnitTestResult executionId="5620ae60-0df5-4659-aac4-0e0dc9e0e83d" testId="3f693ff5-935b-1937-d400-9d92db6b9c02" testName="Entropic.Core.Tests+PortsTests.IProviderPort can be implemented and called" computerName="DT-2020-RES-1" duration="00:00:01.2310325" startTime="2026-03-19T11:15:53.2274216+00:00" endTime="2026-03-19T11:15:54.4423833+00:00" testType="13cdc9d9-ddb5-4fa4-a97d-d965ccfc6d4b" outcome="Passed" testListId="8c84fa94-04c1-424b-9868-57a2d4851a1d" relativeResultsDirectory="5620ae60-0df5-4659-aac4-0e0dc9e0e83d" />
    <UnitTestResult executionId="f5a92bec-ca57-495a-8ac3-5f6a82cf43f0" testId="a902bf30-4cae-643f-aa9d-15040fc2caf7" testName="Entropic.Core.Tests+TodoManagerFilterTests.filterActive excludes Completed todos" computerName="DT-2020-RES-1" duration="00:00:00.0022772" startTime="2026-03-19T11:15:56.1951815+00:00" endTime="2026-03-19T11:15:56.1968769+00:00" testType="13cdc9d9-ddb5-4fa4-a97d-d965ccfc6d4b" outcome="Passed" testListId="8c84fa94-04c1-424b-9868-57a2d4851a1d" relativeResultsDirectory="f5a92bec-ca57-495a-8ac3-5f6a82cf43f0" />
    <UnitTestResult executionId="406440fc-f0a3-43f0-994c-b8e92b921c09" testId="ab22731d-aae5-4fe6-7c88-9ec18a2b4929" testName="Entropic.Core.Tests+DomainTypeTests.Todo record stores provider-agnostic todo data" computerName="DT-2020-RES-1" duration="00:00:00.0006334" startTime="2026-03-19T11:15:56.1677957+00:00" endTime="2026-03-19T11:15:56.1683429+00:00" testType="13cdc9d9-ddb5-4fa4-a97d-d965ccfc6d4b" outcome="Passed" testListId="8c84fa94-04c1-424b-9868-57a2d4851a1d" relativeResultsDirectory="406440fc-f0a3-43f0-994c-b8e92b921c09" />
    <UnitTestResult executionId="31088feb-291a-4206-a9a5-8854d1dec295" testId="d470aed5-fd95-0a8d-5b7f-7b7d63f92210" testName="Entropic.Core.Tests+JsonlParserTests.tryParseJson returns Some for valid JSON" computerName="DT-2020-RES-1" duration="00:00:00.0008692" startTime="2026-03-19T11:15:56.1928545+00:00" endTime="2026-03-19T11:15:56.1931741+00:00" testType="13cdc9d9-ddb5-4fa4-a97d-d965ccfc6d4b" outcome="Passed" testListId="8c84fa94-04c1-424b-9868-57a2d4851a1d" relativeResultsDirectory="31088feb-291a-4206-a9a5-8854d1dec295" />
    <UnitTestResult executionId="d1c3c614-0f80-4b9c-83e6-d836dc19f9dc" testId="b5976f81-c47c-9f93-1da3-9c46a44286bf" testName="Entropic.Core.Tests+GitOnDemandTests.onDemandLoader caches after first call" computerName="DT-2020-RES-1" duration="00:00:00.0104531" startTime="2026-03-19T11:15:56.2269545+00:00" endTime="2026-03-19T11:15:56.2370574+00:00" testType="13cdc9d9-ddb5-4fa4-a97d-d965ccfc6d4b" outcome="Passed" testListId="8c84fa94-04c1-424b-9868-57a2d4851a1d" relativeResultsDirectory="d1c3c614-0f80-4b9c-83e6-d836dc19f9dc" />
    <UnitTestResult executionId="9b918cf9-1a4c-4f6c-82a2-5b4dbb95e698" testId="2a41ce3b-4250-9151-8bbd-e512f43b2604" testName="Entropic.Core.Tests+TodoManagerDisplayTests.displayText uses Content when Pending" computerName="DT-2020-RES-1" duration="00:00:00.0001919" startTime="2026-03-19T11:15:53.2250055+00:00" endTime="2026-03-19T11:15:53.2250280+00:00" testType="13cdc9d9-ddb5-4fa4-a97d-d965ccfc6d4b" outcome="Passed" testListId="8c84fa94-04c1-424b-9868-57a2d4851a1d" relativeResultsDirectory="9b918cf9-1a4c-4f6c-82a2-5b4dbb95e698" />
    <UnitTestResult executionId="a10ce4f5-2d27-484d-a824-cc16029575a0" testId="79fec0af-7103-0a94-f383-cfab316b3a9a" testName="Entropic.Core.Tests+AggregatorTests.getProjects aggregates from multiple providers" computerName="DT-2020-RES-1" duration="00:00:00.0323127" startTime="2026-03-19T11:15:56.1728900+00:00" endTime="2026-03-19T11:15:56.2050665+00:00" testType="13cdc9d9-ddb5-4fa4-a97d-d965ccfc6d4b" outcome="Passed" testListId="8c84fa94-04c1-424b-9868-57a2d4851a1d" relativeResultsDirectory="a10ce4f5-2d27-484d-a824-cc16029575a0" />
    <UnitTestResult executionId="d966e0e3-5c52-44ad-903b-61dc8429b49f" testId="96195fab-3003-c7ac-75fd-21fda0482431" testName="Entropic.Core.Tests+ClaudeAdapterTests.ClaudeAdapter reads projects from temp directory" computerName="DT-2020-RES-1" duration="00:00:00.0305335" startTime="2026-03-19T11:15:56.2624301+00:00" endTime="2026-03-19T11:15:56.2927469+00:00" testType="13cdc9d9-ddb5-4fa4-a97d-d965ccfc6d4b" outcome="Passed" testListId="8c84fa94-04c1-424b-9868-57a2d4851a1d" relativeResultsDirectory="d966e0e3-5c52-44ad-903b-61dc8429b49f" />
    <UnitTestResult executionId="38af027c-b56e-4601-a8a3-fe6bc3620282" testId="1cc5e005-e19c-89d6-de53-b450ef39410d" testName="Entropic.Core.Tests+ProviderDetectionTests.claudePaths returns expected directory structure" computerName="DT-2020-RES-1" duration="00:00:00.0007110" startTime="2026-03-19T11:15:56.2265861+00:00" endTime="2026-03-19T11:15:56.2266172+00:00" testType="13cdc9d9-ddb5-4fa4-a97d-d965ccfc6d4b" outcome="Passed" testListId="8c84fa94-04c1-424b-9868-57a2d4851a1d" relativeResultsDirectory="38af027c-b56e-4601-a8a3-fe6bc3620282" />
    <UnitTestResult executionId="9d16351a-0824-44f1-8ec3-e6101f7bf620" testId="2c583dd4-6776-60a4-79a7-7c3fe797a27b" testName="Entropic.Core.Tests+GitCommitHistoryTests.CommitStats record stores additions and deletions" computerName="DT-2020-RES-1" duration="00:00:00.0066276" startTime="2026-03-19T11:15:53.1888697+00:00" endTime="2026-03-19T11:15:53.2084857+00:00" testType="13cdc9d9-ddb5-4fa4-a97d-d965ccfc6d4b" outcome="Passed" testListId="8c84fa94-04c1-424b-9868-57a2d4851a1d" relativeResultsDirectory="9d16351a-0824-44f1-8ec3-e6101f7bf620" />
    <UnitTestResult executionId="4a42af21-bd12-4f42-af77-639d25ebf274" testId="52c92bb3-b270-d57d-ea54-896a32bfe839" testName="Entropic.Core.Tests+ScriptReferenceTests.IPC boundary reference is defined" computerName="DT-2020-RES-1" duration="00:00:00.0001488" startTime="2026-03-19T11:15:56.2110917+00:00" endTime="2026-03-19T11:15:56.2111284+00:00" testType="13cdc9d9-ddb5-4fa4-a97d-d965ccfc6d4b" outcome="Passed" testListId="8c84fa94-04c1-424b-9868-57a2d4851a1d" relativeResultsDirectory="4a42af21-bd12-4f42-af77-639d25ebf274" />
    <UnitTestResult executionId="3e21f649-7e04-4f51-9aae-76a293f0212e" testId="2c62e57d-f6bc-348f-c579-030a937166a5" testName="Entropic.Core.Tests+GitSummaryTests.summarize computes aggregate stats" computerName="DT-2020-RES-1" duration="00:00:00.0124299" startTime="2026-03-19T11:15:56.1981007+00:00" endTime="2026-03-19T11:15:56.2099477+00:00" testType="13cdc9d9-ddb5-4fa4-a97d-d965ccfc6d4b" outcome="Passed" testListId="8c84fa94-04c1-424b-9868-57a2d4851a1d" relativeResultsDirectory="3e21f649-7e04-4f51-9aae-76a293f0212e" />
    <UnitTestResult executionId="b6952a61-6d4c-439c-8e72-1be32baf0a09" testId="4696ed54-2605-566b-fa88-4612cfb51ee9" testName="Entropic.Core.Tests+ResultTypeTests.Error result is propagated not thrown" computerName="DT-2020-RES-1" duration="00:00:00.0262446" startTime="2026-03-19T11:15:56.1702707+00:00" endTime="2026-03-19T11:15:56.1952273+00:00" testType="13cdc9d9-ddb5-4fa4-a97d-d965ccfc6d4b" outcome="Passed" testListId="8c84fa94-04c1-424b-9868-57a2d4851a1d" relativeResultsDirectory="b6952a61-6d4c-439c-8e72-1be32baf0a09" />
    <UnitTestResult executionId="423441fb-c33c-4720-984a-794fdc993655" testId="f900d56e-8fd7-833b-2a3e-37b5d94bd86f" testName="Entropic.Core.Tests+SessionMappingTests.writeProjectMapping creates metadata file" computerName="DT-2020-RES-1" duration="00:00:00.0093335" startTime="2026-03-19T11:15:56.2732550+00:00" endTime="2026-03-19T11:15:56.2823966+00:00" testType="13cdc9d9-ddb5-4fa4-a97d-d965ccfc6d4b" outcome="Passed" testListId="8c84fa94-04c1-424b-9868-57a2d4851a1d" relativeResultsDirectory="423441fb-c33c-4720-984a-794fdc993655" />
    <UnitTestResult executionId="807ced4e-7f48-4dcb-b4cc-b692612a14e8" testId="b9252515-cc31-4a79-21c1-77798b350d13" testName="Entropic.Core.Tests+GitDiscoverTests.discoverRepos returns empty for nonexistent path" computerName="DT-2020-RES-1" duration="00:00:00.0024794" startTime="2026-03-19T11:15:56.2242337+00:00" endTime="2026-03-19T11:15:56.2269846+00:00" testType="13cdc9d9-ddb5-4fa4-a97d-d965ccfc6d4b" outcome="Passed" testListId="8c84fa94-04c1-424b-9868-57a2d4851a1d" relativeResultsDirectory="807ced4e-7f48-4dcb-b4cc-b692612a14e8" />
    <UnitTestResult executionId="c1f3fdb8-73d7-47f3-93eb-b92b2a777df2" testId="6d145b05-8103-2974-6844-98a0ed088ff3" testName="Entropic.Core.Tests+ResultTypeTests.FetchProjects returns Result type" computerName="DT-2020-RES-1" duration="00:00:00.0024654" startTime="2026-03-19T11:15:56.1955536+00:00" endTime="2026-03-19T11:15:56.1975489+00:00" testType="13cdc9d9-ddb5-4fa4-a97d-d965ccfc6d4b" outcome="Passed" testListId="8c84fa94-04c1-424b-9868-57a2d4851a1d" relativeResultsDirectory="c1f3fdb8-73d7-47f3-93eb-b92b2a777df2" />
    <UnitTestResult executionId="90c424f9-1a7d-41e1-9826-177eca8230d9" testId="727efe84-58a5-e7f9-3788-d00eed737311" testName="Entropic.Core.Tests+PathUtilsTests.reconstructPath handles Windows-style flattened paths" computerName="DT-2020-RES-1" duration="00:00:00.0067641" startTime="2026-03-19T11:15:56.2452046+00:00" endTime="2026-03-19T11:15:56.2550880+00:00" testType="13cdc9d9-ddb5-4fa4-a97d-d965ccfc6d4b" outcome="Passed" testListId="8c84fa94-04c1-424b-9868-57a2d4851a1d" relativeResultsDirectory="90c424f9-1a7d-41e1-9826-177eca8230d9" />
    <UnitTestResult executionId="53d09f1f-f356-4ac6-a508-8e39dcf5d915" testId="b63eee48-f9af-b28d-244c-af86fc8ea6db" testName="Entropic.Core.Tests+GitLanguageDetectionTests.discovered repos include detected languages" computerName="DT-2020-RES-1" duration="00:00:00.5282107" startTime="2026-03-19T11:15:55.6120330+00:00" endTime="2026-03-19T11:15:56.1401029+00:00" testType="13cdc9d9-ddb5-4fa4-a97d-d965ccfc6d4b" outcome="Passed" testListId="8c84fa94-04c1-424b-9868-57a2d4851a1d" relativeResultsDirectory="53d09f1f-f356-4ac6-a508-8e39dcf5d915" />
    <UnitTestResult executionId="61391b50-ef2b-4134-83fd-a84e43d7f8d3" testId="b6183f1a-f736-80ad-dc19-51d4883108f8" testName="Entropic.Core.Tests+FileWatcherTests.DebouncedFileWatcher can be created and disposed" computerName="DT-2020-RES-1" duration="00:00:00.0081911" startTime="2026-03-19T11:15:56.2919039+00:00" endTime="2026-03-19T11:15:56.3002341+00:00" testType="13cdc9d9-ddb5-4fa4-a97d-d965ccfc6d4b" outcome="Passed" testListId="8c84fa94-04c1-424b-9868-57a2d4851a1d" relativeResultsDirectory="61391b50-ef2b-4134-83fd-a84e43d7f8d3" />
    <UnitTestResult executionId="0033a31c-52b6-4e58-82eb-5fae31edac57" testId="80eac98b-587b-a93a-fb5d-2545990c48b0" testName="Entropic.Core.Tests+PathUtilsTests.createFlattenedPath replaces separators with hyphens" computerName="DT-2020-RES-1" duration="00:00:00.0083839" startTime="2026-03-19T11:15:56.2343868+00:00" endTime="2026-03-19T11:15:56.2427823+00:00" testType="13cdc9d9-ddb5-4fa4-a97d-d965ccfc6d4b" outcome="Passed" testListId="8c84fa94-04c1-424b-9868-57a2d4851a1d" relativeResultsDirectory="0033a31c-52b6-4e58-82eb-5fae31edac57" />
    <UnitTestResult executionId="277abf6f-2e5f-4ee5-986c-1b22c1e5895a" testId="55866702-2cfe-1c61-419c-441cb0c29fdb" testName="Entropic.Core.Tests+PersistencePortTests.IPersistencePort round-trips values" computerName="DT-2020-RES-1" duration="00:00:00.0056770" startTime="2026-03-19T11:15:54.4423270+00:00" endTime="2026-03-19T11:15:54.4429379+00:00" testType="13cdc9d9-ddb5-4fa4-a97d-d965ccfc6d4b" outcome="Passed" testListId="8c84fa94-04c1-424b-9868-57a2d4851a1d" relativeResultsDirectory="277abf6f-2e5f-4ee5-986c-1b22c1e5895a" />
    <UnitTestResult executionId="6db3cb0d-1518-4d95-8353-97335a02ba04" testId="1a466743-d5a5-f266-298d-292c900b3f35" testName="Entropic.Core.Tests+GeminiAdapterTests.GeminiAdapter returns empty list for nonexistent directory" computerName="DT-2020-RES-1" duration="00:00:01.1465872" startTime="2026-03-19T11:15:54.4646688+00:00" endTime="2026-03-19T11:15:55.6108506+00:00" testType="13cdc9d9-ddb5-4fa4-a97d-d965ccfc6d4b" outcome="Passed" testListId="8c84fa94-04c1-424b-9868-57a2d4851a1d" relativeResultsDirectory="6db3cb0d-1518-4d95-8353-97335a02ba04" />
    <UnitTestResult executionId="6d914e75-8f8d-4a7d-bfa8-a0a640c37c8d" testId="df12b5e3-6f94-19a7-6b93-76d32b24d417" testName="Entropic.Core.Tests+TodoManagerDisplayTests.displayText uses Content when ActiveForm is empty" computerName="DT-2020-RES-1" duration="00:00:00.0052918" startTime="2026-03-19T11:15:53.1910013+00:00" endTime="2026-03-19T11:15:53.2029597+00:00" testType="13cdc9d9-ddb5-4fa4-a97d-d965ccfc6d4b" outcome="Passed" testListId="8c84fa94-04c1-424b-9868-57a2d4851a1d" relativeResultsDirectory="6d914e75-8f8d-4a7d-bfa8-a0a640c37c8d" />
    <UnitTestResult executionId="26977a5c-d7c8-43b4-a204-1d8b2f357383" testId="61d2cba2-cda6-706a-5d36-e8e0e8e4bdbe" testName="Entropic.Core.Tests+ClaudeAdapterTests.ClaudeAdapter returns empty list for nonexistent directories" computerName="DT-2020-RES-1" duration="00:00:00.0088151" startTime="2026-03-19T11:15:56.2930277+00:00" endTime="2026-03-19T11:15:56.3016642+00:00" testType="13cdc9d9-ddb5-4fa4-a97d-d965ccfc6d4b" outcome="Passed" testListId="8c84fa94-04c1-424b-9868-57a2d4851a1d" relativeResultsDirectory="26977a5c-d7c8-43b4-a204-1d8b2f357383" />
    <UnitTestResult executionId="d9bd89bf-b7a1-4f58-9bed-cf599840f443" testId="a1148d75-65e2-753e-2d32-80ee665746d0" testName="Entropic.Core.Tests+TodoManagerSortTests.sortByStatus puts InProgress first, then Pending, then Completed" computerName="DT-2020-RES-1" duration="00:00:00.0040275" startTime="2026-03-19T11:15:56.2149283+00:00" endTime="2026-03-19T11:15:56.2167246+00:00" testType="13cdc9d9-ddb5-4fa4-a97d-d965ccfc6d4b" outcome="Passed" testListId="8c84fa94-04c1-424b-9868-57a2d4851a1d" relativeResultsDirectory="d9bd89bf-b7a1-4f58-9bed-cf599840f443" />
    <UnitTestResult executionId="9aa70354-a983-4e08-bf35-d1e7d1202f98" testId="e4b89777-d8fd-f325-c60d-032962d41356" testName="Entropic.Core.Tests+ProviderDetectionTests.geminiPaths returns sessions directory" computerName="DT-2020-RES-1" duration="00:00:00.0001715" startTime="2026-03-19T11:15:56.2262841+00:00" endTime="2026-03-19T11:15:56.2263210+00:00" testType="13cdc9d9-ddb5-4fa4-a97d-d965ccfc6d4b" outcome="Passed" testListId="8c84fa94-04c1-424b-9868-57a2d4851a1d" relativeResultsDirectory="9aa70354-a983-4e08-bf35-d1e7d1202f98" />
    <UnitTestResult executionId="991f92d0-de3e-4ef9-8a97-757010e2e4c8" testId="79662c2f-d433-8f04-9fc8-d58afc9f975b" testName="Entropic.Core.Tests+JsonlParserTests.listJsonlFiles finds jsonl files recursively" computerName="DT-2020-RES-1" duration="00:00:00.0067523" startTime="2026-03-19T11:15:56.1840655+00:00" endTime="2026-03-19T11:15:56.1905999+00:00" testType="13cdc9d9-ddb5-4fa4-a97d-d965ccfc6d4b" outcome="Passed" testListId="8c84fa94-04c1-424b-9868-57a2d4851a1d" relativeResultsDirectory="991f92d0-de3e-4ef9-8a97-757010e2e4c8" />
    <UnitTestResult executionId="a6cf1a1e-2280-4371-8d3b-1047fb83eec2" testId="8124c945-08a9-f81a-1e55-74705429237d" testName="Entropic.Core.Tests+BatchDeleteTests.deleteEmptySessions removes only empty sessions" computerName="DT-2020-RES-1" duration="00:00:00.0080069" startTime="2026-03-19T11:15:56.1423112+00:00" endTime="2026-03-19T11:15:56.1484946+00:00" testType="13cdc9d9-ddb5-4fa4-a97d-d965ccfc6d4b" outcome="Passed" testListId="8c84fa94-04c1-424b-9868-57a2d4851a1d" relativeResultsDirectory="a6cf1a1e-2280-4371-8d3b-1047fb83eec2" />
    <UnitTestResult executionId="a3a1375f-2f4d-4b44-93c6-a62ef081e1c6" testId="61e0a2ae-2b62-4b91-d247-3e5d08a78409" testName="Entropic.Core.Tests+AggregatorTests.mergeProjects deduplicates by provider and path" computerName="DT-2020-RES-1" duration="00:00:00.0239748" startTime="2026-03-19T11:15:56.2066772+00:00" endTime="2026-03-19T11:15:56.2291913+00:00" testType="13cdc9d9-ddb5-4fa4-a97d-d965ccfc6d4b" outcome="Passed" testListId="8c84fa94-04c1-424b-9868-57a2d4851a1d" relativeResultsDirectory="a3a1375f-2f4d-4b44-93c6-a62ef081e1c6" />
    <UnitTestResult executionId="92fd563b-d22d-4cd2-b6ed-90794c936dbf" testId="a5e64e37-ca0d-cca9-e963-7a725c366b53" testName="Entropic.Core.Tests+PathUtilsTests.validatePath returns true for existing directory" computerName="DT-2020-RES-1" duration="00:00:00.0019790" startTime="2026-03-19T11:15:56.2431056+00:00" endTime="2026-03-19T11:15:56.2448864+00:00" testType="13cdc9d9-ddb5-4fa4-a97d-d965ccfc6d4b" outcome="Passed" testListId="8c84fa94-04c1-424b-9868-57a2d4851a1d" relativeResultsDirectory="92fd563b-d22d-4cd2-b6ed-90794c936dbf" />
    <UnitTestResult executionId="c53afc4c-37e2-4e3b-bea2-d173f69ecf32" testId="2417d599-d753-df79-d741-0a60e45a61c5" testName="Entropic.Core.Tests+DiagnosticsCollectTests.collectAll aggregates unanchored counts across providers" computerName="DT-2020-RES-1" duration="00:00:00.0021446" startTime="2026-03-19T11:15:56.1425605+00:00" endTime="2026-03-19T11:15:56.1436888+00:00" testType="13cdc9d9-ddb5-4fa4-a97d-d965ccfc6d4b" outcome="Passed" testListId="8c84fa94-04c1-424b-9868-57a2d4851a1d" relativeResultsDirectory="c53afc4c-37e2-4e3b-bea2-d173f69ecf32" />
    <UnitTestResult executionId="9f684400-426f-4aaa-84da-22bd30f4195a" testId="2897d636-768b-d8fd-1c49-4ca2e79e3858" testName="Entropic.Core.Tests+ScriptReferenceTests.No external CLI deps reference is defined" computerName="DT-2020-RES-1" duration="00:00:00.0001080" startTime="2026-03-19T11:15:56.2142931+00:00" endTime="2026-03-19T11:15:56.2143282+00:00" testType="13cdc9d9-ddb5-4fa4-a97d-d965ccfc6d4b" outcome="Passed" testListId="8c84fa94-04c1-424b-9868-57a2d4851a1d" relativeResultsDirectory="9f684400-426f-4aaa-84da-22bd30f4195a" />
    <UnitTestResult executionId="cf611744-c133-4bdb-9ae2-0adbc6834949" testId="a3d44622-4d86-6172-3a77-8691cd6880c1" testName="Entropic.Core.Tests+SessionMappingTests.readProjectMapping reads path from metadata" computerName="DT-2020-RES-1" duration="00:00:00.0040960" startTime="2026-03-19T11:15:56.2632090+00:00" endTime="2026-03-19T11:15:56.2672321+00:00" testType="13cdc9d9-ddb5-4fa4-a97d-d965ccfc6d4b" outcome="Passed" testListId="8c84fa94-04c1-424b-9868-57a2d4851a1d" relativeResultsDirectory="cf611744-c133-4bdb-9ae2-0adbc6834949" />
    <UnitTestResult executionId="0005d511-d7ed-4c8e-baff-96d3601aee4e" testId="043ed3d9-da1d-6e7c-6cec-f0885108bf38" testName="Entropic.Core.Tests+DiagnosticsCollectTests.repairAll in live mode writes files" computerName="DT-2020-RES-1" duration="00:00:01.1476127" startTime="2026-03-19T11:15:54.4653305+00:00" endTime="2026-03-19T11:15:55.6126674+00:00" testType="13cdc9d9-ddb5-4fa4-a97d-d965ccfc6d4b" outcome="Passed" testListId="8c84fa94-04c1-424b-9868-57a2d4851a1d" relativeResultsDirectory="0005d511-d7ed-4c8e-baff-96d3601aee4e" />
    <UnitTestResult executionId="01138473-953d-4c84-852d-b35e6a1046b6" testId="467a9a6c-3ab7-7094-624a-439e28d07b52" testName="Entropic.Core.Tests+ScriptReferenceTests.Hook codex docs path is defined" computerName="DT-2020-RES-1" duration="00:00:00.0001090" startTime="2026-03-19T11:15:56.2140194+00:00" endTime="2026-03-19T11:15:56.2140560+00:00" testType="13cdc9d9-ddb5-4fa4-a97d-d965ccfc6d4b" outcome="Passed" testListId="8c84fa94-04c1-424b-9868-57a2d4851a1d" relativeResultsDirectory="01138473-953d-4c84-852d-b35e6a1046b6" />
    <UnitTestResult executionId="f2942d75-5847-4657-bcbe-3d6aa70c308a" testId="77c6b3b8-20b6-45e8-6fc1-ff170c00f74a" testName="Entropic.Core.Tests+DiagnosticsCollectTests.shouldPromptRepair returns true when above threshold" computerName="DT-2020-RES-1" duration="00:00:00.0003865" startTime="2026-03-19T11:15:56.1422047+00:00" endTime="2026-03-19T11:15:56.1423402+00:00" testType="13cdc9d9-ddb5-4fa4-a97d-d965ccfc6d4b" outcome="Passed" testListId="8c84fa94-04c1-424b-9868-57a2d4851a1d" relativeResultsDirectory="f2942d75-5847-4657-bcbe-3d6aa70c308a" />
    <UnitTestResult executionId="56f4f5e8-3911-4200-b312-41ee46f54da1" testId="3ea84d28-f364-cb29-e030-0db73381fb68" testName="Entropic.Core.Tests+ScriptReferenceTests.Hook config script path is defined" computerName="DT-2020-RES-1" duration="00:00:00.0001392" startTime="2026-03-19T11:15:56.2145827+00:00" endTime="2026-03-19T11:15:56.2146160+00:00" testType="13cdc9d9-ddb5-4fa4-a97d-d965ccfc6d4b" outcome="Passed" testListId="8c84fa94-04c1-424b-9868-57a2d4851a1d" relativeResultsDirectory="56f4f5e8-3911-4200-b312-41ee46f54da1" />
    <UnitTestResult executionId="b1efee1d-26bd-4f70-8f37-a1c65472cba3" testId="99598655-b3a9-4588-dd7b-d2823c98eeaa" testName="Entropic.Core.Tests+PreferencesTests.getRepairThreshold returns default 5 when no file" computerName="DT-2020-RES-1" duration="00:00:00.0006032" startTime="2026-03-19T11:15:56.1674870+00:00" endTime="2026-03-19T11:15:56.1678305+00:00" testType="13cdc9d9-ddb5-4fa4-a97d-d965ccfc6d4b" outcome="Passed" testListId="8c84fa94-04c1-424b-9868-57a2d4851a1d" relativeResultsDirectory="b1efee1d-26bd-4f70-8f37-a1c65472cba3" />
    <UnitTestResult executionId="62c3b891-6869-4963-a3cf-94cd47206d50" testId="ed9ca763-8d8f-9a7e-2869-2f2457d015d7" testName="Entropic.Core.Tests+PreferencesTests.getDefaultDryRun reads false from file" computerName="DT-2020-RES-1" duration="00:00:00.0108447" startTime="2026-03-19T11:15:56.1813217+00:00" endTime="2026-03-19T11:15:56.1929170+00:00" testType="13cdc9d9-ddb5-4fa4-a97d-d965ccfc6d4b" outcome="Passed" testListId="8c84fa94-04c1-424b-9868-57a2d4851a1d" relativeResultsDirectory="62c3b891-6869-4963-a3cf-94cd47206d50" />
    <UnitTestResult executionId="d9f55c40-7853-44c2-85f9-ad532fe9e730" testId="b8e4d3e3-789e-d502-0c86-31274dcc2302" testName="Entropic.Core.Tests+SessionSortTests.sortSessionsByDate puts most recent first" computerName="DT-2020-RES-1" duration="00:00:00.0235750" startTime="2026-03-19T11:15:56.2049575+00:00" endTime="2026-03-19T11:15:56.2285218+00:00" testType="13cdc9d9-ddb5-4fa4-a97d-d965ccfc6d4b" outcome="Passed" testListId="8c84fa94-04c1-424b-9868-57a2d4851a1d" relativeResultsDirectory="d9f55c40-7853-44c2-85f9-ad532fe9e730" />
    <UnitTestResult executionId="1aab0aee-b256-403e-adf5-bac03fd26c2c" testId="a0ca3ebe-13af-6e13-9681-cc0b3196e762" testName="Entropic.Core.Tests+DomainTypeTests.Project record stores provider and path" computerName="DT-2020-RES-1" duration="00:00:00.0112772" startTime="2026-03-19T11:15:56.1562840+00:00" endTime="2026-03-19T11:15:56.1675218+00:00" testType="13cdc9d9-ddb5-4fa4-a97d-d965ccfc6d4b" outcome="Passed" testListId="8c84fa94-04c1-424b-9868-57a2d4851a1d" relativeResultsDirectory="1aab0aee-b256-403e-adf5-bac03fd26c2c" />
    <UnitTestResult executionId="76d3644f-aa25-48c5-82c0-8a118ac3d1d5" testId="5e4eff96-0eeb-e17e-1ee2-ecb5dc46af95" testName="Entropic.Core.Tests+FileWatcherTests.DebouncedFileWatcher handles non-existent path gracefully" computerName="DT-2020-RES-1" duration="00:00:00.0005122" startTime="2026-03-19T11:15:56.3005557+00:00" endTime="2026-03-19T11:15:56.3008110+00:00" testType="13cdc9d9-ddb5-4fa4-a97d-d965ccfc6d4b" outcome="Passed" testListId="8c84fa94-04c1-424b-9868-57a2d4851a1d" relativeResultsDirectory="76d3644f-aa25-48c5-82c0-8a118ac3d1d5" />
    <UnitTestResult executionId="e48928a5-f14b-475f-9a21-86a4385a5229" testId="42100eba-103b-afb2-a98b-b488d4220f22" testName="Entropic.Core.Tests+PathUtilsTests.validatePath returns false for nonexistent path" computerName="DT-2020-RES-1" duration="00:00:00.0004061" startTime="2026-03-19T11:15:56.2564177+00:00" endTime="2026-03-19T11:15:56.2564604+00:00" testType="13cdc9d9-ddb5-4fa4-a97d-d965ccfc6d4b" outcome="Passed" testListId="8c84fa94-04c1-424b-9868-57a2d4851a1d" relativeResultsDirectory="e48928a5-f14b-475f-9a21-86a4385a5229" />
    <UnitTestResult executionId="de7d92e9-1f13-4761-b826-0feddba15019" testId="c18db5d0-a8c2-d62e-f856-e536d8523fad" testName="Entropic.Core.Tests+AggregatorTests.mergeProjects keeps different providers separate" computerName="DT-2020-RES-1" duration="00:00:00.0166843" startTime="2026-03-19T11:15:56.1558293+00:00" endTime="2026-03-19T11:15:56.1725241+00:00" testType="13cdc9d9-ddb5-4fa4-a97d-d965ccfc6d4b" outcome="Passed" testListId="8c84fa94-04c1-424b-9868-57a2d4851a1d" relativeResultsDirectory="de7d92e9-1f13-4761-b826-0feddba15019" />
    <UnitTestResult executionId="adfd321e-1daf-49b4-963a-15a2ea86a675" testId="8181facd-0500-d651-7c9e-12e3bfeb6d99" testName="Entropic.Core.Tests+SessionMergeTests.mergeSessions detects duplicates" computerName="DT-2020-RES-1" duration="00:00:00.0253970" startTime="2026-03-19T11:15:56.1980595+00:00" endTime="2026-03-19T11:15:56.2228919+00:00" testType="13cdc9d9-ddb5-4fa4-a97d-d965ccfc6d4b" outcome="Passed" testListId="8c84fa94-04c1-424b-9868-57a2d4851a1d" relativeResultsDirectory="adfd321e-1daf-49b4-963a-15a2ea86a675" />
    <UnitTestResult executionId="1fbb1b50-17cf-442e-b29d-0b6b1aeaa5c6" testId="84f209b6-ea5d-9605-b9b7-d5e05f599c18" testName="Entropic.Core.Tests+TodoManagerDisplayTests.displayText uses ActiveForm when InProgress" computerName="DT-2020-RES-1" duration="00:00:00.0001291" startTime="2026-03-19T11:15:53.2244863+00:00" endTime="2026-03-19T11:15:53.2245479+00:00" testType="13cdc9d9-ddb5-4fa4-a97d-d965ccfc6d4b" outcome="Passed" testListId="8c84fa94-04c1-424b-9868-57a2d4851a1d" relativeResultsDirectory="1fbb1b50-17cf-442e-b29d-0b6b1aeaa5c6" />
    <UnitTestResult executionId="d398b375-c709-4bc8-b935-4b41c664f0a8" testId="64e4d325-7685-2561-bf81-fdb4673a1121" testName="Entropic.Core.Tests+TodoStatusTests.TodoStatus cases are distinct" computerName="DT-2020-RES-1" duration="00:00:00.0003140" startTime="2026-03-19T11:15:56.2620983+00:00" endTime="2026-03-19T11:15:56.2621305+00:00" testType="13cdc9d9-ddb5-4fa4-a97d-d965ccfc6d4b" outcome="Passed" testListId="8c84fa94-04c1-424b-9868-57a2d4851a1d" relativeResultsDirectory="d398b375-c709-4bc8-b935-4b41c664f0a8" />
    <UnitTestResult executionId="3e3c314c-7e62-408c-8178-888584c081ab" testId="ba7e55e1-bc25-6239-38a5-6244c0424f32" testName="Entropic.Core.Tests+CodexAdapterTests.CodexAdapter returns empty list for nonexistent directory" computerName="DT-2020-RES-1" duration="00:00:00.0086611" startTime="2026-03-19T11:15:56.2567788+00:00" endTime="2026-03-19T11:15:56.2612999+00:00" testType="13cdc9d9-ddb5-4fa4-a97d-d965ccfc6d4b" outcome="Passed" testListId="8c84fa94-04c1-424b-9868-57a2d4851a1d" relativeResultsDirectory="3e3c314c-7e62-408c-8178-888584c081ab" />
    <UnitTestResult executionId="7216c4ec-1b8e-4829-b803-356f2fe87d8b" testId="b0b81e99-c22c-dc71-aa4a-9d872f78a4c9" testName="Entropic.Core.Tests+SessionDeleteTests.deleteSession removes file" computerName="DT-2020-RES-1" duration="00:00:00.0063404" startTime="2026-03-19T11:15:56.1426842+00:00" endTime="2026-03-19T11:15:56.1488747+00:00" testType="13cdc9d9-ddb5-4fa4-a97d-d965ccfc6d4b" outcome="Passed" testListId="8c84fa94-04c1-424b-9868-57a2d4851a1d" relativeResultsDirectory="7216c4ec-1b8e-4829-b803-356f2fe87d8b" />
    <UnitTestResult executionId="985ac977-7de6-480a-9dc3-806618305f5c" testId="e4083456-9668-6347-273c-11f37ab637af" testName="Entropic.Core.Tests+SessionMappingTests.readProjectMapping returns None for missing file" computerName="DT-2020-RES-1" duration="00:00:00.0056030" startTime="2026-03-19T11:15:56.2694111+00:00" endTime="2026-03-19T11:15:56.2729592+00:00" testType="13cdc9d9-ddb5-4fa4-a97d-d965ccfc6d4b" outcome="Passed" testListId="8c84fa94-04c1-424b-9868-57a2d4851a1d" relativeResultsDirectory="985ac977-7de6-480a-9dc3-806618305f5c" />
    <UnitTestResult executionId="b23a293b-fe73-4e39-8c46-eb2b45eff8cf" testId="66f944fb-5d95-0df0-09f2-95005977671b" testName="Entropic.Core.Tests+PreferencesTests.getDefaultDryRun returns default true when no file" computerName="DT-2020-RES-1" duration="00:00:00.0020258" startTime="2026-03-19T11:15:56.1683036+00:00" endTime="2026-03-19T11:15:56.1703224+00:00" testType="13cdc9d9-ddb5-4fa4-a97d-d965ccfc6d4b" outcome="Passed" testListId="8c84fa94-04c1-424b-9868-57a2d4851a1d" relativeResultsDirectory="b23a293b-fe73-4e39-8c46-eb2b45eff8cf" />
    <UnitTestResult executionId="fc8f1b44-9861-40c4-bd66-e42d2daa8f05" testId="d91f0816-5fca-4f36-0647-464581ce2e50" testName="Entropic.Core.Tests+JsonlParserTests.tryParseJson returns None for invalid JSON" computerName="DT-2020-RES-1" duration="00:00:00.0018721" startTime="2026-03-19T11:15:56.1935406+00:00" endTime="2026-03-19T11:15:56.1947336+00:00" testType="13cdc9d9-ddb5-4fa4-a97d-d965ccfc6d4b" outcome="Passed" testListId="8c84fa94-04c1-424b-9868-57a2d4851a1d" relativeResultsDirectory="fc8f1b44-9861-40c4-bd66-e42d2daa8f05" />
    <UnitTestResult executionId="25637ca1-4922-4866-96cf-11d273e8f9aa" testId="14154c83-46dc-0a04-3fe1-0e05f3b985f7" testName="Entropic.Core.Tests+TodoStatusTests.TodoStatus has three cases" computerName="DT-2020-RES-1" duration="00:00:00.0002011" startTime="2026-03-19T11:15:56.2617926+00:00" endTime="2026-03-19T11:15:56.2618624+00:00" testType="13cdc9d9-ddb5-4fa4-a97d-d965ccfc6d4b" outcome="Passed" testListId="8c84fa94-04c1-424b-9868-57a2d4851a1d" relativeResultsDirectory="25637ca1-4922-4866-96cf-11d273e8f9aa" />
    <UnitTestResult executionId="ef751341-aeae-4d23-8fa6-09f7a4beee58" testId="933eae0c-3451-6940-6566-e542db775149" testName="Entropic.Core.Tests+ScriptReferenceTests.Spectre monitor script path is defined" computerName="DT-2020-RES-1" duration="00:00:00.0001246" startTime="2026-03-19T11:15:56.2116748+00:00" endTime="2026-03-19T11:15:56.2117143+00:00" testType="13cdc9d9-ddb5-4fa4-a97d-d965ccfc6d4b" outcome="Passed" testListId="8c84fa94-04c1-424b-9868-57a2d4851a1d" relativeResultsDirectory="ef751341-aeae-4d23-8fa6-09f7a4beee58" />
    <UnitTestResult executionId="b07642b6-be83-4360-b89d-dbdae5940b61" testId="3cad67ec-73de-1194-051f-3a117b759ca4" testName="Entropic.Core.Tests+ScriptReferenceTests.Terminal monitor reference is defined" computerName="DT-2020-RES-1" duration="00:00:00.0001293" startTime="2026-03-19T11:15:56.2137137+00:00" endTime="2026-03-19T11:15:56.2137596+00:00" testType="13cdc9d9-ddb5-4fa4-a97d-d965ccfc6d4b" outcome="Passed" testListId="8c84fa94-04c1-424b-9868-57a2d4851a1d" relativeResultsDirectory="b07642b6-be83-4360-b89d-dbdae5940b61" />
    <UnitTestResult executionId="02ea9638-86ab-4d07-a60b-9a56d9b3c548" testId="d880a009-00b5-6763-edde-5da0b79be497" testName="Entropic.Core.Tests+GitAheadBehindTests.GitRepoStatus has ahead and behind counts" computerName="DT-2020-RES-1" duration="00:00:00.0005474" startTime="2026-03-19T11:15:55.6113002+00:00" endTime="2026-03-19T11:15:55.6116569+00:00" testType="13cdc9d9-ddb5-4fa4-a97d-d965ccfc6d4b" outcome="Passed" testListId="8c84fa94-04c1-424b-9868-57a2d4851a1d" relativeResultsDirectory="02ea9638-86ab-4d07-a60b-9a56d9b3c548" />
    <UnitTestResult executionId="1a855a2a-1da8-4e8c-98ee-90c10060b018" testId="bc434266-73fa-3be4-b367-8bd4bf937db6" testName="Entropic.Core.Tests+SessionHistoryTests.loadHistory returns empty for missing file" computerName="DT-2020-RES-1" duration="00:00:00.0011620" startTime="2026-03-19T11:15:56.2378519+00:00" endTime="2026-03-19T11:15:56.2387932+00:00" testType="13cdc9d9-ddb5-4fa4-a97d-d965ccfc6d4b" outcome="Passed" testListId="8c84fa94-04c1-424b-9868-57a2d4851a1d" relativeResultsDirectory="1a855a2a-1da8-4e8c-98ee-90c10060b018" />
    <UnitTestResult executionId="29fe221a-0519-4a52-9f70-2229548e8af4" testId="dc55c18d-d0b6-30a3-5491-5e483089d238" testName="Entropic.Core.Tests+ScriptReferenceTests.Bash monitor script path is defined" computerName="DT-2020-RES-1" duration="00:00:00.0004717" startTime="2026-03-19T11:15:56.2107230+00:00" endTime="2026-03-19T11:15:56.2108339+00:00" testType="13cdc9d9-ddb5-4fa4-a97d-d965ccfc6d4b" outcome="Passed" testListId="8c84fa94-04c1-424b-9868-57a2d4851a1d" relativeResultsDirectory="29fe221a-0519-4a52-9f70-2229548e8af4" />
    <UnitTestResult executionId="9c3e953c-bc6a-48c6-92d5-86e75cb6e500" testId="31252b63-e5d1-ead0-520c-e86001c6dc88" testName="Entropic.Core.Tests+SessionHistoryTests.loadHistory truncates long messages" computerName="DT-2020-RES-1" duration="00:00:00.0081989" startTime="2026-03-19T11:15:56.2550517+00:00" endTime="2026-03-19T11:15:56.2577968+00:00" testType="13cdc9d9-ddb5-4fa4-a97d-d965ccfc6d4b" outcome="Passed" testListId="8c84fa94-04c1-424b-9868-57a2d4851a1d" relativeResultsDirectory="9c3e953c-bc6a-48c6-92d5-86e75cb6e500" />
    <UnitTestResult executionId="3e22d7d9-2705-4e5e-bb0b-e1942e061694" testId="373eb4d6-b88c-8be3-0a1d-87a21abb8e21" testName="Entropic.Core.Tests+JsonlParserTests.normalizeStatus maps known strings" computerName="DT-2020-RES-1" duration="00:00:00.0005551" startTime="2026-03-19T11:15:56.1909540+00:00" endTime="2026-03-19T11:15:56.1912457+00:00" testType="13cdc9d9-ddb5-4fa4-a97d-d965ccfc6d4b" outcome="Passed" testListId="8c84fa94-04c1-424b-9868-57a2d4851a1d" relativeResultsDirectory="3e22d7d9-2705-4e5e-bb0b-e1942e061694" />
    <UnitTestResult executionId="84db35b6-7c41-477b-a8ba-03ed0a121149" testId="d98e496a-9d36-46f2-c7ee-e0388f85d1c4" testName="Entropic.Core.Tests+PreferencesTests.getString returns None when key missing" computerName="DT-2020-RES-1" duration="00:00:00.0068220" startTime="2026-03-19T11:15:56.1447695+00:00" endTime="2026-03-19T11:15:56.1514681+00:00" testType="13cdc9d9-ddb5-4fa4-a97d-d965ccfc6d4b" outcome="Passed" testListId="8c84fa94-04c1-424b-9868-57a2d4851a1d" relativeResultsDirectory="84db35b6-7c41-477b-a8ba-03ed0a121149" />
  </Results>
  <TestDefinitions>
    <UnitTest name="Entropic.Core.Tests+SessionMergeTests.mergeSessions combines unique todos" storage="c:\users\mathew.burkitt\source\repos\dt\entropic\source\dotnet\entropic.core.tests\bin\debug\net10.0\entropic.core.tests.dll" id="3a04d0e9-f5e6-bb9d-0f64-2a8b3334b925">
      <Execution id="183abfcb-129a-4f46-91ff-47942725d632" />
      <TestMethod codeBase="C:\Users\mathew.burkitt\source\repos\DT\Entropic\source\dotnet\Entropic.Core.Tests\bin\Debug\net10.0\Entropic.Core.Tests.dll" adapterTypeName="executor://xunit/VsTestRunner3/netcore/" className="Entropic.Core.Tests+SessionMergeTests" name="mergeSessions combines unique todos" />
    </UnitTest>
    <UnitTest name="Entropic.Core.Tests+SessionHistoryTests.loadHistory returns empty for missing file" storage="c:\users\mathew.burkitt\source\repos\dt\entropic\source\dotnet\entropic.core.tests\bin\debug\net10.0\entropic.core.tests.dll" id="bc434266-73fa-3be4-b367-8bd4bf937db6">
      <Execution id="1a855a2a-1da8-4e8c-98ee-90c10060b018" />
      <TestMethod codeBase="C:\Users\mathew.burkitt\source\repos\DT\Entropic\source\dotnet\Entropic.Core.Tests\bin\Debug\net10.0\Entropic.Core.Tests.dll" adapterTypeName="executor://xunit/VsTestRunner3/netcore/" className="Entropic.Core.Tests+SessionHistoryTests" name="loadHistory returns empty for missing file" />
    </UnitTest>
    <UnitTest name="Entropic.Core.Tests+ProviderDetectionTests.geminiPaths returns sessions directory" storage="c:\users\mathew.burkitt\source\repos\dt\entropic\source\dotnet\entropic.core.tests\bin\debug\net10.0\entropic.core.tests.dll" id="e4b89777-d8fd-f325-c60d-032962d41356">
      <Execution id="9aa70354-a983-4e08-bf35-d1e7d1202f98" />
      <TestMethod codeBase="C:\Users\mathew.burkitt\source\repos\DT\Entropic\source\dotnet\Entropic.Core.Tests\bin\Debug\net10.0\Entropic.Core.Tests.dll" adapterTypeName="executor://xunit/VsTestRunner3/netcore/" className="Entropic.Core.Tests+ProviderDetectionTests" name="geminiPaths returns sessions directory" />
    </UnitTest>
    <UnitTest name="Entropic.Core.Tests+GitOnDemandTests.onDemandLoader caches after first call" storage="c:\users\mathew.burkitt\source\repos\dt\entropic\source\dotnet\entropic.core.tests\bin\debug\net10.0\entropic.core.tests.dll" id="b5976f81-c47c-9f93-1da3-9c46a44286bf">
      <Execution id="d1c3c614-0f80-4b9c-83e6-d836dc19f9dc" />
      <TestMethod codeBase="C:\Users\mathew.burkitt\source\repos\DT\Entropic\source\dotnet\Entropic.Core.Tests\bin\Debug\net10.0\Entropic.Core.Tests.dll" adapterTypeName="executor://xunit/VsTestRunner3/netcore/" className="Entropic.Core.Tests+GitOnDemandTests" name="onDemandLoader caches after first call" />
    </UnitTest>
    <UnitTest name="Entropic.Core.Tests+ScriptReferenceTests.Bash monitor script path is defined" storage="c:\users\mathew.burkitt\source\repos\dt\entropic\source\dotnet\entropic.core.tests\bin\debug\net10.0\entropic.core.tests.dll" id="dc55c18d-d0b6-30a3-5491-5e483089d238">
      <Execution id="29fe221a-0519-4a52-9f70-2229548e8af4" />
      <TestMethod codeBase="C:\Users\mathew.burkitt\source\repos\DT\Entropic\source\dotnet\Entropic.Core.Tests\bin\Debug\net10.0\Entropic.Core.Tests.dll" adapterTypeName="executor://xunit/VsTestRunner3/netcore/" className="Entropic.Core.Tests+ScriptReferenceTests" name="Bash monitor script path is defined" />
    </UnitTest>
    <UnitTest name="Entropic.Core.Tests+PortsTests.IProviderPort can be implemented and called" storage="c:\users\mathew.burkitt\source\repos\dt\entropic\source\dotnet\entropic.core.tests\bin\debug\net10.0\entropic.core.tests.dll" id="3f693ff5-935b-1937-d400-9d92db6b9c02">
      <Execution id="5620ae60-0df5-4659-aac4-0e0dc9e0e83d" />
      <TestMethod codeBase="C:\Users\mathew.burkitt\source\repos\DT\Entropic\source\dotnet\Entropic.Core.Tests\bin\Debug\net10.0\Entropic.Core.Tests.dll" adapterTypeName="executor://xunit/VsTestRunner3/netcore/" className="Entropic.Core.Tests+PortsTests" name="IProviderPort can be implemented and called" />
    </UnitTest>
    <UnitTest name="Entropic.Core.Tests+PreferencesTests.getRepairThreshold returns default 5 when no file" storage="c:\users\mathew.burkitt\source\repos\dt\entropic\source\dotnet\entropic.core.tests\bin\debug\net10.0\entropic.core.tests.dll" id="99598655-b3a9-4588-dd7b-d2823c98eeaa">
      <Execution id="b1efee1d-26bd-4f70-8f37-a1c65472cba3" />
      <TestMethod codeBase="C:\Users\mathew.burkitt\source\repos\DT\Entropic\source\dotnet\Entropic.Core.Tests\bin\Debug\net10.0\Entropic.Core.Tests.dll" adapterTypeName="executor://xunit/VsTestRunner3/netcore/" className="Entropic.Core.Tests+PreferencesTests" name="getRepairThreshold returns default 5 when no file" />
    </UnitTest>
    <UnitTest name="Entropic.Core.Tests+GitCommitHistoryTests.CommitStats record stores additions and deletions" storage="c:\users\mathew.burkitt\source\repos\dt\entropic\source\dotnet\entropic.core.tests\bin\debug\net10.0\entropic.core.tests.dll" id="2c583dd4-6776-60a4-79a7-7c3fe797a27b">
      <Execution id="9d16351a-0824-44f1-8ec3-e6101f7bf620" />
      <TestMethod codeBase="C:\Users\mathew.burkitt\source\repos\DT\Entropic\source\dotnet\Entropic.Core.Tests\bin\Debug\net10.0\Entropic.Core.Tests.dll" adapterTypeName="executor://xunit/VsTestRunner3/netcore/" className="Entropic.Core.Tests+GitCommitHistoryTests" name="CommitStats record stores additions and deletions" />
    </UnitTest>
    <UnitTest name="Entropic.Core.Tests+GitCommitHistoryTests.getCommitHistory returns commits for real repo" storage="c:\users\mathew.burkitt\source\repos\dt\entropic\source\dotnet\entropic.core.tests\bin\debug\net10.0\entropic.core.tests.dll" id="e7b18816-8a79-62cd-e26e-2deb2f50700c">
      <Execution id="6180d427-636d-4603-a2c4-6c3b56a7be32" />
      <TestMethod codeBase="C:\Users\mathew.burkitt\source\repos\DT\Entropic\source\dotnet\Entropic.Core.Tests\bin\Debug\net10.0\Entropic.Core.Tests.dll" adapterTypeName="executor://xunit/VsTestRunner3/netcore/" className="Entropic.Core.Tests+GitCommitHistoryTests" name="getCommitHistory returns commits for real repo" />
    </UnitTest>
    <UnitTest name="Entropic.Core.Tests+PathUtilsTests.createFlattenedPath replaces separators with hyphens" storage="c:\users\mathew.burkitt\source\repos\dt\entropic\source\dotnet\entropic.core.tests\bin\debug\net10.0\entropic.core.tests.dll" id="80eac98b-587b-a93a-fb5d-2545990c48b0">
      <Execution id="0033a31c-52b6-4e58-82eb-5fae31edac57" />
      <TestMethod codeBase="C:\Users\mathew.burkitt\source\repos\DT\Entropic\source\dotnet\Entropic.Core.Tests\bin\Debug\net10.0\Entropic.Core.Tests.dll" adapterTypeName="executor://xunit/VsTestRunner3/netcore/" className="Entropic.Core.Tests+PathUtilsTests" name="createFlattenedPath replaces separators with hyphens" />
    </UnitTest>
    <UnitTest name="Entropic.Core.Tests+DiagnosticsCollectTests.repairAll in live mode writes files" storage="c:\users\mathew.burkitt\source\repos\dt\entropic\source\dotnet\entropic.core.tests\bin\debug\net10.0\entropic.core.tests.dll" id="043ed3d9-da1d-6e7c-6cec-f0885108bf38">
      <Execution id="0005d511-d7ed-4c8e-baff-96d3601aee4e" />
      <TestMethod codeBase="C:\Users\mathew.burkitt\source\repos\DT\Entropic\source\dotnet\Entropic.Core.Tests\bin\Debug\net10.0\Entropic.Core.Tests.dll" adapterTypeName="executor://xunit/VsTestRunner3/netcore/" className="Entropic.Core.Tests+DiagnosticsCollectTests" name="repairAll in live mode writes files" />
    </UnitTest>
    <UnitTest name="Entropic.Core.Tests+ProviderDetectionTests.detect returns ProviderPresence record" storage="c:\users\mathew.burkitt\source\repos\dt\entropic\source\dotnet\entropic.core.tests\bin\debug\net10.0\entropic.core.tests.dll" id="389efc94-ddd3-e68c-19de-f429669da475">
      <Execution id="2031e29d-1c11-4272-a564-782854b4f898" />
      <TestMethod codeBase="C:\Users\mathew.burkitt\source\repos\DT\Entropic\source\dotnet\Entropic.Core.Tests\bin\Debug\net10.0\Entropic.Core.Tests.dll" adapterTypeName="executor://xunit/VsTestRunner3/netcore/" className="Entropic.Core.Tests+ProviderDetectionTests" name="detect returns ProviderPresence record" />
    </UnitTest>
    <UnitTest name="Entropic.Core.Tests+GitSummaryTests.summarize returns zeros for empty list" storage="c:\users\mathew.burkitt\source\repos\dt\entropic\source\dotnet\entropic.core.tests\bin\debug\net10.0\entropic.core.tests.dll" id="a4dd7fd0-c439-1989-2748-a7eae51dbd4c">
      <Execution id="a2546ca8-4ddc-4b82-b2c0-8b715de07a27" />
      <TestMethod codeBase="C:\Users\mathew.burkitt\source\repos\DT\Entropic\source\dotnet\Entropic.Core.Tests\bin\Debug\net10.0\Entropic.Core.Tests.dll" adapterTypeName="executor://xunit/VsTestRunner3/netcore/" className="Entropic.Core.Tests+GitSummaryTests" name="summarize returns zeros for empty list" />
    </UnitTest>
    <UnitTest name="Entropic.Core.Tests+GitLanguageDetectionTests.discovered repos include detected languages" storage="c:\users\mathew.burkitt\source\repos\dt\entropic\source\dotnet\entropic.core.tests\bin\debug\net10.0\entropic.core.tests.dll" id="b63eee48-f9af-b28d-244c-af86fc8ea6db">
      <Execution id="53d09f1f-f356-4ac6-a508-8e39dcf5d915" />
      <TestMethod codeBase="C:\Users\mathew.burkitt\source\repos\DT\Entropic\source\dotnet\Entropic.Core.Tests\bin\Debug\net10.0\Entropic.Core.Tests.dll" adapterTypeName="executor://xunit/VsTestRunner3/netcore/" className="Entropic.Core.Tests+GitLanguageDetectionTests" name="discovered repos include detected languages" />
    </UnitTest>
    <UnitTest name="Entropic.Core.Tests+TodoManagerSortTests.sortByStatus puts InProgress first, then Pending, then Completed" storage="c:\users\mathew.burkitt\source\repos\dt\entropic\source\dotnet\entropic.core.tests\bin\debug\net10.0\entropic.core.tests.dll" id="a1148d75-65e2-753e-2d32-80ee665746d0">
      <Execution id="d9bd89bf-b7a1-4f58-9bed-cf599840f443" />
      <TestMethod codeBase="C:\Users\mathew.burkitt\source\repos\DT\Entropic\source\dotnet\Entropic.Core.Tests\bin\Debug\net10.0\Entropic.Core.Tests.dll" adapterTypeName="executor://xunit/VsTestRunner3/netcore/" className="Entropic.Core.Tests+TodoManagerSortTests" name="sortByStatus puts InProgress first, then Pending, then Completed" />
    </UnitTest>
    <UnitTest name="Entropic.Core.Tests+DiagnosticsCollectTests.collectAll aggregates unanchored counts across providers" storage="c:\users\mathew.burkitt\source\repos\dt\entropic\source\dotnet\entropic.core.tests\bin\debug\net10.0\entropic.core.tests.dll" id="2417d599-d753-df79-d741-0a60e45a61c5">
      <Execution id="c53afc4c-37e2-4e3b-bea2-d173f69ecf32" />
      <TestMethod codeBase="C:\Users\mathew.burkitt\source\repos\DT\Entropic\source\dotnet\Entropic.Core.Tests\bin\Debug\net10.0\Entropic.Core.Tests.dll" adapterTypeName="executor://xunit/VsTestRunner3/netcore/" className="Entropic.Core.Tests+DiagnosticsCollectTests" name="collectAll aggregates unanchored counts across providers" />
    </UnitTest>
    <UnitTest name="Entropic.Core.Tests+FileWatcherTests.DebouncedFileWatcher handles non-existent path gracefully" storage="c:\users\mathew.burkitt\source\repos\dt\entropic\source\dotnet\entropic.core.tests\bin\debug\net10.0\entropic.core.tests.dll" id="5e4eff96-0eeb-e17e-1ee2-ecb5dc46af95">
      <Execution id="76d3644f-aa25-48c5-82c0-8a118ac3d1d5" />
      <TestMethod codeBase="C:\Users\mathew.burkitt\source\repos\DT\Entropic\source\dotnet\Entropic.Core.Tests\bin\Debug\net10.0\Entropic.Core.Tests.dll" adapterTypeName="executor://xunit/VsTestRunner3/netcore/" className="Entropic.Core.Tests+FileWatcherTests" name="DebouncedFileWatcher handles non-existent path gracefully" />
    </UnitTest>
    <UnitTest name="Entropic.Core.Tests+GarageScaleTests.Aggregator is a simple module with no distributed patterns" storage="c:\users\mathew.burkitt\source\repos\dt\entropic\source\dotnet\entropic.core.tests\bin\debug\net10.0\entropic.core.tests.dll" id="25ef1caa-c415-b046-5dcd-3528c236a343">
      <Execution id="f5dc98e9-0437-411e-a305-603d56df8ed0" />
      <TestMethod codeBase="C:\Users\mathew.burkitt\source\repos\DT\Entropic\source\dotnet\Entropic.Core.Tests\bin\Debug\net10.0\Entropic.Core.Tests.dll" adapterTypeName="executor://xunit/VsTestRunner3/netcore/" className="Entropic.Core.Tests+GarageScaleTests" name="Aggregator is a simple module with no distributed patterns" />
    </UnitTest>
    <UnitTest name="Entropic.Core.Tests+PersistencePortTests.IPersistencePort round-trips values" storage="c:\users\mathew.burkitt\source\repos\dt\entropic\source\dotnet\entropic.core.tests\bin\debug\net10.0\entropic.core.tests.dll" id="55866702-2cfe-1c61-419c-441cb0c29fdb">
      <Execution id="277abf6f-2e5f-4ee5-986c-1b22c1e5895a" />
      <TestMethod codeBase="C:\Users\mathew.burkitt\source\repos\DT\Entropic\source\dotnet\Entropic.Core.Tests\bin\Debug\net10.0\Entropic.Core.Tests.dll" adapterTypeName="executor://xunit/VsTestRunner3/netcore/" className="Entropic.Core.Tests+PersistencePortTests" name="IPersistencePort round-trips values" />
    </UnitTest>
    <UnitTest name="Entropic.Core.Tests+CodexAdapterTests.CodexAdapter returns empty list for nonexistent directory" storage="c:\users\mathew.burkitt\source\repos\dt\entropic\source\dotnet\entropic.core.tests\bin\debug\net10.0\entropic.core.tests.dll" id="ba7e55e1-bc25-6239-38a5-6244c0424f32">
      <Execution id="3e3c314c-7e62-408c-8178-888584c081ab" />
      <TestMethod codeBase="C:\Users\mathew.burkitt\source\repos\DT\Entropic\source\dotnet\Entropic.Core.Tests\bin\Debug\net10.0\Entropic.Core.Tests.dll" adapterTypeName="executor://xunit/VsTestRunner3/netcore/" className="Entropic.Core.Tests+CodexAdapterTests" name="CodexAdapter returns empty list for nonexistent directory" />
    </UnitTest>
    <UnitTest name="Entropic.Core.Tests+TodoStatusTests.TodoStatus has three cases" storage="c:\users\mathew.burkitt\source\repos\dt\entropic\source\dotnet\entropic.core.tests\bin\debug\net10.0\entropic.core.tests.dll" id="14154c83-46dc-0a04-3fe1-0e05f3b985f7">
      <Execution id="25637ca1-4922-4866-96cf-11d273e8f9aa" />
      <TestMethod codeBase="C:\Users\mathew.burkitt\source\repos\DT\Entropic\source\dotnet\Entropic.Core.Tests\bin\Debug\net10.0\Entropic.Core.Tests.dll" adapterTypeName="executor://xunit/VsTestRunner3/netcore/" className="Entropic.Core.Tests+TodoStatusTests" name="TodoStatus has three cases" />
    </UnitTest>
    <UnitTest name="Entropic.Core.Tests+JsonlParserTests.listJsonlFiles finds jsonl files recursively" storage="c:\users\mathew.burkitt\source\repos\dt\entropic\source\dotnet\entropic.core.tests\bin\debug\net10.0\entropic.core.tests.dll" id="79662c2f-d433-8f04-9fc8-d58afc9f975b">
      <Execution id="991f92d0-de3e-4ef9-8a97-757010e2e4c8" />
      <TestMethod codeBase="C:\Users\mathew.burkitt\source\repos\DT\Entropic\source\dotnet\Entropic.Core.Tests\bin\Debug\net10.0\Entropic.Core.Tests.dll" adapterTypeName="executor://xunit/VsTestRunner3/netcore/" className="Entropic.Core.Tests+JsonlParserTests" name="listJsonlFiles finds jsonl files recursively" />
    </UnitTest>
    <UnitTest name="Entropic.Core.Tests+TodoManagerFilterTests.filterActive excludes Completed todos" storage="c:\users\mathew.burkitt\source\repos\dt\entropic\source\dotnet\entropic.core.tests\bin\debug\net10.0\entropic.core.tests.dll" id="a902bf30-4cae-643f-aa9d-15040fc2caf7">
      <Execution id="f5a92bec-ca57-495a-8ac3-5f6a82cf43f0" />
      <TestMethod codeBase="C:\Users\mathew.burkitt\source\repos\DT\Entropic\source\dotnet\Entropic.Core.Tests\bin\Debug\net10.0\Entropic.Core.Tests.dll" adapterTypeName="executor://xunit/VsTestRunner3/netcore/" className="Entropic.Core.Tests+TodoManagerFilterTests" name="filterActive excludes Completed todos" />
    </UnitTest>
    <UnitTest name="Entropic.Core.Tests+ClaudeAdapterTests.ClaudeAdapter returns empty list for nonexistent directories" storage="c:\users\mathew.burkitt\source\repos\dt\entropic\source\dotnet\entropic.core.tests\bin\debug\net10.0\entropic.core.tests.dll" id="61d2cba2-cda6-706a-5d36-e8e0e8e4bdbe">
      <Execution id="26977a5c-d7c8-43b4-a204-1d8b2f357383" />
      <TestMethod codeBase="C:\Users\mathew.burkitt\source\repos\DT\Entropic\source\dotnet\Entropic.Core.Tests\bin\Debug\net10.0\Entropic.Core.Tests.dll" adapterTypeName="executor://xunit/VsTestRunner3/netcore/" className="Entropic.Core.Tests+ClaudeAdapterTests" name="ClaudeAdapter returns empty list for nonexistent directories" />
    </UnitTest>
    <UnitTest name="Entropic.Core.Tests+ScriptReferenceTests.Build distribution reference is defined" storage="c:\users\mathew.burkitt\source\repos\dt\entropic\source\dotnet\entropic.core.tests\bin\debug\net10.0\entropic.core.tests.dll" id="3f8f49f6-7a20-5258-8553-e432ac37ae0b">
      <Execution id="1fd062ec-d0fe-4c38-907b-fefdaa4df92e" />
      <TestMethod codeBase="C:\Users\mathew.burkitt\source\repos\DT\Entropic\source\dotnet\Entropic.Core.Tests\bin\Debug\net10.0\Entropic.Core.Tests.dll" adapterTypeName="executor://xunit/VsTestRunner3/netcore/" className="Entropic.Core.Tests+ScriptReferenceTests" name="Build distribution reference is defined" />
    </UnitTest>
    <UnitTest name="Entropic.Core.Tests+JsonlParserTests.tryParseJson returns None for invalid JSON" storage="c:\users\mathew.burkitt\source\repos\dt\entropic\source\dotnet\entropic.core.tests\bin\debug\net10.0\entropic.core.tests.dll" id="d91f0816-5fca-4f36-0647-464581ce2e50">
      <Execution id="fc8f1b44-9861-40c4-bd66-e42d2daa8f05" />
      <TestMethod codeBase="C:\Users\mathew.burkitt\source\repos\DT\Entropic\source\dotnet\Entropic.Core.Tests\bin\Debug\net10.0\Entropic.Core.Tests.dll" adapterTypeName="executor://xunit/VsTestRunner3/netcore/" className="Entropic.Core.Tests+JsonlParserTests" name="tryParseJson returns None for invalid JSON" />
    </UnitTest>
    <UnitTest name="Entropic.Core.Tests+TodoManagerDisplayTests.displayText uses Content when ActiveForm is empty" storage="c:\users\mathew.burkitt\source\repos\dt\entropic\source\dotnet\entropic.core.tests\bin\debug\net10.0\entropic.core.tests.dll" id="df12b5e3-6f94-19a7-6b93-76d32b24d417">
      <Execution id="6d914e75-8f8d-4a7d-bfa8-a0a640c37c8d" />
      <TestMethod codeBase="C:\Users\mathew.burkitt\source\repos\DT\Entropic\source\dotnet\Entropic.Core.Tests\bin\Debug\net10.0\Entropic.Core.Tests.dll" adapterTypeName="executor://xunit/VsTestRunner3/netcore/" className="Entropic.Core.Tests+TodoManagerDisplayTests" name="displayText uses Content when ActiveForm is empty" />
    </UnitTest>
    <UnitTest name="Entropic.Core.Tests+SessionDeleteTests.deleteSession returns error for no file path" storage="c:\users\mathew.burkitt\source\repos\dt\entropic\source\dotnet\entropic.core.tests\bin\debug\net10.0\entropic.core.tests.dll" id="f4e3b196-9550-9a8c-89a3-7ec32db01f48">
      <Execution id="1c2fec97-140b-4784-b3b9-8d51dcd16dc8" />
      <TestMethod codeBase="C:\Users\mathew.burkitt\source\repos\DT\Entropic\source\dotnet\Entropic.Core.Tests\bin\Debug\net10.0\Entropic.Core.Tests.dll" adapterTypeName="executor://xunit/VsTestRunner3/netcore/" className="Entropic.Core.Tests+SessionDeleteTests" name="deleteSession returns error for no file path" />
    </UnitTest>
    <UnitTest name="Entropic.Core.Tests+GitDiscoverTests.discoverRepos returns empty for nonexistent path" storage="c:\users\mathew.burkitt\source\repos\dt\entropic\source\dotnet\entropic.core.tests\bin\debug\net10.0\entropic.core.tests.dll" id="b9252515-cc31-4a79-21c1-77798b350d13">
      <Execution id="807ced4e-7f48-4dcb-b4cc-b692612a14e8" />
      <TestMethod codeBase="C:\Users\mathew.burkitt\source\repos\DT\Entropic\source\dotnet\Entropic.Core.Tests\bin\Debug\net10.0\Entropic.Core.Tests.dll" adapterTypeName="executor://xunit/VsTestRunner3/netcore/" className="Entropic.Core.Tests+GitDiscoverTests" name="discoverRepos returns empty for nonexistent path" />
    </UnitTest>
    <UnitTest name="Entropic.Core.Tests+ScriptReferenceTests.Hook config script path is defined" storage="c:\users\mathew.burkitt\source\repos\dt\entropic\source\dotnet\entropic.core.tests\bin\debug\net10.0\entropic.core.tests.dll" id="3ea84d28-f364-cb29-e030-0db73381fb68">
      <Execution id="56f4f5e8-3911-4200-b312-41ee46f54da1" />
      <TestMethod codeBase="C:\Users\mathew.burkitt\source\repos\DT\Entropic\source\dotnet\Entropic.Core.Tests\bin\Debug\net10.0\Entropic.Core.Tests.dll" adapterTypeName="executor://xunit/VsTestRunner3/netcore/" className="Entropic.Core.Tests+ScriptReferenceTests" name="Hook config script path is defined" />
    </UnitTest>
    <UnitTest name="Entropic.Core.Tests+ScriptReferenceTests.No external CLI deps reference is defined" storage="c:\users\mathew.burkitt\source\repos\dt\entropic\source\dotnet\entropic.core.tests\bin\debug\net10.0\entropic.core.tests.dll" id="2897d636-768b-d8fd-1c49-4ca2e79e3858">
      <Execution id="9f684400-426f-4aaa-84da-22bd30f4195a" />
      <TestMethod codeBase="C:\Users\mathew.burkitt\source\repos\DT\Entropic\source\dotnet\Entropic.Core.Tests\bin\Debug\net10.0\Entropic.Core.Tests.dll" adapterTypeName="executor://xunit/VsTestRunner3/netcore/" className="Entropic.Core.Tests+ScriptReferenceTests" name="No external CLI deps reference is defined" />
    </UnitTest>
    <UnitTest name="Entropic.Core.Tests+SessionMappingTests.readProjectMapping reads path from metadata" storage="c:\users\mathew.burkitt\source\repos\dt\entropic\source\dotnet\entropic.core.tests\bin\debug\net10.0\entropic.core.tests.dll" id="a3d44622-4d86-6172-3a77-8691cd6880c1">
      <Execution id="cf611744-c133-4bdb-9ae2-0adbc6834949" />
      <TestMethod codeBase="C:\Users\mathew.burkitt\source\repos\DT\Entropic\source\dotnet\Entropic.Core.Tests\bin\Debug\net10.0\Entropic.Core.Tests.dll" adapterTypeName="executor://xunit/VsTestRunner3/netcore/" className="Entropic.Core.Tests+SessionMappingTests" name="readProjectMapping reads path from metadata" />
    </UnitTest>
    <UnitTest name="Entropic.Core.Tests+AggregatorTests.mergeProjects keeps different providers separate" storage="c:\users\mathew.burkitt\source\repos\dt\entropic\source\dotnet\entropic.core.tests\bin\debug\net10.0\entropic.core.tests.dll" id="c18db5d0-a8c2-d62e-f856-e536d8523fad">
      <Execution id="de7d92e9-1f13-4761-b826-0feddba15019" />
      <TestMethod codeBase="C:\Users\mathew.burkitt\source\repos\DT\Entropic\source\dotnet\Entropic.Core.Tests\bin\Debug\net10.0\Entropic.Core.Tests.dll" adapterTypeName="executor://xunit/VsTestRunner3/netcore/" className="Entropic.Core.Tests+AggregatorTests" name="mergeProjects keeps different providers separate" />
    </UnitTest>
    <UnitTest name="Entropic.Core.Tests+SessionTests.Session carries file and project paths" storage="c:\users\mathew.burkitt\source\repos\dt\entropic\source\dotnet\entropic.core.tests\bin\debug\net10.0\entropic.core.tests.dll" id="fc997945-08f2-f3f0-f5fb-8bd9ebbafbcb">
      <Execution id="40e4f9b3-ca6d-444f-b59e-2b714903f4e9" />
      <TestMethod codeBase="C:\Users\mathew.burkitt\source\repos\DT\Entropic\source\dotnet\Entropic.Core.Tests\bin\Debug\net10.0\Entropic.Core.Tests.dll" adapterTypeName="executor://xunit/VsTestRunner3/netcore/" className="Entropic.Core.Tests+SessionTests" name="Session carries file and project paths" />
    </UnitTest>
    <UnitTest name="Entropic.Core.Tests+SessionDeleteTests.deleteSession removes file" storage="c:\users\mathew.burkitt\source\repos\dt\entropic\source\dotnet\entropic.core.tests\bin\debug\net10.0\entropic.core.tests.dll" id="b0b81e99-c22c-dc71-aa4a-9d872f78a4c9">
      <Execution id="7216c4ec-1b8e-4829-b803-356f2fe87d8b" />
      <TestMethod codeBase="C:\Users\mathew.burkitt\source\repos\DT\Entropic\source\dotnet\Entropic.Core.Tests\bin\Debug\net10.0\Entropic.Core.Tests.dll" adapterTypeName="executor://xunit/VsTestRunner3/netcore/" className="Entropic.Core.Tests+SessionDeleteTests" name="deleteSession removes file" />
    </UnitTest>
    <UnitTest name="Entropic.Core.Tests+DomainTypeTests.Project record stores provider and path" storage="c:\users\mathew.burkitt\source\repos\dt\entropic\source\dotnet\entropic.core.tests\bin\debug\net10.0\entropic.core.tests.dll" id="a0ca3ebe-13af-6e13-9681-cc0b3196e762">
      <Execution id="1aab0aee-b256-403e-adf5-bac03fd26c2c" />
      <TestMethod codeBase="C:\Users\mathew.burkitt\source\repos\DT\Entropic\source\dotnet\Entropic.Core.Tests\bin\Debug\net10.0\Entropic.Core.Tests.dll" adapterTypeName="executor://xunit/VsTestRunner3/netcore/" className="Entropic.Core.Tests+DomainTypeTests" name="Project record stores provider and path" />
    </UnitTest>
    <UnitTest name="Entropic.Core.Tests+JsonlParserTests.computeJsonlSignature returns stable signature for directory" storage="c:\users\mathew.burkitt\source\repos\dt\entropic\source\dotnet\entropic.core.tests\bin\debug\net10.0\entropic.core.tests.dll" id="c91a3c83-a3b7-c686-c6ac-836ed3ff8344">
      <Execution id="1ac8a71f-b3fa-4a2c-9de2-e6a6b186c60e" />
      <TestMethod codeBase="C:\Users\mathew.burkitt\source\repos\DT\Entropic\source\dotnet\Entropic.Core.Tests\bin\Debug\net10.0\Entropic.Core.Tests.dll" adapterTypeName="executor://xunit/VsTestRunner3/netcore/" className="Entropic.Core.Tests+JsonlParserTests" name="computeJsonlSignature returns stable signature for directory" />
    </UnitTest>
    <UnitTest name="Entropic.Core.Tests+GitSummaryTests.summarize computes aggregate stats" storage="c:\users\mathew.burkitt\source\repos\dt\entropic\source\dotnet\entropic.core.tests\bin\debug\net10.0\entropic.core.tests.dll" id="2c62e57d-f6bc-348f-c579-030a937166a5">
      <Execution id="3e21f649-7e04-4f51-9aae-76a293f0212e" />
      <TestMethod codeBase="C:\Users\mathew.burkitt\source\repos\DT\Entropic\source\dotnet\Entropic.Core.Tests\bin\Debug\net10.0\Entropic.Core.Tests.dll" adapterTypeName="executor://xunit/VsTestRunner3/netcore/" className="Entropic.Core.Tests+GitSummaryTests" name="summarize computes aggregate stats" />
    </UnitTest>
    <UnitTest name="Entropic.Core.Tests+PreferencesTests.getString returns value when present" storage="c:\users\mathew.burkitt\source\repos\dt\entropic\source\dotnet\entropic.core.tests\bin\debug\net10.0\entropic.core.tests.dll" id="a01b7443-27a9-9fc4-fb40-5d7259b6d790">
      <Execution id="204433f9-07d9-4eba-b125-1b89ba709285" />
      <TestMethod codeBase="C:\Users\mathew.burkitt\source\repos\DT\Entropic\source\dotnet\Entropic.Core.Tests\bin\Debug\net10.0\Entropic.Core.Tests.dll" adapterTypeName="executor://xunit/VsTestRunner3/netcore/" className="Entropic.Core.Tests+PreferencesTests" name="getString returns value when present" />
    </UnitTest>
    <UnitTest name="Entropic.Core.Tests+ClaudeAdapterTests.ClaudeAdapter reads projects from temp directory" storage="c:\users\mathew.burkitt\source\repos\dt\entropic\source\dotnet\entropic.core.tests\bin\debug\net10.0\entropic.core.tests.dll" id="96195fab-3003-c7ac-75fd-21fda0482431">
      <Execution id="d966e0e3-5c52-44ad-903b-61dc8429b49f" />
      <TestMethod codeBase="C:\Users\mathew.burkitt\source\repos\DT\Entropic\source\dotnet\Entropic.Core.Tests\bin\Debug\net10.0\Entropic.Core.Tests.dll" adapterTypeName="executor://xunit/VsTestRunner3/netcore/" className="Entropic.Core.Tests+ClaudeAdapterTests" name="ClaudeAdapter reads projects from temp directory" />
    </UnitTest>
    <UnitTest name="Entropic.Core.Tests+GitAheadBehindTests.GitRepoStatus has ahead and behind counts" storage="c:\users\mathew.burkitt\source\repos\dt\entropic\source\dotnet\entropic.core.tests\bin\debug\net10.0\entropic.core.tests.dll" id="d880a009-00b5-6763-edde-5da0b79be497">
      <Execution id="02ea9638-86ab-4d07-a60b-9a56d9b3c548" />
      <TestMethod codeBase="C:\Users\mathew.burkitt\source\repos\DT\Entropic\source\dotnet\Entropic.Core.Tests\bin\Debug\net10.0\Entropic.Core.Tests.dll" adapterTypeName="executor://xunit/VsTestRunner3/netcore/" className="Entropic.Core.Tests+GitAheadBehindTests" name="GitRepoStatus has ahead and behind counts" />
    </UnitTest>
    <UnitTest name="Entropic.Core.Tests+SessionSortTests.sortSessionsByDate puts most recent first" storage="c:\users\mathew.burkitt\source\repos\dt\entropic\source\dotnet\entropic.core.tests\bin\debug\net10.0\entropic.core.tests.dll" id="b8e4d3e3-789e-d502-0c86-31274dcc2302">
      <Execution id="d9f55c40-7853-44c2-85f9-ad532fe9e730" />
      <TestMethod codeBase="C:\Users\mathew.burkitt\source\repos\DT\Entropic\source\dotnet\Entropic.Core.Tests\bin\Debug\net10.0\Entropic.Core.Tests.dll" adapterTypeName="executor://xunit/VsTestRunner3/netcore/" className="Entropic.Core.Tests+SessionSortTests" name="sortSessionsByDate puts most recent first" />
    </UnitTest>
    <UnitTest name="Entropic.Core.Tests+SessionMappingTests.readProjectMapping returns None for missing file" storage="c:\users\mathew.burkitt\source\repos\dt\entropic\source\dotnet\entropic.core.tests\bin\debug\net10.0\entropic.core.tests.dll" id="e4083456-9668-6347-273c-11f37ab637af">
      <Execution id="985ac977-7de6-480a-9dc3-806618305f5c" />
      <TestMethod codeBase="C:\Users\mathew.burkitt\source\repos\DT\Entropic\source\dotnet\Entropic.Core.Tests\bin\Debug\net10.0\Entropic.Core.Tests.dll" adapterTypeName="executor://xunit/VsTestRunner3/netcore/" className="Entropic.Core.Tests+SessionMappingTests" name="readProjectMapping returns None for missing file" />
    </UnitTest>
    <UnitTest name="Entropic.Core.Tests+ScriptReferenceTests.Spectre monitor script path is defined" storage="c:\users\mathew.burkitt\source\repos\dt\entropic\source\dotnet\entropic.core.tests\bin\debug\net10.0\entropic.core.tests.dll" id="933eae0c-3451-6940-6566-e542db775149">
      <Execution id="ef751341-aeae-4d23-8fa6-09f7a4beee58" />
      <TestMethod codeBase="C:\Users\mathew.burkitt\source\repos\DT\Entropic\source\dotnet\Entropic.Core.Tests\bin\Debug\net10.0\Entropic.Core.Tests.dll" adapterTypeName="executor://xunit/VsTestRunner3/netcore/" className="Entropic.Core.Tests+ScriptReferenceTests" name="Spectre monitor script path is defined" />
    </UnitTest>
    <UnitTest name="Entropic.Core.Tests+ResultTypeTests.FetchProjects returns Result type" storage="c:\users\mathew.burkitt\source\repos\dt\entropic\source\dotnet\entropic.core.tests\bin\debug\net10.0\entropic.core.tests.dll" id="6d145b05-8103-2974-6844-98a0ed088ff3">
      <Execution id="c1f3fdb8-73d7-47f3-93eb-b92b2a777df2" />
      <TestMethod codeBase="C:\Users\mathew.burkitt\source\repos\DT\Entropic\source\dotnet\Entropic.Core.Tests\bin\Debug\net10.0\Entropic.Core.Tests.dll" adapterTypeName="executor://xunit/VsTestRunner3/netcore/" className="Entropic.Core.Tests+ResultTypeTests" name="FetchProjects returns Result type" />
    </UnitTest>
    <UnitTest name="Entropic.Core.Tests+SessionDeleteTests.deleteSession returns error for missing file" storage="c:\users\mathew.burkitt\source\repos\dt\entropic\source\dotnet\entropic.core.tests\bin\debug\net10.0\entropic.core.tests.dll" id="a3331ea0-7780-a405-2a16-11504ad61f75">
      <Execution id="35e9adbb-f455-42fc-b107-2849ef522ce6" />
      <TestMethod codeBase="C:\Users\mathew.burkitt\source\repos\DT\Entropic\source\dotnet\Entropic.Core.Tests\bin\Debug\net10.0\Entropic.Core.Tests.dll" adapterTypeName="executor://xunit/VsTestRunner3/netcore/" className="Entropic.Core.Tests+SessionDeleteTests" name="deleteSession returns error for missing file" />
    </UnitTest>
    <UnitTest name="Entropic.Core.Tests+ProviderDetectionTests.claudePaths returns expected directory structure" storage="c:\users\mathew.burkitt\source\repos\dt\entropic\source\dotnet\entropic.core.tests\bin\debug\net10.0\entropic.core.tests.dll" id="1cc5e005-e19c-89d6-de53-b450ef39410d">
      <Execution id="38af027c-b56e-4601-a8a3-fe6bc3620282" />
      <TestMethod codeBase="C:\Users\mathew.burkitt\source\repos\DT\Entropic\source\dotnet\Entropic.Core.Tests\bin\Debug\net10.0\Entropic.Core.Tests.dll" adapterTypeName="executor://xunit/VsTestRunner3/netcore/" className="Entropic.Core.Tests+ProviderDetectionTests" name="claudePaths returns expected directory structure" />
    </UnitTest>
    <UnitTest name="Entropic.Core.Tests+BatchDeleteTests.deleteEmptySessions removes only empty sessions" storage="c:\users\mathew.burkitt\source\repos\dt\entropic\source\dotnet\entropic.core.tests\bin\debug\net10.0\entropic.core.tests.dll" id="8124c945-08a9-f81a-1e55-74705429237d">
      <Execution id="a6cf1a1e-2280-4371-8d3b-1047fb83eec2" />
[...]
    </UnitTest>
    <UnitTest name="Entropic.Core.Tests+AggregatorTests.getProjects aggregates from multiple providers" storage="c:\users\mathew.burkitt\source\repos\dt\entropic\source\dotnet\entropic.core.tests\bin\debug\net10.0\entropic.core.tests.dll" id="79fec0af-7103-0a94-f383-cfab316b3a9a">
      <Execution id="a10ce4f5-2d27-484d-a824-cc16029575a0" />
      <TestMethod codeBase="C:\Users\mathew.burkitt\source\repos\DT\Entropic\source\dotnet\Entropic.Core.Tests\bin\Debug\net10.0\Entropic.Core.Tests.dll" adapterTypeName="executor://xunit/VsTestRunner3/netcore/" className="Entropic.Core.Tests+AggregatorTests" name="getProjects aggregates from multiple providers" />
    </UnitTest>
    <UnitTest name="Entropic.Core.Tests+TodoStatusTests.TodoStatus cases are distinct" storage="c:\users\mathew.burkitt\source\repos\dt\entropic\source\dotnet\entropic.core.tests\bin\debug\net10.0\entropic.core.tests.dll" id="64e4d325-7685-2561-bf81-fdb4673a1121">
      <Execution id="d398b375-c709-4bc8-b935-4b41c664f0a8" />
      <TestMethod codeBase="C:\Users\mathew.burkitt\source\repos\DT\Entropic\source\dotnet\Entropic.Core.Tests\bin\Debug\net10.0\Entropic.Core.Tests.dll" adapterTypeName="executor://xunit/VsTestRunner3/netcore/" className="Entropic.Core.Tests+TodoStatusTests" name="TodoStatus cases are distinct" />
    </UnitTest>
    <UnitTest name="Entropic.Core.Tests+PreferencesTests.getRepairThreshold reads from file" storage="c:\users\mathew.burkitt\source\repos\dt\entropic\source\dotnet\entropic.core.tests\bin\debug\net10.0\entropic.core.tests.dll" id="1b8ce734-c4a0-b754-d372-7270e57dad37">
      <Execution id="9bfb3b8e-d0bc-4758-9d19-2e98081fee6b" />
      <TestMethod codeBase="C:\Users\mathew.burkitt\source\repos\DT\Entropic\source\dotnet\Entropic.Core.Tests\bin\Debug\net10.0\Entropic.Core.Tests.dll" adapterTypeName="executor://xunit/VsTestRunner3/netcore/" className="Entropic.Core.Tests+PreferencesTests" name="getRepairThreshold reads from file" />
    </UnitTest>
    <UnitTest name="Entropic.Core.Tests+ScriptReferenceTests.Hook post tool script path is defined" storage="c:\users\mathew.burkitt\source\repos\dt\entropic\source\dotnet\entropic.core.tests\bin\debug\net10.0\entropic.core.tests.dll" id="0d985b08-ef52-37d8-7bef-54200631028b">
      <Execution id="e33a6eef-36ed-4824-a2cd-b93cb98370dd" />
      <TestMethod codeBase="C:\Users\mathew.burkitt\source\repos\DT\Entropic\source\dotnet\Entropic.Core.Tests\bin\Debug\net10.0\Entropic.Core.Tests.dll" adapterTypeName="executor://xunit/VsTestRunner3/netcore/" className="Entropic.Core.Tests+ScriptReferenceTests" name="Hook post tool script path is defined" />
    </UnitTest>
    <UnitTest name="Entropic.Core.Tests+TodoManagerDisplayTests.displayText uses ActiveForm when InProgress" storage="c:\users\mathew.burkitt\source\repos\dt\entropic\source\dotnet\entropic.core.tests\bin\debug\net10.0\entropic.core.tests.dll" id="84f209b6-ea5d-9605-b9b7-d5e05f599c18">
      <Execution id="1fbb1b50-17cf-442e-b29d-0b6b1aeaa5c6" />
      <TestMethod codeBase="C:\Users\mathew.burkitt\source\repos\DT\Entropic\source\dotnet\Entropic.Core.Tests\bin\Debug\net10.0\Entropic.Core.Tests.dll" adapterTypeName="executor://xunit/VsTestRunner3/netcore/" className="Entropic.Core.Tests+TodoManagerDisplayTests" name="displayText uses ActiveForm when InProgress" />
    </UnitTest>
    <UnitTest name="Entropic.Core.Tests+ResultTypeTests.Error result is propagated not thrown" storage="c:\users\mathew.burkitt\source\repos\dt\entropic\source\dotnet\entropic.core.tests\bin\debug\net10.0\entropic.core.tests.dll" id="4696ed54-2605-566b-fa88-4612cfb51ee9">
      <Execution id="b6952a61-6d4c-439c-8e72-1be32baf0a09" />
      <TestMethod codeBase="C:\Users\mathew.burkitt\source\repos\DT\Entropic\source\dotnet\Entropic.Core.Tests\bin\Debug\net10.0\Entropic.Core.Tests.dll" adapterTypeName="executor://xunit/VsTestRunner3/netcore/" className="Entropic.Core.Tests+ResultTypeTests" name="Error result is propagated not thrown" />
    </UnitTest>
    <UnitTest name="Entropic.Core.Tests+ScriptReferenceTests.IPC boundary reference is defined" storage="c:\users\mathew.burkitt\source\repos\dt\entropic\source\dotnet\entropic.core.tests\bin\debug\net10.0\entropic.core.tests.dll" id="52c92bb3-b270-d57d-ea54-896a32bfe839">
      <Execution id="4a42af21-bd12-4f42-af77-639d25ebf274" />
      <TestMethod codeBase="C:\Users\mathew.burkitt\source\repos\DT\Entropic\source\dotnet\Entropic.Core.Tests\bin\Debug\net10.0\Entropic.Core.Tests.dll" adapterTypeName="executor://xunit/VsTestRunner3/netcore/" className="Entropic.Core.Tests+ScriptReferenceTests" name="IPC boundary reference is defined" />
    </UnitTest>
  </TestDefinitions>
  <TestEntries>
    <TestEntry testId="389efc94-ddd3-e68c-19de-f429669da475" executionId="2031e29d-1c11-4272-a564-782854b4f898" testListId="8c84fa94-04c1-424b-9868-57a2d4851a1d" />
    <TestEntry testId="a3331ea0-7780-a405-2a16-11504ad61f75" executionId="35e9adbb-f455-42fc-b107-2849ef522ce6" testListId="8c84fa94-04c1-424b-9868-57a2d4851a1d" />
    <TestEntry testId="f4e3b196-9550-9a8c-89a3-7ec32db01f48" executionId="1c2fec97-140b-4784-b3b9-8d51dcd16dc8" testListId="8c84fa94-04c1-424b-9868-57a2d4851a1d" />
    <TestEntry testId="45d18030-6def-ed22-e048-8d0b686871bb" executionId="183bf37d-a736-482c-ac67-c8a42dd89156" testListId="8c84fa94-04c1-424b-9868-57a2d4851a1d" />
    <TestEntry testId="a4dd7fd0-c439-1989-2748-a7eae51dbd4c" executionId="a2546ca8-4ddc-4b82-b2c0-8b715de07a27" testListId="8c84fa94-04c1-424b-9868-57a2d4851a1d" />
    <TestEntry testId="26dd9e4a-c788-f582-4108-8db9b6ebdef5" executionId="056ff70a-1cfd-4226-a7a2-589a63f2679e" testListId="8c84fa94-04c1-424b-9868-57a2d4851a1d" />
    <TestEntry testId="3a04d0e9-f5e6-bb9d-0f64-2a8b3334b925" executionId="183abfcb-129a-4f46-91ff-47942725d632" testListId="8c84fa94-04c1-424b-9868-57a2d4851a1d" />
    <TestEntry testId="900c40b4-f1ed-59ab-2aa3-f271f9a9fc45" executionId="8bfc2809-cdca-4ee3-88a6-d816a2ea14a5" testListId="8c84fa94-04c1-424b-9868-57a2d4851a1d" />
    <TestEntry testId="c91a3c83-a3b7-c686-c6ac-836ed3ff8344" executionId="1ac8a71f-b3fa-4a2c-9de2-e6a6b186c60e" testListId="8c84fa94-04c1-424b-9868-57a2d4851a1d" />
    <TestEntry testId="0fbf9cdc-b75f-1329-e924-71bbaa1ae114" executionId="4a5f7430-12fa-4750-b02e-4fc820fa41e6" testListId="8c84fa94-04c1-424b-9868-57a2d4851a1d" />
    <TestEntry testId="4cf803e3-f8ac-e7ef-a626-025a6c5dab44" executionId="5e369677-10e1-44e9-a890-2e8bc2631320" testListId="8c84fa94-04c1-424b-9868-57a2d4851a1d" />
    <TestEntry testId="c823fdb7-9b1f-e68d-5842-2ba795d6dfc1" executionId="470d9588-2e3b-49f6-b351-6835cdf4b9e9" testListId="8c84fa94-04c1-424b-9868-57a2d4851a1d" />
    <TestEntry testId="3f8f49f6-7a20-5258-8553-e432ac37ae0b" executionId="1fd062ec-d0fe-4c38-907b-fefdaa4df92e" testListId="8c84fa94-04c1-424b-9868-57a2d4851a1d" />
    <TestEntry testId="25ef1caa-c415-b046-5dcd-3528c236a343" executionId="f5dc98e9-0437-411e-a305-603d56df8ed0" testListId="8c84fa94-04c1-424b-9868-57a2d4851a1d" />
    <TestEntry testId="4adf8a46-f3bf-2c1d-d7aa-abe7f13db00a" executionId="c1a87f0e-0459-469e-b6d7-b96c9e2364d8" testListId="8c84fa94-04c1-424b-9868-57a2d4851a1d" />
    <TestEntry testId="4968f137-6473-b690-0860-4e0a0c0d32b6" executionId="f3b947b2-ad3c-4a52-958a-1072e7b86ad5" testListId="8c84fa94-04c1-424b-9868-57a2d4851a1d" />
    <TestEntry testId="68debd23-8970-79da-116e-1f302d918f61" executionId="6284d329-d48d-4453-83dd-b298e185f564" testListId="8c84fa94-04c1-424b-9868-57a2d4851a1d" />
    <TestEntry testId="fc997945-08f2-f3f0-f5fb-8bd9ebbafbcb" executionId="40e4f9b3-ca6d-444f-b59e-2b714903f4e9" testListId="8c84fa94-04c1-424b-9868-57a2d4851a1d" />
    <TestEntry testId="1b8ce734-c4a0-b754-d372-7270e57dad37" executionId="9bfb3b8e-d0bc-4758-9d19-2e98081fee6b" testListId="8c84fa94-04c1-424b-9868-57a2d4851a1d" />
    <TestEntry testId="0d985b08-ef52-37d8-7bef-54200631028b" executionId="e33a6eef-36ed-4824-a2cd-b93cb98370dd" testListId="8c84fa94-04c1-424b-9868-57a2d4851a1d" />
    <TestEntry testId="876b027c-38b0-19d0-4a23-30df406d2a6e" executionId="2f621c1c-0e0c-4987-9064-1772609dba1a" testListId="8c84fa94-04c1-424b-9868-57a2d4851a1d" />
    <TestEntry testId="6e31f0c1-cbe9-886c-0f3a-39942dc6a1b7" executionId="9a451e17-2e62-4162-b10a-eda909d14c08" testListId="8c84fa94-04c1-424b-9868-57a2d4851a1d" />
    <TestEntry testId="e69ed514-a4ad-01d8-6ab1-54bc2a894ec1" executionId="51acaf06-29a8-4dae-8e04-20779cb958aa" testListId="8c84fa94-04c1-424b-9868-57a2d4851a1d" />
    <TestEntry testId="a01b7443-27a9-9fc4-fb40-5d7259b6d790" executionId="204433f9-07d9-4eba-b125-1b89ba709285" testListId="8c84fa94-04c1-424b-9868-57a2d4851a1d" />
    <TestEntry testId="e7b18816-8a79-62cd-e26e-2deb2f50700c" executionId="6180d427-636d-4603-a2c4-6c3b56a7be32" testListId="8c84fa94-04c1-424b-9868-57a2d4851a1d" />
    <TestEntry testId="3cfc995e-3396-d755-980d-60acfb365a93" executionId="b7eab235-9bf4-4a9e-9b7d-618472db0635" testListId="8c84fa94-04c1-424b-9868-57a2d4851a1d" />
    <TestEntry testId="3f693ff5-935b-1937-d400-9d92db6b9c02" executionId="5620ae60-0df5-4659-aac4-0e0dc9e0e83d" testListId="8c84fa94-04c1-424b-9868-57a2d4851a1d" />
    <TestEntry testId="a902bf30-4cae-643f-aa9d-15040fc2caf7" executionId="f5a92bec-ca57-495a-8ac3-5f6a82cf43f0" testListId="8c84fa94-04c1-424b-9868-57a2d4851a1d" />
    <TestEntry testId="ab22731d-aae5-4fe6-7c88-9ec18a2b4929" executionId="406440fc-f0a3-43f0-994c-b8e92b921c09" testListId="8c84fa94-04c1-424b-9868-57a2d4851a1d" />
    <TestEntry testId="d470aed5-fd95-0a8d-5b7f-7b7d63f92210" executionId="31088feb-291a-4206-a9a5-8854d1dec295" testListId="8c84fa94-04c1-424b-9868-57a2d4851a1d" />
    <TestEntry testId="b5976f81-c47c-9f93-1da3-9c46a44286bf" executionId="d1c3c614-0f80-4b9c-83e6-d836dc19f9dc" testListId="8c84fa94-04c1-424b-9868-57a2d4851a1d" />
    <TestEntry testId="2a41ce3b-4250-9151-8bbd-e512f43b2604" executionId="9b918cf9-1a4c-4f6c-82a2-5b4dbb95e698" testListId="8c84fa94-04c1-424b-9868-57a2d4851a1d" />
    <TestEntry testId="79fec0af-7103-0a94-f383-cfab316b3a9a" executionId="a10ce4f5-2d27-484d-a824-cc16029575a0" testListId="8c84fa94-04c1-424b-9868-57a2d4851a1d" />
    <TestEntry testId="96195fab-3003-c7ac-75fd-21fda0482431" executionId="d966e0e3-5c52-44ad-903b-61dc8429b49f" testListId="8c84fa94-04c1-424b-9868-57a2d4851a1d" />
    <TestEntry testId="1cc5e005-e19c-89d6-de53-b450ef39410d" executionId="38af027c-b56e-4601-a8a3-fe6bc3620282" testListId="8c84fa94-04c1-424b-9868-57a2d4851a1d" />
    <TestEntry testId="2c583dd4-6776-60a4-79a7-7c3fe797a27b" executionId="9d16351a-0824-44f1-8ec3-e6101f7bf620" testListId="8c84fa94-04c1-424b-9868-57a2d4851a1d" />
    <TestEntry testId="52c92bb3-b270-d57d-ea54-896a32bfe839" executionId="4a42af21-bd12-4f42-af77-639d25ebf274" testListId="8c84fa94-04c1-424b-9868-57a2d4851a1d" />
    <TestEntry testId="2c62e57d-f6bc-348f-c579-030a937166a5" executionId="3e21f649-7e04-4f51-9aae-76a293f0212e" testListId="8c84fa94-04c1-424b-9868-57a2d4851a1d" />
    <TestEntry testId="4696ed54-2605-566b-fa88-4612cfb51ee9" executionId="b6952a61-6d4c-439c-8e72-1be32baf0a09" testListId="8c84fa94-04c1-424b-9868-57a2d4851a1d" />
    <TestEntry testId="f900d56e-8fd7-833b-2a3e-37b5d94bd86f" executionId="423441fb-c33c-4720-984a-794fdc993655" testListId="8c84fa94-04c1-424b-9868-57a2d4851a1d" />
    <TestEntry testId="b9252515-cc31-4a79-21c1-77798b350d13" executionId="807ced4e-7f48-4dcb-b4cc-b692612a14e8" testListId="8c84fa94-04c1-424b-9868-57a2d4851a1d" />
    <TestEntry testId="6d145b05-8103-2974-6844-98a0ed088ff3" executionId="c1f3fdb8-73d7-47f3-93eb-b92b2a777df2" testListId="8c84fa94-04c1-424b-9868-57a2d4851a1d" />
    <TestEntry testId="727efe84-58a5-e7f9-3788-d00eed737311" executionId="90c424f9-1a7d-41e1-9826-177eca8230d9" testListId="8c84fa94-04c1-424b-9868-57a2d4851a1d" />
    <TestEntry testId="b63eee48-f9af-b28d-244c-af86fc8ea6db" executionId="53d09f1f-f356-4ac6-a508-8e39dcf5d915" testListId="8c84fa94-04c1-424b-9868-57a2d4851a1d" />
    <TestEntry testId="b6183f1a-f736-80ad-dc19-51d4883108f8" executionId="61391b50-ef2b-4134-83fd-a84e43d7f8d3" testListId="8c84fa94-04c1-424b-9868-57a2d4851a1d" />
    <TestEntry testId="80eac98b-587b-a93a-fb5d-2545990c48b0" executionId="0033a31c-52b6-4e58-82eb-5fae31edac57" testListId="8c84fa94-04c1-424b-9868-57a2d4851a1d" />
    <TestEntry testId="55866702-2cfe-1c61-419c-441cb0c29fdb" executionId="277abf6f-2e5f-4ee5-986c-1b22c1e5895a" testListId="8c84fa94-04c1-424b-9868-57a2d4851a1d" />
    <TestEntry testId="1a466743-d5a5-f266-298d-292c900b3f35" executionId="6db3cb0d-1518-4d95-8353-97335a02ba04" testListId="8c84fa94-04c1-424b-9868-57a2d4851a1d" />
    <TestEntry testId="df12b5e3-6f94-19a7-6b93-76d32b24d417" executionId="6d914e75-8f8d-4a7d-bfa8-a0a640c37c8d" testListId="8c84fa94-04c1-424b-9868-57a2d4851a1d" />
    <TestEntry testId="61d2cba2-cda6-706a-5d36-e8e0e8e4bdbe" executionId="26977a5c-d7c8-43b4-a204-1d8b2f357383" testListId="8c84fa94-04c1-424b-9868-57a2d4851a1d" />
    <TestEntry testId="a1148d75-65e2-753e-2d32-80ee665746d0" executionId="d9bd89bf-b7a1-4f58-9bed-cf599840f443" testListId="8c84fa94-04c1-424b-9868-57a2d4851a1d" />
    <TestEntry testId="e4b89777-d8fd-f325-c60d-032962d41356" executionId="9aa70354-a983-4e08-bf35-d1e7d1202f98" testListId="8c84fa94-04c1-424b-9868-57a2d4851a1d" />
    <TestEntry testId="79662c2f-d433-8f04-9fc8-d58afc9f975b" executionId="991f92d0-de3e-4ef9-8a97-757010e2e4c8" testListId="8c84fa94-04c1-424b-9868-57a2d4851a1d" />
    <TestEntry testId="8124c945-08a9-f81a-1e55-74705429237d" executionId="a6cf1a1e-2280-4371-8d3b-1047fb83eec2" testListId="8c84fa94-04c1-424b-9868-57a2d4851a1d" />
    <TestEntry testId="61e0a2ae-2b62-4b91-d247-3e5d08a78409" executionId="a3a1375f-2f4d-4b44-93c6-a62ef081e1c6" testListId="8c84fa94-04c1-424b-9868-57a2d4851a1d" />
    <TestEntry testId="a5e64e37-ca0d-cca9-e963-7a725c366b53" executionId="92fd563b-d22d-4cd2-b6ed-90794c936dbf" testListId="8c84fa94-04c1-424b-9868-57a2d4851a1d" />
    <TestEntry testId="2417d599-d753-df79-d741-0a60e45a61c5" executionId="c53afc4c-37e2-4e3b-bea2-d173f69ecf32" testListId="8c84fa94-04c1-424b-9868-57a2d4851a1d" />
    <TestEntry testId="2897d636-768b-d8fd-1c49-4ca2e79e3858" executionId="9f684400-426f-4aaa-84da-22bd30f4195a" testListId="8c84fa94-04c1-424b-9868-57a2d4851a1d" />
    <TestEntry testId="a3d44622-4d86-6172-3a77-8691cd6880c1" executionId="cf611744-c133-4bdb-9ae2-0adbc6834949" testListId="8c84fa94-04c1-424b-9868-57a2d4851a1d" />
    <TestEntry testId="043ed3d9-da1d-6e7c-6cec-f0885108bf38" executionId="0005d511-d7ed-4c8e-baff-96d3601aee4e" testListId="8c84fa94-04c1-424b-9868-57a2d4851a1d" />
    <TestEntry testId="467a9a6c-3ab7-7094-624a-439e28d07b52" executionId="01138473-953d-4c84-852d-b35e6a1046b6" testListId="8c84fa94-04c1-424b-9868-57a2d4851a1d" />
    <TestEntry testId="77c6b3b8-20b6-45e8-6fc1-ff170c00f74a" executionId="f2942d75-5847-4657-bcbe-3d6aa70c308a" testListId="8c84fa94-04c1-424b-9868-57a2d4851a1d" />
    <TestEntry testId="3ea84d28-f364-cb29-e030-0db73381fb68" executionId="56f4f5e8-3911-4200-b312-41ee46f54da1" testListId="8c84fa94-04c1-424b-9868-57a2d4851a1d" />
    <TestEntry testId="99598655-b3a9-4588-dd7b-d2823c98eeaa" executionId="b1efee1d-26bd-4f70-8f37-a1c65472cba3" testListId="8c84fa94-04c1-424b-9868-57a2d4851a1d" />
    <TestEntry testId="ed9ca763-8d8f-9a7e-2869-2f2457d015d7" executionId="62c3b891-6869-4963-a3cf-94cd47206d50" testListId="8c84fa94-04c1-424b-9868-57a2d4851a1d" />
    <TestEntry testId="b8e4d3e3-789e-d502-0c86-31274dcc2302" executionId="d9f55c40-7853-44c2-85f9-ad532fe9e730" testListId="8c84fa94-04c1-424b-9868-57a2d4851a1d" />
    <TestEntry testId="a0ca3ebe-13af-6e13-9681-cc0b3196e762" executionId="1aab0aee-b256-403e-adf5-bac03fd26c2c" testListId="8c84fa94-04c1-424b-9868-57a2d4851a1d" />
    <TestEntry testId="5e4eff96-0eeb-e17e-1ee2-ecb5dc46af95" executionId="76d3644f-aa25-48c5-82c0-8a118ac3d1d5" testListId="8c84fa94-04c1-424b-9868-57a2d4851a1d" />
    <TestEntry testId="42100eba-103b-afb2-a98b-b488d4220f22" executionId="e48928a5-f14b-475f-9a21-86a4385a5229" testListId="8c84fa94-04c1-424b-9868-57a2d4851a1d" />
    <TestEntry testId="c18db5d0-a8c2-d62e-f856-e536d8523fad" executionId="de7d92e9-1f13-4761-b826-0feddba15019" testListId="8c84fa94-04c1-424b-9868-57a2d4851a1d" />
    <TestEntry testId="8181facd-0500-d651-7c9e-12e3bfeb6d99" executionId="adfd321e-1daf-49b4-963a-15a2ea86a675" testListId="8c84fa94-04c1-424b-9868-57a2d4851a1d" />
    <TestEntry testId="84f209b6-ea5d-9605-b9b7-d5e05f599c18" executionId="1fbb1b50-17cf-442e-b29d-0b6b1aeaa5c6" testListId="8c84fa94-04c1-424b-9868-57a2d4851a1d" />
    <TestEntry testId="64e4d325-7685-2561-bf81-fdb4673a1121" executionId="d398b375-c709-4bc8-b935-4b41c664f0a8" testListId="8c84fa94-04c1-424b-9868-57a2d4851a1d" />
    <TestEntry testId="ba7e55e1-bc25-6239-38a5-6244c0424f32" executionId="3e3c314c-7e62-408c-8178-888584c081ab" testListId="8c84fa94-04c1-424b-9868-57a2d4851a1d" />
    <TestEntry testId="b0b81e99-c22c-dc71-aa4a-9d872f78a4c9" executionId="7216c4ec-1b8e-4829-b803-356f2fe87d8b" testListId="8c84fa94-04c1-424b-9868-57a2d4851a1d" />
    <TestEntry testId="e4083456-9668-6347-273c-11f37ab637af" executionId="985ac977-7de6-480a-9dc3-806618305f5c" testListId="8c84fa94-04c1-424b-9868-57a2d4851a1d" />
    <TestEntry testId="66f944fb-5d95-0df0-09f2-95005977671b" executionId="b23a293b-fe73-4e39-8c46-eb2b45eff8cf" testListId="8c84fa94-04c1-424b-9868-57a2d4851a1d" />
    <TestEntry testId="d91f0816-5fca-4f36-0647-464581ce2e50" executionId="fc8f1b44-9861-40c4-bd66-e42d2daa8f05" testListId="8c84fa94-04c1-424b-9868-57a2d4851a1d" />
    <TestEntry testId="14154c83-46dc-0a04-3fe1-0e05f3b985f7" executionId="25637ca1-4922-4866-96cf-11d273e8f9aa" testListId="8c84fa94-04c1-424b-9868-57a2d4851a1d" />
    <TestEntry testId="933eae0c-3451-6940-6566-e542db775149" executionId="ef751341-aeae-4d23-8fa6-09f7a4beee58" testListId="8c84fa94-04c1-424b-9868-57a2d4851a1d" />
    <TestEntry testId="3cad67ec-73de-1194-051f-3a117b759ca4" executionId="b07642b6-be83-4360-b89d-dbdae5940b61" testListId="8c84fa94-04c1-424b-9868-57a2d4851a1d" />
    <TestEntry testId="d880a009-00b5-6763-edde-5da0b79be497" executionId="02ea9638-86ab-4d07-a60b-9a56d9b3c548" testListId="8c84fa94-04c1-424b-9868-57a2d4851a1d" />
    <TestEntry testId="bc434266-73fa-3be4-b367-8bd4bf937db6" executionId="1a855a2a-1da8-4e8c-98ee-90c10060b018" testListId="8c84fa94-04c1-424b-9868-57a2d4851a1d" />
    <TestEntry testId="dc55c18d-d0b6-30a3-5491-5e483089d238" executionId="29fe221a-0519-4a52-9f70-2229548e8af4" testListId="8c84fa94-04c1-424b-9868-57a2d4851a1d" />
    <TestEntry testId="31252b63-e5d1-ead0-520c-e86001c6dc88" executionId="9c3e953c-bc6a-48c6-92d5-86e75cb6e500" testListId="8c84fa94-04c1-424b-9868-57a2d4851a1d" />
    <TestEntry testId="373eb4d6-b88c-8be3-0a1d-87a21abb8e21" executionId="3e22d7d9-2705-4e5e-bb0b-e1942e061694" testListId="8c84fa94-04c1-424b-9868-57a2d4851a1d" />
    <TestEntry testId="d98e496a-9d36-46f2-c7ee-e0388f85d1c4" executionId="84db35b6-7c41-477b-a8ba-03ed0a121149" testListId="8c84fa94-04c1-424b-9868-57a2d4851a1d" />
  </TestEntries>
  <TestLists>
    <TestList name="Results Not in a List" id="8c84fa94-04c1-424b-9868-57a2d4851a1d" />
    <TestList name="All Loaded Results" id="19431567-8539-422a-85d7-44ee4e166bda" />
  </TestLists>
  <ResultSummary outcome="Completed">
    <Counters total="87" executed="87" passed="87" failed="0" error="0" timeout="0" aborted="0" inconclusive="0" passedButRunAborted="0" notRunnable="0" notExecuted="0" disconnected="0" warning="0" completed="0" inProgress="0" pending="0" />
    <Output>
      <StdOut>[xUnit.net 00:00:00.00] xUnit.net VSTest Adapter v3.1.4+50e68bbb8b (64-bit .NET 10.0.4)&#xD;
[xUnit.net 00:00:00.12]   Discovering: Entropic.Core.Tests&#xD;
[xUnit.net 00:00:00.19]   Discovered:  Entropic.Core.Tests&#xD;
[xUnit.net 00:00:00.24]   Starting:    Entropic.Core.Tests&#xD;
[xUnit.net 00:00:03.98]   Finished:    Entropic.Core.Tests&#xD;
</StdOut>
    </Output>
  </ResultSummary>
</TestRun>