TN:
SF:src\App.CommitView.tsx
FN:39,(anonymous_9)
FN:52,CommitView
FN:56,(anonymous_11)
FN:61,(anonymous_12)
FN:62,(anonymous_13)
FN:69,(anonymous_14)
FN:69,(anonymous_15)
FN:72,(anonymous_16)
FN:74,(anonymous_17)
FN:76,(anonymous_18)
FN:108,(anonymous_19)
FN:114,(anonymous_20)
FN:126,(anonymous_21)
FN:131,(anonymous_22)
FN:132,(anonymous_23)
FN:146,(anonymous_24)
FN:150,(anonymous_25)
FN:177,(anonymous_26)
FN:179,(anonymous_27)
FN:180,(anonymous_28)
FN:181,(anonymous_29)
FN:182,(anonymous_30)
FN:191,(anonymous_31)
FNF:23
FNH:14
FNDA:2,(anonymous_9)
FNDA:8,CommitView
FNDA:4,(anonymous_11)
FNDA:3,(anonymous_12)
FNDA:0,(anonymous_13)
FNDA:7,(anonymous_14)
FNDA:9,(anonymous_15)
FNDA:4,(anonymous_16)
FNDA:8,(anonymous_17)
FNDA:0,(anonymous_18)
FNDA:8,(anonymous_19)
FNDA:2,(anonymous_20)
FNDA:40,(anonymous_21)
FNDA:0,(anonymous_22)
FNDA:0,(anonymous_23)
FNDA:11,(anonymous_24)
FNDA:1,(anonymous_25)
FNDA:0,(anonymous_26)
FNDA:0,(anonymous_27)
FNDA:0,(anonymous_28)
FNDA:0,(anonymous_29)
FNDA:0,(anonymous_30)
FNDA:2,(anonymous_31)
DA:1,3
DA:2,3
DA:39,3
DA:40,2
DA:41,2
DA:42,2
DA:43,2
DA:44,2
DA:45,2
DA:46,2
DA:47,2
DA:48,2
DA:49,2
DA:52,3
DA:53,8
DA:54,8
DA:56,8
DA:57,4
DA:58,1
DA:59,1
DA:61,3
DA:62,3
DA:63,0
DA:65,3
DA:69,9
DA:70,8
DA:72,8
DA:74,8
DA:75,8
DA:76,8
DA:77,0
DA:78,0
DA:80,0
DA:81,0
DA:82,0
DA:85,0
DA:88,0
DA:89,0
DA:90,0
DA:93,0
DA:96,0
DA:97,0
DA:98,0
DA:101,0
DA:104,8
DA:105,8
DA:108,8
DA:109,8
DA:110,8
DA:111,8
DA:112,8
DA:113,8
DA:114,8
DA:115,2
DA:116,2
DA:117,2
DA:118,2
DA:119,2
DA:121,8
DA:124,8
DA:126,8
DA:127,40
DA:128,8
DA:131,8
DA:132,0
DA:135,8
DA:147,11
DA:150,1
DA:177,0
DA:179,0
DA:180,0
DA:181,0
DA:182,0
DA:192,2
LF:74
LH:53
BRDA:40,0,0,0
BRDA:40,0,1,2
BRDA:42,1,0,0
BRDA:42,1,1,2
BRDA:57,2,0,1
BRDA:57,2,1,3
BRDA:62,3,0,0
BRDA:62,3,1,3
BRDA:62,4,0,3
BRDA:62,4,1,0
BRDA:69,5,0,7
BRDA:69,5,1,4
BRDA:70,6,0,8
BRDA:70,6,1,5
BRDA:77,7,0,0
BRDA:77,7,1,0
BRDA:78,8,0,0
BRDA:78,8,1,0
BRDA:78,8,2,0
BRDA:78,8,3,0
BRDA:78,8,4,0
BRDA:78,8,5,0
BRDA:88,9,0,0
BRDA:88,9,1,0
BRDA:88,10,0,0
BRDA:88,10,1,0
BRDA:89,11,0,0
BRDA:89,11,1,0
BRDA:115,12,0,2
BRDA:115,12,1,0
BRDA:116,13,0,2
BRDA:116,13,1,0
BRDA:117,14,0,2
BRDA:117,14,1,0
BRDA:118,15,0,2
BRDA:118,15,1,0
BRDA:119,16,0,2
BRDA:119,16,1,0
BRDA:124,17,0,0
BRDA:124,17,1,8
BRDA:124,18,0,5
BRDA:124,18,1,3
BRDA:127,19,0,32
BRDA:127,19,1,8
BRDA:128,20,0,0
BRDA:128,20,1,8
BRDA:132,21,0,0
BRDA:132,21,1,0
BRDA:132,22,0,0
BRDA:132,22,1,0
BRDA:132,23,0,0
BRDA:132,23,1,0
BRDA:141,24,0,1
BRDA:141,24,1,7
BRDA:141,25,0,8
BRDA:141,25,1,2
BRDA:143,26,0,0
BRDA:143,26,1,1
BRDA:149,27,0,3
BRDA:149,27,1,8
BRDA:159,28,0,1
BRDA:159,28,1,7
BRDA:160,29,0,1
BRDA:160,29,1,7
BRDA:162,30,0,8
BRDA:162,30,1,0
BRDA:167,31,0,3
BRDA:167,31,1,5
BRDA:186,32,0,6
BRDA:186,32,1,2
BRDA:196,33,0,2
BRDA:196,33,1,0
BRDA:197,34,0,2
BRDA:197,34,1,0
BRDA:197,35,0,2
BRDA:197,35,1,2
BRF:76
BRH:41
end_of_record
TN:
SF:src\App.GitView.tsx
FN:25,(anonymous_9)
FN:32,GitView
FN:33,(anonymous_11)
FN:37,(anonymous_12)
FN:80,(anonymous_13)
FNF:5
FNH:5
FNDA:4,(anonymous_9)
FNDA:4,GitView
FNDA:3,(anonymous_11)
FNDA:2,(anonymous_12)
FNDA:2,(anonymous_13)
DA:1,3
DA:2,3
DA:25,3
DA:26,4
DA:27,2
DA:28,2
DA:29,2
DA:32,3
DA:33,4
DA:34,3
DA:35,3
DA:36,3
DA:37,3
DA:38,2
DA:39,2
DA:40,2
DA:42,3
DA:45,4
DA:47,4
DA:81,2
LF:20
LH:20
BRDA:26,0,0,2
BRDA:26,0,1,2
BRDA:28,1,0,0
BRDA:28,1,1,2
BRDA:38,2,0,2
BRDA:38,2,1,1
BRDA:39,3,0,2
BRDA:39,3,1,1
BRDA:40,4,0,1
BRDA:40,4,1,1
BRDA:40,5,0,2
BRDA:40,5,1,1
BRDA:40,6,0,2
BRDA:40,6,1,1
BRDA:40,7,0,1
BRDA:40,7,1,1
BRDA:45,8,0,0
BRDA:45,8,1,4
BRDA:45,9,0,1
BRDA:45,9,1,3
BRDA:52,10,0,4
BRDA:52,10,1,0
BRDA:53,11,0,1
BRDA:53,11,1,3
BRDA:54,12,0,1
BRDA:54,12,1,3
BRDA:73,13,0,1
BRDA:73,13,1,3
BRDA:73,14,0,4
BRDA:73,14,1,2
BRDA:76,15,0,0
BRDA:76,15,1,1
BRDA:83,16,0,2
BRDA:83,16,1,0
BRDA:84,17,0,2
BRDA:84,17,1,0
BRDA:84,18,0,2
BRDA:84,18,1,2
BRDA:85,19,0,2
BRDA:85,19,1,1
BRDA:88,20,0,1
BRDA:88,20,1,1
BRDA:89,21,0,1
BRDA:89,21,1,1
BRDA:81,22,0,2
BRDA:81,22,1,0
BRF:46
BRH:39
end_of_record
TN:
SF:src\App.GlobalView.tsx
FN:9,getLocalStorageItem
FN:26,GlobalView
FN:30,(anonymous_2)
FN:40,(anonymous_3)
FN:41,(anonymous_4)
FN:44,(anonymous_5)
FN:44,(anonymous_6)
FN:46,(anonymous_7)
FN:56,(anonymous_8)
FN:62,(anonymous_9)
FN:68,(anonymous_10)
FN:69,(anonymous_11)
FN:72,(anonymous_12)
FN:74,(anonymous_13)
FN:91,(anonymous_14)
FN:95,(anonymous_15)
FN:99,(anonymous_16)
FN:101,(anonymous_17)
FN:102,(anonymous_18)
FN:105,(anonymous_19)
FN:110,(anonymous_20)
FN:110,(anonymous_21)
FN:114,(anonymous_22)
FN:114,(anonymous_23)
FN:115,(anonymous_24)
FN:118,(anonymous_25)
FN:131,(anonymous_26)
FN:141,(anonymous_27)
FN:144,(anonymous_28)
FN:146,(anonymous_29)
FN:146,(anonymous_30)
FN:149,(anonymous_31)
FN:151,(anonymous_32)
FN:151,(anonymous_33)
FN:157,(anonymous_34)
FN:159,(anonymous_35)
FN:160,(anonymous_36)
FN:166,(anonymous_37)
FN:186,(anonymous_38)
FN:195,(anonymous_39)
FN:204,(anonymous_40)
FN:205,(anonymous_41)
FN:208,(anonymous_42)
FN:209,(anonymous_43)
FN:214,(anonymous_44)
FN:215,(anonymous_45)
FN:232,(anonymous_46)
FN:235,(anonymous_47)
FN:238,(anonymous_48)
FN:248,(anonymous_49)
FN:258,(anonymous_50)
FN:259,(anonymous_51)
FN:274,(anonymous_52)
FN:284,(anonymous_53)
FN:288,(anonymous_54)
FN:303,(anonymous_55)
FN:303,(anonymous_56)
FN:304,(anonymous_57)
FN:304,(anonymous_58)
FN:305,(anonymous_59)
FN:305,(anonymous_60)
FN:306,(anonymous_61)
FN:306,(anonymous_62)
FN:307,(anonymous_63)
FN:307,(anonymous_64)
FN:307,(anonymous_65)
FN:307,(anonymous_66)
FN:308,(anonymous_67)
FN:308,(anonymous_68)
FN:308,(anonymous_69)
FN:308,(anonymous_70)
FN:308,(anonymous_71)
FN:308,(anonymous_72)
FNF:73
FNH:35
FNDA:4,getLocalStorageItem
FNDA:3,GlobalView
FNDA:1,(anonymous_2)
FNDA:1,(anonymous_3)
FNDA:1,(anonymous_4)
FNDA:0,(anonymous_5)
FNDA:0,(anonymous_6)
FNDA:1,(anonymous_7)
FNDA:1,(anonymous_8)
FNDA:1,(anonymous_9)
FNDA:9,(anonymous_10)
FNDA:12,(anonymous_11)
FNDA:6,(anonymous_12)
FNDA:3,(anonymous_13)
FNDA:9,(anonymous_14)
FNDA:0,(anonymous_15)
FNDA:9,(anonymous_16)
FNDA:12,(anonymous_17)
FNDA:9,(anonymous_18)
FNDA:9,(anonymous_19)
FNDA:3,(anonymous_20)
FNDA:6,(anonymous_21)
FNDA:9,(anonymous_22)
FNDA:12,(anonymous_23)
FNDA:9,(anonymous_24)
FNDA:3,(anonymous_25)
FNDA:9,(anonymous_26)
FNDA:0,(anonymous_27)
FNDA:1,(anonymous_28)
FNDA:0,(anonymous_29)
FNDA:0,(anonymous_30)
FNDA:9,(anonymous_31)
FNDA:9,(anonymous_32)
FNDA:12,(anonymous_33)
FNDA:1,(anonymous_34)
FNDA:0,(anonymous_35)
FNDA:1,(anonymous_36)
FNDA:1,(anonymous_37)
FNDA:0,(anonymous_38)
FNDA:0,(anonymous_39)
FNDA:0,(anonymous_40)
FNDA:0,(anonymous_41)
FNDA:0,(anonymous_42)
FNDA:0,(anonymous_43)
FNDA:0,(anonymous_44)
FNDA:0,(anonymous_45)
FNDA:9,(anonymous_46)
FNDA:9,(anonymous_47)
FNDA:0,(anonymous_48)
FNDA:9,(anonymous_49)
FNDA:0,(anonymous_50)
FNDA:9,(anonymous_51)
FNDA:0,(anonymous_52)
FNDA:0,(anonymous_53)
FNDA:0,(anonymous_54)
FNDA:0,(anonymous_55)
FNDA:0,(anonymous_56)
FNDA:0,(anonymous_57)
FNDA:0,(anonymous_58)
FNDA:0,(anonymous_59)
FNDA:0,(anonymous_60)
FNDA:0,(anonymous_61)
FNDA:0,(anonymous_62)
FNDA:0,(anonymous_63)
FNDA:0,(anonymous_64)
FNDA:0,(anonymous_65)
FNDA:0,(anonymous_66)
FNDA:0,(anonymous_67)
FNDA:0,(anonymous_68)
FNDA:0,(anonymous_69)
FNDA:0,(anonymous_70)
FNDA:0,(anonymous_71)
FNDA:0,(anonymous_72)
DA:1,1
DA:2,1
DA:3,1
DA:5,1
DA:6,1
DA:10,4
DA:11,4
DA:12,0
DA:14,4
DA:15,4
DA:17,0
DA:26,1
DA:27,3
DA:28,3
DA:29,3
DA:30,3
DA:31,1
DA:32,1
DA:33,1
DA:36,3
DA:37,3
DA:38,3
DA:40,3
DA:41,1
DA:42,1
DA:43,1
DA:44,1
DA:46,1
DA:47,1
DA:48,1
DA:49,1
DA:50,0
DA:51,0
DA:52,0
DA:56,1
DA:57,1
DA:58,1
DA:62,3
DA:63,1
DA:68,3
DA:69,12
DA:70,9
DA:71,9
DA:72,6
DA:74,3
DA:75,3
DA:76,3
DA:77,3
DA:78,3
DA:79,3
DA:88,0
DA:91,3
DA:92,9
DA:93,9
DA:94,9
DA:95,0
DA:96,0
DA:99,3
DA:100,9
DA:101,12
DA:102,9
DA:105,3
DA:106,9
DA:107,9
DA:109,9
DA:110,9
DA:114,12
DA:115,9
DA:118,3
DA:119,3
DA:121,0
DA:123,0
DA:126,3
DA:131,3
DA:132,9
DA:133,9
DA:134,9
DA:135,9
DA:136,9
DA:137,9
DA:138,9
DA:139,9
DA:141,3
DA:144,3
DA:145,3
DA:146,3
DA:149,9
DA:150,3
DA:151,12
DA:154,3
DA:155,3
DA:156,3
DA:157,3
DA:158,1
DA:159,1
DA:160,1
DA:161,1
DA:162,1
DA:163,1
DA:165,1
DA:166,1
DA:167,1
DA:168,1
DA:171,3
DA:172,3
DA:173,3
DA:174,3
DA:175,3
DA:176,3
DA:177,3
DA:178,3
DA:180,3
DA:186,0
DA:196,0
DA:197,0
DA:198,0
DA:199,0
DA:204,0
DA:205,0
DA:208,0
DA:209,0
DA:214,0
DA:215,0
DA:233,9
DA:234,9
DA:235,9
DA:236,9
DA:238,9
DA:239,0
DA:240,0
DA:241,0
DA:242,0
DA:243,0
DA:244,0
DA:246,0
DA:248,9
DA:249,9
DA:250,9
DA:251,0
DA:252,0
DA:253,0
DA:254,0
DA:255,0
DA:257,9
DA:258,9
DA:259,9
DA:260,9
DA:261,9
DA:262,6
DA:263,3
DA:265,9
DA:274,0
DA:284,0
DA:288,0
DA:303,0
DA:304,0
DA:305,0
DA:306,0
DA:307,0
DA:308,0
LF:160
LH:118
BRDA:11,0,0,0
BRDA:11,0,1,4
BRDA:26,1,0,0
BRDA:32,2,0,1
BRDA:32,2,1,0
BRDA:49,3,0,0
BRDA:49,3,1,1
BRDA:49,4,0,1
BRDA:49,4,1,0
BRDA:51,5,0,0
BRDA:51,5,1,0
BRDA:51,6,0,0
BRDA:51,6,1,0
BRDA:57,7,0,1
BRDA:57,7,1,0
BRDA:63,8,0,0
BRDA:63,8,1,1
BRDA:70,9,0,9
BRDA:70,9,1,3
BRDA:70,10,0,3
BRDA:70,10,1,0
BRDA:70,11,0,3
BRDA:70,11,1,0
BRDA:76,12,0,3
BRDA:76,12,1,0
BRDA:76,13,0,3
BRDA:76,13,1,3
BRDA:92,14,0,9
BRDA:92,14,1,0
BRDA:93,15,0,0
BRDA:93,15,1,9
BRDA:94,16,0,9
BRDA:94,16,1,0
BRDA:95,17,0,0
BRDA:95,17,1,0
BRDA:100,18,0,0
BRDA:100,18,1,9
BRDA:100,19,0,9
BRDA:100,19,1,9
BRDA:101,20,0,9
BRDA:101,20,1,9
BRDA:101,20,2,0
BRDA:106,21,0,0
BRDA:106,21,1,9
BRDA:106,22,0,9
BRDA:106,22,1,9
BRDA:107,23,0,9
BRDA:107,23,1,0
BRDA:109,24,0,9
BRDA:109,24,1,0
BRDA:110,25,0,9
BRDA:110,25,1,6
BRDA:110,25,2,0
BRDA:114,26,0,9
BRDA:114,26,1,0
BRDA:119,27,0,0
BRDA:119,27,1,0
BRDA:119,27,2,3
BRDA:119,27,3,3
BRDA:151,28,0,9
BRDA:151,28,1,0
BRDA:151,29,0,0
BRDA:151,29,1,12
BRDA:159,30,0,0
BRDA:159,30,1,0
BRDA:160,31,0,1
BRDA:160,31,1,1
BRDA:161,32,0,1
BRDA:161,32,1,0
BRDA:167,33,0,1
BRDA:167,33,1,0
BRDA:171,34,0,0
BRDA:171,34,1,3
BRDA:171,35,0,0
BRDA:171,35,1,3
BRDA:191,36,0,3
BRDA:191,36,1,0
BRDA:194,37,0,0
BRDA:194,37,1,0
BRDA:197,38,0,0
BRDA:197,38,1,0
BRDA:198,39,0,0
BRDA:198,39,1,0
BRDA:199,40,0,0
BRDA:199,40,1,0
BRDA:204,41,0,0
BRDA:204,41,1,0
BRDA:204,42,0,0
BRDA:204,42,1,0
BRDA:204,43,0,0
BRDA:204,43,1,0
BRDA:204,44,0,0
BRDA:204,44,1,0
BRDA:205,45,0,0
BRDA:205,45,1,0
BRDA:205,46,0,0
BRDA:205,46,1,0
BRDA:205,47,0,0
BRDA:205,47,1,0
BRDA:205,48,0,0
BRDA:205,48,1,0
BRDA:206,49,0,0
BRDA:206,49,1,0
BRDA:208,50,0,0
BRDA:208,50,1,0
BRDA:208,51,0,0
BRDA:208,51,1,0
BRDA:208,52,0,0
BRDA:208,52,1,0
BRDA:208,53,0,0
BRDA:208,53,1,0
BRDA:209,54,0,0
BRDA:209,54,1,0
BRDA:209,55,0,0
BRDA:209,55,1,0
BRDA:209,56,0,0
BRDA:209,56,1,0
BRDA:209,57,0,0
BRDA:209,57,1,0
BRDA:212,58,0,0
BRDA:212,58,1,0
BRDA:214,59,0,0
BRDA:214,59,1,0
BRDA:214,60,0,0
BRDA:214,60,1,0
BRDA:214,61,0,0
BRDA:214,61,1,0
BRDA:214,62,0,0
BRDA:214,62,1,0
BRDA:215,63,0,0
BRDA:215,63,1,0
BRDA:215,64,0,0
BRDA:215,64,1,0
BRDA:215,65,0,0
BRDA:215,65,1,0
BRDA:215,66,0,0
BRDA:215,66,1,0
BRDA:233,67,0,9
BRDA:233,67,1,0
BRDA:234,68,0,9
BRDA:234,68,1,0
BRDA:235,69,0,9
BRDA:235,69,1,0
BRDA:236,70,0,9
BRDA:236,70,1,0
BRDA:239,71,0,0
BRDA:239,71,1,0
BRDA:241,72,0,0
BRDA:241,72,1,0
BRDA:241,73,0,0
BRDA:241,73,1,0
BRDA:244,74,0,0
BRDA:244,74,1,0
BRDA:249,75,0,9
BRDA:249,75,1,0
BRDA:250,76,0,9
BRDA:250,76,1,0
BRDA:251,77,0,0
BRDA:251,77,1,0
BRDA:252,78,0,0
BRDA:252,78,1,0
BRDA:254,79,0,0
BRDA:254,79,1,0
BRDA:258,80,0,0
BRDA:258,80,1,0
BRDA:258,81,0,0
BRDA:258,81,1,0
BRDA:258,82,0,0
BRDA:258,82,1,0
BRDA:260,83,0,9
BRDA:260,83,1,0
BRDA:261,84,0,3
BRDA:261,84,1,6
BRDA:262,85,0,3
BRDA:262,85,1,3
BRDA:284,86,0,9
BRDA:284,86,1,0
BRDA:284,87,0,0
BRDA:284,87,1,0
BRDA:284,88,0,9
BRDA:284,88,1,0
BRDA:286,89,0,9
BRDA:286,89,1,0
BRDA:288,90,0,9
BRDA:288,90,1,0
BRDA:288,91,0,0
BRDA:288,91,1,0
BRDA:288,92,0,9
BRDA:288,92,1,0
BRDA:290,93,0,9
BRDA:290,93,1,0
BRDA:295,94,0,3
BRDA:295,94,1,0
BRDA:302,95,0,3
BRDA:302,95,1,0
BRDA:302,95,2,0
BRDA:304,96,0,0
BRDA:304,96,1,0
BRDA:304,97,0,0
BRDA:304,97,1,0
BRDA:305,98,0,0
BRDA:305,98,1,0
BRDA:305,98,2,0
BRDA:307,99,0,0
BRDA:307,99,1,0
BRDA:307,100,0,0
BRDA:307,100,1,0
BRDA:307,101,0,0
BRDA:307,101,1,0
BRDA:307,102,0,0
BRDA:307,102,1,0
BRDA:308,103,0,0
BRDA:308,103,1,0
BRDA:308,104,0,0
BRDA:308,104,1,0
BRDA:308,105,0,0
BRDA:308,105,1,0
BRDA:308,106,0,0
BRDA:308,106,1,0
BRDA:308,107,0,0
BRDA:308,107,1,0
BRDA:308,108,0,0
BRDA:308,108,1,0
BRF:223
BRH:59
end_of_record
TN:
SF:src\App.ProjectView.MergeDialog.tsx
FN:27,formatUKDate
FN:36,formatUKTime
FN:61,MergeDialog
FN:73,(anonymous_3)
FN:79,(anonymous_4)
FN:82,(anonymous_5)
FN:100,(anonymous_6)
FN:161,(anonymous_7)
FN:180,(anonymous_8)
FN:209,(anonymous_9)
FN:234,(anonymous_10)
FNF:11
FNH:1
FNDA:0,formatUKDate
FNDA:0,formatUKTime
FNDA:4,MergeDialog
FNDA:0,(anonymous_3)
FNDA:0,(anonymous_4)
FNDA:0,(anonymous_5)
FNDA:0,(anonymous_6)
FNDA:0,(anonymous_7)
FNDA:0,(anonymous_8)
FNDA:0,(anonymous_9)
FNDA:0,(anonymous_10)
DA:2,1
DA:28,0
DA:29,0
DA:30,0
DA:31,0
DA:32,0
DA:37,0
DA:38,0
DA:39,0
DA:61,1
DA:73,4
DA:74,0
DA:75,0
DA:79,0
DA:81,0
DA:82,0
DA:85,0
DA:88,0
DA:89,0
DA:90,0
DA:96,0
DA:100,0
DA:101,0
DA:103,0
DA:104,0
DA:107,0
DA:108,0
DA:109,0
DA:110,0
DA:111,0
DA:116,0
DA:117,0
DA:118,0
DA:119,0
DA:123,0
DA:126,0
DA:128,0
DA:130,0
DA:131,0
DA:132,0
DA:136,0
DA:137,0
DA:143,0
DA:150,0
DA:155,0
DA:158,0
DA:161,0
DA:162,0
DA:163,0
DA:164,0
DA:166,0
DA:167,0
DA:168,0
DA:172,0
DA:173,0
DA:177,0
DA:180,0
DA:181,0
DA:182,0
DA:185,0
DA:188,0
DA:189,0
DA:190,0
DA:191,0
DA:194,0
DA:197,4
DA:198,4
DA:201,0
DA:210,0
DA:235,0
LF:70
LH:5
BRDA:74,0,0,0
BRDA:74,0,1,0
BRDA:74,1,0,0
BRDA:74,1,1,0
BRDA:74,1,2,0
BRDA:89,2,0,0
BRDA:89,2,1,0
BRDA:108,3,0,0
BRDA:108,3,1,0
BRDA:116,4,0,0
BRDA:116,4,1,0
BRDA:130,5,0,0
BRDA:130,5,1,0
BRDA:136,6,0,0
BRDA:136,6,1,0
BRDA:166,7,0,0
BRDA:166,7,1,0
BRDA:172,8,0,0
BRDA:172,8,1,0
BRDA:181,9,0,0
BRDA:181,9,1,0
BRDA:188,10,0,0
BRDA:188,10,1,0
BRDA:197,11,0,4
BRDA:197,11,1,0
BRDA:197,12,0,4
BRDA:197,12,1,0
BRDA:197,12,2,0
BRDA:230,13,0,0
BRDA:230,13,1,0
BRDA:261,14,0,0
BRDA:261,14,1,0
BRF:32
BRH:2
end_of_record
TN:
SF:src\App.ProjectView.ProjectsPane.tsx
FN:8,getLocalStorageItem
FN:47,formatUKDate
FN:56,formatUKTime
FN:77,ProjectsPane
FN:78,(anonymous_13)
FN:96,(anonymous_14)
FN:100,(anonymous_15)
FN:106,(anonymous_16)
FN:116,(anonymous_17)
FN:119,(anonymous_18)
FN:120,(anonymous_19)
FN:120,(anonymous_20)
FN:136,(anonymous_21)
FN:145,(anonymous_22)
FN:149,(anonymous_23)
FN:152,(anonymous_24)
FN:163,(anonymous_25)
FN:179,(anonymous_26)
FN:181,(anonymous_27)
FN:193,(anonymous_28)
FN:208,(anonymous_29)
FN:221,(anonymous_30)
FN:223,(anonymous_31)
FN:228,(anonymous_32)
FN:235,(anonymous_33)
FN:236,(anonymous_34)
FN:252,(anonymous_35)
FN:255,(anonymous_36)
FN:268,(anonymous_37)
FN:270,(anonymous_38)
FN:275,(anonymous_39)
FN:287,(anonymous_40)
FN:293,(anonymous_41)
FN:323,(anonymous_42)
FN:326,(anonymous_43)
FN:339,(anonymous_44)
FN:346,(anonymous_45)
FN:350,(anonymous_46)
FN:352,(anonymous_47)
FN:352,(anonymous_48)
FN:357,(anonymous_49)
FN:359,(anonymous_50)
FN:371,(anonymous_51)
FN:372,(anonymous_52)
FNF:44
FNH:21
FNDA:2,getLocalStorageItem
FNDA:24,formatUKDate
FNDA:12,formatUKTime
FNDA:10,ProjectsPane
FNDA:2,(anonymous_13)
FNDA:0,(anonymous_14)
FNDA:0,(anonymous_15)
FNDA:10,(anonymous_16)
FNDA:12,(anonymous_17)
FNDA:12,(anonymous_18)
FNDA:12,(anonymous_19)
FNDA:12,(anonymous_20)
FNDA:12,(anonymous_21)
FNDA:0,(anonymous_22)
FNDA:16,(anonymous_23)
FNDA:16,(anonymous_24)
FNDA:8,(anonymous_25)
FNDA:0,(anonymous_26)
FNDA:0,(anonymous_27)
FNDA:2,(anonymous_28)
FNDA:0,(anonymous_29)
FNDA:0,(anonymous_30)
FNDA:0,(anonymous_31)
FNDA:0,(anonymous_32)
FNDA:0,(anonymous_33)
FNDA:0,(anonymous_34)
FNDA:0,(anonymous_35)
FNDA:0,(anonymous_36)
FNDA:0,(anonymous_37)
FNDA:0,(anonymous_38)
FNDA:0,(anonymous_39)
FNDA:0,(anonymous_40)
FNDA:0,(anonymous_41)
FNDA:0,(anonymous_42)
FNDA:0,(anonymous_43)
FNDA:0,(anonymous_44)
FNDA:12,(anonymous_45)
FNDA:12,(anonymous_46)
FNDA:12,(anonymous_47)
FNDA:16,(anonymous_48)
FNDA:12,(anonymous_49)
FNDA:12,(anonymous_50)
FNDA:0,(anonymous_51)
FNDA:0,(anonymous_52)
DA:1,1
DA:2,1
DA:3,1
DA:4,1
DA:5,1
DA:9,2
DA:10,2
DA:11,0
DA:13,2
DA:14,2
DA:16,0
DA:48,24
DA:49,24
DA:50,24
DA:51,24
DA:52,24
DA:57,12
DA:58,12
DA:59,12
DA:77,1
DA:78,10
DA:79,2
DA:80,2
DA:81,2
DA:83,10
DA:84,10
DA:85,10
DA:86,10
DA:87,10
DA:88,10
DA:89,10
DA:90,10
DA:91,10
DA:93,10
DA:94,10
DA:96,10
DA:97,0
DA:100,10
DA:101,0
DA:102,0
DA:106,10
DA:107,10
DA:108,0
DA:109,10
DA:110,0
DA:111,0
DA:116,10
DA:117,12
DA:118,12
DA:119,12
DA:120,12
DA:122,12
DA:124,0
DA:126,0
DA:128,12
DA:130,0
DA:135,10
DA:136,10
DA:137,12
DA:144,10
DA:145,0
DA:149,10
DA:150,16
DA:151,16
DA:152,16
DA:153,16
DA:154,16
DA:155,16
DA:159,16
DA:162,10
DA:165,8
DA:167,8
DA:168,8
DA:170,0
DA:171,0
DA:172,0
DA:174,8
DA:175,8
DA:176,8
DA:178,0
DA:179,0
DA:180,0
DA:181,0
DA:182,0
DA:184,0
DA:187,0
DA:188,0
DA:193,10
DA:194,2
DA:197,10
DA:208,0
DA:222,0
DA:223,0
DA:224,0
DA:225,0
DA:229,0
DA:230,0
DA:231,0
DA:232,0
DA:235,0
DA:236,0
DA:253,0
DA:255,0
DA:269,0
DA:270,0
DA:271,0
DA:272,0
DA:276,0
DA:277,0
DA:278,0
DA:279,0
DA:280,0
DA:281,0
DA:282,0
DA:283,0
DA:288,0
DA:289,0
DA:290,0
DA:294,0
DA:295,0
DA:296,0
DA:297,0
DA:299,0
DA:300,0
DA:324,0
DA:326,0
DA:339,0
DA:347,12
DA:349,12
DA:350,12
DA:351,12
DA:352,16
DA:354,12
DA:355,12
DA:356,12
DA:357,12
DA:358,12
DA:359,12
DA:360,12
DA:364,12
DA:365,12
DA:367,12
DA:371,0
DA:372,0
LF:144
LH:82
BRDA:10,0,0,0
BRDA:10,0,1,2
BRDA:80,1,0,2
BRDA:80,1,1,0
BRDA:81,2,0,1
BRDA:81,2,1,1
BRDA:81,3,0,2
BRDA:81,3,1,2
BRDA:81,3,2,1
BRDA:101,4,0,0
BRDA:101,4,1,0
BRDA:107,5,0,0
BRDA:107,5,1,10
BRDA:107,5,2,0
BRDA:107,5,3,0
BRDA:116,6,0,10
BRDA:116,6,1,0
BRDA:117,7,0,0
BRDA:117,7,1,12
BRDA:117,8,0,12
BRDA:117,8,1,12
BRDA:118,9,0,12
BRDA:118,9,1,12
BRDA:119,10,0,12
BRDA:119,10,1,12
BRDA:119,11,0,12
BRDA:119,11,1,12
BRDA:120,12,0,12
BRDA:120,12,1,12
BRDA:120,13,0,12
BRDA:120,13,1,12
BRDA:122,14,0,0
BRDA:122,14,1,0
BRDA:122,14,2,12
BRDA:122,14,3,0
BRDA:135,15,0,10
BRDA:135,15,1,0
BRDA:137,16,0,12
BRDA:137,16,1,12
BRDA:137,16,2,12
BRDA:144,17,0,0
BRDA:144,17,1,10
BRDA:144,18,0,10
BRDA:144,18,1,10
BRDA:151,19,0,16
BRDA:151,19,1,0
BRDA:154,20,0,16
BRDA:154,20,1,0
BRDA:162,21,0,4
BRDA:162,21,1,6
BRDA:162,22,0,10
BRDA:162,22,1,10
BRDA:162,22,2,10
BRDA:165,23,0,0
BRDA:165,23,1,8
BRDA:165,24,0,8
BRDA:165,24,1,8
BRDA:168,25,0,0
BRDA:168,25,1,8
BRDA:168,25,2,0
BRDA:168,25,3,0
BRDA:170,26,0,0
BRDA:170,26,1,0
BRDA:171,27,0,0
BRDA:171,27,1,0
BRDA:178,28,0,0
BRDA:178,28,1,0
BRDA:178,29,0,0
BRDA:178,29,1,0
BRDA:179,30,0,0
BRDA:179,30,1,0
BRDA:179,31,0,0
BRDA:179,31,1,0
BRDA:179,31,2,0
BRDA:180,32,0,0
BRDA:180,32,1,0
BRDA:180,33,0,0
BRDA:180,33,1,0
BRDA:181,34,0,0
BRDA:181,34,1,0
BRDA:181,35,0,0
BRDA:181,35,1,0
BRDA:181,35,2,0
BRDA:207,36,0,0
BRDA:207,36,1,10
BRDA:222,37,0,0
BRDA:222,37,1,0
BRDA:229,38,0,0
BRDA:229,38,1,0
BRDA:232,39,0,0
BRDA:232,39,1,0
BRDA:235,40,0,0
BRDA:235,40,1,0
BRDA:236,41,0,0
BRDA:236,41,1,0
BRDA:238,42,0,0
BRDA:238,42,1,10
BRDA:240,43,0,10
BRDA:240,43,1,0
BRDA:247,44,0,10
BRDA:247,44,1,0
BRDA:256,45,0,0
BRDA:256,45,1,0
BRDA:259,46,0,0
BRDA:259,46,1,0
BRDA:269,47,0,0
BRDA:269,47,1,0
BRDA:276,48,0,0
BRDA:276,48,1,0
BRDA:279,49,0,0
BRDA:279,49,1,0
BRDA:288,50,0,0
BRDA:288,50,1,0
BRDA:295,51,0,0
BRDA:295,51,1,0
BRDA:311,52,0,0
BRDA:311,52,1,10
BRDA:311,53,0,0
BRDA:311,53,1,10
BRDA:311,54,0,10
BRDA:311,54,1,0
BRDA:313,55,0,10
BRDA:313,55,1,0
BRDA:327,56,0,0
BRDA:327,56,1,0
BRDA:330,57,0,0
BRDA:330,57,1,0
BRDA:338,58,0,0
BRDA:338,58,1,10
BRDA:346,59,0,10
BRDA:346,59,1,0
BRDA:346,60,0,10
BRDA:346,60,1,10
BRDA:347,61,0,0
BRDA:347,61,1,12
BRDA:347,62,0,12
BRDA:347,62,1,12
BRDA:349,63,0,12
BRDA:349,63,1,0
BRDA:349,64,0,12
BRDA:349,64,1,12
BRDA:350,65,0,12
BRDA:350,65,1,0
BRDA:350,66,0,12
BRDA:350,66,1,12
BRDA:350,66,2,12
BRDA:351,67,0,12
BRDA:351,67,1,0
BRDA:351,68,0,12
BRDA:351,68,1,12
BRDA:352,69,0,12
BRDA:352,69,1,0
BRDA:352,70,0,12
BRDA:352,70,1,12
BRDA:352,70,2,12
BRDA:354,71,0,12
BRDA:354,71,1,0
BRDA:354,72,0,12
BRDA:354,72,1,12
BRDA:355,73,0,12
BRDA:355,73,1,0
BRDA:356,74,0,12
BRDA:356,74,1,0
BRDA:358,75,0,0
BRDA:358,75,1,12
BRDA:358,76,0,12
BRDA:358,76,1,12
BRDA:364,77,0,12
BRDA:364,77,1,12
BRDA:364,77,2,12
BRDA:364,77,3,12
BRDA:364,77,4,12
BRDA:370,78,0,4
BRDA:370,78,1,8
BRDA:370,79,0,12
BRDA:370,79,1,12
BRDA:370,80,0,0
BRDA:370,80,1,12
BRDA:375,81,0,12
BRDA:375,81,1,0
BRDA:377,82,0,0
BRDA:377,82,1,12
BRDA:382,83,0,12
BRDA:382,83,1,12
BRDA:383,84,0,12
BRDA:383,84,1,12
BRF:186
BRH:94
end_of_record
TN:
SF:src\App.ProjectView.PromptView.tsx
FN:26,PromptView
FN:30,(anonymous_1)
FN:34,(anonymous_2)
FN:36,(anonymous_3)
FN:36,(anonymous_4)
FN:39,(anonymous_5)
FN:43,(anonymous_6)
FN:81,(anonymous_7)
FN:91,(anonymous_8)
FN:107,(anonymous_9)
FN:121,(anonymous_10)
FN:125,(anonymous_11)
FN:137,(anonymous_12)
FN:146,(anonymous_13)
FN:171,(anonymous_14)
FN:172,(anonymous_15)
FN:181,(anonymous_16)
FN:181,(anonymous_17)
FN:207,(anonymous_18)
FN:211,(anonymous_19)
FN:234,(anonymous_20)
FN:234,(anonymous_21)
FN:238,(anonymous_22)
FN:238,(anonymous_23)
FN:245,(anonymous_24)
FN:245,(anonymous_25)
FNF:26
FNH:0
FNDA:0,PromptView
FNDA:0,(anonymous_1)
FNDA:0,(anonymous_2)
FNDA:0,(anonymous_3)
FNDA:0,(anonymous_4)
FNDA:0,(anonymous_5)
FNDA:0,(anonymous_6)
FNDA:0,(anonymous_7)
FNDA:0,(anonymous_8)
FNDA:0,(anonymous_9)
FNDA:0,(anonymous_10)
FNDA:0,(anonymous_11)
FNDA:0,(anonymous_12)
FNDA:0,(anonymous_13)
FNDA:0,(anonymous_14)
FNDA:0,(anonymous_15)
FNDA:0,(anonymous_16)
FNDA:0,(anonymous_17)
FNDA:0,(anonymous_18)
FNDA:0,(anonymous_19)
FNDA:0,(anonymous_20)
FNDA:0,(anonymous_21)
FNDA:0,(anonymous_22)
FNDA:0,(anonymous_23)
FNDA:0,(anonymous_24)
FNDA:0,(anonymous_25)
DA:1,1
DA:2,1
DA:3,1
DA:4,1
DA:26,1
DA:27,0
DA:28,0
DA:29,0
DA:30,0
DA:31,0
DA:32,0
DA:34,0
DA:35,0
DA:36,0
DA:39,0
DA:40,0
DA:43,0
DA:44,0
DA:46,0
DA:47,0
DA:48,0
DA:50,0
DA:52,0
DA:55,0
DA:56,0
DA:57,0
DA:58,0
DA:59,0
DA:60,0
DA:63,0
DA:64,0
DA:65,0
DA:68,0
DA:69,0
DA:71,0
DA:72,0
DA:73,0
DA:74,0
DA:75,0
DA:78,0
DA:81,0
DA:82,0
DA:83,0
DA:84,0
DA:86,0
DA:89,0
DA:91,0
DA:92,0
DA:93,0
DA:94,0
DA:97,0
DA:99,0
DA:100,0
DA:101,0
DA:103,0
DA:107,0
DA:109,0
DA:110,0
DA:111,0
DA:112,0
DA:116,0
DA:117,0
DA:121,0
DA:122,0
DA:125,0
DA:126,0
DA:127,0
DA:128,0
DA:129,0
DA:130,0
DA:131,0
DA:132,0
DA:133,0
DA:134,0
DA:137,0
DA:139,0
DA:140,0
DA:142,0
DA:146,0
DA:147,0
DA:148,0
DA:149,0
DA:150,0
DA:154,0
DA:155,0
DA:162,0
DA:163,0
DA:171,0
DA:172,0
DA:181,0
DA:208,0
DA:212,0
DA:213,0
DA:234,0
DA:238,0
DA:245,0
LF:96
LH:5
BRDA:26,0,0,0
BRDA:31,1,0,0
BRDA:31,1,1,0
BRDA:32,2,0,0
BRDA:32,2,1,0
BRDA:32,3,0,0
BRDA:32,3,1,0
BRDA:44,4,0,0
BRDA:44,4,1,0
BRDA:55,5,0,0
BRDA:55,5,1,0
BRDA:55,6,0,0
BRDA:55,6,1,0
BRDA:57,7,0,0
BRDA:57,7,1,0
BRDA:68,8,0,0
BRDA:68,8,1,0
BRDA:82,9,0,0
BRDA:82,9,1,0
BRDA:82,9,2,0
BRDA:82,9,3,0
BRDA:83,10,0,0
BRDA:83,10,1,0
BRDA:83,11,0,0
BRDA:83,11,1,0
BRDA:94,12,0,0
BRDA:94,12,1,0
BRDA:100,13,0,0
BRDA:100,13,1,0
BRDA:109,14,0,0
BRDA:109,14,1,0
BRDA:139,15,0,0
BRDA:139,15,1,0
BRDA:147,16,0,0
BRDA:147,16,1,0
BRDA:147,16,2,0
BRDA:154,17,0,0
BRDA:154,17,1,0
BRDA:181,18,0,0
BRDA:181,18,1,0
BRDA:183,19,0,0
BRDA:183,19,1,0
BRDA:185,20,0,0
BRDA:185,20,1,0
BRDA:188,21,0,0
BRDA:188,21,1,0
BRDA:192,22,0,0
BRDA:192,22,1,0
BRDA:198,23,0,0
BRDA:198,23,1,0
BRDA:198,23,2,0
BRDA:198,23,3,0
BRDA:221,24,0,0
BRDA:221,24,1,0
BRDA:209,25,0,0
BRDA:209,25,1,0
BRDA:230,26,0,0
BRDA:230,26,1,0
BRDA:238,27,0,0
BRDA:238,27,1,0
BRDA:245,28,0,0
BRDA:245,28,1,0
BRDA:245,29,0,0
BRDA:245,29,1,0
BRDA:245,29,2,0
BRF:65
BRH:0
end_of_record
TN:
SF:src\App.ProjectView.SessionControls.tsx
FN:54,SessionControls
FN:74,(anonymous_1)
FN:78,(anonymous_2)
FN:99,(anonymous_3)
FN:111,(anonymous_4)
FN:114,(anonymous_5)
FN:146,(anonymous_6)
FN:164,(anonymous_7)
FN:190,(anonymous_8)
FN:191,(anonymous_9)
FN:205,(anonymous_10)
FN:219,(anonymous_11)
FN:226,(anonymous_12)
FN:233,(anonymous_13)
FN:247,(anonymous_14)
FN:251,(anonymous_15)
FN:253,(anonymous_16)
FN:259,(anonymous_17)
FN:268,(anonymous_18)
FNF:19
FNH:2
FNDA:4,SessionControls
FNDA:0,(anonymous_1)
FNDA:0,(anonymous_2)
FNDA:0,(anonymous_3)
FNDA:0,(anonymous_4)
FNDA:0,(anonymous_5)
FNDA:0,(anonymous_6)
FNDA:0,(anonymous_7)
FNDA:0,(anonymous_8)
FNDA:0,(anonymous_9)
FNDA:0,(anonymous_10)
FNDA:0,(anonymous_11)
FNDA:0,(anonymous_12)
FNDA:0,(anonymous_13)
FNDA:4,(anonymous_14)
FNDA:0,(anonymous_15)
FNDA:0,(anonymous_16)
FNDA:0,(anonymous_17)
FNDA:0,(anonymous_18)
DA:1,1
DA:2,1
DA:3,1
DA:4,1
DA:54,1
DA:71,4
DA:72,4
DA:74,4
DA:75,0
DA:78,0
DA:80,0
DA:81,0
DA:82,0
DA:86,0
DA:92,0
DA:95,0
DA:96,0
DA:99,0
DA:100,0
DA:101,0
DA:103,0
DA:104,0
DA:107,0
DA:109,0
DA:111,0
DA:114,0
DA:115,0
DA:116,0
DA:117,0
DA:119,0
DA:120,0
DA:121,0
DA:125,0
DA:126,0
DA:127,0
DA:128,0
DA:130,0
DA:131,0
DA:132,0
DA:134,0
DA:135,0
DA:139,0
DA:140,0
DA:145,0
DA:146,0
DA:149,0
DA:150,0
DA:151,0
DA:152,0
DA:156,0
DA:157,0
DA:159,0
DA:164,0
DA:165,0
DA:166,0
DA:167,0
DA:168,0
DA:170,0
DA:171,0
DA:172,0
DA:177,0
DA:178,0
DA:181,4
DA:182,0
DA:186,4
DA:190,0
DA:191,0
DA:205,0
DA:219,0
DA:226,0
DA:233,0
DA:247,4
DA:251,0
DA:253,0
DA:259,0
DA:268,0
LF:76
LH:11
BRDA:75,0,0,0
BRDA:75,0,1,0
BRDA:75,1,0,0
BRDA:75,1,1,0
BRDA:78,2,0,0
BRDA:78,2,1,0
BRDA:78,3,0,0
BRDA:78,3,1,0
BRDA:80,4,0,0
BRDA:80,4,1,0
BRDA:87,5,0,0
BRDA:87,5,1,0
BRDA:89,6,0,0
BRDA:89,6,1,0
BRDA:92,7,0,0
BRDA:92,7,1,0
BRDA:109,8,0,0
BRDA:109,8,1,0
BRDA:119,9,0,0
BRDA:119,9,1,0
BRDA:125,10,0,0
BRDA:125,10,1,0
BRDA:125,11,0,0
BRDA:125,11,1,0
BRDA:131,12,0,0
BRDA:131,12,1,0
BRDA:149,13,0,0
BRDA:149,13,1,0
BRDA:151,14,0,0
BRDA:151,14,1,0
BRDA:170,15,0,0
BRDA:170,15,1,0
BRDA:181,16,0,0
BRDA:181,16,1,4
BRDA:195,17,0,4
BRDA:195,17,1,4
BRDA:195,17,2,4
BRDA:205,18,0,0
BRDA:205,18,1,0
BRDA:206,19,0,4
BRDA:206,19,1,0
BRDA:208,20,0,4
BRDA:208,20,1,0
BRDA:212,21,0,4
BRDA:212,21,1,4
BRDA:218,22,0,4
BRDA:218,22,1,0
BRDA:225,23,0,4
BRDA:225,23,1,0
BRDA:232,24,0,4
BRDA:232,24,1,0
BRDA:242,25,0,4
BRDA:242,25,1,0
BRDA:247,26,0,4
BRDA:247,26,1,4
BRDA:247,26,2,0
BRDA:247,27,0,4
BRDA:247,27,1,4
BRDA:251,28,0,0
BRDA:251,28,1,0
BRDA:251,29,0,0
BRDA:251,29,1,0
BRDA:253,30,0,0
BRDA:253,30,1,0
BRDA:253,31,0,0
BRDA:253,31,1,0
BRDA:256,32,0,4
BRDA:256,32,1,0
BRDA:278,33,0,4
BRDA:278,33,1,4
BRF:70
BRH:19
end_of_record
TN:
SF:src\App.ProjectView.SessionTabs.tsx
FN:27,formatUKDate
FN:36,formatUKTime
FN:58,SessionTabs
FN:73,(anonymous_4)
FN:77,(anonymous_5)
FN:91,(anonymous_6)
FN:134,(anonymous_7)
FN:135,(anonymous_8)
FN:143,(anonymous_9)
FN:144,(anonymous_10)
FN:171,(anonymous_11)
FN:173,(anonymous_12)
FN:179,(anonymous_13)
FN:180,(anonymous_14)
FNF:14
FNH:7
FNDA:8,formatUKDate
FNDA:8,formatUKTime
FNDA:4,SessionTabs
FNDA:4,(anonymous_4)
FNDA:4,(anonymous_5)
FNDA:4,(anonymous_6)
FNDA:0,(anonymous_7)
FNDA:4,(anonymous_8)
FNDA:0,(anonymous_9)
FNDA:0,(anonymous_10)
FNDA:0,(anonymous_11)
FNDA:0,(anonymous_12)
FNDA:0,(anonymous_13)
FNDA:0,(anonymous_14)
DA:1,1
DA:2,1
DA:28,8
DA:29,8
DA:30,8
DA:31,8
DA:32,8
DA:37,8
DA:38,8
DA:39,8
DA:58,1
DA:73,4
DA:74,4
DA:75,0
DA:77,4
DA:78,4
DA:79,4
DA:81,4
DA:84,4
DA:91,4
DA:92,4
DA:93,4
DA:96,4
DA:97,4
DA:98,4
DA:99,4
DA:101,4
DA:118,4
DA:119,0
DA:121,4
DA:124,4
DA:127,4
DA:128,0
DA:131,4
DA:134,0
DA:136,4
DA:137,4
DA:139,4
DA:143,0
DA:144,0
DA:172,0
DA:173,0
DA:174,0
DA:175,0
DA:182,0
LF:45
LH:34
BRDA:74,0,0,0
BRDA:74,0,1,4
BRDA:74,1,0,4
BRDA:74,1,1,4
BRDA:74,1,2,4
BRDA:78,2,0,4
BRDA:78,2,1,0
BRDA:78,3,0,4
BRDA:78,3,1,4
BRDA:79,4,0,4
BRDA:79,4,1,4
BRDA:85,5,0,4
BRDA:85,5,1,0
BRDA:86,6,0,4
BRDA:86,6,1,4
BRDA:87,7,0,4
BRDA:87,7,1,4
BRDA:93,8,0,4
BRDA:93,8,1,0
BRDA:96,9,0,4
BRDA:96,9,1,4
BRDA:97,10,0,0
BRDA:97,10,1,4
BRDA:98,11,0,0
BRDA:98,11,1,4
BRDA:99,12,0,0
BRDA:99,12,1,4
BRDA:118,13,0,0
BRDA:118,13,1,4
BRDA:127,14,0,0
BRDA:127,14,1,4
BRDA:133,15,0,4
BRDA:133,15,1,0
BRDA:133,16,0,4
BRDA:133,16,1,4
BRDA:142,17,0,2
BRDA:142,17,1,2
BRDA:142,18,0,0
BRDA:142,18,1,4
BRDA:156,19,0,4
BRDA:156,19,1,0
BRDA:162,20,0,4
BRDA:162,20,1,0
BRDA:169,21,0,0
BRDA:169,21,1,0
BRDA:170,22,0,0
BRDA:170,22,1,0
BRDA:172,23,0,0
BRDA:172,23,1,0
BRDA:172,24,0,0
BRDA:172,24,1,0
BRDA:174,25,0,0
BRDA:174,25,1,0
BRF:53
BRH:30
end_of_record
TN:
SF:src\App.ProjectView.SingleProjectPane.tsx
FN:59,SingleProjectPane
FN:74,(anonymous_10)
FN:105,(anonymous_11)
FN:109,(anonymous_12)
FN:126,(anonymous_13)
FN:141,(anonymous_14)
FN:148,(anonymous_15)
FN:153,(anonymous_16)
FN:157,(anonymous_17)
FN:178,(anonymous_18)
FN:184,(anonymous_19)
FN:209,(anonymous_20)
FN:216,(anonymous_21)
FN:226,(anonymous_22)
FN:229,(anonymous_23)
FN:237,(anonymous_24)
FN:240,(anonymous_25)
FN:241,(anonymous_26)
FN:261,(anonymous_27)
FN:269,(anonymous_28)
FN:315,(anonymous_29)
FN:317,(anonymous_30)
FN:346,(anonymous_31)
FNF:23
FNH:6
FNDA:10,SingleProjectPane
FNDA:4,(anonymous_10)
FNDA:0,(anonymous_11)
FNDA:0,(anonymous_12)
FNDA:0,(anonymous_13)
FNDA:0,(anonymous_14)
FNDA:0,(anonymous_15)
FNDA:0,(anonymous_16)
FNDA:0,(anonymous_17)
FNDA:0,(anonymous_18)
FNDA:0,(anonymous_19)
FNDA:0,(anonymous_20)
FNDA:0,(anonymous_21)
FNDA:10,(anonymous_22)
FNDA:4,(anonymous_23)
FNDA:0,(anonymous_24)
FNDA:4,(anonymous_25)
FNDA:0,(anonymous_26)
FNDA:4,(anonymous_27)
FNDA:0,(anonymous_28)
FNDA:0,(anonymous_29)
FNDA:0,(anonymous_30)
FNDA:0,(anonymous_31)
DA:1,1
DA:2,1
DA:5,1
DA:6,1
DA:7,1
DA:8,1
DA:9,1
DA:10,1
DA:11,1
DA:12,1
DA:59,1
DA:70,10
DA:71,10
DA:74,10
DA:75,4
DA:76,2
DA:81,10
DA:82,10
DA:89,10
DA:91,10
DA:94,10
DA:95,10
DA:96,10
DA:97,10
DA:98,10
DA:99,10
DA:100,10
DA:105,10
DA:106,0
DA:107,0
DA:109,0
DA:110,0
DA:111,0
DA:112,0
DA:115,0
DA:117,0
DA:121,0
DA:122,0
DA:126,10
DA:127,0
DA:128,0
DA:129,0
DA:130,0
DA:133,10
DA:134,10
DA:141,10
DA:142,0
DA:143,0
DA:144,0
DA:147,0
DA:148,0
DA:149,0
DA:152,0
DA:153,0
DA:155,0
DA:157,0
DA:158,0
DA:160,0
DA:161,0
DA:164,0
DA:166,0
DA:167,0
DA:168,0
DA:169,0
DA:170,0
DA:172,0
DA:178,10
DA:179,0
DA:180,0
DA:184,0
DA:185,0
DA:186,0
DA:187,0
DA:189,0
DA:190,0
DA:191,0
DA:195,0
DA:196,0
DA:197,0
DA:199,0
DA:200,0
DA:201,0
DA:203,0
DA:205,0
DA:209,10
DA:210,0
DA:211,0
DA:212,0
DA:216,10
DA:217,0
DA:218,0
DA:219,0
DA:220,0
DA:221,0
DA:222,0
DA:226,10
DA:227,10
DA:228,4
DA:229,4
DA:230,4
DA:233,0
DA:235,4
DA:237,0
DA:240,4
DA:241,2
DA:242,2
DA:246,10
DA:248,10
DA:249,6
DA:260,4
DA:261,4
DA:262,4
DA:265,0
DA:267,4
DA:269,0
DA:273,4
DA:281,4
DA:315,0
DA:318,0
DA:319,0
LF:120
LH:53
BRDA:75,0,0,2
BRDA:75,0,1,2
BRDA:106,1,0,0
BRDA:106,1,1,0
BRDA:106,2,0,0
BRDA:106,2,1,0
BRDA:106,2,2,0
BRDA:111,3,0,0
BRDA:111,3,1,0
BRDA:142,4,0,0
BRDA:142,4,1,0
BRDA:148,5,0,0
BRDA:148,5,1,0
BRDA:153,6,0,0
BRDA:153,6,1,0
BRDA:155,7,0,0
BRDA:155,7,1,0
BRDA:155,8,0,0
BRDA:155,8,1,0
BRDA:179,9,0,0
BRDA:179,9,1,0
BRDA:179,10,0,0
BRDA:179,10,1,0
BRDA:189,11,0,0
BRDA:189,11,1,0
BRDA:195,12,0,0
BRDA:195,12,1,0
BRDA:195,13,0,0
BRDA:195,13,1,0
BRDA:201,14,0,0
BRDA:201,14,1,0
BRDA:210,15,0,0
BRDA:210,15,1,0
BRDA:227,16,0,6
BRDA:227,16,1,4
BRDA:227,17,0,10
BRDA:227,17,1,4
BRDA:230,18,0,0
BRDA:230,18,1,0
BRDA:230,18,2,4
BRDA:230,18,3,0
BRDA:235,19,0,4
BRDA:235,19,1,4
BRDA:237,20,0,0
BRDA:237,20,1,0
BRDA:240,21,0,2
BRDA:240,21,1,2
BRDA:240,22,0,4
BRDA:240,22,1,2
BRDA:246,23,0,10
BRDA:246,23,1,10
BRDA:246,23,2,6
BRDA:248,24,0,6
BRDA:248,24,1,4
BRDA:262,25,0,0
BRDA:262,25,1,0
BRDA:262,25,2,4
BRDA:262,25,3,0
BRDA:267,26,0,4
BRDA:267,26,1,4
BRDA:269,27,0,0
BRDA:269,27,1,0
BRDA:302,28,0,4
BRDA:302,28,1,4
BRDA:336,29,0,4
BRDA:336,29,1,0
BRF:66
BRH:24
end_of_record
TN:
SF:src\App.ProjectView.TodoList.tsx
FN:36,formatUKTime
FN:53,TodoList
FN:92,(anonymous_11)
FN:95,(anonymous_12)
FN:101,(anonymous_13)
FN:102,(anonymous_14)
FN:117,(anonymous_15)
FN:118,(anonymous_16)
FN:122,(anonymous_17)
FN:143,(anonymous_18)
FN:157,(anonymous_19)
FN:179,(anonymous_20)
FN:202,(anonymous_21)
FN:226,(anonymous_22)
FNF:14
FNH:6
FNDA:4,formatUKTime
FNDA:4,TodoList
FNDA:0,(anonymous_11)
FNDA:4,(anonymous_12)
FNDA:0,(anonymous_13)
FNDA:0,(anonymous_14)
FNDA:0,(anonymous_15)
FNDA:0,(anonymous_16)
FNDA:4,(anonymous_17)
FNDA:0,(anonymous_18)
FNDA:0,(anonymous_19)
FNDA:4,(anonymous_20)
FNDA:0,(anonymous_21)
FNDA:4,(anonymous_22)
DA:1,1
DA:2,1
DA:3,1
DA:4,1
DA:37,4
DA:38,4
DA:39,4
DA:53,1
DA:78,4
DA:92,4
DA:95,4
DA:96,4
DA:97,0
DA:104,0
DA:117,4
DA:118,4
DA:120,4
DA:122,4
DA:123,4
DA:125,0
DA:127,0
DA:129,4
DA:131,0
DA:136,4
DA:137,0
DA:140,4
DA:146,0
DA:147,0
DA:148,0
DA:151,0
DA:152,0
DA:153,0
DA:154,0
DA:160,0
DA:161,0
DA:162,0
DA:165,0
DA:166,0
DA:167,0
DA:180,4
DA:181,4
DA:182,4
DA:183,4
DA:202,0
DA:226,4
LF:45
LH:25
BRDA:96,0,0,0
BRDA:96,0,1,4
BRDA:96,1,0,4
BRDA:96,1,1,0
BRDA:96,1,2,0
BRDA:120,2,0,4
BRDA:120,2,1,4
BRDA:120,2,2,0
BRDA:123,3,0,0
BRDA:123,3,1,0
BRDA:123,3,2,4
BRDA:123,3,3,0
BRDA:136,4,0,0
BRDA:136,4,1,4
BRDA:142,5,0,0
BRDA:142,5,1,4
BRDA:147,6,0,0
BRDA:147,6,1,0
BRDA:147,7,0,0
BRDA:147,7,1,0
BRDA:147,7,2,0
BRDA:151,8,0,0
BRDA:151,8,1,0
BRDA:151,9,0,0
BRDA:151,9,1,0
BRDA:151,9,2,0
BRDA:161,10,0,0
BRDA:161,10,1,0
BRDA:161,11,0,0
BRDA:161,11,1,0
BRDA:161,11,2,0
BRDA:172,12,0,4
BRDA:172,12,1,0
BRDA:185,13,0,4
BRDA:185,13,1,4
BRDA:210,14,0,4
BRDA:210,14,1,4
BRDA:210,14,2,4
BRDA:213,15,0,4
BRDA:213,15,1,0
BRDA:216,16,0,4
BRDA:216,16,1,0
BRDA:216,16,2,0
BRDA:219,17,0,4
BRDA:219,17,1,0
BRDA:219,17,2,0
BRDA:225,18,0,0
BRDA:225,18,1,4
BRDA:226,19,0,4
BRDA:226,19,1,0
BRDA:227,20,0,4
BRDA:227,20,1,4
BRF:52
BRH:20
end_of_record
TN:
SF:src\App.ProjectView.tsx
FN:14,getLocalStorageItem
FN:34,ProjectView
FN:46,(anonymous_11)
FN:86,(anonymous_12)
FN:88,(anonymous_13)
FN:103,(anonymous_14)
FN:106,(anonymous_15)
FN:109,(anonymous_16)
FN:112,(anonymous_17)
FN:126,(anonymous_18)
FN:133,(anonymous_19)
FN:134,(anonymous_20)
FN:137,(anonymous_21)
FN:143,(anonymous_22)
FN:144,(anonymous_23)
FN:145,(anonymous_24)
FN:157,(anonymous_25)
FN:167,(anonymous_26)
FN:177,(anonymous_27)
FN:183,(anonymous_28)
FN:186,(anonymous_29)
FN:201,(anonymous_30)
FN:207,(anonymous_31)
FN:214,(anonymous_32)
FN:233,(anonymous_33)
FN:236,(anonymous_34)
FN:250,(anonymous_35)
FN:260,(anonymous_36)
FN:269,(anonymous_37)
FN:274,(anonymous_38)
FN:283,(anonymous_39)
FN:284,(anonymous_40)
FN:287,(anonymous_41)
FN:291,(anonymous_42)
FN:291,(anonymous_43)
FN:298,(anonymous_44)
FN:303,(anonymous_45)
FN:308,(anonymous_46)
FN:332,(anonymous_47)
FN:340,(anonymous_48)
FN:347,(anonymous_49)
FN:358,(anonymous_50)
FN:369,(anonymous_51)
FN:419,(anonymous_52)
FN:419,(anonymous_53)
FN:428,(anonymous_54)
FN:429,(anonymous_55)
FN:439,(anonymous_56)
FN:458,(anonymous_57)
FN:474,(anonymous_58)
FN:495,(anonymous_59)
FN:496,(anonymous_60)
FNF:52
FNH:26
FNDA:6,getLocalStorageItem
FNDA:10,ProjectView
FNDA:2,(anonymous_11)
FNDA:2,(anonymous_12)
FNDA:0,(anonymous_13)
FNDA:3,(anonymous_14)
FNDA:6,(anonymous_15)
FNDA:3,(anonymous_16)
FNDA:6,(anonymous_17)
FNDA:2,(anonymous_18)
FNDA:5,(anonymous_19)
FNDA:5,(anonymous_20)
FNDA:6,(anonymous_21)
FNDA:6,(anonymous_22)
FNDA:18,(anonymous_23)
FNDA:6,(anonymous_24)
FNDA:0,(anonymous_25)
FNDA:2,(anonymous_26)
FNDA:2,(anonymous_27)
FNDA:4,(anonymous_28)
FNDA:0,(anonymous_29)
FNDA:5,(anonymous_30)
FNDA:0,(anonymous_31)
FNDA:4,(anonymous_32)
FNDA:0,(anonymous_33)
FNDA:0,(anonymous_34)
FNDA:0,(anonymous_35)
FNDA:0,(anonymous_36)
FNDA:2,(anonymous_37)
FNDA:2,(anonymous_38)
FNDA:5,(anonymous_39)
FNDA:0,(anonymous_40)
FNDA:0,(anonymous_41)
FNDA:0,(anonymous_42)
FNDA:0,(anonymous_43)
FNDA:5,(anonymous_44)
FNDA:0,(anonymous_45)
FNDA:0,(anonymous_46)
FNDA:0,(anonymous_47)
FNDA:0,(anonymous_48)
FNDA:0,(anonymous_49)
FNDA:0,(anonymous_50)
FNDA:0,(anonymous_51)
FNDA:12,(anonymous_52)
FNDA:4,(anonymous_53)
FNDA:0,(anonymous_54)
FNDA:0,(anonymous_55)
FNDA:0,(anonymous_56)
FNDA:0,(anonymous_57)
FNDA:0,(anonymous_58)
FNDA:0,(anonymous_59)
FNDA:0,(anonymous_60)
DA:1,1
DA:2,1
DA:3,1
DA:4,1
DA:5,1
DA:8,1
DA:9,1
DA:10,1
DA:11,1
DA:15,6
DA:16,6
DA:17,0
DA:19,6
DA:20,6
DA:22,0
DA:34,1
DA:35,10
DA:36,10
DA:37,10
DA:38,10
DA:39,10
DA:40,10
DA:41,10
DA:42,10
DA:43,10
DA:44,10
DA:45,10
DA:46,10
DA:47,2
DA:48,2
DA:49,2
DA:53,10
DA:54,10
DA:55,10
DA:56,10
DA:57,10
DA:60,10
DA:73,10
DA:86,10
DA:88,2
DA:89,0
DA:90,0
DA:91,0
DA:92,0
DA:93,0
DA:95,0
DA:96,0
DA:99,0
DA:103,2
DA:104,3
DA:105,3
DA:106,6
DA:109,2
DA:110,3
DA:111,3
DA:112,6
DA:116,2
DA:119,2
DA:120,2
DA:123,2
DA:124,2
DA:126,2
DA:127,2
DA:128,2
DA:133,10
DA:134,5
DA:137,6
DA:143,5
DA:144,18
DA:145,6
DA:152,6
DA:153,6
DA:157,0
DA:160,5
DA:161,5
DA:163,5
DA:167,10
DA:168,2
DA:174,10
DA:176,10
DA:177,10
DA:178,2
DA:179,2
DA:183,10
DA:184,4
DA:185,2
DA:186,2
DA:187,2
DA:188,0
DA:189,0
DA:190,0
DA:192,2
DA:193,2
DA:194,2
DA:195,2
DA:201,10
DA:202,5
DA:203,2
DA:204,2
DA:205,2
DA:206,0
DA:207,0
DA:208,0
DA:209,0
DA:214,10
DA:215,4
DA:217,2
DA:218,2
DA:219,2
DA:233,10
DA:235,0
DA:236,0
DA:237,0
DA:238,0
DA:239,0
DA:243,0
DA:244,0
DA:245,0
DA:248,0
DA:249,0
DA:250,0
DA:251,0
DA:252,0
DA:253,0
DA:258,0
DA:259,0
DA:260,0
DA:261,0
DA:263,0
DA:265,0
DA:269,10
DA:270,2
DA:273,2
DA:274,2
DA:275,2
DA:276,2
DA:277,2
DA:283,10
DA:284,5
DA:285,0
DA:286,0
DA:287,0
DA:288,0
DA:289,0
DA:291,0
DA:292,0
DA:293,0
DA:294,0
DA:297,5
DA:298,5
DA:303,10
DA:304,0
DA:305,0
DA:308,10
DA:310,0
DA:314,0
DA:315,0
DA:316,0
DA:317,0
DA:322,0
DA:325,0
DA:326,0
DA:329,0
DA:332,10
DA:333,0
DA:334,0
DA:335,0
DA:336,0
DA:340,10
DA:341,0
DA:342,0
DA:343,0
DA:347,10
DA:348,0
DA:349,0
DA:351,0
DA:352,0
DA:353,0
DA:354,0
DA:358,10
DA:359,0
DA:360,0
DA:361,0
DA:364,0
DA:366,0
DA:369,0
DA:370,0
DA:371,0
DA:372,0
DA:376,0
DA:377,0
DA:378,0
DA:379,0
DA:383,0
DA:384,0
DA:386,0
DA:388,0
DA:390,0
DA:391,0
DA:392,0
DA:393,0
DA:395,0
DA:398,0
DA:403,0
DA:404,0
DA:406,0
DA:411,10
DA:419,12
DA:429,0
DA:436,0
DA:440,0
DA:441,0
DA:442,0
DA:444,0
DA:445,0
DA:459,0
DA:460,0
DA:461,0
DA:463,0
DA:464,0
DA:475,0
DA:476,0
DA:495,0
DA:496,0
LF:224
LH:111
BRDA:16,0,0,0
BRDA:16,0,1,6
BRDA:48,1,0,2
BRDA:48,1,1,0
BRDA:49,2,0,1
BRDA:49,2,1,1
BRDA:49,3,0,2
BRDA:49,3,1,2
BRDA:49,3,2,2
BRDA:49,3,3,1
BRDA:90,4,0,0
BRDA:90,4,1,0
BRDA:156,5,0,6
BRDA:156,5,1,0
BRDA:157,6,0,0
BRDA:157,6,1,0
BRDA:157,7,0,0
BRDA:157,7,1,0
BRDA:179,8,0,2
BRDA:179,8,1,0
BRDA:184,9,0,2
BRDA:184,9,1,2
BRDA:184,10,0,4
BRDA:184,10,1,4
BRDA:184,10,2,4
BRDA:186,11,0,0
BRDA:186,11,1,2
BRDA:187,12,0,0
BRDA:187,12,1,2
BRDA:193,13,0,2
BRDA:193,13,1,0
BRDA:202,14,0,3
BRDA:202,14,1,2
BRDA:202,15,0,5
BRDA:202,15,1,5
BRDA:204,16,0,2
BRDA:204,16,1,0
BRDA:205,17,0,2
BRDA:205,17,1,0
BRDA:206,18,0,0
BRDA:206,18,1,0
BRDA:206,19,0,0
BRDA:206,19,1,0
BRDA:208,20,0,0
BRDA:208,20,1,0
BRDA:215,21,0,2
BRDA:215,21,1,2
BRDA:215,22,0,4
BRDA:215,22,1,4
BRDA:218,23,0,2
BRDA:218,23,1,0
BRDA:235,24,0,0
BRDA:235,24,1,0
BRDA:235,25,0,0
BRDA:235,25,1,0
BRDA:249,26,0,0
BRDA:249,26,1,0
BRDA:251,27,0,0
BRDA:251,27,1,0
BRDA:259,28,0,0
BRDA:259,28,1,0
BRDA:273,29,0,2
BRDA:273,29,1,0
BRDA:285,30,0,0
BRDA:285,30,1,0
BRDA:286,31,0,0
BRDA:286,31,1,0
BRDA:286,32,0,0
BRDA:286,32,1,0
BRDA:288,33,0,0
BRDA:288,33,1,0
BRDA:291,34,0,0
BRDA:291,34,1,0
BRDA:292,35,0,0
BRDA:292,35,1,0
BRDA:294,36,0,0
BRDA:294,36,1,0
BRDA:314,37,0,0
BRDA:314,37,1,0
BRDA:316,38,0,0
BRDA:316,38,1,0
BRDA:325,39,0,0
BRDA:325,39,1,0
BRDA:333,40,0,0
BRDA:333,40,1,0
BRDA:334,41,0,0
BRDA:334,41,1,0
BRDA:341,42,0,0
BRDA:341,42,1,0
BRDA:348,43,0,0
BRDA:348,43,1,0
BRDA:351,44,0,0
BRDA:351,44,1,0
BRDA:359,45,0,0
BRDA:359,45,1,0
BRDA:361,46,0,0
BRDA:361,46,1,0
BRDA:364,47,0,0
BRDA:364,47,1,0
BRDA:376,48,0,0
BRDA:376,48,1,0
BRDA:384,49,0,0
BRDA:384,49,1,0
BRDA:390,50,0,0
BRDA:390,50,1,0
BRDA:390,51,0,0
BRDA:390,51,1,0
BRDA:392,52,0,0
BRDA:392,52,1,0
BRDA:417,53,0,4
BRDA:417,53,1,6
BRDA:429,54,0,0
BRDA:429,54,1,0
BRDA:434,55,0,0
BRDA:434,55,1,0
BRDA:440,56,0,0
BRDA:440,56,1,0
BRDA:461,57,0,0
BRDA:461,57,1,0
BRDA:484,58,0,10
BRDA:484,58,1,0
BRF:121
BRH:33
end_of_record
TN:
SF:src\App.tsx
FN:14,App
FN:16,(anonymous_10)
FN:21,(anonymous_11)
FN:27,(anonymous_12)
FN:39,(anonymous_13)
FN:65,(anonymous_14)
FN:102,(anonymous_15)
FN:140,(anonymous_16)
FN:165,(anonymous_17)
FN:173,(anonymous_18)
FN:176,(anonymous_19)
FN:194,(anonymous_20)
FN:197,(anonymous_21)
FN:204,(anonymous_22)
FN:213,(anonymous_23)
FN:214,(anonymous_24)
FN:218,(anonymous_25)
FN:225,(anonymous_26)
FN:238,(anonymous_27)
FN:240,(anonymous_28)
FN:246,(anonymous_29)
FN:246,(anonymous_30)
FN:249,(anonymous_31)
FN:250,(anonymous_32)
FN:259,(anonymous_33)
FN:263,(anonymous_34)
FN:264,(anonymous_35)
FN:267,(anonymous_36)
FN:272,(anonymous_37)
FN:276,(anonymous_38)
FN:279,(anonymous_39)
FN:285,(anonymous_40)
FN:290,(anonymous_41)
FN:300,(anonymous_42)
FN:304,(anonymous_43)
FN:308,(anonymous_44)
FN:318,(anonymous_45)
FN:319,(anonymous_46)
FN:321,(anonymous_47)
FN:322,(anonymous_48)
FN:322,(anonymous_49)
FN:322,(anonymous_50)
FN:324,(anonymous_51)
FN:327,(anonymous_52)
FN:333,(anonymous_53)
FN:341,(anonymous_54)
FN:351,(anonymous_55)
FN:359,(anonymous_56)
FN:362,(anonymous_57)
FN:367,(anonymous_58)
FN:371,(anonymous_59)
FN:376,(anonymous_60)
FN:423,(anonymous_61)
FN:424,(anonymous_62)
FN:471,(anonymous_63)
FN:517,(anonymous_64)
FNF:56
FNH:37
FNDA:25,App
FNDA:180,(anonymous_10)
FNDA:6,(anonymous_11)
FNDA:6,(anonymous_12)
FNDA:6,(anonymous_13)
FNDA:3,(anonymous_14)
FNDA:3,(anonymous_15)
FNDA:6,(anonymous_16)
FNDA:6,(anonymous_17)
FNDA:6,(anonymous_18)
FNDA:0,(anonymous_19)
FNDA:0,(anonymous_20)
FNDA:12,(anonymous_21)
FNDA:12,(anonymous_22)
FNDA:0,(anonymous_23)
FNDA:0,(anonymous_24)
FNDA:8,(anonymous_25)
FNDA:8,(anonymous_26)
FNDA:6,(anonymous_27)
FNDA:8,(anonymous_28)
FNDA:3,(anonymous_29)
FNDA:4,(anonymous_30)
FNDA:3,(anonymous_31)
FNDA:3,(anonymous_32)
FNDA:6,(anonymous_33)
FNDA:6,(anonymous_34)
FNDA:0,(anonymous_35)
FNDA:0,(anonymous_36)
FNDA:6,(anonymous_37)
FNDA:6,(anonymous_38)
FNDA:0,(anonymous_39)
FNDA:0,(anonymous_40)
FNDA:0,(anonymous_41)
FNDA:0,(anonymous_42)
FNDA:6,(anonymous_43)
FNDA:15,(anonymous_44)
FNDA:6,(anonymous_45)
FNDA:0,(anonymous_46)
FNDA:0,(anonymous_47)
FNDA:0,(anonymous_48)
FNDA:0,(anonymous_49)
FNDA:0,(anonymous_50)
FNDA:6,(anonymous_51)
FNDA:10,(anonymous_52)
FNDA:12,(anonymous_53)
FNDA:6,(anonymous_54)
FNDA:0,(anonymous_55)
FNDA:6,(anonymous_56)
FNDA:0,(anonymous_57)
FNDA:5,(anonymous_58)
FNDA:6,(anonymous_59)
FNDA:0,(anonymous_60)
FNDA:16,(anonymous_61)
FNDA:25,(anonymous_62)
FNDA:25,(anonymous_63)
FNDA:0,(anonymous_64)
DA:1,2
DA:2,2
DA:3,2
DA:4,2
DA:5,2
DA:6,2
DA:7,2
DA:8,2
DA:9,2
DA:10,2
DA:11,2
DA:15,25
DA:16,180
DA:17,25
DA:18,25
DA:21,25
DA:22,25
DA:23,25
DA:24,25
DA:25,25
DA:26,25
DA:27,25
DA:28,6
DA:29,6
DA:30,6
DA:31,0
DA:32,0
DA:35,6
DA:38,25
DA:39,25
DA:40,6
DA:41,6
DA:43,25
DA:44,25
DA:47,25
DA:48,25
DA:50,25
DA:51,25
DA:52,25
DA:53,25
DA:54,25
DA:55,25
DA:57,25
DA:58,25
DA:59,25
DA:60,25
DA:61,25
DA:63,25
DA:65,25
DA:66,3
DA:67,0
DA:68,0
DA:69,0
DA:71,3
DA:72,3
DA:73,2
DA:75,1
DA:76,1
DA:77,1
DA:78,1
DA:79,1
DA:80,1
DA:81,1
DA:82,1
DA:84,0
DA:85,0
DA:87,0
DA:88,0
DA:89,0
DA:91,0
DA:92,0
DA:95,0
DA:96,0
DA:98,1
DA:102,25
DA:103,3
DA:104,0
DA:105,0
DA:106,0
DA:108,3
DA:109,3
DA:110,2
DA:112,1
DA:113,1
DA:114,1
DA:115,1
DA:116,1
DA:117,1
DA:118,1
DA:119,1
DA:121,0
DA:122,0
DA:124,0
DA:125,0
DA:126,0
DA:128,0
DA:129,0
DA:132,0
DA:133,0
DA:135,1
DA:140,25
DA:141,6
DA:142,6
DA:143,6
DA:144,6
DA:146,6
DA:147,6
DA:149,6
DA:150,6
DA:152,6
DA:154,0
DA:155,0
DA:160,25
DA:161,0
DA:165,25
DA:166,6
DA:167,6
DA:168,6
DA:169,6
DA:170,6
DA:171,6
DA:172,6
DA:173,6
DA:175,0
DA:176,0
DA:177,0
DA:178,0
DA:179,0
DA:180,0
DA:181,0
DA:182,0
DA:183,0
DA:184,0
DA:185,0
DA:186,0
DA:194,0
DA:197,25
DA:198,12
DA:199,0
DA:200,0
DA:204,25
DA:205,12
DA:206,0
DA:207,0
DA:208,0
DA:209,0
DA:210,0
DA:211,0
DA:213,0
DA:214,0
DA:218,25
DA:219,8
DA:220,8
DA:221,8
DA:223,8
DA:225,8
DA:226,8
DA:227,8
DA:228,0
DA:230,8
DA:231,8
DA:232,0
DA:238,25
DA:239,6
DA:240,6
DA:241,8
DA:242,8
DA:243,8
DA:244,8
DA:245,8
DA:246,8
DA:247,8
DA:249,3
DA:250,3
DA:252,8
DA:253,8
DA:256,6
DA:257,6
DA:258,6
DA:259,6
DA:263,25
DA:264,6
DA:265,0
DA:266,0
DA:267,0
DA:268,0
DA:272,6
DA:276,25
DA:277,6
DA:279,0
DA:280,0
DA:281,0
DA:283,0
DA:285,0
DA:286,0
DA:288,0
DA:290,0
DA:291,0
DA:296,0
DA:300,0
DA:304,25
DA:305,6
DA:308,25
DA:309,15
DA:310,3
DA:312,15
DA:313,3
DA:318,25
DA:319,6
DA:320,0
DA:321,0
DA:322,0
DA:324,6
DA:327,25
DA:328,10
DA:329,0
DA:330,0
DA:333,25
DA:334,12
DA:335,12
DA:336,12
DA:337,0
DA:341,25
DA:342,6
DA:343,6
DA:344,6
DA:345,0
DA:347,6
DA:348,6
DA:349,6
DA:350,0
DA:351,0
DA:352,0
DA:359,25
DA:360,6
DA:361,6
DA:362,5
DA:363,0
DA:364,0
DA:365,0
DA:367,5
DA:371,25
DA:372,6
DA:376,25
DA:377,0
DA:378,0
DA:379,0
DA:380,0
DA:382,0
DA:383,0
DA:385,0
DA:386,0
DA:388,0
DA:389,0
DA:390,0
DA:391,0
DA:392,0
DA:395,0
DA:396,0
DA:397,0
DA:398,0
DA:399,0
DA:402,0
DA:404,0
DA:405,0
DA:406,0
DA:408,0
DA:414,25
DA:416,25
DA:417,0
DA:419,25
DA:423,25
DA:424,25
DA:427,25
DA:472,25
DA:473,25
DA:474,3
DA:475,3
DA:477,22
DA:478,3
DA:479,3
DA:489,19
DA:490,3
DA:491,3
DA:501,16
DA:502,16
DA:518,0
DA:530,2
LF:288
LH:181
BRDA:15,0,0,25
BRDA:15,0,1,25
BRDA:15,0,2,25
BRDA:16,1,0,180
BRDA:16,1,1,0
BRDA:21,2,0,6
BRDA:21,2,1,0
BRDA:21,3,0,6
BRDA:21,3,1,6
BRDA:26,4,0,25
BRDA:26,4,1,25
BRDA:30,5,0,0
BRDA:30,5,1,6
BRDA:40,6,0,6
BRDA:40,6,1,0
BRDA:41,7,0,0
BRDA:41,7,1,6
BRDA:41,8,0,6
BRDA:41,8,1,6
BRDA:41,8,2,6
BRDA:65,9,0,3
BRDA:65,10,0,3
BRDA:66,11,0,0
BRDA:66,11,1,3
BRDA:71,12,0,3
BRDA:71,12,1,0
BRDA:72,13,0,1
BRDA:72,13,1,2
BRDA:73,14,0,1
BRDA:73,14,1,1
BRDA:73,15,0,2
BRDA:73,15,1,1
BRDA:73,15,2,1
BRDA:79,16,0,1
BRDA:79,16,1,0
BRDA:79,17,0,1
BRDA:79,17,1,1
BRDA:79,17,2,1
BRDA:80,18,0,1
BRDA:80,18,1,0
BRDA:81,19,0,1
BRDA:81,19,1,0
BRDA:84,20,0,0
BRDA:84,20,1,0
BRDA:87,21,0,0
BRDA:87,21,1,0
BRDA:95,22,0,0
BRDA:95,22,1,0
BRDA:102,23,0,3
BRDA:102,24,0,3
BRDA:103,25,0,0
BRDA:103,25,1,3
BRDA:108,26,0,3
BRDA:108,26,1,0
BRDA:109,27,0,1
BRDA:109,27,1,2
BRDA:110,28,0,1
BRDA:110,28,1,1
BRDA:110,29,0,2
BRDA:110,29,1,1
BRDA:110,29,2,1
BRDA:116,30,0,1
BRDA:116,30,1,0
BRDA:116,31,0,1
BRDA:116,31,1,1
BRDA:116,31,2,1
BRDA:117,32,0,1
BRDA:117,32,1,0
BRDA:118,33,0,1
BRDA:118,33,1,0
BRDA:121,34,0,0
BRDA:121,34,1,0
BRDA:124,35,0,0
BRDA:124,35,1,0
BRDA:132,36,0,0
BRDA:132,36,1,0
BRDA:160,37,0,0
BRDA:160,37,1,25
BRDA:169,38,0,6
BRDA:169,38,1,0
BRDA:180,39,0,0
BRDA:180,39,1,0
BRDA:180,40,0,0
BRDA:180,40,1,0
BRDA:183,41,0,0
BRDA:183,41,1,0
BRDA:184,42,0,0
BRDA:184,42,1,0
BRDA:185,43,0,0
BRDA:185,43,1,0
BRDA:188,44,0,0
BRDA:188,44,1,0
BRDA:198,45,0,12
BRDA:198,45,1,0
BRDA:198,46,0,12
BRDA:198,46,1,6
BRDA:199,47,0,0
BRDA:199,47,1,0
BRDA:205,48,0,12
BRDA:205,48,1,0
BRDA:205,49,0,12
BRDA:205,49,1,6
BRDA:209,50,0,0
BRDA:209,50,1,0
BRDA:227,51,0,0
BRDA:227,51,1,8
BRDA:227,52,0,8
BRDA:227,52,1,8
BRDA:231,53,0,0
BRDA:231,53,1,8
BRDA:231,54,0,8
BRDA:231,54,1,8
BRDA:239,55,0,0
BRDA:239,55,1,6
BRDA:239,56,0,6
BRDA:239,56,1,6
BRDA:244,57,0,8
BRDA:244,57,1,0
BRDA:245,58,0,8
BRDA:245,58,1,0
BRDA:246,59,0,3
BRDA:246,59,1,0
BRDA:249,60,0,3
BRDA:249,60,1,0
BRDA:250,61,0,3
BRDA:250,61,1,3
BRDA:277,62,0,6
BRDA:277,62,1,0
BRDA:280,63,0,0
BRDA:280,63,1,0
BRDA:283,64,0,0
BRDA:283,64,1,0
BRDA:288,65,0,0
BRDA:288,65,1,0
BRDA:309,66,0,3
BRDA:309,66,1,12
BRDA:312,67,0,3
BRDA:312,67,1,12
BRDA:328,68,0,10
BRDA:328,68,1,0
BRDA:334,69,0,0
BRDA:334,69,1,12
BRDA:336,70,0,0
BRDA:336,70,1,12
BRDA:336,71,0,12
BRDA:336,71,1,0
BRDA:342,72,0,0
BRDA:342,72,1,6
BRDA:344,73,0,0
BRDA:344,73,1,6
BRDA:345,74,0,0
BRDA:345,74,1,0
BRDA:347,75,0,6
BRDA:347,75,1,0
BRDA:349,76,0,0
BRDA:349,76,1,6
BRDA:352,77,0,0
BRDA:352,77,1,0
BRDA:361,78,0,1
BRDA:361,78,1,5
BRDA:364,79,0,0
BRDA:364,79,1,0
BRDA:365,80,0,0
BRDA:365,80,1,0
BRDA:382,81,0,0
BRDA:382,81,1,0
BRDA:382,82,0,0
BRDA:382,82,1,0
BRDA:388,83,0,0
BRDA:388,83,1,0
BRDA:388,84,0,0
BRDA:388,84,1,0
BRDA:390,85,0,0
BRDA:390,85,1,0
BRDA:395,86,0,0
BRDA:395,86,1,0
BRDA:395,87,0,0
BRDA:395,87,1,0
BRDA:397,88,0,0
BRDA:397,88,1,0
BRDA:404,89,0,0
BRDA:404,89,1,0
BRDA:416,90,0,0
BRDA:416,90,1,25
BRDA:429,91,0,25
BRDA:429,91,1,0
BRDA:462,92,0,16
BRDA:462,92,1,9
BRDA:456,93,0,0
BRDA:456,93,1,25
BRDA:473,94,0,3
BRDA:473,94,1,22
BRDA:477,95,0,3
BRDA:477,95,1,19
BRDA:489,96,0,3
BRDA:489,96,1,16
BRDA:505,97,0,25
BRDA:505,97,1,0
BRF:198
BRH:99
end_of_record
TN:
SF:src\main.tsx
FNF:0
FNH:0
DA:1,0
DA:2,0
DA:3,0
DA:4,0
DA:7,0
DA:9,0
DA:10,0
DA:11,0
DA:13,0
DA:14,0
DA:15,0
DA:16,0
DA:17,0
DA:22,0
DA:24,0
DA:27,0
LF:16
LH:0
BRDA:13,0,0,0
BRDA:13,0,1,0
BRF:2
BRH:0
end_of_record
TN:
SF:src\components\AnimatedBackground.tsx
FN:6,(anonymous_10)
FN:22,(anonymous_11)
FN:28,(anonymous_12)
FN:36,(anonymous_13)
FN:60,(anonymous_14)
FN:85,(anonymous_15)
FN:87,(anonymous_16)
FN:91,(anonymous_17)
FNF:8
FNH:6
FNDA:6,(anonymous_10)
FNDA:0,(anonymous_11)
FNDA:0,(anonymous_12)
FNDA:59,(anonymous_13)
FNDA:59,(anonymous_14)
FNDA:1,(anonymous_15)
FNDA:1,(anonymous_16)
FNDA:1,(anonymous_17)
DA:1,1
DA:2,1
DA:4,1
DA:6,1
DA:8,6
DA:9,6
DA:12,6
DA:13,6
DA:14,6
DA:15,6
DA:16,6
DA:17,6
DA:18,6
DA:19,6
DA:22,6
DA:23,0
DA:24,0
DA:28,6
DA:29,0
DA:30,0
DA:31,0
DA:32,0
DA:36,6
DA:37,59
DA:40,59
DA:41,56
DA:45,3
DA:46,0
DA:47,0
DA:48,0
DA:52,3
DA:53,0
DA:54,0
DA:55,0
DA:60,6
DA:61,59
DA:62,59
DA:63,59
DA:66,59
DA:67,59
DA:68,59
DA:71,59
DA:72,59
DA:75,59
DA:76,59
DA:80,59
DA:82,59
DA:85,6
DA:87,1
DA:88,1
DA:91,1
DA:92,1
DA:93,1
DA:94,1
DA:99,6
LF:55
LH:43
BRDA:40,0,0,56
BRDA:40,0,1,3
BRDA:45,1,0,0
BRDA:45,1,1,3
BRDA:52,2,0,0
BRDA:52,2,1,3
BRDA:75,3,0,59
BRDA:75,3,1,0
BRDA:93,4,0,1
BRDA:93,4,1,0
BRF:10
BRH:6
end_of_record
TN:
SF:src\components\BoidSystem.tsx
FN:16,(anonymous_10)
FN:21,(anonymous_11)
FN:25,(anonymous_12)
FN:43,(anonymous_13)
FN:66,(anonymous_14)
FN:73,(anonymous_15)
FN:80,(anonymous_16)
FN:87,(anonymous_17)
FN:95,(anonymous_18)
FN:118,(anonymous_19)
FN:177,(anonymous_20)
FN:184,(anonymous_21)
FN:210,(anonymous_22)
FN:258,(anonymous_23)
FN:339,(anonymous_24)
FN:345,(anonymous_25)
FN:349,(anonymous_26)
FN:371,(anonymous_27)
FNF:18
FNH:9
FNDA:1,(anonymous_10)
FNDA:65,(anonymous_11)
FNDA:260,(anonymous_12)
FNDA:130,(anonymous_13)
FNDA:7,(anonymous_14)
FNDA:65,(anonymous_15)
FNDA:0,(anonymous_16)
FNDA:0,(anonymous_17)
FNDA:0,(anonymous_18)
FNDA:0,(anonymous_19)
FNDA:0,(anonymous_20)
FNDA:65,(anonymous_21)
FNDA:0,(anonymous_22)
FNDA:0,(anonymous_23)
FNDA:0,(anonymous_24)
FNDA:1,(anonymous_25)
FNDA:1,(anonymous_26)
FNDA:0,(anonymous_27)
DA:1,1
DA:2,1
DA:4,1
DA:7,1
DA:11,1
DA:12,1
DA:13,1
DA:14,1
DA:17,1
DA:18,1
DA:23,65
DA:25,65
DA:26,260
DA:27,260
DA:30,260
DA:31,260
DA:33,260
DA:37,65
DA:38,0
DA:39,0
DA:44,130
DA:48,1
DA:66,1
DA:67,7
DA:68,7
DA:69,7
DA:70,7
DA:73,7
DA:74,65
DA:75,65
DA:76,65
DA:80,7
DA:81,0
DA:82,0
DA:83,0
DA:87,7
DA:88,0
DA:89,0
DA:90,0
DA:91,0
DA:95,7
DA:96,0
DA:97,0
DA:98,0
DA:100,0
DA:101,0
DA:103,0
DA:104,0
DA:107,0
DA:108,0
DA:111,0
DA:112,0
DA:118,7
DA:119,0
DA:120,0
DA:122,0
DA:123,0
DA:127,0
DA:129,0
DA:130,0
DA:131,0
DA:132,0
DA:133,0
DA:135,0
DA:136,0
DA:137,0
DA:138,0
DA:139,0
DA:141,0
DA:142,0
DA:143,0
DA:144,0
DA:145,0
DA:147,0
DA:148,0
DA:149,0
DA:150,0
DA:151,0
DA:153,0
DA:154,0
DA:155,0
DA:156,0
DA:159,0
DA:177,7
DA:178,0
DA:179,0
DA:180,0
DA:184,7
DA:185,65
DA:186,65
DA:188,65
DA:189,65
DA:190,65
DA:191,65
DA:194,65
DA:195,65
DA:198,65
DA:199,65
DA:200,0
DA:201,0
DA:202,0
DA:203,0
DA:208,65
DA:210,65
DA:212,0
DA:213,0
DA:216,0
DA:217,0
DA:221,0
DA:222,0
DA:223,0
DA:224,0
DA:225,0
DA:227,0
DA:228,0
DA:229,0
DA:230,0
DA:231,0
DA:235,0
DA:236,0
DA:237,0
DA:242,0
DA:243,0
DA:244,0
DA:245,0
DA:249,0
DA:250,0
DA:254,0
DA:255,0
DA:256,0
DA:258,0
DA:259,0
DA:261,0
DA:264,0
DA:265,0
DA:266,0
DA:267,0
DA:271,0
DA:272,0
DA:273,0
DA:274,0
DA:278,0
DA:279,0
DA:280,0
DA:281,0
DA:286,0
DA:287,0
DA:288,0
DA:292,0
DA:293,0
DA:294,0
DA:295,0
DA:296,0
DA:300,0
DA:301,0
DA:304,0
DA:305,0
DA:308,0
DA:309,0
DA:310,0
DA:311,0
DA:314,0
DA:315,0
DA:316,0
DA:317,0
DA:321,0
DA:322,0
DA:323,0
DA:324,0
DA:328,0
DA:329,0
DA:332,0
DA:334,0
DA:339,65
DA:341,65
DA:342,65
DA:345,7
DA:346,1
DA:347,1
DA:349,1
DA:350,1
DA:351,1
DA:356,7
DA:372,0
DA:373,0
LF:185
LH:57
BRDA:37,0,0,0
BRDA:37,0,1,65
BRDA:75,1,0,0
BRDA:75,1,1,65
BRDA:82,2,0,0
BRDA:82,2,1,0
BRDA:100,3,0,0
BRDA:100,3,1,0
BRDA:111,4,0,0
BRDA:111,4,1,0
BRDA:120,5,0,0
BRDA:120,5,1,0
BRDA:127,6,0,0
BRDA:127,6,1,0
BRDA:127,6,2,0
BRDA:127,6,3,0
BRDA:127,6,4,0
BRDA:186,7,0,0
BRDA:186,7,1,65
BRDA:199,8,0,0
BRDA:199,8,1,65
BRDA:201,9,0,0
BRDA:201,9,1,0
BRDA:216,10,0,0
BRDA:216,10,1,0
BRDA:221,11,0,0
BRDA:221,11,1,0
BRDA:223,12,0,0
BRDA:223,12,1,0
BRDA:227,13,0,0
BRDA:227,13,1,0
BRDA:229,14,0,0
BRDA:229,14,1,0
BRDA:236,15,0,0
BRDA:236,15,1,0
BRDA:242,16,0,0
BRDA:242,16,1,0
BRDA:249,17,0,0
BRDA:249,17,1,0
BRDA:259,18,0,0
BRDA:259,18,1,0
BRDA:259,19,0,0
BRDA:259,19,1,0
BRDA:264,20,0,0
BRDA:264,20,1,0
BRDA:271,21,0,0
BRDA:271,21,1,0
BRDA:278,22,0,0
BRDA:278,22,1,0
BRDA:278,23,0,0
BRDA:278,23,1,0
BRDA:286,24,0,0
BRDA:286,24,1,0
BRDA:292,25,0,0
BRDA:292,25,1,0
BRDA:308,26,0,0
BRDA:308,26,1,0
BRDA:310,27,0,0
BRDA:310,27,1,0
BRDA:314,28,0,0
BRDA:314,28,1,0
BRDA:316,29,0,0
BRDA:316,29,1,0
BRDA:322,30,0,0
BRDA:322,30,1,0
BRDA:332,31,0,0
BRDA:332,31,1,0
BRDA:332,32,0,0
BRDA:332,32,1,0
BRDA:332,32,2,0
BRDA:332,32,3,0
BRDA:350,33,0,1
BRDA:350,33,1,0
BRF:73
BRH:5
end_of_record
TN:
SF:src\components\ErrorBoundary.tsx
FN:14,(anonymous_9)
FN:52,(anonymous_10)
FN:21,(anonymous_11)
FN:34,(anonymous_12)
FN:56,(anonymous_13)
FNF:5
FNH:0
FNDA:0,(anonymous_9)
FNDA:0,(anonymous_10)
FNDA:0,(anonymous_11)
FNDA:0,(anonymous_12)
FNDA:0,(anonymous_13)
DA:1,0
DA:2,0
DA:14,0
DA:15,0
DA:23,0
DA:27,0
DA:36,0
DA:45,0
DA:52,0
DA:53,0
DA:57,0
DA:58,0
DA:103,0
LF:13
LH:0
BRDA:24,0,0,0
BRDA:24,0,1,0
BRDA:57,1,0,0
BRDA:57,1,1,0
BRDA:72,2,0,0
BRDA:72,2,1,0
BRF:6
BRH:0
end_of_record
TN:
SF:src\components\PaneLayout.tsx
FN:13,PaneHeader
FN:39,PaneControls
FNF:2
FNH:2
FNDA:14,PaneHeader
FNDA:14,PaneControls
DA:1,1
DA:13,1
DA:14,14
DA:39,1
DA:40,14
DA:41,14
DA:64,1
LF:7
LH:7
BRDA:13,0,0,0
BRDA:39,1,0,0
BRDA:47,2,0,10
BRDA:47,2,1,4
BRDA:53,3,0,10
BRDA:53,3,1,4
BRF:6
BRH:4
end_of_record
TN:
SF:src\components\ProgressOverlay.tsx
FN:10,(anonymous_1)
FNF:1
FNH:1
FNDA:4,(anonymous_1)
DA:1,1
DA:2,1
DA:10,1
DA:11,4
DA:13,0
LF:5
LH:4
BRDA:11,0,0,4
BRDA:11,0,1,0
BRDA:22,1,0,0
BRDA:22,1,1,0
BRF:4
BRH:1
end_of_record
TN:
SF:src\components\ProjectContextMenu.tsx
FN:15,ProjectContextMenu
FN:37,(anonymous_10)
FN:41,(anonymous_11)
FN:43,(anonymous_12)
FN:44,(anonymous_13)
FN:50,(anonymous_14)
FN:52,(anonymous_15)
FN:53,(anonymous_16)
FN:59,(anonymous_17)
FN:61,(anonymous_18)
FN:62,(anonymous_19)
FN:69,(anonymous_20)
FN:71,(anonymous_21)
FN:72,(anonymous_22)
FNF:14
FNH:0
FNDA:0,ProjectContextMenu
FNDA:0,(anonymous_10)
FNDA:0,(anonymous_11)
FNDA:0,(anonymous_12)
FNDA:0,(anonymous_13)
FNDA:0,(anonymous_14)
FNDA:0,(anonymous_15)
FNDA:0,(anonymous_16)
FNDA:0,(anonymous_17)
FNDA:0,(anonymous_18)
FNDA:0,(anonymous_19)
FNDA:0,(anonymous_20)
FNDA:0,(anonymous_21)
FNDA:0,(anonymous_22)
DA:1,1
DA:15,1
DA:19,0
DA:37,0
DA:41,0
DA:43,0
DA:44,0
DA:50,0
DA:52,0
DA:53,0
DA:59,0
DA:61,0
DA:62,0
DA:69,0
DA:71,0
DA:72,0
LF:16
LH:2
BRF:0
BRH:0
end_of_record
TN:
SF:src\components\ProjectsPaneMVVM.tsx
FN:11,formatUKDate
FN:20,formatUKTime
FN:38,ProjectsPaneMVVM
FN:58,(anonymous_12)
FN:59,(anonymous_13)
FN:77,(anonymous_14)
FN:84,(anonymous_15)
FN:90,(anonymous_16)
FN:91,(anonymous_17)
FN:93,(anonymous_18)
FN:95,(anonymous_19)
FN:98,(anonymous_20)
FN:102,(anonymous_21)
FN:108,(anonymous_22)
FN:124,(anonymous_23)
FN:138,(anonymous_24)
FN:141,(anonymous_25)
FN:148,(anonymous_26)
FN:153,(anonymous_27)
FN:157,(anonymous_28)
FN:228,(anonymous_29)
FN:238,(anonymous_30)
FN:253,(anonymous_31)
FN:260,(anonymous_32)
FN:268,(anonymous_33)
FN:273,(anonymous_34)
FN:279,(anonymous_35)
FN:280,(anonymous_36)
FNF:28
FNH:23
FNDA:32,formatUKDate
FNDA:32,formatUKTime
FNDA:40,ProjectsPaneMVVM
FNDA:11,(anonymous_12)
FNDA:11,(anonymous_13)
FNDA:0,(anonymous_14)
FNDA:11,(anonymous_15)
FNDA:11,(anonymous_16)
FNDA:0,(anonymous_17)
FNDA:0,(anonymous_18)
FNDA:11,(anonymous_19)
FNDA:1,(anonymous_20)
FNDA:1,(anonymous_21)
FNDA:1,(anonymous_22)
FNDA:40,(anonymous_23)
FNDA:6,(anonymous_24)
FNDA:0,(anonymous_25)
FNDA:45,(anonymous_26)
FNDA:2,(anonymous_27)
FNDA:16,(anonymous_28)
FNDA:1,(anonymous_29)
FNDA:3,(anonymous_30)
FNDA:1,(anonymous_31)
FNDA:2,(anonymous_32)
FNDA:32,(anonymous_33)
FNDA:0,(anonymous_34)
FNDA:1,(anonymous_35)
FNDA:1,(anonymous_36)
DA:1,1
DA:5,1
DA:6,1
DA:12,32
DA:13,32
DA:14,32
DA:15,32
DA:16,32
DA:21,32
DA:22,32
DA:23,32
DA:38,1
DA:49,40
DA:51,40
DA:52,40
DA:53,40
DA:54,40
DA:55,40
DA:58,40
DA:59,11
DA:60,11
DA:61,11
DA:63,11
DA:64,11
DA:65,11
DA:67,0
DA:68,0
DA:70,11
DA:74,11
DA:77,11
DA:78,0
DA:79,0
DA:82,11
DA:84,11
DA:85,11
DA:90,40
DA:91,11
DA:93,0
DA:95,11
DA:98,40
DA:99,1
DA:102,40
DA:103,1
DA:104,1
DA:108,40
DA:109,1
DA:110,1
DA:114,1
DA:115,1
DA:116,1
DA:117,1
DA:119,0
DA:121,1
DA:124,40
DA:125,40
DA:126,1
DA:127,38
DA:128,1
DA:129,0
DA:134,40
DA:137,40
DA:138,2
DA:139,6
DA:140,6
DA:141,0
DA:142,0
DA:147,40
DA:148,45
DA:152,40
DA:153,3
DA:157,40
DA:158,16
DA:160,1
DA:161,1
DA:162,1
DA:164,14
DA:167,1
DA:168,1
DA:170,0
DA:172,0
DA:176,40
DA:177,0
DA:202,40
DA:228,1
DA:238,3
DA:253,1
DA:260,2
DA:269,32
DA:270,32
DA:271,32
DA:272,32
DA:273,32
DA:275,32
DA:279,1
DA:280,1
LF:95
LH:83
BRDA:64,0,0,11
BRDA:64,0,1,0
BRDA:85,1,0,11
BRDA:85,1,1,0
BRDA:103,2,0,1
BRDA:103,2,1,0
BRDA:109,3,0,1
BRDA:109,3,1,0
BRDA:116,4,0,1
BRDA:116,4,1,0
BRDA:125,5,0,1
BRDA:125,5,1,38
BRDA:125,5,2,1
BRDA:125,5,3,0
BRDA:134,6,0,40
BRDA:134,6,1,0
BRDA:137,7,0,2
BRDA:137,7,1,38
BRDA:140,8,0,6
BRDA:140,8,1,0
BRDA:140,9,0,6
BRDA:140,9,1,6
BRDA:141,10,0,0
BRDA:141,10,1,0
BRDA:147,11,0,38
BRDA:147,11,1,2
BRDA:152,12,0,3
BRDA:152,12,1,37
BRDA:152,13,0,40
BRDA:152,13,1,3
BRDA:157,14,0,16
BRDA:157,14,1,24
BRDA:157,15,0,40
BRDA:157,15,1,40
BRDA:158,16,0,1
BRDA:158,16,1,14
BRDA:158,16,2,1
BRDA:158,16,3,0
BRDA:167,17,0,1
BRDA:167,17,1,0
BRDA:170,18,0,0
BRDA:170,18,1,0
BRDA:176,19,0,0
BRDA:176,19,1,40
BRDA:207,20,0,40
BRDA:207,20,1,40
BRDA:214,21,0,12
BRDA:214,21,1,28
BRDA:219,22,0,40
BRDA:219,22,1,12
BRDA:240,23,0,1
BRDA:240,23,1,39
BRDA:242,24,0,38
BRDA:242,24,1,1
BRDA:252,25,0,38
BRDA:252,25,1,2
BRDA:259,26,0,2
BRDA:259,26,1,38
BRDA:273,27,0,32
BRDA:273,27,1,32
BRDA:273,27,2,0
BRDA:273,28,0,0
BRDA:273,28,1,0
BRDA:278,29,0,0
BRDA:278,29,1,32
BRDA:278,30,0,32
BRDA:278,30,1,0
BRDA:285,31,0,32
BRDA:285,31,1,32
BRDA:294,32,0,40
BRDA:294,32,1,24
BRDA:294,32,2,13
BRF:72
BRH:52
end_of_record
TN:
SF:src\components\SessionContextMenu.tsx
FN:14,SessionContextMenu
FN:15,(anonymous_10)
FN:29,(anonymous_11)
FN:30,(anonymous_12)
FN:34,(anonymous_13)
FNF:5
FNH:0
FNDA:0,SessionContextMenu
FNDA:0,(anonymous_10)
FNDA:0,(anonymous_11)
FNDA:0,(anonymous_12)
FNDA:0,(anonymous_13)
DA:1,1
DA:14,1
DA:15,0
DA:16,0
DA:17,0
DA:22,0
DA:29,0
DA:30,0
DA:34,0
LF:9
LH:2
BRDA:16,0,0,0
BRDA:16,0,1,0
BRDA:16,1,0,0
BRDA:16,1,1,0
BRDA:33,2,0,0
BRDA:33,2,1,0
BRF:6
BRH:0
end_of_record
TN:
SF:src\components\SplashScreen.tsx
FN:14,(anonymous_10)
FN:22,(anonymous_11)
FN:25,(anonymous_12)
FN:26,(anonymous_13)
FN:27,(anonymous_14)
FN:34,(anonymous_15)
FN:41,(anonymous_16)
FN:43,(anonymous_17)
FN:44,(anonymous_18)
FN:61,(anonymous_19)
FN:69,(anonymous_20)
FN:77,(anonymous_21)
FN:78,(anonymous_22)
FN:83,(anonymous_23)
FN:116,(anonymous_24)
FNF:15
FNH:0
FNDA:0,(anonymous_10)
FNDA:0,(anonymous_11)
FNDA:0,(anonymous_12)
FNDA:0,(anonymous_13)
FNDA:0,(anonymous_14)
FNDA:0,(anonymous_15)
FNDA:0,(anonymous_16)
FNDA:0,(anonymous_17)
FNDA:0,(anonymous_18)
FNDA:0,(anonymous_19)
FNDA:0,(anonymous_20)
FNDA:0,(anonymous_21)
FNDA:0,(anonymous_22)
FNDA:0,(anonymous_23)
FNDA:0,(anonymous_24)
DA:1,1
DA:2,1
DA:3,1
DA:4,1
DA:14,1
DA:15,0
DA:16,0
DA:17,0
DA:18,0
DA:19,0
DA:22,0
DA:23,0
DA:24,0
DA:25,0
DA:26,0
DA:27,0
DA:34,0
DA:35,0
DA:36,0
DA:41,0
DA:42,0
DA:43,0
DA:44,0
DA:45,0
DA:46,0
DA:48,0
DA:49,0
DA:51,0
DA:53,0
DA:54,0
DA:58,0
DA:61,0
DA:62,0
DA:63,0
DA:69,0
DA:70,0
DA:71,0
DA:74,0
DA:77,0
DA:78,0
DA:79,0
DA:80,0
DA:82,0
DA:83,0
DA:86,0
DA:117,0
LF:46
LH:5
BRDA:23,0,0,0
BRDA:23,0,1,0
BRDA:35,1,0,0
BRDA:35,1,1,0
BRDA:42,2,0,0
BRDA:42,2,1,0
BRDA:46,3,0,0
BRDA:46,3,1,0
BRDA:48,4,0,0
BRDA:48,4,1,0
BRDA:62,5,0,0
BRDA:62,5,1,0
BRDA:98,6,0,0
BRDA:98,6,1,0
BRDA:98,7,0,0
BRDA:98,7,1,0
BRDA:105,8,0,0
BRDA:105,8,1,0
BRDA:105,9,0,0
BRDA:105,9,1,0
BRDA:111,10,0,0
BRDA:111,10,1,0
BRDA:111,11,0,0
BRDA:111,11,1,0
BRF:24
BRH:0
end_of_record
TN:
SF:src\components\UnifiedTitleBar.tsx
FN:24,UnifiedTitleBar
FN:57,(anonymous_11)
FN:63,(anonymous_12)
FN:71,(anonymous_13)
FN:95,(anonymous_14)
FN:122,(anonymous_15)
FN:124,(anonymous_16)
FN:128,(anonymous_17)
FN:145,(anonymous_18)
FN:158,(anonymous_19)
FN:171,(anonymous_20)
FN:195,(anonymous_21)
FN:222,(anonymous_22)
FN:223,(anonymous_23)
FN:236,(anonymous_24)
FN:237,(anonymous_25)
FN:246,(anonymous_26)
FN:248,(anonymous_27)
FN:256,(anonymous_28)
FN:268,(anonymous_29)
FN:269,(anonymous_30)
FN:276,(anonymous_31)
FN:277,(anonymous_32)
FNF:23
FNH:9
FNDA:6,UnifiedTitleBar
FNDA:0,(anonymous_11)
FNDA:0,(anonymous_12)
FNDA:59,(anonymous_13)
FNDA:59,(anonymous_14)
FNDA:1,(anonymous_15)
FNDA:1,(anonymous_16)
FNDA:1,(anonymous_17)
FNDA:0,(anonymous_18)
FNDA:1,(anonymous_19)
FNDA:0,(anonymous_20)
FNDA:0,(anonymous_21)
FNDA:1,(anonymous_22)
FNDA:1,(anonymous_23)
FNDA:0,(anonymous_24)
FNDA:0,(anonymous_25)
FNDA:0,(anonymous_26)
FNDA:0,(anonymous_27)
FNDA:0,(anonymous_28)
FNDA:0,(anonymous_29)
FNDA:0,(anonymous_30)
FNDA:0,(anonymous_31)
FNDA:0,(anonymous_32)
DA:1,1
DA:2,1
DA:3,1
DA:4,1
DA:5,1
DA:24,1
DA:36,6
DA:39,6
DA:40,6
DA:41,6
DA:42,6
DA:43,6
DA:44,6
DA:47,6
DA:48,6
DA:49,6
DA:50,6
DA:51,6
DA:52,6
DA:53,6
DA:54,6
DA:57,6
DA:58,0
DA:59,0
DA:63,6
DA:64,0
DA:65,0
DA:66,0
DA:67,0
DA:71,6
DA:72,59
DA:75,59
DA:76,56
DA:80,3
DA:81,0
DA:82,0
DA:83,0
DA:87,3
DA:88,0
DA:89,0
DA:90,0
DA:95,6
DA:96,59
DA:97,59
DA:98,59
DA:101,59
DA:102,59
DA:103,59
DA:106,59
DA:107,59
DA:110,59
DA:111,59
DA:115,59
DA:117,59
DA:120,6
DA:122,6
DA:124,1
DA:125,1
DA:128,1
DA:129,1
DA:130,1
DA:131,1
DA:136,6
DA:145,0
DA:158,1
DA:171,0
DA:196,0
DA:197,0
DA:198,0
DA:199,0
DA:200,0
DA:203,0
DA:205,0
DA:206,0
DA:222,1
DA:223,1
DA:236,0
DA:237,0
DA:247,0
DA:248,0
DA:249,0
DA:250,0
DA:251,0
DA:252,0
DA:253,0
DA:257,0
DA:258,0
DA:259,0
DA:260,0
DA:261,0
DA:262,0
DA:263,0
DA:264,0
DA:268,0
DA:269,0
DA:277,0
LF:96
LH:54
BRDA:75,0,0,56
BRDA:75,0,1,3
BRDA:80,1,0,0
BRDA:80,1,1,3
BRDA:87,2,0,0
BRDA:87,2,1,3
BRDA:110,3,0,59
BRDA:110,3,1,0
BRDA:130,4,0,1
BRDA:130,4,1,0
BRDA:141,5,0,6
BRDA:141,5,1,6
BRDA:144,6,0,6
BRDA:144,6,1,0
BRDA:144,7,0,6
BRDA:144,7,1,0
BRDA:146,8,0,0
BRDA:146,8,1,0
BRDA:147,9,0,0
BRDA:147,9,1,0
BRDA:148,10,0,0
BRDA:148,10,1,0
BRDA:152,11,0,6
BRDA:152,11,1,0
BRDA:157,12,0,4
BRDA:157,12,1,2
BRDA:157,13,0,6
BRDA:157,13,1,0
BRDA:159,14,0,1
BRDA:159,14,1,0
BRDA:160,15,0,1
BRDA:160,15,1,0
BRDA:161,16,0,1
BRDA:161,16,1,0
BRDA:165,17,0,6
BRDA:165,17,1,0
BRDA:170,18,0,6
BRDA:170,18,1,0
BRDA:170,19,0,6
BRDA:170,19,1,0
BRDA:172,20,0,0
BRDA:172,20,1,0
BRDA:173,21,0,0
BRDA:173,21,1,0
BRDA:174,22,0,0
BRDA:174,22,1,0
BRDA:178,23,0,6
BRDA:178,23,1,0
BRDA:184,24,0,6
BRDA:184,24,1,6
BRDA:197,25,0,0
BRDA:197,25,1,0
BRDA:222,26,0,4
BRDA:222,26,1,2
BRDA:223,27,0,2
BRDA:223,27,1,4
BRDA:236,28,0,0
BRDA:236,28,1,6
BRDA:237,29,0,0
BRDA:237,29,1,6
BRDA:247,30,0,0
BRDA:247,30,1,0
BRDA:257,31,0,0
BRDA:257,31,1,0
BRDA:260,32,0,0
BRDA:260,32,1,0
BRDA:268,33,0,0
BRDA:268,33,1,0
BRDA:269,34,0,0
BRDA:269,34,1,0
BRDA:272,35,0,0
BRDA:272,35,1,6
BRDA:272,36,0,0
BRDA:272,36,1,6
BRDA:274,37,0,6
BRDA:274,37,1,0
BRDA:277,38,0,0
BRDA:277,38,1,0
BRDA:278,39,0,0
BRDA:278,39,1,0
BRDA:278,40,0,0
BRDA:278,40,1,0
BRDA:278,41,0,0
BRDA:278,41,1,0
BRF:84
BRH:32
end_of_record
TN:
SF:src\components\boids\config.ts
FNF:0
FNH:0
DA:1,1
DA:3,1
LF:2
LH:2
BRF:0
BRH:0
end_of_record
TN:
SF:src\components\hooks\useDismissableMenu.ts
FN:3,useDismissableMenu
FN:8,(anonymous_1)
FN:11,(anonymous_2)
FN:19,(anonymous_3)
FN:26,(anonymous_4)
FNF:5
FNH:2
FNDA:29,useDismissableMenu
FNDA:8,(anonymous_1)
FNDA:0,(anonymous_2)
FNDA:0,(anonymous_3)
FNDA:0,(anonymous_4)
DA:1,1
DA:3,1
DA:8,29
DA:9,8
DA:11,0
DA:12,0
DA:13,0
DA:14,0
DA:15,0
DA:19,0
DA:20,0
DA:23,0
DA:24,0
DA:25,0
DA:26,0
DA:27,0
DA:28,0
DA:29,0
LF:18
LH:4
BRDA:9,0,0,8
BRDA:9,0,1,0
BRDA:13,1,0,0
BRDA:13,1,1,0
BRDA:14,2,0,0
BRDA:14,2,1,0
BRDA:14,3,0,0
BRDA:14,3,1,0
BRDA:20,4,0,0
BRDA:20,4,1,0
BRF:10
BRH:1
end_of_record
TN:
SF:src\components\hooks\useResize.ts
FN:3,useResize
FN:4,(anonymous_1)
FN:17,(anonymous_2)
FN:21,(anonymous_3)
FN:22,(anonymous_4)
FN:27,(anonymous_5)
FN:31,(anonymous_6)
FN:40,clamp
FNF:8
FNH:6
FNDA:10,useResize
FNDA:2,(anonymous_1)
FNDA:2,(anonymous_2)
FNDA:2,(anonymous_3)
FNDA:0,(anonymous_4)
FNDA:0,(anonymous_5)
FNDA:2,(anonymous_6)
FNDA:2,clamp
DA:1,1
DA:3,1
DA:4,10
DA:5,2
DA:6,2
DA:7,2
DA:8,2
DA:10,0
DA:14,10
DA:15,10
DA:17,10
DA:18,2
DA:21,10
DA:22,2
DA:23,0
DA:24,0
DA:25,0
DA:27,2
DA:29,2
DA:30,2
DA:31,2
DA:32,2
DA:33,2
DA:37,10
DA:41,2
LF:25
LH:21
BRDA:3,0,0,0
BRDA:3,1,0,0
BRDA:3,2,0,0
BRDA:7,3,0,1
BRDA:7,3,1,1
BRDA:8,4,0,1
BRDA:8,4,1,1
BRDA:23,5,0,0
BRDA:23,5,1,0
BRF:9
BRH:4
end_of_record
TN:
SF:src\components\menus\ProjectContextMenuController.tsx
FN:19,ProjectContextMenuController
FN:21,(anonymous_10)
FNF:2
FNH:0
FNDA:0,ProjectContextMenuController
FNDA:0,(anonymous_10)
DA:1,1
DA:3,1
DA:19,1
DA:20,0
DA:21,0
DA:22,0
DA:23,0
DA:27,0
LF:8
LH:3
BRDA:20,0,0,0
BRDA:20,0,1,0
BRDA:22,1,0,0
BRDA:22,1,1,0
BRDA:22,2,0,0
BRDA:22,2,1,0
BRDA:22,2,2,0
BRF:7
BRH:0
end_of_record
TN:
SF:src\components\merge\preview.ts
FN:3,calculateMergePreview
FN:8,(anonymous_1)
FNF:2
FNH:0
FNDA:0,calculateMergePreview
FNDA:0,(anonymous_1)
DA:3,1
DA:4,0
DA:5,0
DA:6,0
DA:8,0
DA:9,0
DA:11,0
DA:12,0
DA:13,0
DA:14,0
DA:15,0
DA:16,0
DA:18,0
DA:19,0
DA:22,0
DA:23,0
DA:24,0
DA:27,0
LF:18
LH:1
BRDA:16,0,0,0
BRDA:16,0,1,0
BRF:2
BRH:0
end_of_record
TN:
SF:src\components\todos\TodoItem.tsx
FN:32,TodoItem
FN:58,(anonymous_2)
FN:59,(anonymous_3)
FN:60,(anonymous_4)
FN:62,(anonymous_5)
FN:69,(anonymous_6)
FN:80,(anonymous_7)
FN:81,(anonymous_8)
FN:97,(anonymous_9)
FN:106,(anonymous_10)
FNF:10
FNH:1
FNDA:4,TodoItem
FNDA:0,(anonymous_2)
FNDA:0,(anonymous_3)
FNDA:0,(anonymous_4)
FNDA:0,(anonymous_5)
FNDA:0,(anonymous_6)
FNDA:0,(anonymous_7)
FNDA:0,(anonymous_8)
FNDA:0,(anonymous_9)
FNDA:0,(anonymous_10)
DA:1,1
DA:32,1
DA:52,4
DA:54,4
DA:58,0
DA:59,0
DA:60,0
DA:62,0
DA:70,0
DA:71,0
DA:80,0
DA:82,0
DA:83,0
DA:98,0
DA:99,0
DA:107,0
DA:108,0
LF:17
LH:4
BRDA:56,0,0,0
BRDA:56,0,1,4
BRDA:56,1,0,0
BRDA:56,1,1,4
BRDA:75,2,0,0
BRDA:75,2,1,4
BRDA:82,3,0,0
BRDA:82,3,1,0
BRDA:83,4,0,0
BRDA:83,4,1,0
BRDA:91,5,0,4
BRDA:91,5,1,0
BRF:12
BRH:4
end_of_record
TN:
SF:src\components\todos\useTodoEditing.ts
FN:10,useTodoEditing
FN:16,(anonymous_1)
FN:25,(anonymous_2)
FN:36,(anonymous_3)
FN:41,(anonymous_4)
FN:43,(anonymous_5)
FN:48,(anonymous_6)
FN:60,(anonymous_7)
FN:79,(anonymous_8)
FNF:9
FNH:1
FNDA:4,useTodoEditing
FNDA:0,(anonymous_1)
FNDA:0,(anonymous_2)
FNDA:0,(anonymous_3)
FNDA:0,(anonymous_4)
FNDA:0,(anonymous_5)
FNDA:0,(anonymous_6)
FNDA:0,(anonymous_7)
FNDA:0,(anonymous_8)
DA:1,1
DA:2,1
DA:10,1
DA:11,4
DA:12,4
DA:13,4
DA:14,4
DA:16,4
DA:17,0
DA:18,0
DA:20,0
DA:21,0
DA:22,0
DA:25,4
DA:26,0
DA:27,0
DA:28,0
DA:29,0
DA:30,0
DA:31,0
DA:32,0
DA:36,4
DA:37,0
DA:38,0
DA:41,4
DA:42,0
DA:43,0
DA:44,0
DA:45,0
DA:48,4
DA:49,0
DA:50,0
DA:51,0
DA:52,0
DA:53,0
DA:54,0
DA:55,0
DA:56,0
DA:57,0
DA:60,4
DA:61,0
DA:62,0
DA:64,0
DA:65,0
DA:66,0
DA:67,0
DA:68,0
DA:69,0
DA:71,0
DA:73,0
DA:74,0
DA:75,0
DA:79,4
DA:80,0
DA:81,0
DA:84,4
LF:56
LH:15
BRDA:17,0,0,0
BRDA:17,0,1,0
BRDA:17,1,0,0
BRDA:17,1,1,0
BRDA:21,2,0,0
BRDA:21,2,1,0
BRDA:21,2,2,0
BRDA:22,3,0,0
BRDA:22,3,1,0
BRDA:26,4,0,0
BRDA:26,4,1,0
BRDA:26,5,0,0
BRDA:26,5,1,0
BRDA:26,5,2,0
BRDA:42,6,0,0
BRDA:42,6,1,0
BRDA:42,6,2,0
BRDA:49,7,0,0
BRDA:49,7,1,0
BRDA:49,7,2,0
BRDA:52,8,0,0
BRDA:52,8,1,0
BRDA:53,9,0,0
BRDA:53,9,1,0
BRDA:54,10,0,0
BRDA:54,10,1,0
BRDA:61,11,0,0
BRDA:61,11,1,0
BRDA:61,12,0,0
BRDA:61,12,1,0
BRDA:61,12,2,0
BRDA:66,13,0,0
BRDA:66,13,1,0
BRDA:73,14,0,0
BRDA:73,14,1,0
BRF:35
BRH:0
end_of_record
TN:
SF:src\components\todos\useTodoSelectionDnd.ts
FN:12,useTodoSelectionDnd
FN:18,(anonymous_1)
FN:23,(anonymous_2)
FN:25,(anonymous_3)
FN:36,(anonymous_4)
FN:45,(anonymous_5)
FN:53,(anonymous_6)
FN:73,(anonymous_7)
FN:81,(anonymous_8)
FN:87,(anonymous_9)
FN:100,(anonymous_10)
FN:102,(anonymous_11)
FN:107,(anonymous_12)
FN:108,(anonymous_13)
FN:124,(anonymous_14)
FNF:15
FNH:3
FNDA:4,useTodoSelectionDnd
FNDA:0,(anonymous_1)
FNDA:0,(anonymous_2)
FNDA:0,(anonymous_3)
FNDA:0,(anonymous_4)
FNDA:0,(anonymous_5)
FNDA:0,(anonymous_6)
FNDA:0,(anonymous_7)
FNDA:0,(anonymous_8)
FNDA:0,(anonymous_9)
FNDA:0,(anonymous_10)
FNDA:0,(anonymous_11)
FNDA:2,(anonymous_12)
FNDA:0,(anonymous_13)
FNDA:2,(anonymous_14)
DA:1,1
DA:12,1
DA:13,4
DA:14,4
DA:15,4
DA:16,4
DA:18,4
DA:19,0
DA:20,0
DA:23,4
DA:24,0
DA:25,0
DA:26,0
DA:27,0
DA:29,0
DA:30,0
DA:31,0
DA:32,0
DA:33,0
DA:34,0
DA:35,0
DA:36,0
DA:37,0
DA:38,0
DA:39,0
DA:40,0
DA:41,0
DA:42,0
DA:43,0
DA:44,0
DA:45,0
DA:46,0
DA:47,0
DA:48,0
DA:50,0
DA:53,4
DA:54,0
DA:55,0
DA:56,0
DA:57,0
DA:58,0
DA:59,0
DA:60,0
DA:61,0
DA:62,0
DA:63,0
DA:64,0
DA:65,0
DA:66,0
DA:68,0
DA:69,0
DA:73,4
DA:74,0
DA:75,0
DA:77,0
DA:78,0
DA:81,4
DA:82,0
DA:83,0
DA:84,0
DA:87,4
DA:88,0
DA:89,0
DA:90,0
DA:91,0
DA:92,0
DA:93,0
DA:94,0
DA:96,0
DA:97,0
DA:100,4
DA:101,0
DA:102,0
DA:103,0
DA:104,0
DA:107,4
DA:108,2
DA:109,0
DA:110,0
DA:111,0
DA:113,0
DA:114,0
DA:115,0
DA:116,0
DA:117,0
DA:118,0
DA:119,0
DA:123,2
DA:124,2
DA:127,4
LF:90
LH:18
BRDA:24,0,0,0
BRDA:24,0,1,0
BRDA:24,1,0,0
BRDA:24,1,1,0
BRDA:27,2,0,0
BRDA:27,2,1,0
BRDA:31,3,0,0
BRDA:31,3,1,0
BRDA:31,4,0,0
BRDA:31,4,1,0
BRDA:38,5,0,0
BRDA:38,5,1,0
BRDA:40,6,0,0
BRDA:40,6,1,0
BRDA:40,7,0,0
BRDA:40,7,1,0
BRDA:47,8,0,0
BRDA:47,8,1,0
BRDA:54,9,0,0
BRDA:54,9,1,0
BRDA:54,10,0,0
BRDA:54,10,1,0
BRDA:61,11,0,0
BRDA:61,11,1,0
BRDA:61,12,0,0
BRDA:61,12,1,0
BRDA:63,13,0,0
BRDA:63,13,1,0
BRDA:74,14,0,0
BRDA:74,14,1,0
BRDA:74,15,0,0
BRDA:74,15,1,0
BRDA:89,16,0,0
BRDA:89,16,1,0
BRDA:89,17,0,0
BRDA:89,17,1,0
BRDA:89,17,2,0
BRDA:101,18,0,0
BRDA:101,18,1,0
BRDA:103,19,0,0
BRDA:103,19,1,0
BRDA:109,20,0,0
BRDA:109,20,1,0
BRDA:113,21,0,0
BRDA:113,21,1,0
BRDA:113,22,0,0
BRDA:113,22,1,0
BRDA:114,23,0,0
BRDA:114,23,1,0
BRDA:114,24,0,0
BRDA:114,24,1,0
BRDA:114,24,2,0
BRDA:117,25,0,0
BRDA:117,25,1,0
BRDA:117,26,0,0
BRDA:117,26,1,0
BRDA:117,26,2,0
BRF:57
BRH:0
end_of_record
TN:
SF:src\main\gitStatus.ts
FN:44,asString
FN:101,collectGitStatus
FN:134,collectCommitHistory
FN:162,findGitRepos
FN:173,(anonymous_5)
FN:186,inspectRepo
FN:238,inspectCommits
FN:279,extractCoAuthors
FN:291,getCommitStats
FN:326,getRemoteUrl
FN:335,getCommitDate
FN:344,detectLanguages
FN:356,(anonymous_13)
FN:357,(anonymous_14)
FN:363,execGit
FNF:15
FNH:0
FNDA:0,asString
FNDA:0,collectGitStatus
FNDA:0,collectCommitHistory
FNDA:0,findGitRepos
FNDA:0,(anonymous_5)
FNDA:0,inspectRepo
FNDA:0,inspectCommits
FNDA:0,extractCoAuthors
FNDA:0,getCommitStats
FNDA:0,getRemoteUrl
FNDA:0,getCommitDate
FNDA:0,detectLanguages
FNDA:0,(anonymous_13)
FNDA:0,(anonymous_14)
FNDA:0,execGit
DA:2,1
DA:3,1
DA:4,1
DA:5,1
DA:6,1
DA:7,1
DA:8,1
DA:42,1
DA:45,0
DA:48,1
DA:99,1
DA:101,1
DA:102,0
DA:105,0
DA:106,0
DA:107,0
DA:108,0
DA:109,0
DA:113,0
DA:114,0
DA:115,0
DA:116,0
DA:118,0
DA:119,0
DA:121,0
DA:122,0
DA:123,0
DA:124,0
DA:125,0
DA:128,0
DA:130,0
DA:134,1
DA:135,0
DA:138,0
DA:139,0
DA:140,0
DA:141,0
DA:142,0
DA:146,0
DA:147,0
DA:148,0
DA:149,0
DA:150,0
DA:151,0
DA:152,0
DA:153,0
DA:154,0
DA:156,0
DA:158,0
DA:163,0
DA:164,0
DA:165,0
DA:166,0
DA:167,0
DA:168,0
DA:169,0
DA:171,0
DA:173,0
DA:174,0
DA:175,0
DA:176,0
DA:178,0
DA:179,0
DA:180,0
DA:181,0
DA:187,0
DA:188,0
DA:189,0
DA:191,0
DA:192,0
DA:193,0
DA:195,0
DA:196,0
DA:197,0
DA:198,0
DA:200,0
DA:203,0
DA:204,0
DA:205,0
DA:206,0
DA:207,0
DA:208,0
DA:210,0
DA:211,0
DA:212,0
DA:213,0
DA:214,0
DA:215,0
DA:216,0
DA:218,0
DA:221,0
DA:223,0
DA:234,0
DA:239,0
DA:240,0
DA:241,0
DA:242,0
DA:244,0
DA:245,0
DA:246,0
DA:247,0
DA:249,0
DA:250,0
DA:251,0
DA:252,0
DA:253,0
DA:254,0
DA:255,0
DA:256,0
DA:257,0
DA:258,0
DA:269,0
DA:275,0
DA:280,0
DA:281,0
DA:282,0
DA:283,0
DA:284,0
DA:285,0
DA:288,0
DA:292,0
DA:293,0
DA:294,0
DA:295,0
DA:296,0
DA:297,0
DA:298,0
DA:299,0
DA:300,0
DA:301,0
DA:302,0
DA:303,0
DA:306,0
DA:307,0
DA:308,0
DA:309,0
DA:310,0
DA:311,0
DA:312,0
DA:313,0
DA:314,0
DA:315,0
DA:316,0
DA:317,0
DA:320,0
DA:322,0
DA:327,0
DA:328,0
DA:329,0
DA:331,0
DA:336,0
DA:337,0
DA:338,0
DA:340,0
DA:345,0
DA:346,0
DA:347,0
DA:348,0
DA:349,0
DA:350,0
DA:351,0
DA:352,0
DA:353,0
DA:354,0
DA:356,0
DA:357,0
DA:359,0
DA:364,0
LF:168
LH:12
BRDA:45,0,0,0
BRDA:45,0,1,0
BRDA:102,1,0,0
BRDA:102,1,1,0
BRDA:105,2,0,0
BRDA:105,2,1,0
BRDA:105,3,0,0
BRDA:105,3,1,0
BRDA:108,4,0,0
BRDA:108,4,1,0
BRDA:108,5,0,0
BRDA:108,5,1,0
BRDA:115,6,0,0
BRDA:115,6,1,0
BRDA:124,7,0,0
BRDA:124,7,1,0
BRDA:124,8,0,0
BRDA:124,8,1,0
BRDA:130,9,0,0
BRDA:130,9,1,0
BRDA:134,10,0,0
BRDA:135,11,0,0
BRDA:135,11,1,0
BRDA:138,12,0,0
BRDA:138,12,1,0
BRDA:138,13,0,0
BRDA:138,13,1,0
BRDA:141,14,0,0
BRDA:141,14,1,0
BRDA:141,15,0,0
BRDA:141,15,1,0
BRDA:148,16,0,0
BRDA:148,16,1,0
BRDA:154,17,0,0
BRDA:154,17,1,0
BRDA:154,18,0,0
BRDA:154,18,1,0
BRDA:158,19,0,0
BRDA:158,19,1,0
BRDA:166,20,0,0
BRDA:166,20,1,0
BRDA:173,21,0,0
BRDA:173,21,1,0
BRDA:174,22,0,0
BRDA:174,22,1,0
BRDA:179,23,0,0
BRDA:179,23,1,0
BRDA:180,24,0,0
BRDA:180,24,1,0
BRDA:189,25,0,0
BRDA:189,25,1,0
BRDA:206,26,0,0
BRDA:206,26,1,0
BRDA:215,27,0,0
BRDA:215,27,1,0
BRDA:216,28,0,0
BRDA:216,28,1,0
BRDA:234,29,0,0
BRDA:234,29,1,0
BRDA:241,30,0,0
BRDA:241,30,1,0
BRDA:251,31,0,0
BRDA:251,31,1,0
BRDA:252,32,0,0
BRDA:252,32,1,0
BRDA:253,33,0,0
BRDA:253,33,1,0
BRDA:254,34,0,0
BRDA:254,34,1,0
BRDA:255,35,0,0
BRDA:255,35,1,0
BRDA:262,36,0,0
BRDA:262,36,1,0
BRDA:263,37,0,0
BRDA:263,37,1,0
BRDA:275,38,0,0
BRDA:275,38,1,0
BRDA:284,39,0,0
BRDA:284,39,1,0
BRDA:299,40,0,0
BRDA:299,40,1,0
BRDA:300,41,0,0
BRDA:300,41,1,0
BRDA:301,42,0,0
BRDA:301,42,1,0
BRDA:313,43,0,0
BRDA:313,43,1,0
BRDA:315,44,0,0
BRDA:315,44,1,0
BRDA:316,45,0,0
BRDA:316,45,1,0
BRDA:329,46,0,0
BRDA:329,46,1,0
BRDA:338,47,0,0
BRDA:338,47,1,0
BRDA:351,48,0,0
BRDA:351,48,1,0
BRDA:353,49,0,0
BRDA:353,49,1,0
BRDA:354,50,0,0
BRDA:354,50,1,0
BRF:101
BRH:0
end_of_record
TN:
SF:src\main\main.ts
FN:62,createWindow
FN:114,(anonymous_11)
FN:123,(anonymous_12)
FN:124,(anonymous_13)
FN:130,(anonymous_14)
FN:145,(anonymous_15)
FN:148,(anonymous_16)
FN:154,(anonymous_17)
FN:157,(anonymous_18)
FN:167,(anonymous_19)
FN:175,(anonymous_20)
FN:180,(anonymous_21)
FN:188,(anonymous_22)
FN:216,(anonymous_23)
FN:234,(anonymous_24)
FN:251,(anonymous_25)
FN:255,(anonymous_26)
FN:265,(anonymous_27)
FN:265,(anonymous_28)
FN:266,(anonymous_29)
FN:266,(anonymous_30)
FN:300,(anonymous_31)
FN:307,(anonymous_32)
FN:326,(anonymous_33)
FN:330,(anonymous_34)
FN:340,(anonymous_35)
FN:341,(anonymous_36)
FN:342,(anonymous_37)
FN:371,(anonymous_38)
FNF:29
FNH:0
FNDA:0,createWindow
FNDA:0,(anonymous_11)
FNDA:0,(anonymous_12)
FNDA:0,(anonymous_13)
FNDA:0,(anonymous_14)
FNDA:0,(anonymous_15)
FNDA:0,(anonymous_16)
FNDA:0,(anonymous_17)
FNDA:0,(anonymous_18)
FNDA:0,(anonymous_19)
FNDA:0,(anonymous_20)
FNDA:0,(anonymous_21)
FNDA:0,(anonymous_22)
FNDA:0,(anonymous_23)
FNDA:0,(anonymous_24)
FNDA:0,(anonymous_25)
FNDA:0,(anonymous_26)
FNDA:0,(anonymous_27)
FNDA:0,(anonymous_28)
FNDA:0,(anonymous_29)
FNDA:0,(anonymous_30)
FNDA:0,(anonymous_31)
FNDA:0,(anonymous_32)
FNDA:0,(anonymous_33)
FNDA:0,(anonymous_34)
FNDA:0,(anonymous_35)
FNDA:0,(anonymous_36)
FNDA:0,(anonymous_37)
FNDA:0,(anonymous_38)
DA:1,0
DA:2,0
DA:3,0
DA:5,0
DA:6,0
DA:7,0
DA:11,0
DA:12,0
DA:14,0
DA:15,0
DA:16,0
DA:17,0
DA:18,0
DA:20,0
DA:21,0
DA:22,0
DA:23,0
DA:24,0
DA:25,0
DA:26,0
DA:27,0
DA:28,0
DA:29,0
DA:30,0
DA:31,0
DA:32,0
DA:33,0
DA:35,0
DA:36,0
DA:38,0
DA:41,0
DA:42,0
DA:43,0
DA:44,0
DA:46,0
DA:47,0
DA:48,0
DA:49,0
DA:51,0
DA:52,0
DA:64,0
DA:65,0
DA:66,0
DA:67,0
DA:69,0
DA:85,0
DA:86,0
DA:87,0
DA:88,0
DA:89,0
DA:92,0
DA:93,0
DA:94,0
DA:95,0
DA:100,0
DA:101,0
DA:102,0
DA:104,0
DA:105,0
DA:106,0
DA:107,0
DA:109,0
DA:114,0
DA:115,0
DA:119,0
DA:120,0
DA:123,0
DA:124,0
DA:125,0
DA:126,0
DA:128,0
DA:129,0
DA:130,0
DA:131,0
DA:132,0
DA:133,0
DA:134,0
DA:136,0
DA:139,0
DA:145,0
DA:146,0
DA:148,0
DA:149,0
DA:153,0
DA:155,0
DA:158,0
DA:159,0
DA:160,0
DA:161,0
DA:162,0
DA:164,0
DA:167,0
DA:172,0
DA:175,0
DA:176,0
DA:180,0
DA:182,0
DA:183,0
DA:184,0
DA:185,0
DA:187,0
DA:189,0
DA:194,0
DA:195,0
DA:196,0
DA:197,0
DA:198,0
DA:200,0
DA:201,0
DA:204,0
DA:206,0
DA:207,0
DA:208,0
DA:209,0
DA:210,0
DA:211,0
DA:212,0
DA:213,0
DA:216,0
DA:217,0
DA:218,0
DA:219,0
DA:220,0
DA:221,0
DA:222,0
DA:224,0
DA:225,0
DA:228,0
DA:231,0
DA:232,0
DA:233,0
DA:234,0
DA:235,0
DA:236,0
DA:237,0
DA:238,0
DA:239,0
DA:241,0
DA:244,0
DA:251,0
DA:252,0
DA:253,0
DA:254,0
DA:255,0
DA:256,0
DA:257,0
DA:258,0
DA:259,0
DA:260,0
DA:261,0
DA:263,0
DA:264,0
DA:265,0
DA:266,0
DA:267,0
DA:268,0
DA:269,0
DA:270,0
DA:272,0
DA:274,0
DA:279,0
DA:280,0
DA:281,0
DA:292,0
DA:293,0
DA:295,0
DA:300,0
DA:301,0
DA:302,0
DA:303,0
DA:304,0
DA:305,0
DA:307,0
DA:308,0
DA:309,0
DA:310,0
DA:311,0
DA:312,0
DA:313,0
DA:314,0
DA:315,0
DA:316,0
DA:324,0
DA:325,0
DA:326,0
DA:327,0
DA:328,0
DA:329,0
DA:330,0
DA:331,0
DA:332,0
DA:338,0
DA:340,0
DA:341,0
DA:343,0
DA:344,0
DA:345,0
DA:346,0
DA:347,0
DA:349,0
DA:351,0
DA:352,0
DA:353,0
DA:354,0
DA:355,0
DA:357,0
DA:360,0
DA:361,0
DA:362,0
DA:363,0
DA:365,0
DA:371,0
LF:212
LH:0
BRDA:74,0,0,0
BRDA:74,0,1,0
BRDA:75,1,0,0
BRDA:75,1,1,0
BRDA:76,2,0,0
BRDA:76,2,1,0
BRDA:86,3,0,0
BRDA:86,3,1,0
BRDA:93,4,0,0
BRDA:93,4,1,0
BRDA:101,5,0,0
BRDA:101,5,1,0
BRDA:105,6,0,0
BRDA:105,6,1,0
BRDA:128,7,0,0
BRDA:128,7,1,0
BRDA:128,8,0,0
BRDA:128,8,1,0
BRDA:133,9,0,0
BRDA:133,9,1,0
BRDA:136,10,0,0
BRDA:136,10,1,0
BRDA:155,11,0,0
BRDA:155,11,1,0
BRDA:158,12,0,0
BRDA:158,12,1,0
BRDA:160,13,0,0
BRDA:160,13,1,0
BRDA:164,14,0,0
BRDA:164,14,1,0
BRDA:176,15,0,0
BRDA:176,15,1,0
BRDA:197,16,0,0
BRDA:197,16,1,0
BRDA:200,17,0,0
BRDA:200,17,1,0
BRDA:217,18,0,0
BRDA:217,18,1,0
BRDA:219,19,0,0
BRDA:219,19,1,0
BRDA:224,20,0,0
BRDA:224,20,1,0
BRDA:225,21,0,0
BRDA:225,21,1,0
BRDA:232,22,0,0
BRDA:232,22,1,0
BRDA:236,23,0,0
BRDA:236,23,1,0
BRDA:238,24,0,0
BRDA:238,24,1,0
BRDA:241,25,0,0
BRDA:241,25,1,0
BRDA:254,26,0,0
BRDA:254,26,1,0
BRDA:256,27,0,0
BRDA:256,27,1,0
BRDA:259,28,0,0
BRDA:259,28,1,0
BRDA:259,29,0,0
BRDA:259,29,1,0
BRDA:265,30,0,0
BRDA:265,30,1,0
BRDA:266,31,0,0
BRDA:266,31,1,0
BRDA:266,32,0,0
BRDA:266,32,1,0
BRDA:266,33,0,0
BRDA:266,33,1,0
BRDA:269,34,0,0
BRDA:269,34,1,0
BRDA:270,35,0,0
BRDA:270,35,1,0
BRDA:272,36,0,0
BRDA:272,36,1,0
BRDA:279,37,0,0
BRDA:279,37,1,0
BRDA:287,38,0,0
BRDA:287,38,1,0
BRDA:288,39,0,0
BRDA:288,39,1,0
BRDA:292,40,0,0
BRDA:292,40,1,0
BRDA:305,41,0,0
BRDA:305,41,1,0
BRDA:310,42,0,0
BRDA:310,42,1,0
BRDA:311,43,0,0
BRDA:311,43,1,0
BRDA:312,44,0,0
BRDA:312,44,1,0
BRDA:312,45,0,0
BRDA:312,45,1,0
BRDA:315,46,0,0
BRDA:315,46,1,0
BRDA:315,47,0,0
BRDA:315,47,1,0
BRDA:322,48,0,0
BRDA:322,48,1,0
BRDA:324,49,0,0
BRDA:324,49,1,0
BRDA:325,50,0,0
BRDA:325,50,1,0
BRDA:328,51,0,0
BRDA:328,51,1,0
BRDA:329,52,0,0
BRDA:329,52,1,0
BRDA:332,53,0,0
BRDA:332,53,1,0
BRDA:343,54,0,0
BRDA:343,54,1,0
BRDA:346,55,0,0
BRDA:346,55,1,0
BRDA:352,56,0,0
BRDA:352,56,1,0
BRDA:354,57,0,0
BRDA:354,57,1,0
BRDA:360,58,0,0
BRDA:360,58,1,0
BRDA:362,59,0,0
BRDA:362,59,1,0
BRF:120
BRH:0
end_of_record
TN:
SF:src\main\adapters\claudeAdapter.ts
FN:23,(anonymous_9)
FN:25,(anonymous_10)
FN:34,(anonymous_11)
FN:41,(anonymous_12)
FN:48,(anonymous_13)
FN:68,(anonymous_14)
FN:69,(anonymous_15)
FN:72,(anonymous_16)
FN:83,(anonymous_17)
FN:94,numberSafe
FN:98,computeSignature
FN:102,(anonymous_20)
FN:102,(anonymous_21)
FN:107,(anonymous_22)
FN:107,(anonymous_23)
FN:109,(anonymous_24)
FNF:16
FNH:0
FNDA:0,(anonymous_9)
FNDA:0,(anonymous_10)
FNDA:0,(anonymous_11)
FNDA:0,(anonymous_12)
FNDA:0,(anonymous_13)
FNDA:0,(anonymous_14)
FNDA:0,(anonymous_15)
FNDA:0,(anonymous_16)
FNDA:0,(anonymous_17)
FNDA:0,numberSafe
FNDA:0,computeSignature
FNDA:0,(anonymous_20)
FNDA:0,(anonymous_21)
FNDA:0,(anonymous_22)
FNDA:0,(anonymous_23)
FNDA:0,(anonymous_24)
DA:5,0
DA:6,0
DA:7,0
DA:20,0
DA:21,0
DA:22,0
DA:23,0
DA:26,0
DA:27,0
DA:28,0
DA:29,0
DA:31,0
DA:32,0
DA:33,0
DA:34,0
DA:41,0
DA:48,0
DA:63,0
DA:64,0
DA:69,0
DA:73,0
DA:74,0
DA:75,0
DA:76,0
DA:77,0
DA:79,0
DA:84,0
DA:85,0
DA:86,0
DA:87,0
DA:89,0
DA:95,0
DA:99,0
DA:100,0
DA:101,0
DA:102,0
DA:103,0
DA:104,0
DA:105,0
DA:106,0
DA:107,0
DA:109,0
DA:110,0
DA:111,0
DA:113,0
DA:114,0
LF:46
LH:0
BRDA:28,0,0,0
BRDA:28,0,1,0
BRDA:28,1,0,0
BRDA:28,1,1,0
BRDA:32,2,0,0
BRDA:32,2,1,0
BRDA:32,3,0,0
BRDA:32,3,1,0
BRDA:39,4,0,0
BRDA:39,4,1,0
BRDA:40,5,0,0
BRDA:40,5,1,0
BRDA:47,6,0,0
BRDA:47,6,1,0
BRDA:48,7,0,0
BRDA:48,7,1,0
BRDA:51,8,0,0
BRDA:51,8,1,0
BRDA:52,9,0,0
BRDA:52,9,1,0
BRDA:76,10,0,0
BRDA:76,10,1,0
BRDA:79,11,0,0
BRDA:79,11,1,0
BRDA:89,12,0,0
BRDA:89,12,1,0
BRDA:95,13,0,0
BRDA:95,13,1,0
BRDA:95,14,0,0
BRDA:95,14,1,0
BRDA:105,15,0,0
BRDA:105,15,1,0
BRF:32
BRH:0
end_of_record
TN:
SF:src\main\adapters\codexAdapter.ts
FN:23,(anonymous_1)
FN:25,(anonymous_2)
FN:53,(anonymous_3)
FN:61,(anonymous_4)
FN:62,(anonymous_5)
FN:63,(anonymous_6)
FN:63,(anonymous_7)
[...]
DA:40,8
DA:41,6
DA:42,6
DA:43,6
DA:44,6
DA:45,4
DA:47,4
DA:48,4
DA:49,4
DA:51,12
DA:52,12
DA:53,12
DA:54,12
DA:56,9
DA:65,9
DA:66,9
DA:76,4
DA:78,0
DA:79,0
DA:83,2
DA:84,2
DA:87,0
DA:88,0
DA:89,0
DA:90,0
DA:91,0
DA:92,0
DA:93,0
DA:95,6
DA:96,6
DA:97,6
DA:98,6
DA:100,5
DA:101,7
DA:102,4
DA:104,0
DA:105,0
DA:106,0
DA:107,0
DA:108,0
DA:109,0
DA:110,0
DA:111,0
DA:112,0
DA:118,4
DA:119,4
DA:120,4
DA:121,4
DA:123,4
DA:124,4
DA:125,4
DA:128,9
DA:129,0
DA:132,2
DA:135,13
DA:136,13
DA:137,12
DA:138,6
DA:139,6
DA:140,6
DA:141,6
DA:142,6
DA:143,4
DA:144,4
DA:145,0
DA:149,2
DA:151,6
DA:152,6
DA:153,6
DA:154,6
DA:156,12
DA:157,12
DA:158,3
DA:159,3
DA:162,9
DA:164,9
DA:165,9
DA:166,0
DA:167,0
DA:170,9
DA:179,6
DA:181,9
DA:183,0
DA:184,0
DA:185,0
DA:186,0
DA:187,0
DA:188,0
DA:189,0
DA:191,6
DA:192,6
DA:193,6
DA:194,6
DA:196,4
DA:197,6
DA:198,4
DA:199,24
DA:208,3
DA:210,4
DA:211,4
DA:212,4
DA:215,4
DA:216,4
DA:217,4
DA:218,4
DA:222,28
DA:223,4
DA:225,28
DA:232,18
DA:239,26
DA:246,0
LF:128
LH:98
BRDA:17,0,0,7
BRDA:17,0,1,0
BRDA:36,1,0,1
BRDA:36,1,1,0
BRDA:39,2,0,4
BRDA:39,2,1,8
BRDA:40,3,0,2
BRDA:40,3,1,6
BRDA:44,4,0,4
BRDA:44,4,1,2
BRDA:44,5,0,6
BRDA:44,5,1,4
BRDA:44,5,2,4
BRDA:45,6,0,4
BRDA:45,6,1,0
BRDA:45,7,0,4
BRDA:45,7,1,4
BRDA:51,8,0,12
BRDA:51,8,1,0
BRDA:53,9,0,3
BRDA:53,9,1,9
BRDA:57,10,0,9
BRDA:57,10,1,9
BRDA:57,11,0,9
BRDA:57,11,1,0
BRDA:59,12,0,9
BRDA:59,12,1,9
BRDA:59,13,0,9
BRDA:59,13,1,0
BRDA:61,14,0,0
BRDA:61,14,1,9
BRDA:64,15,0,9
BRDA:64,15,1,0
BRDA:65,16,0,9
BRDA:65,16,1,0
BRDA:65,16,2,0
BRDA:68,17,0,9
BRDA:68,17,1,0
BRDA:69,18,0,9
BRDA:69,18,1,0
BRDA:71,19,0,9
BRDA:71,19,1,9
BRDA:72,20,0,9
BRDA:72,20,1,0
BRDA:74,21,0,0
BRDA:74,21,1,9
BRDA:78,22,0,0
BRDA:78,22,1,0
BRDA:84,23,0,0
BRDA:84,23,1,2
BRDA:88,24,0,0
BRDA:88,24,1,0
BRDA:102,25,0,4
BRDA:102,25,1,4
BRDA:102,26,0,4
BRDA:102,26,1,4
BRDA:109,27,0,0
BRDA:109,27,1,0
BRDA:110,28,0,0
BRDA:110,28,1,0
BRDA:110,29,0,0
BRDA:110,29,1,0
BRDA:111,30,0,0
BRDA:111,30,1,0
BRDA:112,31,0,0
BRDA:112,31,1,0
BRDA:136,32,0,1
BRDA:136,32,1,12
BRDA:137,33,0,6
BRDA:137,33,1,6
BRDA:142,34,0,4
BRDA:142,34,1,2
BRDA:142,35,0,6
BRDA:142,35,1,4
BRDA:142,35,2,4
BRDA:143,36,0,4
BRDA:143,36,1,0
BRDA:143,37,0,4
BRDA:143,37,1,0
BRDA:144,38,0,0
BRDA:144,38,1,4
BRDA:145,39,0,0
BRDA:145,39,1,0
BRDA:154,40,0,6
BRDA:154,40,1,2
BRDA:156,41,0,12
BRDA:156,41,1,0
BRDA:157,42,0,3
BRDA:157,42,1,9
BRDA:157,43,0,12
BRDA:157,43,1,12
BRDA:162,44,0,9
BRDA:162,44,1,0
BRDA:164,45,0,9
BRDA:164,45,1,0
BRDA:164,45,2,0
BRDA:165,46,0,0
BRDA:165,46,1,9
BRDA:165,47,0,9
BRDA:165,47,1,9
BRDA:172,48,0,9
BRDA:172,48,1,0
BRDA:173,49,0,9
BRDA:173,49,1,0
BRDA:173,50,0,0
BRDA:173,50,1,0
BRDA:174,51,0,9
BRDA:174,51,1,0
BRDA:175,52,0,9
BRDA:175,52,1,0
BRDA:181,53,0,9
BRDA:181,53,1,0
BRDA:184,54,0,0
BRDA:184,54,1,0
BRDA:222,55,0,4
BRDA:222,55,1,24
BRF:116
BRH:68
end_of_record
TN:
SF:src\utils\PathUtils.ts
FN:35,(anonymous_1)
FN:42,(anonymous_2)
FN:50,(anonymous_3)
FN:58,(anonymous_4)
FN:73,(anonymous_5)
FN:118,(anonymous_6)
FN:125,(anonymous_7)
FN:132,(anonymous_8)
FN:140,(anonymous_9)
FN:148,(anonymous_10)
FN:237,(anonymous_11)
FN:254,(anonymous_12)
FN:272,(anonymous_13)
FNF:13
FNH:7
FNDA:2,(anonymous_1)
FNDA:1,(anonymous_2)
FNDA:21,(anonymous_3)
FNDA:8,(anonymous_4)
FNDA:0,(anonymous_5)
FNDA:27,(anonymous_6)
FNDA:0,(anonymous_7)
FNDA:0,(anonymous_8)
FNDA:28,(anonymous_9)
FNDA:3,(anonymous_10)
FNDA:0,(anonymous_11)
FNDA:0,(anonymous_12)
FNDA:0,(anonymous_13)
DA:1,3
DA:2,3
DA:3,3
DA:4,3
DA:5,3
DA:6,3
DA:7,3
DA:8,3
DA:9,3
DA:12,3
DA:30,3
DA:36,2
DA:43,1
DA:51,21
DA:59,8
DA:60,8
DA:61,0
DA:66,8
DA:69,8
DA:70,8
DA:71,8
DA:73,0
DA:74,0
DA:75,0
DA:76,0
DA:79,0
DA:80,0
DA:90,8
DA:91,8
DA:93,8
DA:94,0
DA:102,8
DA:103,8
DA:105,7
DA:106,7
DA:107,0
DA:108,0
DA:112,8
DA:119,27
DA:126,0
DA:133,0
DA:141,28
DA:150,3
DA:151,3
DA:152,0
DA:157,3
DA:160,3
DA:161,3
DA:162,69
DA:163,69
DA:164,69
DA:165,0
DA:167,69
DA:169,69
DA:170,0
DA:171,0
DA:175,3
DA:177,3
DA:183,0
DA:185,0
DA:186,0
DA:187,0
DA:188,0
DA:191,0
DA:192,0
DA:193,0
DA:198,0
DA:201,0
DA:202,0
DA:205,0
DA:206,0
DA:209,0
DA:210,0
DA:218,0
DA:221,0
DA:222,0
DA:223,0
DA:225,0
DA:238,0
DA:239,0
DA:242,0
DA:243,0
DA:248,0
DA:255,0
DA:256,0
DA:257,0
DA:262,0
DA:264,0
DA:265,0
DA:266,0
DA:267,0
DA:268,0
DA:270,0
DA:272,0
DA:273,0
DA:277,0
LF:96
LH:42
BRDA:60,0,0,0
BRDA:60,0,1,8
BRDA:71,1,0,0
BRDA:71,1,1,8
BRDA:79,2,0,0
BRDA:79,2,1,0
BRDA:79,3,0,0
BRDA:79,3,1,0
BRDA:93,4,0,0
BRDA:93,4,1,8
BRDA:103,5,0,7
BRDA:103,5,1,1
BRDA:103,6,0,8
BRDA:103,6,1,8
BRDA:103,6,2,7
BRDA:103,6,3,7
BRDA:106,7,0,0
BRDA:106,7,1,7
BRDA:106,8,0,7
BRDA:106,8,1,7
BRDA:151,9,0,0
BRDA:151,9,1,3
BRDA:164,10,0,0
BRDA:164,10,1,69
BRDA:169,11,0,0
BRDA:169,11,1,69
BRDA:175,12,0,3
BRDA:175,12,1,0
BRDA:187,13,0,0
BRDA:187,13,1,0
BRDA:187,14,0,0
BRDA:187,14,1,0
BRDA:187,14,2,0
BRDA:192,15,0,0
BRDA:192,15,1,0
BRDA:205,16,0,0
BRDA:205,16,1,0
BRDA:209,17,0,0
BRDA:209,17,1,0
BRDA:209,18,0,0
BRDA:209,18,1,0
BRDA:222,19,0,0
BRDA:222,19,1,0
BRDA:222,20,0,0
BRDA:222,20,1,0
BRDA:222,20,2,0
BRDA:228,21,0,0
BRDA:228,21,1,0
BRDA:229,22,0,0
BRDA:229,22,1,0
BRDA:242,23,0,0
BRDA:242,23,1,0
BRDA:256,24,0,0
BRDA:256,24,1,0
BRDA:267,25,0,0
BRDA:267,25,1,0
BRDA:272,26,0,0
BRDA:272,26,1,0
BRF:58
BRH:16
end_of_record
TN:
SF:src\utils\Result.ts
FN:16,Ok
FN:20,Err
FN:25,(anonymous_2)
FN:29,(anonymous_3)
FN:33,(anonymous_4)
FN:37,(anonymous_5)
FN:41,(anonymous_6)
FN:48,(anonymous_7)
FN:55,(anonymous_8)
FN:58,(anonymous_9)
FN:59,(anonymous_10)
FN:70,(anonymous_11)
FN:86,(anonymous_12)
FNF:13
FNH:9
FNDA:999,Ok
FNDA:40,Err
FNDA:123,(anonymous_2)
FNDA:10,(anonymous_3)
FNDA:115,(anonymous_4)
FNDA:13,(anonymous_5)
FNDA:0,(anonymous_6)
FNDA:0,(anonymous_7)
FNDA:391,(anonymous_8)
FNDA:389,(anonymous_9)
FNDA:2,(anonymous_10)
FNDA:0,(anonymous_11)
FNDA:0,(anonymous_12)
DA:16,15
DA:17,999
DA:20,15
DA:21,40
DA:24,15
DA:26,123
DA:30,10
DA:34,115
DA:38,13
DA:42,0
DA:43,0
DA:45,0
DA:49,0
DA:50,0
DA:52,0
DA:57,391
DA:58,389
DA:59,2
DA:71,0
DA:72,0
DA:73,0
DA:74,0
DA:76,0
DA:78,0
DA:87,0
DA:88,0
LF:26
LH:12
BRDA:42,0,0,0
BRDA:42,0,1,0
BRDA:49,1,0,0
BRDA:49,1,1,0
BRDA:60,2,0,0
BRDA:60,2,1,2
BRDA:73,3,0,0
BRDA:73,3,1,0
BRF:8
BRH:1
end_of_record
TN:
SF:src\utils\TodoManager.ts
FN:16,(anonymous_1)
FN:21,(anonymous_2)
FN:62,(anonymous_3)
FN:91,(anonymous_4)
FN:117,(anonymous_5)
FN:145,(anonymous_6)
FN:175,(anonymous_7)
FN:198,(anonymous_8)
FN:213,(anonymous_9)
FN:218,(anonymous_10)
FN:227,(anonymous_11)
FNF:11
FNH:11
FNDA:32,(anonymous_1)
FNDA:45,(anonymous_2)
FNDA:50,(anonymous_3)
FNDA:9,(anonymous_4)
FNDA:7,(anonymous_5)
FNDA:7,(anonymous_6)
FNDA:12,(anonymous_7)
FNDA:3,(anonymous_8)
FNDA:48,(anonymous_9)
FNDA:250,(anonymous_10)
FNDA:9,(anonymous_11)
DA:1,1
DA:2,1
DA:3,1
DA:13,1
DA:14,32
DA:17,32
DA:22,45
DA:23,45
DA:24,1
DA:27,44
DA:30,44
DA:31,0
DA:35,44
DA:36,0
DA:41,44
DA:42,44
DA:44,1
DA:47,43
DA:48,1
DA:52,42
DA:53,116
DA:54,1
DA:58,41
DA:64,50
DA:65,134
DA:66,0
DA:71,50
DA:72,50
DA:75,50
DA:76,0
DA:80,50
DA:83,50
DA:84,0
DA:87,50
DA:92,9
DA:93,9
DA:94,0
DA:97,9
DA:100,9
DA:106,9
DA:108,9
DA:109,9
DA:110,0
DA:113,9
DA:118,7
DA:119,7
DA:120,0
DA:123,7
DA:125,7
DA:126,1
DA:128,6
DA:129,1
DA:133,5
DA:134,5
DA:136,5
DA:137,5
DA:138,0
DA:141,5
DA:146,7
DA:147,7
DA:148,0
DA:151,7
DA:153,7
DA:154,1
DA:157,6
DA:158,2
DA:161,4
DA:166,4
DA:167,4
DA:168,0
DA:171,4
DA:176,12
DA:177,12
DA:178,0
DA:181,12
DA:183,12
DA:184,2
DA:187,10
DA:189,10
DA:190,10
DA:191,0
DA:194,10
DA:199,3
DA:200,3
DA:201,1
DA:204,2
DA:205,2
DA:206,0
DA:209,2
DA:214,48
DA:215,48
DA:219,250
DA:228,9
LF:93
LH:79
BRDA:23,0,0,1
BRDA:23,0,1,44
BRDA:30,1,0,0
BRDA:30,1,1,44
BRDA:35,2,0,0
BRDA:35,2,1,44
BRDA:44,3,0,1
BRDA:44,3,1,0
BRDA:47,4,0,1
BRDA:47,4,1,42
BRDA:53,5,0,1
BRDA:53,5,1,115
BRDA:65,6,0,0
BRDA:65,6,1,134
BRDA:75,7,0,0
BRDA:75,7,1,50
BRDA:83,8,0,0
BRDA:83,8,1,50
BRDA:93,9,0,0
BRDA:93,9,1,9
BRDA:102,10,0,9
BRDA:102,10,1,9
BRDA:103,11,0,9
BRDA:103,11,1,9
BRDA:109,12,0,0
BRDA:109,12,1,9
BRDA:119,13,0,0
BRDA:119,13,1,7
BRDA:125,14,0,1
BRDA:125,14,1,6
BRDA:125,15,0,7
BRDA:125,15,1,6
BRDA:128,16,0,1
BRDA:128,16,1,5
BRDA:128,17,0,6
BRDA:128,17,1,6
BRDA:137,18,0,0
BRDA:137,18,1,5
BRDA:147,19,0,0
BRDA:147,19,1,7
BRDA:153,20,0,1
BRDA:153,20,1,6
BRDA:153,21,0,7
BRDA:153,21,1,7
BRDA:157,22,0,2
BRDA:157,22,1,4
BRDA:157,23,0,6
BRDA:157,23,1,5
BRDA:167,24,0,0
BRDA:167,24,1,4
BRDA:177,25,0,0
BRDA:177,25,1,12
BRDA:183,26,0,2
BRDA:183,26,1,10
BRDA:183,27,0,12
BRDA:183,27,1,11
BRDA:190,28,0,0
BRDA:190,28,1,10
BRDA:200,29,0,1
BRDA:200,29,1,2
BRDA:205,30,0,0
BRDA:205,30,1,2
BRDA:220,31,0,250
BRDA:220,31,1,250
BRDA:220,31,2,250
BRDA:220,31,3,249
BRF:66
BRH:51
end_of_record
TN:
SF:src\utils\dateHelpers.ts
FN:2,formatUKDate
FN:11,formatUKTime
FNF:2
FNH:0
FNDA:0,formatUKDate
FNDA:0,formatUKTime
DA:2,0
DA:3,0
DA:4,0
DA:5,0
DA:6,0
DA:7,0
DA:11,0
DA:12,0
DA:13,0
DA:14,0
LF:10
LH:0
BRF:0
BRH:0
end_of_record
TN:
SF:src\utils\log.ts
FN:4,dlog
FN:8,dwarn
FNF:2
FNH:1
FNDA:16,dlog
FNDA:0,dwarn
DA:2,3
DA:4,3
DA:5,16
DA:8,3
DA:9,0
LF:5
LH:4
BRDA:2,0,0,3
BRDA:2,0,1,3
BRDA:2,0,2,3
BRDA:5,1,0,16
BRDA:5,1,1,0
BRDA:9,2,0,0
BRDA:9,2,1,0
BRF:7
BRH:4
end_of_record
TN:
SF:src\utils\todoHelpers.ts
FN:4,(anonymous_0)
FN:13,(anonymous_1)
FN:17,(anonymous_2)
FN:31,(anonymous_3)
FN:40,(anonymous_4)
FN:48,(anonymous_5)
FNF:6
FNH:0
FNDA:0,(anonymous_0)
FNDA:0,(anonymous_1)
FNDA:0,(anonymous_2)
FNDA:0,(anonymous_3)
FNDA:0,(anonymous_4)
FNDA:0,(anonymous_5)
DA:4,0
DA:5,0
DA:6,0
DA:7,0
DA:8,0
DA:9,0
DA:13,0
DA:14,0
DA:15,0
DA:17,0
DA:18,0
DA:19,0
DA:21,0
DA:24,0
DA:31,0
DA:32,0
DA:33,0
DA:34,0
DA:35,0
DA:36,0
DA:40,0
DA:41,0
DA:42,0
DA:45,0
DA:46,0
DA:48,0
DA:54,0
DA:55,0
DA:56,0
DA:58,0
LF:30
LH:0
BRDA:5,0,0,0
BRDA:5,0,1,0
BRDA:5,0,2,0
BRDA:5,0,3,0
BRDA:14,1,0,0
BRDA:14,1,1,0
BRDA:14,2,0,0
BRDA:14,2,1,0
BRDA:14,2,2,0
BRDA:18,3,0,0
BRDA:18,3,1,0
BRDA:18,4,0,0
BRDA:18,4,1,0
BRDA:19,5,0,0
BRDA:19,5,1,0
BRDA:25,6,0,0
BRDA:25,6,1,0
BRDA:26,7,0,0
BRDA:26,7,1,0
BRDA:27,8,0,0
BRDA:27,8,1,0
BRDA:32,9,0,0
BRDA:32,9,1,0
BRDA:32,9,2,0
BRDA:32,9,3,0
BRDA:42,10,0,0
BRDA:42,10,1,0
BRDA:54,11,0,0
BRDA:54,11,1,0
BRDA:60,12,0,0
BRDA:60,12,1,0
BRDA:72,13,0,0
BRDA:72,13,1,0
BRF:33
BRH:0
end_of_record
TN:
SF:src\utils\path\flatten.ts
FN:1,createFlattenedPath
FNF:1
FNH:1
FNDA:21,createFlattenedPath
DA:1,3
DA:2,21
LF:2
LH:2
BRF:0
BRH:0
end_of_record
TN:
SF:src\utils\path\reconstruct.ts
FN:5,buildAndValidatePath
FN:63,guessPathFromFlattenedName
FN:95,(anonymous_3)
FNF:3
FNH:3
FNDA:26,buildAndValidatePath
FNDA:28,guessPathFromFlattenedName
FNDA:100,(anonymous_3)
DA:1,3
DA:2,3
DA:3,3
DA:5,3
DA:6,26
DA:7,26
DA:8,26
DA:10,26
DA:11,63
DA:12,63
DA:13,63
DA:14,26
DA:16,37
DA:18,37
DA:19,37
DA:21,37
DA:22,100
DA:23,100
DA:24,100
DA:25,100
DA:26,100
DA:28,100
DA:29,163
DA:30,11
DA:31,11
DA:32,11
DA:34,152
DA:35,3792
DA:36,0
DA:37,0
DA:38,0
DA:41,152
DA:43,100
DA:46,37
DA:47,11
DA:48,11
DA:50,26
DA:51,26
DA:52,26
DA:55,37
DA:56,37
DA:60,26
DA:63,3
DA:65,28
DA:66,28
DA:67,0
DA:68,0
DA:69,0
DA:74,28
DA:75,28
DA:76,1
DA:77,1
DA:78,1
DA:79,1
DA:80,3
DA:81,0
DA:82,0
DA:83,3
DA:84,3
DA:87,1
DA:88,1
DA:89,1
DA:90,0
DA:94,27
DA:95,100
DA:97,25
DA:98,25
DA:99,0
DA:103,2
LF:69
LH:59
BRDA:6,0,0,1
BRDA:6,0,1,25
BRDA:7,1,0,1
BRDA:7,1,1,25
BRDA:8,2,0,1
BRDA:8,2,1,25
BRDA:13,3,0,26
BRDA:13,3,1,37
BRDA:25,4,0,37
BRDA:25,4,1,63
BRDA:26,5,0,37
BRDA:26,5,1,63
BRDA:29,6,0,11
BRDA:29,6,1,152
BRDA:35,7,0,0
BRDA:35,7,1,3792
BRDA:41,8,0,0
BRDA:41,8,1,152
BRDA:43,9,0,11
BRDA:43,9,1,89
BRDA:46,10,0,11
BRDA:46,10,1,26
BRDA:55,11,0,37
BRDA:55,11,1,0
BRDA:66,12,0,0
BRDA:66,12,1,28
BRDA:69,13,0,0
BRDA:69,13,1,0
BRDA:69,14,0,0
BRDA:69,14,1,0
BRDA:75,15,0,1
BRDA:75,15,1,27
BRDA:80,16,0,0
BRDA:80,16,1,3
BRDA:80,17,0,3
BRDA:80,17,1,0
BRDA:83,18,0,3
BRDA:83,18,1,0
BRDA:89,19,0,1
BRDA:89,19,1,0
BRDA:94,20,0,25
BRDA:94,20,1,2
BRDA:98,21,0,25
BRDA:98,21,1,0
BRF:44
BRH:31
end_of_record
TN:
SF:src\utils\path\validate.ts
FN:4,validatePathImpl
FN:8,listDirectoryImpl
FNF:2
FNH:2
FNDA:27,validatePathImpl
FNDA:63,listDirectoryImpl
DA:1,3
DA:2,3
DA:4,3
DA:5,27
DA:8,3
DA:9,63
DA:10,26
DA:12,37
DA:13,37
LF:9
LH:9
BRDA:9,0,0,26
BRDA:9,0,1,37
BRF:2
BRH:2
end_of_record
TN:
SF:src\viewmodels\ChatHistoryViewModel.ts
FN:17,(anonymous_0)
FN:22,(anonymous_1)
FN:44,(anonymous_2)
FN:65,(anonymous_3)
FN:72,(anonymous_4)
FN:73,(anonymous_5)
FN:79,(anonymous_6)
FN:80,(anonymous_7)
FN:86,(anonymous_8)
FN:88,(anonymous_9)
FN:100,(anonymous_10)
FN:117,(anonymous_11)
FN:124,(anonymous_12)
FN:125,(anonymous_13)
FN:131,(anonymous_14)
FN:145,(anonymous_15)
FN:159,(anonymous_16)
FN:185,(anonymous_17)
FN:196,(anonymous_18)
FN:197,(anonymous_19)
FN:204,(anonymous_20)
FN:211,(anonymous_21)
FN:218,(anonymous_22)
FN:226,(anonymous_23)
FN:233,(anonymous_24)
FN:240,(anonymous_25)
FN:247,(anonymous_26)
FN:254,(anonymous_27)
FN:266,(anonymous_28)
FN:268,(anonymous_29)
FNF:30
FNH:30
FNDA:27,(anonymous_0)
FNDA:24,(anonymous_1)
FNDA:6,(anonymous_2)
FNDA:8,(anonymous_3)
FNDA:2,(anonymous_4)
FNDA:10,(anonymous_5)
FNDA:1,(anonymous_6)
FNDA:5,(anonymous_7)
FNDA:3,(anonymous_8)
FNDA:9,(anonymous_9)
FNDA:1,(anonymous_10)
FNDA:1,(anonymous_11)
FNDA:1,(anonymous_12)
FNDA:2,(anonymous_13)
FNDA:2,(anonymous_14)
FNDA:1,(anonymous_15)
FNDA:2,(anonymous_16)
FNDA:1,(anonymous_17)
FNDA:1,(anonymous_18)
FNDA:5,(anonymous_19)
FNDA:4,(anonymous_20)
FNDA:2,(anonymous_21)
FNDA:1,(anonymous_22)
FNDA:3,(anonymous_23)
FNDA:4,(anonymous_24)
FNDA:4,(anonymous_25)
FNDA:1,(anonymous_26)
FNDA:1,(anonymous_27)
FNDA:23,(anonymous_28)
FNDA:75,(anonymous_29)
DA:3,1
DA:9,1
DA:10,27
DA:11,27
DA:12,27
DA:13,27
DA:14,27
DA:15,27
DA:17,27
DA:23,24
DA:24,24
DA:25,24
DA:27,24
DA:29,24
DA:30,22
DA:31,22
DA:32,22
DA:34,2
DA:35,2
DA:36,2
DA:37,2
DA:45,6
DA:46,6
DA:48,6
DA:50,6
DA:51,6
DA:52,6
DA:53,6
DA:55,0
DA:56,0
DA:57,0
DA:66,8
DA:73,10
DA:80,5
DA:87,3
DA:88,3
DA:89,9
DA:90,9
DA:91,9
DA:93,3
DA:101,1
DA:102,0
DA:105,1
DA:118,1
DA:125,2
DA:132,2
DA:134,2
DA:135,2
DA:137,0
DA:138,0
DA:146,1
DA:148,1
DA:149,1
DA:151,0
DA:152,0
DA:160,2
DA:161,0
DA:175,2
DA:176,2
DA:177,0
DA:179,2
DA:186,1
DA:187,1
DA:188,0
DA:190,1
DA:197,5
DA:198,1
DA:205,4
DA:212,2
DA:219,1
DA:220,1
DA:227,3
DA:234,4
DA:241,4
DA:248,1
DA:255,1
DA:256,0
DA:258,1
DA:267,23
DA:268,23
DA:269,75
DA:270,75
DA:271,75
DA:273,23
LF:84
LH:72
BRDA:29,0,0,22
BRDA:29,0,1,2
BRDA:50,1,0,6
BRDA:50,1,1,0
BRDA:91,2,0,5
BRDA:91,2,1,4
BRDA:101,3,0,0
BRDA:101,3,1,1
BRDA:101,4,0,1
BRDA:101,4,1,1
BRDA:125,5,0,1
BRDA:125,5,1,0
BRDA:134,6,0,2
BRDA:134,6,1,0
BRDA:148,7,0,1
BRDA:148,7,1,0
BRDA:160,8,0,0
BRDA:160,8,1,2
BRDA:176,9,0,0
BRDA:176,9,1,2
BRDA:187,10,0,0
BRDA:187,10,1,1
BRDA:255,11,0,0
BRDA:255,11,1,1
BRDA:271,12,0,71
BRDA:271,12,1,4
BRF:26
BRH:17
end_of_record
TN:
SF:src\viewmodels\ProjectsViewModel.ts
FN:16,(anonymous_0)
FN:21,(anonymous_1)
FN:23,(anonymous_2)
FN:31,(anonymous_3)
FN:41,(anonymous_4)
FN:71,(anonymous_5)
FN:78,(anonymous_6)
FN:79,(anonymous_7)
FN:85,(anonymous_8)
FN:86,(anonymous_9)
FN:92,(anonymous_10)
FN:93,(anonymous_11)
FN:99,(anonymous_12)
FN:100,(anonymous_13)
FN:108,(anonymous_14)
FN:116,(anonymous_15)
FN:126,(anonymous_16)
FN:127,(anonymous_17)
FN:133,(anonymous_18)
FN:134,(anonymous_19)
FN:140,(anonymous_20)
FN:147,(anonymous_21)
FN:154,(anonymous_22)
FN:161,(anonymous_23)
FN:168,(anonymous_24)
FN:181,(anonymous_25)
FN:188,(anonymous_26)
FN:199,(anonymous_27)
FN:203,(anonymous_28)
FN:206,(anonymous_29)
FN:220,(anonymous_30)
FN:223,(anonymous_31)
FN:231,(anonymous_32)
FN:238,(anonymous_33)
FN:239,(anonymous_34)
FN:245,(anonymous_35)
FNF:36
FNH:28
FNDA:36,(anonymous_0)
FNDA:36,(anonymous_1)
FNDA:0,(anonymous_2)
FNDA:36,(anonymous_3)
FNDA:58,(anonymous_4)
FNDA:6,(anonymous_5)
FNDA:8,(anonymous_6)
FNDA:20,(anonymous_7)
FNDA:1,(anonymous_8)
FNDA:4,(anonymous_9)
FNDA:1,(anonymous_10)
FNDA:4,(anonymous_11)
FNDA:2,(anonymous_12)
FNDA:4,(anonymous_13)
FNDA:9,(anonymous_14)
FNDA:30,(anonymous_15)
FNDA:3,(anonymous_16)
FNDA:7,(anonymous_17)
FNDA:2,(anonymous_18)
FNDA:4,(anonymous_19)
FNDA:2,(anonymous_20)
FNDA:3,(anonymous_21)
FNDA:1,(anonymous_22)
FNDA:1,(anonymous_23)
FNDA:2,(anonymous_24)
FNDA:2,(anonymous_25)
FNDA:2,(anonymous_26)
FNDA:36,(anonymous_27)
FNDA:0,(anonymous_28)
FNDA:0,(anonymous_29)
FNDA:0,(anonymous_30)
FNDA:0,(anonymous_31)
FNDA:0,(anonymous_32)
FNDA:146,(anonymous_33)
FNDA:0,(anonymous_34)
FNDA:0,(anonymous_35)
DA:3,2
DA:9,2
DA:10,36
DA:11,36
DA:12,36
DA:13,36
DA:14,36
DA:16,36
DA:17,36
DA:19,36
DA:21,36
DA:22,36
DA:24,0
DA:32,36
DA:33,36
DA:34,36
DA:42,58
DA:43,58
DA:44,58
DA:46,58
DA:47,58
DA:49,58
DA:50,56
DA:51,56
DA:52,56
DA:53,56
DA:55,2
DA:56,2
DA:57,2
DA:58,2
DA:61,0
DA:62,0
DA:63,0
DA:64,0
DA:72,6
DA:79,20
DA:86,4
DA:93,4
DA:100,2
DA:101,4
DA:109,9
DA:117,30
DA:118,30
DA:119,30
DA:120,30
DA:127,7
DA:134,4
DA:141,2
DA:148,3
DA:155,1
DA:162,1
DA:169,2
DA:170,1
DA:171,1
DA:174,1
DA:182,2
DA:189,2
DA:190,1
DA:192,1
DA:201,36
DA:202,36
DA:203,0
DA:204,0
DA:206,0
DA:207,0
DA:209,0
DA:221,0
DA:223,0
DA:224,0
DA:232,0
DA:239,146
DA:246,0
DA:247,0
DA:248,0
DA:250,0
LF:75
LH:57
BRDA:32,0,0,36
BRDA:32,0,1,0
BRDA:49,1,0,56
BRDA:49,1,1,2
BRDA:61,2,0,0
BRDA:61,2,1,0
BRDA:79,3,0,8
BRDA:79,3,1,1
BRDA:169,4,0,1
BRDA:169,4,1,1
BRDA:171,5,0,1
BRDA:171,5,1,0
BRDA:182,6,0,1
BRDA:182,6,1,1
BRDA:189,7,0,1
BRDA:189,7,1,1
BRDA:202,8,0,0
BRDA:202,8,1,36
BRDA:207,9,0,0
BRDA:207,9,1,0
BRDA:247,10,0,0
BRDA:247,10,1,0
BRF:22
BRH:13
end_of_record
TN:
SF:src\viewmodels\TodosViewModel.ts
FN:16,(anonymous_0)
FN:24,(anonymous_1)
FN:34,(anonymous_2)
FN:64,(anonymous_3)
FN:71,(anonymous_4)
FN:72,(anonymous_5)
FN:78,(anonymous_6)
FN:79,(anonymous_7)
FN:85,(anonymous_8)
FN:96,(anonymous_9)
FN:104,(anonymous_10)
FN:105,(anonymous_11)
FN:111,(anonymous_12)
FN:112,(anonymous_13)
FN:118,(anonymous_14)
FN:125,(anonymous_15)
FN:126,(anonymous_16)
FN:132,(anonymous_17)
FN:133,(anonymous_18)
FN:139,(anonymous_19)
FN:146,(anonymous_20)
FN:149,(anonymous_21)
FN:150,(anonymous_22)
FN:151,(anonymous_23)
FN:158,(anonymous_24)
FN:159,(anonymous_25)
FN:167,(anonymous_26)
FN:168,(anonymous_27)
FN:176,(anonymous_28)
FN:202,(anonymous_29)
FN:209,(anonymous_30)
FN:216,(anonymous_31)
FN:223,(anonymous_32)
FN:230,(anonymous_33)
FN:240,(anonymous_34)
FN:248,(anonymous_35)
FN:251,(anonymous_36)
FN:259,(anonymous_37)
FN:266,(anonymous_38)
FN:267,(anonymous_39)
FN:273,(anonymous_40)
FNF:41
FNH:34
FNDA:45,(anonymous_0)
FNDA:45,(anonymous_1)
FNDA:83,(anonymous_2)
FNDA:6,(anonymous_3)
FNDA:11,(anonymous_4)
FNDA:17,(anonymous_5)
FNDA:5,(anonymous_6)
FNDA:17,(anonymous_7)
FNDA:16,(anonymous_8)
FNDA:6,(anonymous_9)
FNDA:6,(anonymous_10)
FNDA:42,(anonymous_11)
FNDA:3,(anonymous_12)
FNDA:21,(anonymous_13)
FNDA:6,(anonymous_14)
FNDA:1,(anonymous_15)
FNDA:4,(anonymous_16)
FNDA:1,(anonymous_17)
FNDA:4,(anonymous_18)
FNDA:2,(anonymous_19)
FNDA:2,(anonymous_20)
FNDA:14,(anonymous_21)
FNDA:14,(anonymous_22)
FNDA:14,(anonymous_23)
FNDA:2,(anonymous_24)
FNDA:4,(anonymous_25)
FNDA:1,(anonymous_26)
FNDA:5,(anonymous_27)
FNDA:3,(anonymous_28)
FNDA:5,(anonymous_29)
FNDA:4,(anonymous_30)
FNDA:5,(anonymous_31)
FNDA:0,(anonymous_32)
FNDA:0,(anonymous_33)
FNDA:1,(anonymous_34)
FNDA:0,(anonymous_35)
FNDA:0,(anonymous_36)
FNDA:0,(anonymous_37)
FNDA:168,(anonymous_38)
FNDA:0,(anonymous_39)
FNDA:0,(anonymous_40)
DA:3,2
DA:9,2
DA:10,45
DA:11,45
DA:12,45
DA:13,45
DA:14,45
DA:16,45
DA:18,45
DA:25,45
DA:26,45
DA:27,45
DA:35,83
DA:36,83
DA:37,83
DA:39,83
DA:40,83
DA:42,83
DA:43,77
DA:44,77
DA:45,77
DA:46,77
DA:48,6
DA:49,6
DA:50,6
DA:51,6
DA:54,0
DA:55,0
DA:56,0
DA:57,0
DA:65,6
DA:72,17
DA:79,17
DA:86,16
DA:87,16
DA:88,54
DA:90,16
DA:97,6
DA:98,6
DA:105,42
DA:112,21
DA:119,6
DA:126,4
DA:133,4
DA:140,2
DA:147,2
DA:148,2
DA:149,14
DA:150,14
DA:151,14
DA:159,2
DA:160,4
DA:168,1
DA:169,5
DA:177,3
DA:178,3
DA:180,3
DA:182,2
DA:183,2
DA:184,2
DA:185,2
DA:186,2
DA:188,2
DA:190,1
DA:191,1
DA:194,0
DA:195,0
DA:203,5
DA:210,4
DA:217,5
DA:224,0
DA:231,0
DA:232,0
DA:233,0
DA:234,0
DA:241,1
DA:249,0
DA:251,0
DA:252,0
DA:260,0
DA:267,168
DA:274,0
LF:82
LH:66
BRDA:25,0,0,45
BRDA:25,0,1,0
BRDA:42,1,0,77
BRDA:42,1,1,6
BRDA:54,2,0,0
BRDA:54,2,1,0
BRDA:72,3,0,11
BRDA:72,3,1,2
BRDA:98,4,0,5
BRDA:98,4,1,1
BRDA:180,5,0,2
BRDA:180,5,1,1
BRDA:183,6,0,2
BRDA:183,6,1,0
BRDA:194,7,0,0
BRDA:194,7,1,0
BRF:16
BRH:10
end_of_record
