<?xml version="1.0" encoding="utf-8"?>
<TestRun id="0f5686aa-3848-43c2-ac4e-e22c70393ae3" name="Mathew.Burkitt@DT-2020-RES-1 2026-03-24 16:32:22" runUser="CJC\Mathew.Burkitt" xmlns="http://microsoft.com/schemas/VisualStudio/TeamTest/2010">
  <Times creation="2026-03-24T16:32:23.0069137+00:00" queuing="2026-03-24T16:32:23.0069140+00:00" start="2026-03-24T16:32:21.7051025+00:00" finish="2026-03-24T16:32:25.7229913+00:00" />
  <TestSettings name="default" id="8a910948-ee0d-45c8-97ad-6b6f76d8297b">
    <Deployment runDeploymentRoot="Mathew.Burkitt_DT-2020-RES-1_2026-03-24_16_32_22" />
  </TestSettings>
  <Results>
    <UnitTestResult executionId="d80f3aad-eef2-4b20-976a-51dc0d226c36" testId="b203f7fa-3789-1a27-4a60-248a885a2f6e" testName="Entropic.GUI.Tests.ErrorBoundaryServiceTests.Clear_resets_last_error" computerName="DT-2020-RES-1" duration="00:00:00.0002015" startTime="2026-03-24T16:32:23.0163704+00:00" endTime="2026-03-24T16:32:23.0164348+00:00" testType="13cdc9d9-ddb5-4fa4-a97d-d965ccfc6d4b" outcome="Passed" testListId="8c84fa94-04c1-424b-9868-57a2d4851a1d" relativeResultsDirectory="d80f3aad-eef2-4b20-976a-51dc0d226c36" />
    <UnitTestResult executionId="82dc332f-85f2-46ac-8cc3-c908de375eda" testId="e051bebb-b8ac-629a-e646-4669c0f76cd1" testName="Entropic.GUI.Tests.SessionItemViewModelExtendedTests.ShortLabel_shows_id_and_date_when_updated" computerName="DT-2020-RES-1" duration="00:00:00.0584084" startTime="2026-03-24T16:32:22.8285451+00:00" endTime="2026-03-24T16:32:22.8940458+00:00" testType="13cdc9d9-ddb5-4fa4-a97d-d965ccfc6d4b" outcome="Passed" testListId="8c84fa94-04c1-424b-9868-57a2d4851a1d" relativeResultsDirectory="82dc332f-85f2-46ac-8cc3-c908de375eda" />
    <UnitTestResult executionId="e2914d77-1e81-4efa-9543-81af3a76996e" testId="5dbf957f-78c7-2944-e2bc-7cd0424f1e43" testName="Entropic.GUI.Tests.ProjectsViewModelTests.ApplySort_sorts_by_name" computerName="DT-2020-RES-1" duration="00:00:00.0002305" startTime="2026-03-24T16:32:23.0607558+00:00" endTime="2026-03-24T16:32:23.0622127+00:00" testType="13cdc9d9-ddb5-4fa4-a97d-d965ccfc6d4b" outcome="Passed" testListId="8c84fa94-04c1-424b-9868-57a2d4851a1d" relativeResultsDirectory="e2914d77-1e81-4efa-9543-81af3a76996e" />
    <UnitTestResult executionId="999e1d81-ac4d-461f-93f1-39abbdff183f" testId="bd79712f-886c-8324-8eb1-04898f4a1a73" testName="Entropic.GUI.Tests.HelpViewModelTests.HelpViewModel_has_keyboard_shortcuts" computerName="DT-2020-RES-1" duration="00:00:00.0010491" startTime="2026-03-24T16:32:23.0166148+00:00" endTime="2026-03-24T16:32:23.0176668+00:00" testType="13cdc9d9-ddb5-4fa4-a97d-d965ccfc6d4b" outcome="Passed" testListId="8c84fa94-04c1-424b-9868-57a2d4851a1d" relativeResultsDirectory="999e1d81-ac4d-461f-93f1-39abbdff183f" />
    <UnitTestResult executionId="253279bb-7d56-46af-9410-65b9eb4dc464" testId="7af0d1b6-bad6-d121-9a7c-6fc25d81d57f" testName="Entropic.GUI.Tests.GitViewModelTests.GitViewModel_starts_with_empty_repos" computerName="DT-2020-RES-1" duration="00:00:00.0005054" startTime="2026-03-24T16:32:22.9713336+00:00" endTime="2026-03-24T16:32:22.9716224+00:00" testType="13cdc9d9-ddb5-4fa4-a97d-d965ccfc6d4b" outcome="Passed" testListId="8c84fa94-04c1-424b-9868-57a2d4851a1d" relativeResultsDirectory="253279bb-7d56-46af-9410-65b9eb4dc464" />
    <UnitTestResult executionId="540d6935-8eac-4717-b080-993c91072112" testId="0b294c20-805f-7067-3473-d11ad97e1c4e" testName="Entropic.GUI.Tests.CoreIntegrationTests.GlobalViewModel_LoadFromProjects_aggregates_todos" computerName="DT-2020-RES-1" duration="00:00:00.0001740" startTime="2026-03-24T16:32:22.9743931+00:00" endTime="2026-03-24T16:32:22.9744442+00:00" testType="13cdc9d9-ddb5-4fa4-a97d-d965ccfc6d4b" outcome="Passed" testListId="8c84fa94-04c1-424b-9868-57a2d4851a1d" relativeResultsDirectory="540d6935-8eac-4717-b080-993c91072112" />
    <UnitTestResult executionId="5ad0c0fd-f689-48f2-8f62-a0625e882bbe" testId="d2d58598-7d8d-f560-b1a0-edf8dc38d000" testName="Entropic.GUI.Tests.ErrorBoundaryRecoveryTests.HandleError_captures_exception" computerName="DT-2020-RES-1" duration="00:00:00.0001243" startTime="2026-03-24T16:32:23.0190487+00:00" endTime="2026-03-24T16:32:23.0191147+00:00" testType="13cdc9d9-ddb5-4fa4-a97d-d965ccfc6d4b" outcome="Passed" testListId="8c84fa94-04c1-424b-9868-57a2d4851a1d" relativeResultsDirectory="5ad0c0fd-f689-48f2-8f62-a0625e882bbe" />
    <UnitTestResult executionId="70891823-4c98-430c-b733-74d85d65649c" testId="6ac22b36-a58f-7b58-0148-47ebe9d030dd" testName="Entropic.GUI.Tests.CommitNavigationTests.CommitViewModel_shows_error_for_invalid_path" computerName="DT-2020-RES-1" duration="00:00:00.0266600" startTime="2026-03-24T16:32:23.0365907+00:00" endTime="2026-03-24T16:32:23.0581102+00:00" testType="13cdc9d9-ddb5-4fa4-a97d-d965ccfc6d4b" outcome="Passed" testListId="8c84fa94-04c1-424b-9868-57a2d4851a1d" relativeResultsDirectory="70891823-4c98-430c-b733-74d85d65649c" />
    <UnitTestResult executionId="59058e19-1888-4971-bf49-a5f1c9636426" testId="d7135ea4-b0d5-7dd0-8ecd-524bcc5261cd" testName="Entropic.GUI.Tests.GitViewModelCommitTests.GitViewModel_accepts_parent_for_commit_navigation" computerName="DT-2020-RES-1" duration="00:00:00.0001000" startTime="2026-03-24T16:32:22.9635579+00:00" endTime="2026-03-24T16:32:22.9636619+00:00" testType="13cdc9d9-ddb5-4fa4-a97d-d965ccfc6d4b" outcome="Passed" testListId="8c84fa94-04c1-424b-9868-57a2d4851a1d" relativeResultsDirectory="59058e19-1888-4971-bf49-a5f1c9636426" />
    <UnitTestResult executionId="5b4408d5-dcfa-4207-9a7d-dbb117591921" testId="495bdfd6-800d-c443-dea6-70b5d9c356ab" testName="Entropic.GUI.Tests.ToastServiceTests.Show_fires_event" computerName="DT-2020-RES-1" duration="00:00:00.0003226" startTime="2026-03-24T16:32:23.0556807+00:00" endTime="2026-03-24T16:32:23.0559068+00:00" testType="13cdc9d9-ddb5-4fa4-a97d-d965ccfc6d4b" outcome="Passed" testListId="8c84fa94-04c1-424b-9868-57a2d4851a1d" relativeResultsDirectory="5b4408d5-dcfa-4207-9a7d-dbb117591921" />
    <UnitTestResult executionId="e565ec9b-115a-4768-b2e6-740591489a00" testId="cab10bba-9714-6336-32e8-751440256369" testName="Entropic.GUI.Tests.MvvmPatternTests.ObservableProperties_fire_change_notifications" computerName="DT-2020-RES-1" duration="00:00:00.0006089" startTime="2026-03-24T16:32:23.0202914+00:00" endTime="2026-03-24T16:32:23.0208838+00:00" testType="13cdc9d9-ddb5-4fa4-a97d-d965ccfc6d4b" outcome="Passed" testListId="8c84fa94-04c1-424b-9868-57a2d4851a1d" relativeResultsDirectory="e565ec9b-115a-4768-b2e6-740591489a00" />
    <UnitTestResult executionId="f3ff3847-6872-4314-ad59-86299ab3e37f" testId="8b47cec7-2781-7197-d549-d393292e5f31" testName="Entropic.GUI.Tests.SplashScreenTests.SplashScreen_type_exists" computerName="DT-2020-RES-1" duration="00:00:00.0109227" startTime="2026-03-24T16:32:22.9797052+00:00" endTime="2026-03-24T16:32:22.9905898+00:00" testType="13cdc9d9-ddb5-4fa4-a97d-d965ccfc6d4b" outcome="Passed" testListId="8c84fa94-04c1-424b-9868-57a2d4851a1d" relativeResultsDirectory="f3ff3847-6872-4314-ad59-86299ab3e37f" />
    <UnitTestResult executionId="6cfa7acf-284d-40ac-8c9d-351d78113333" testId="51cae0a0-8501-e78c-3578-735d00f77a22" testName="Entropic.GUI.Tests.CommitViewModelExtendedTests.CommitItemViewModel_StatsText_format" computerName="DT-2020-RES-1" duration="00:00:00.0008806" startTime="2026-03-24T16:32:22.9733828+00:00" endTime="2026-03-24T16:32:22.9734463+00:00" testType="13cdc9d9-ddb5-4fa4-a97d-d965ccfc6d4b" outcome="Passed" testListId="8c84fa94-04c1-424b-9868-57a2d4851a1d" relativeResultsDirectory="6cfa7acf-284d-40ac-8c9d-351d78113333" />
    <UnitTestResult executionId="3e10e153-025f-44a8-8346-9479aa004769" testId="a8013eed-7368-bc20-bffb-6b3e4e7843d5" testName="Entropic.GUI.Tests.RefreshControlsTests.RefreshCommand_exists" computerName="DT-2020-RES-1" duration="00:00:00.0005404" startTime="2026-03-24T16:32:22.9667755+00:00" endTime="2026-03-24T16:32:22.9668284+00:00" testType="13cdc9d9-ddb5-4fa4-a97d-d965ccfc6d4b" outcome="Passed" testListId="8c84fa94-04c1-424b-9868-57a2d4851a1d" relativeResultsDirectory="3e10e153-025f-44a8-8346-9479aa004769" />
    <UnitTestResult executionId="f7a5bdff-40b5-4115-bb57-8b1866e722b4" testId="8e0b82ca-9fca-08ad-fcc8-c653d2d0c078" testName="Entropic.GUI.Tests.ProjectSortingOptionsTests.ApplySort_alpha_sorts_by_name" computerName="DT-2020-RES-1" duration="00:00:00.0003890" startTime="2026-03-24T16:32:23.0331944+00:00" endTime="2026-03-24T16:32:23.0333756+00:00" testType="13cdc9d9-ddb5-4fa4-a97d-d965ccfc6d4b" outcome="Passed" testListId="8c84fa94-04c1-424b-9868-57a2d4851a1d" relativeResultsDirectory="f7a5bdff-40b5-4115-bb57-8b1866e722b4" />
    <UnitTestResult executionId="57f72ff8-ec0a-4ca2-8c20-df0eb3cc9ec3" testId="cae27b94-2513-f9df-0f35-0130466fd0cf" testName="Entropic.GUI.Tests.MainWindowTests.DefaultWidth_is_1400" computerName="DT-2020-RES-1" duration="00:00:00.0000815" startTime="2026-03-24T16:32:23.0369920+00:00" endTime="2026-03-24T16:32:23.0370404+00:00" testType="13cdc9d9-ddb5-4fa4-a97d-d965ccfc6d4b" outcome="Passed" testListId="8c84fa94-04c1-424b-9868-57a2d4851a1d" relativeResultsDirectory="57f72ff8-ec0a-4ca2-8c20-df0eb3cc9ec3" />
    <UnitTestResult executionId="1fb68a35-5767-47ea-8cfc-38bc6b4ec04f" testId="80ed0fb3-05f6-0d0d-eae3-dfd511cc9376" testName="Entropic.GUI.Tests.ProviderFilterToggleTests.Provider_filters_can_be_toggled" computerName="DT-2020-RES-1" duration="00:00:00.0004135" startTime="2026-03-24T16:32:23.0195207+00:00" endTime="2026-03-24T16:32:23.0195614+00:00" testType="13cdc9d9-ddb5-4fa4-a97d-d965ccfc6d4b" outcome="Passed" testListId="8c84fa94-04c1-424b-9868-57a2d4851a1d" relativeResultsDirectory="1fb68a35-5767-47ea-8cfc-38bc6b4ec04f" />
    <UnitTestResult executionId="0bdb545d-7790-492e-a086-d3374bbcb3ae" testId="c8948737-4291-03d3-dbff-b050ff20a0f2" testName="Entropic.GUI.Tests.MainWindowOverlayTests.ShowToast_sets_visible_message" computerName="DT-2020-RES-1" duration="00:00:02.5229932" startTime="2026-03-24T16:32:23.0577458+00:00" endTime="2026-03-24T16:32:25.5816105+00:00" testType="13cdc9d9-ddb5-4fa4-a97d-d965ccfc6d4b" outcome="Passed" testListId="8c84fa94-04c1-424b-9868-57a2d4851a1d" relativeResultsDirectory="0bdb545d-7790-492e-a086-d3374bbcb3ae" />
    <UnitTestResult executionId="1b5b04d9-9425-4b95-96a8-1d3f41e32abf" testId="55c1ac3b-20cb-8fc8-40cb-d5fecaf3fb8e" testName="Entropic.GUI.Tests.CommitViewModelExtendedTests.Refresh_with_no_path_does_nothing" computerName="DT-2020-RES-1" duration="00:00:00.0006973" startTime="2026-03-24T16:32:22.9724999+00:00" endTime="2026-03-24T16:32:22.9725494+00:00" testType="13cdc9d9-ddb5-4fa4-a97d-d965ccfc6d4b" outcome="Passed" testListId="8c84fa94-04c1-424b-9868-57a2d4851a1d" relativeResultsDirectory="1b5b04d9-9425-4b95-96a8-1d3f41e32abf" />
    <UnitTestResult executionId="262a03c1-2d4e-4504-b65e-c37def191c0d" testId="8ed15bab-9f08-acd6-db44-637f73028482" testName="Entropic.GUI.Tests.ProviderBadgeTests.ProjectItem_exposes_provider_name" computerName="DT-2020-RES-1" duration="00:00:00.0001529" startTime="2026-03-24T16:32:23.0362205+00:00" endTime="2026-03-24T16:32:23.0363349+00:00" testType="13cdc9d9-ddb5-4fa4-a97d-d965ccfc6d4b" outcome="Passed" testListId="8c84fa94-04c1-424b-9868-57a2d4851a1d" relativeResultsDirectory="262a03c1-2d4e-4504-b65e-c37def191c0d" />
    <UnitTestResult executionId="25f21992-15ff-402e-882a-45806e375eac" testId="b7ca58e0-c258-c910-e32d-935faf3ab9e0" testName="Entropic.GUI.Tests.SessionItemViewModelExtendedTests.Todos_collection_is_initialized" computerName="DT-2020-RES-1" duration="00:00:00.0037062" startTime="2026-03-24T16:32:22.9114395+00:00" endTime="2026-03-24T16:32:22.9114964+00:00" testType="13cdc9d9-ddb5-4fa4-a97d-d965ccfc6d4b" outcome="Passed" testListId="8c84fa94-04c1-424b-9868-57a2d4851a1d" relativeResultsDirectory="25f21992-15ff-402e-882a-45806e375eac" />
    <UnitTestResult executionId="031fbb8d-b0fd-4f4c-894d-c73b4bf60798" testId="332b5b25-f317-19af-b907-d455f75f33a0" testName="Entropic.GUI.Tests.CommitNavigationTests.ShowCommitsForRepo_sets_repo_name" computerName="DT-2020-RES-1" duration="00:00:00.0022879" startTime="2026-03-24T16:32:23.0595042+00:00" endTime="2026-03-24T16:32:23.0624897+00:00" testType="13cdc9d9-ddb5-4fa4-a97d-d965ccfc6d4b" outcome="Passed" testListId="8c84fa94-04c1-424b-9868-57a2d4851a1d" relativeResultsDirectory="031fbb8d-b0fd-4f4c-894d-c73b4bf60798" />
    <UnitTestResult executionId="7a14e2e6-6bd0-4dca-86b6-91fcfc179a8f" testId="03aa7908-e0b4-ab35-212b-5c740b5cb07c" testName="Entropic.GUI.Tests.CommitViewModelExtendedTests.CommitLimit_defaults_to_50" computerName="DT-2020-RES-1" duration="00:00:00.0002346" startTime="2026-03-24T16:32:22.9715762+00:00" endTime="2026-03-24T16:32:22.9718387+00:00" testType="13cdc9d9-ddb5-4fa4-a97d-d965ccfc6d4b" outcome="Passed" testListId="8c84fa94-04c1-424b-9868-57a2d4851a1d" relativeResultsDirectory="7a14e2e6-6bd0-4dca-86b6-91fcfc179a8f" />
    <UnitTestResult executionId="40df8a74-d24a-4ffc-842b-537d6dfe950c" testId="023c6960-fc62-5abb-3c78-b9293312dc7a" testName="Entropic.GUI.Tests.MainWindowViewModelTests.MainWindowViewModel_has_MVVM_observable_properties" computerName="DT-2020-RES-1" duration="00:00:00.0003499" startTime="2026-03-24T16:32:22.9764988+00:00" endTime="2026-03-24T16:32:22.9765707+00:00" testType="13cdc9d9-ddb5-4fa4-a97d-d965ccfc6d4b" outcome="Passed" testListId="8c84fa94-04c1-424b-9868-57a2d4851a1d" relativeResultsDirectory="40df8a74-d24a-4ffc-842b-537d6dfe950c" />
    <UnitTestResult executionId="dbea3129-b9b0-4a19-9efb-1af67c3339a2" testId="629f0ceb-b881-13a4-3288-48d4c131dcf3" testName="Entropic.GUI.Tests.TodoPersistenceTests.Delete_removes_todo_from_owner_session" computerName="DT-2020-RES-1" duration="00:00:00.0004661" startTime="2026-03-24T16:32:23.0390705+00:00" endTime="2026-03-24T16:32:23.0393334+00:00" testType="13cdc9d9-ddb5-4fa4-a97d-d965ccfc6d4b" outcome="Passed" testListId="8c84fa94-04c1-424b-9868-57a2d4851a1d" relativeResultsDirectory="dbea3129-b9b0-4a19-9efb-1af67c3339a2" />
    <UnitTestResult executionId="d0a7c47c-4ad5-492b-88d3-ebd0ded9e51b" testId="25ead943-b42b-a5d2-cd83-d1177c7aa700" testName="Entropic.GUI.Tests.TodoItemViewModelTests.StatusColor_maps_to_correct_colors" computerName="DT-2020-RES-1" duration="00:00:00.0002539" startTime="2026-03-24T16:32:22.9695852+00:00" endTime="2026-03-24T16:32:22.9696263+00:00" testType="13cdc9d9-ddb5-4fa4-a97d-d965ccfc6d4b" outcome="Passed" testListId="8c84fa94-04c1-424b-9868-57a2d4851a1d" relativeResultsDirectory="d0a7c47c-4ad5-492b-88d3-ebd0ded9e51b" />
    <UnitTestResult executionId="bb0225df-9b41-40b8-b38f-513544faa429" testId="9b8773fb-1768-d950-cb3f-fa9dce1b74b9" testName="Entropic.GUI.Tests.SessionTabsTests.Sessions_are_navigable_via_selection" computerName="DT-2020-RES-1" duration="00:00:00.0006524" startTime="2026-03-24T16:32:22.9640162+00:00" endTime="2026-03-24T16:32:22.9640883+00:00" testType="13cdc9d9-ddb5-4fa4-a97d-d965ccfc6d4b" outcome="Passed" testListId="8c84fa94-04c1-424b-9868-57a2d4851a1d" relativeResultsDirectory="bb0225df-9b41-40b8-b38f-513544faa429" />
    <UnitTestResult executionId="e7ad7e96-9dc4-41fa-b8db-43701ff5f49e" testId="1cdc5c6b-b3a6-669d-36fd-b294691236b0" testName="Entropic.GUI.Tests.TabbedNavigationTests.Tab_boolean_properties_are_mutually_exclusive" computerName="DT-2020-RES-1" duration="00:00:00.0001465" startTime="2026-03-24T16:32:22.9207496+00:00" endTime="2026-03-24T16:32:22.9207927+00:00" testType="13cdc9d9-ddb5-4fa4-a97d-d965ccfc6d4b" outcome="Passed" testListId="8c84fa94-04c1-424b-9868-57a2d4851a1d" relativeResultsDirectory="e7ad7e96-9dc4-41fa-b8db-43701ff5f49e" />
    <UnitTestResult executionId="0ad79fa5-fc7e-4db1-b353-d8aecefb262a" testId="629ee7ab-abfa-9308-3e8d-7e552e6dab72" testName="Entropic.GUI.Tests.TodoItemViewModelTests.DisplayText_uses_ActiveForm_when_in_progress" computerName="DT-2020-RES-1" duration="00:00:00.0005859" startTime="2026-03-24T16:32:22.9698730+00:00" endTime="2026-03-24T16:32:22.9699138+00:00" testType="13cdc9d9-ddb5-4fa4-a97d-d965ccfc6d4b" outcome="Passed" testListId="8c84fa94-04c1-424b-9868-57a2d4851a1d" relativeResultsDirectory="0ad79fa5-fc7e-4db1-b353-d8aecefb262a" />
    <UnitTestResult executionId="f2045c7c-1360-4675-987f-e49bac5a4bd9" testId="93d72451-4693-b85e-091c-937725e81cf0" testName="Entropic.GUI.Tests.ProjectSortTests.ApplySort_by_recent_activity" computerName="DT-2020-RES-1" duration="00:00:00.0007515" startTime="2026-03-24T16:32:23.0567694+00:00" endTime="2026-03-24T16:32:23.0579669+00:00" testType="13cdc9d9-ddb5-4fa4-a97d-d965ccfc6d4b" outcome="Passed" testListId="8c84fa94-04c1-424b-9868-57a2d4851a1d" relativeResultsDirectory="f2045c7c-1360-4675-987f-e49bac5a4bd9" />
    <UnitTestResult executionId="5b4a6ab9-d12a-4f53-a9c7-ee12045a5371" testId="4800f310-1291-d9e7-9611-f1f07fb4399f" testName="Entropic.GUI.Tests.BoidBackdropTests.Boids_have_bounded_velocity" computerName="DT-2020-RES-1" duration="00:00:00.0004445" startTime="2026-03-24T16:32:23.0345920+00:00" endTime="2026-03-24T16:32:23.0348254+00:00" testType="13cdc9d9-ddb5-4fa4-a97d-d965ccfc6d4b" outcome="Passed" testListId="8c84fa94-04c1-424b-9868-57a2d4851a1d" relativeResultsDirectory="5b4a6ab9-d12a-4f53-a9c7-ee12045a5371" />
    <UnitTestResult executionId="3fa3c415-3f46-4a27-9bc4-8fb42eae34ab" testId="b741c724-2a0d-f197-23df-c7e541fe6c39" testName="Entropic.GUI.Tests.BoidBackdropTests.BoidBackdrop_spawns_10_boids" computerName="DT-2020-RES-1" duration="00:00:00.0001808" startTime="2026-03-24T16:32:23.0349434+00:00" endTime="2026-03-24T16:32:23.0374257+00:00" testType="13cdc9d9-ddb5-4fa4-a97d-d965ccfc6d4b" outcome="Passed" testListId="8c84fa94-04c1-424b-9868-57a2d4851a1d" relativeResultsDirectory="3fa3c415-3f46-4a27-9bc4-8fb42eae34ab" />
    <UnitTestResult executionId="b230da20-137d-4347-aa49-b1e289b64d0b" testId="26115c64-f222-4a46-37a5-b5441ed8d980" testName="Entropic.GUI.Tests.ProviderFilterToggleTests.Provider_filters_default_to_enabled" computerName="DT-2020-RES-1" duration="00:00:00.0002452" startTime="2026-03-24T16:32:23.0193360+00:00" endTime="2026-03-24T16:32:23.0193870+00:00" testType="13cdc9d9-ddb5-4fa4-a97d-d965ccfc6d4b" outcome="Passed" testListId="8c84fa94-04c1-424b-9868-57a2d4851a1d" relativeResultsDirectory="b230da20-137d-4347-aa49-b1e289b64d0b" />
    <UnitTestResult executionId="ec7a1668-0b42-4be4-9433-c7cbe4760096" testId="fa03b10d-23ca-b302-bf3c-71291cd97203" testName="Entropic.GUI.Tests.GlobalViewModelExtendedTests.ShowActiveOnly_toggle_filters_and_restores" computerName="DT-2020-RES-1" duration="00:00:00.0005860" startTime="2026-03-24T16:32:22.9710896+00:00" endTime="2026-03-24T16:32:22.9713918+00:00" testType="13cdc9d9-ddb5-4fa4-a97d-d965ccfc6d4b" outcome="Passed" testListId="8c84fa94-04c1-424b-9868-57a2d4851a1d" relativeResultsDirectory="ec7a1668-0b42-4be4-9433-c7cbe4760096" />
    <UnitTestResult executionId="a0ae8323-0c6e-4c0d-98af-c50ba8cf74b9" testId="d65b7efb-fe21-dbfc-9848-343f0f4b1156" testName="Entropic.GUI.Tests.TodoItemViewModelTests.StartEdit_and_EndEdit_toggle_editing" computerName="DT-2020-RES-1" duration="00:00:00.0086957" startTime="2026-03-24T16:32:22.9697286+00:00" endTime="2026-03-24T16:32:22.9697691+00:00" testType="13cdc9d9-ddb5-4fa4-a97d-d965ccfc6d4b" outcome="Passed" testListId="8c84fa94-04c1-424b-9868-57a2d4851a1d" relativeResultsDirectory="a0ae8323-0c6e-4c0d-98af-c50ba8cf74b9" />
    <UnitTestResult executionId="6e8f2380-8332-4c8b-b4a0-c953af1bfcd0" testId="f96459f2-2996-a85a-78b7-3fc447e4557f" testName="Entropic.GUI.Tests.MainWindowViewModelTests.UpdateStatusBar_formats_project_and_todo_counts" computerName="DT-2020-RES-1" duration="00:00:00.0116524" startTime="2026-03-24T16:32:22.9875432+00:00" endTime="2026-03-24T16:32:22.9999847+00:00" testType="13cdc9d9-ddb5-4fa4-a97d-d965ccfc6d4b" outcome="Passed" testListId="8c84fa94-04c1-424b-9868-57a2d4851a1d" relativeResultsDirectory="6e8f2380-8332-4c8b-b4a0-c953af1bfcd0" />
    <UnitTestResult executionId="611690ee-15c1-41f7-9f8f-1405a2768688" testId="6612cced-739e-a3f5-90ef-0e3782a4d299" testName="Entropic.GUI.Tests.AnimatedBackgroundTests.BoidBackdrop_is_not_hit_testable" computerName="DT-2020-RES-1" duration="00:00:00.0030675" startTime="2026-03-24T16:32:23.0225951+00:00" endTime="2026-03-24T16:32:23.0319335+00:00" testType="13cdc9d9-ddb5-4fa4-a97d-d965ccfc6d4b" outcome="Passed" testListId="8c84fa94-04c1-424b-9868-57a2d4851a1d" relativeResultsDirectory="611690ee-15c1-41f7-9f8f-1405a2768688" />
    <UnitTestResult executionId="ca1a12bb-4a5f-4173-a5c1-7ac21a143a81" testId="5d31cbfc-4062-bf54-1e95-e2182fe0349a" testName="Entropic.GUI.Tests.TabbedNavigationTests.SwitchTab_navigates_all_four_tabs" computerName="DT-2020-RES-1" duration="00:00:00.0015770" startTime="2026-03-24T16:32:22.9205457+00:00" endTime="2026-03-24T16:32:22.9206027+00:00" testType="13cdc9d9-ddb5-4fa4-a97d-d965ccfc6d4b" outcome="Passed" testListId="8c84fa94-04c1-424b-9868-57a2d4851a1d" relativeResultsDirectory="ca1a12bb-4a5f-4173-a5c1-7ac21a143a81" />
    <UnitTestResult executionId="7c61383e-4ca3-46e0-88d1-6e342a956fff" testId="73ef2a3b-c3b1-c0c7-61e0-fb1eec8c805d" testName="Entropic.GUI.Tests.SingleInstanceTests.Guard_can_be_created_and_disposed" computerName="DT-2020-RES-1" duration="00:00:00.0002844" startTime="2026-03-24T16:32:23.0624569+00:00" endTime="2026-03-24T16:32:23.0627913+00:00" testType="13cdc9d9-ddb5-4fa4-a97d-d965ccfc6d4b" outcome="Passed" testListId="8c84fa94-04c1-424b-9868-57a2d4851a1d" relativeResultsDirectory="7c61383e-4ca3-46e0-88d1-6e342a956fff" />
    <UnitTestResult executionId="0c715eb7-9b52-4b87-8c3d-87f0624b0cb3" testId="c898d6da-6a65-fc5a-370c-7a75cf957d21" testName="Entropic.GUI.Tests.StatusBarTests.StatusText_shows_loading_initially" computerName="DT-2020-RES-1" duration="00:00:00.0001397" startTime="2026-03-24T16:32:23.0003804+00:00" endTime="2026-03-24T16:32:23.0004227+00:00" testType="13cdc9d9-ddb5-4fa4-a97d-d965ccfc6d4b" outcome="Passed" testListId="8c84fa94-04c1-424b-9868-57a2d4851a1d" relativeResultsDirectory="0c715eb7-9b52-4b87-8c3d-87f0624b0cb3" />
    <UnitTestResult executionId="eae1bba2-503a-4713-a0c0-d7b13d238455" testId="2bb0b5f5-5b6c-aa57-b784-a5767d6ea624" testName="Entropic.GUI.Tests.CoreIntegrationTests.ConvertTodo_maps_status_correctly" computerName="DT-2020-RES-1" duration="00:00:00.0042017" startTime="2026-03-24T16:32:22.9746330+00:00" endTime="2026-03-24T16:32:22.9746808+00:00" testType="13cdc9d9-ddb5-4fa4-a97d-d965ccfc6d4b" outcome="Passed" testListId="8c84fa94-04c1-424b-9868-57a2d4851a1d" relativeResultsDirectory="eae1bba2-503a-4713-a0c0-d7b13d238455" />
    <UnitTestResult executionId="346a1f81-dc6b-44e6-a7e5-9fbe2465ff9d" testId="2bbcc13c-ebc5-d508-3ae8-4a11b7254afd" testName="Entropic.GUI.Tests.WindowDefaultsTests.DefaultWidth_is_1400" computerName="DT-2020-RES-1" duration="00:00:00.0000779" startTime="2026-03-24T16:32:23.0649014+00:00" endTime="2026-03-24T16:32:23.0651093+00:00" testType="13cdc9d9-ddb5-4fa4-a97d-d965ccfc6d4b" outcome="Passed" testListId="8c84fa94-04c1-424b-9868-57a2d4851a1d" relativeResultsDirectory="346a1f81-dc6b-44e6-a7e5-9fbe2465ff9d" />
    <UnitTestResult executionId="690db0c7-7d93-4009-b1ea-7e10324e0819" testId="0d0364a7-8928-036d-b76d-143fe3a54f24" testName="Entropic.GUI.Tests.GitViewModelExtendedTests.GitRepoItemViewModel_stores_all_fields" computerName="DT-2020-RES-1" duration="00:00:00.0012619" startTime="2026-03-24T16:32:23.0347856+00:00" endTime="2026-03-24T16:32:23.0352000+00:00" testType="13cdc9d9-ddb5-4fa4-a97d-d965ccfc6d4b" outcome="Passed" testListId="8c84fa94-04c1-424b-9868-57a2d4851a1d" relativeResultsDirectory="690db0c7-7d93-4009-b1ea-7e10324e0819" />
    <UnitTestResult executionId="0deeb855-152f-43c1-a920-048bb0a38b75" testId="448df9fd-fc5d-3081-9b11-8b193c4c6090" testName="Entropic.GUI.Tests.ProviderBadgeTests.ConvertProject_preserves_provider" computerName="DT-2020-RES-1" duration="00:00:00.0003320" startTime="2026-03-24T16:32:23.0360363+00:00" endTime="2026-03-24T16:32:23.0360889+00:00" testType="13cdc9d9-ddb5-4fa4-a97d-d965ccfc6d4b" outcome="Passed" testListId="8c84fa94-04c1-424b-9868-57a2d4851a1d" relativeResultsDirectory="0deeb855-152f-43c1-a920-048bb0a38b75" />
    <UnitTestResult executionId="c381f8ad-e122-4ff2-9303-d8775bde39aa" testId="3294bbb6-cca7-c324-0a62-8c995ec89f2a" testName="Entropic.GUI.Tests.ProjectsViewModelTests.SetFilter_changes_filter_mode" computerName="DT-2020-RES-1" duration="00:00:00.0002244" startTime="2026-03-24T16:32:23.0603176+00:00" endTime="2026-03-24T16:32:23.0603785+00:00" testType="13cdc9d9-ddb5-4fa4-a97d-d965ccfc6d4b" outcome="Passed" testListId="8c84fa94-04c1-424b-9868-57a2d4851a1d" relativeResultsDirectory="c381f8ad-e122-4ff2-9303-d8775bde39aa" />
    <UnitTestResult executionId="eee05a56-856d-469a-937e-605f2e2b47d4" testId="abc70b18-b821-f917-bde1-ea1996d2a78d" testName="Entropic.GUI.Tests.TabSwitchingTests.SwitchTab_ignores_invalid_values" computerName="DT-2020-RES-1" duration="00:00:00.0001722" startTime="2026-03-24T16:32:23.0650634+00:00" endTime="2026-03-24T16:32:23.0652995+00:00" testType="13cdc9d9-ddb5-4fa4-a97d-d965ccfc6d4b" outcome="Passed" testListId="8c84fa94-04c1-424b-9868-57a2d4851a1d" relativeResultsDirectory="eee05a56-856d-469a-937e-605f2e2b47d4" />
    <UnitTestResult executionId="528e1f41-cee6-49c7-9a1d-283ad9d29872" testId="8d13ea85-c077-24e1-183a-f21e33beb1d6" testName="Entropic.GUI.Tests.TabSwitchingTests.IsTab_properties_track_index" computerName="DT-2020-RES-1" duration="00:00:00.0001686" startTime="2026-03-24T16:32:23.0654110+00:00" endTime="2026-03-24T16:32:23.0654647+00:00" testType="13cdc9d9-ddb5-4fa4-a97d-d965ccfc6d4b" outcome="Passed" testListId="8c84fa94-04c1-424b-9868-57a2d4851a1d" relativeResultsDirectory="528e1f41-cee6-49c7-9a1d-283ad9d29872" />
    <UnitTestResult executionId="441a1328-ff03-4b4f-8479-66df5110fb67" testId="86390019-f255-e14c-f3ba-f7bc0d76a27d" testName="Entropic.GUI.Tests.ActivityModeTests.ActivityMode_toggles_and_tracks_state" computerName="DT-2020-RES-1" duration="00:00:00.0001995" startTime="2026-03-24T16:32:23.0215472+00:00" endTime="2026-03-24T16:32:23.0216797+00:00" testType="13cdc9d9-ddb5-4fa4-a97d-d965ccfc6d4b" outcome="Passed" testListId="8c84fa94-04c1-424b-9868-57a2d4851a1d" relativeResultsDirectory="441a1328-ff03-4b4f-8479-66df5110fb67" />
    <UnitTestResult executionId="343dc61c-1820-486a-9972-664d74ca9dc7" testId="b9cf312c-b5df-248d-892a-d268f17e29fe" testName="Entropic.GUI.Tests.SpacingModesTests.SetSpacing_updates_mode_and_pixels(mode: &quot;normal&quot;, expected: 10)" computerName="DT-2020-RES-1" duration="00:00:00.0002459" startTime="2026-03-24T16:32:23.0659560+00:00" endTime="2026-03-24T16:32:23.0659954+00:00" testType="13cdc9d9-ddb5-4fa4-a97d-d965ccfc6d4b" outcome="Passed" testListId="8c84fa94-04c1-424b-9868-57a2d4851a1d" relativeResultsDirectory="343dc61c-1820-486a-9972-664d74ca9dc7" />
    <UnitTestResult executionId="23c765fd-1695-43c2-ba96-43491fce2647" testId="62f5dc6d-38dd-0d55-22e7-108029287c37" testName="Entropic.GUI.Tests.CoreIntegrationTests.SetProviders_accepts_empty_list" computerName="DT-2020-RES-1" duration="00:00:00.0004373" startTime="2026-03-24T16:32:22.9736383+00:00" endTime="2026-03-24T16:32:22.9736898+00:00" testType="13cdc9d9-ddb5-4fa4-a97d-d965ccfc6d4b" outcome="Passed" testListId="8c84fa94-04c1-424b-9868-57a2d4851a1d" relativeResultsDirectory="23c765fd-1695-43c2-ba96-43491fce2647" />
    <UnitTestResult executionId="3fd08749-4a44-4e20-a674-22fa6fc96a36" testId="8ce58515-9552-fe63-aaed-00088805f564" testName="Entropic.GUI.Tests.ConvertMethodTests.ConvertProject_extracts_name_from_path" computerName="DT-2020-RES-1" duration="00:00:00.0002564" startTime="2026-03-24T16:32:23.0120928+00:00" endTime="2026-03-24T16:32:23.0122128+00:00" testType="13cdc9d9-ddb5-4fa4-a97d-d965ccfc6d4b" outcome="Passed" testListId="8c84fa94-04c1-424b-9868-57a2d4851a1d" relativeResultsDirectory="3fd08749-4a44-4e20-a674-22fa6fc96a36" />
    <UnitTestResult executionId="57f29783-8d23-40fe-be42-15529230f4f4" testId="bd7259cd-b7c8-abf5-ad27-dcc79cf08e6c" testName="Entropic.GUI.Tests.GlobalViewModelTests.GlobalViewModel_starts_with_empty_todos" computerName="DT-2020-RES-1" duration="00:00:00.0004628" startTime="2026-03-24T16:32:23.0365708+00:00" endTime="2026-03-24T16:32:23.0366646+00:00" testType="13cdc9d9-ddb5-4fa4-a97d-d965ccfc6d4b" outcome="Passed" testListId="8c84fa94-04c1-424b-9868-57a2d4851a1d" relativeResultsDirectory="57f29783-8d23-40fe-be42-15529230f4f4" />
    <UnitTestResult executionId="d3762a73-aa07-422c-8714-f3989b28e88c" testId="5cb3330a-2f24-0b85-7413-58b1042aef03" testName="Entropic.GUI.Tests.ConvertMethodTests.ConvertProject_handles_trailing_slash" computerName="DT-2020-RES-1" duration="00:00:00.0002375" startTime="2026-03-24T16:32:23.0050174+00:00" endTime="2026-03-24T16:32:23.0050706+00:00" testType="13cdc9d9-ddb5-4fa4-a97d-d965ccfc6d4b" outcome="Passed" testListId="8c84fa94-04c1-424b-9868-57a2d4851a1d" relativeResultsDirectory="d3762a73-aa07-422c-8714-f3989b28e88c" />
    <UnitTestResult executionId="8c37ff70-9b0f-4097-acee-8e7849f816d3" testId="00fda91c-3df7-bf79-7abc-e21f84b04163" testName="Entropic.GUI.Tests.MainWindowViewModelTests.Provider_filters_default_to_enabled" computerName="DT-2020-RES-1" duration="00:00:00.0003716" startTime="2026-03-24T16:32:22.9771739+00:00" endTime="2026-03-24T16:32:22.9774246+00:00" testType="13cdc9d9-ddb5-4fa4-a97d-d965ccfc6d4b" outcome="Passed" testListId="8c84fa94-04c1-424b-9868-57a2d4851a1d" relativeResultsDirectory="8c37ff70-9b0f-4097-acee-8e7849f816d3" />
    <UnitTestResult executionId="f44048bb-4fce-428e-98e5-097b55144ea6" testId="a69bdc7a-d207-37ce-eb12-2f8ccb50018a" testName="Entropic.GUI.Tests.ThreePaneLayoutTests.Projects_sessions_todos_form_three_pane_hierarchy" computerName="DT-2020-RES-1" duration="00:00:00.0012280" startTime="2026-03-24T16:32:22.9778505+00:00" endTime="2026-03-24T16:32:22.9792640+00:00" testType="13cdc9d9-ddb5-4fa4-a97d-d965ccfc6d4b" outcome="Passed" testListId="8c84fa94-04c1-424b-9868-57a2d4851a1d" relativeResultsDirectory="f44048bb-4fce-428e-98e5-097b55144ea6" />
    <UnitTestResult executionId="8d71c373-15b0-4b5f-95c9-a3ef667c898f" testId="e156f79e-2a29-ffff-7f89-a4d51307bc99" testName="Entropic.GUI.Tests.ProgressViewModelTests.Update_sets_message_and_progress" computerName="DT-2020-RES-1" duration="00:00:00.0006127" startTime="2026-03-24T16:32:23.0656845+00:00" endTime="2026-03-24T16:32:23.0657245+00:00" testType="13cdc9d9-ddb5-4fa4-a97d-d965ccfc6d4b" outcome="Passed" testListId="8c84fa94-04c1-424b-9868-57a2d4851a1d" relativeResultsDirectory="8d71c373-15b0-4b5f-95c9-a3ef667c898f" />
    <UnitTestResult executionId="211b1071-37ea-485a-bb86-d663fac9a34a" testId="0a7580f1-0205-efbe-1d4f-c1b40136b0ed" testName="Entropic.GUI.Tests.ProgressViewModelTests.Show_and_Hide_toggle_visibility" computerName="DT-2020-RES-1" duration="00:00:00.0002762" startTime="2026-03-24T16:32:23.0652692+00:00" endTime="2026-03-24T16:32:23.0655639+00:00" testType="13cdc9d9-ddb5-4fa4-a97d-d965ccfc6d4b" outcome="Passed" testListId="8c84fa94-04c1-424b-9868-57a2d4851a1d" relativeResultsDirectory="211b1071-37ea-485a-bb86-d663fac9a34a" />
    <UnitTestResult executionId="07e30f7f-347b-4893-a92e-425e044fee6e" testId="644f3d37-d1ea-e2f5-0ed9-e97dc9cb419d" testName="Entropic.GUI.Tests.BoidBackdropTests.AddBoid_places_boid_at_position" computerName="DT-2020-RES-1" duration="00:00:00.0003103" startTime="2026-03-24T16:32:23.0326299+00:00" endTime="2026-03-24T16:32:23.0329271+00:00" testType="13cdc9d9-ddb5-4fa4-a97d-d965ccfc6d4b" outcome="Passed" testListId="8c84fa94-04c1-424b-9868-57a2d4851a1d" relativeResultsDirectory="07e30f7f-347b-4893-a92e-425e044fee6e" />
    <UnitTestResult executionId="098082c7-40ea-4124-8e31-b33c1c74e37d" testId="33c5e11a-0940-ea99-a544-32d769929a2e" testName="Entropic.GUI.Tests.CommitViewModelTests.LoadForRepo_sets_repo_properties" computerName="DT-2020-RES-1" duration="00:00:00.0147695" startTime="2026-03-24T16:32:23.0405625+00:00" endTime="2026-03-24T16:32:23.0552557+00:00" testType="13cdc9d9-ddb5-4fa4-a97d-d965ccfc6d4b" outcome="Passed" testListId="8c84fa94-04c1-424b-9868-57a2d4851a1d" relativeResultsDirectory="098082c7-40ea-4124-8e31-b33c1c74e37d" />
    <UnitTestResult executionId="b2023375-0fd8-4b02-93ab-ba066ab6dc08" testId="9c203d69-02a8-d0eb-8539-55d6c8999b2a" testName="Entropic.GUI.Tests.MvvmPatternTests.ViewModel_exposes_child_viewmodels" computerName="DT-2020-RES-1" duration="00:00:00.0004029" startTime="2026-03-24T16:32:23.0210464+00:00" endTime="2026-03-24T16:32:23.0213291+00:00" testType="13cdc9d9-ddb5-4fa4-a97d-d965ccfc6d4b" outcome="Passed" testListId="8c84fa94-04c1-424b-9868-57a2d4851a1d" relativeResultsDirectory="b2023375-0fd8-4b02-93ab-ba066ab6dc08" />
    <UnitTestResult executionId="06752083-048a-4c0a-9ff1-afdbe4d33e2b" testId="59fe1c1e-0ad3-3026-fecd-04b27c5fbea1" testName="Entropic.GUI.Tests.ScreenshotCaptureReqTests.ScreenshotService_can_be_instantiated" computerName="DT-2020-RES-1" duration="00:00:00.0002385" startTime="2026-03-24T16:32:22.9632859+00:00" endTime="2026-03-24T16:32:22.9633274+00:00" testType="13cdc9d9-ddb5-4fa4-a97d-d965ccfc6d4b" outcome="Passed" testListId="8c84fa94-04c1-424b-9868-57a2d4851a1d" relativeResultsDirectory="06752083-048a-4c0a-9ff1-afdbe4d33e2b" />
    <UnitTestResult executionId="1459026f-d136-479d-85a8-4225a6e033df" testId="2c8f4a90-26dd-745a-eb0c-8ee8d4ad5399" testName="Entropic.GUI.Tests.ProgressOverlayTests.Hide_clears_visibility" computerName="DT-2020-RES-1" duration="00:00:00.0008352" startTime="2026-03-24T16:32:22.9152816+00:00" endTime="2026-03-24T16:32:22.9199750+00:00" testType="13cdc9d9-ddb5-4fa4-a97d-d965ccfc6d4b" outcome="Passed" testListId="8c84fa94-04c1-424b-9868-57a2d4851a1d" relativeResultsDirectory="1459026f-d136-479d-85a8-4225a6e033df" />
    <UnitTestResult executionId="ddfe14f5-ec99-400d-acab-edd1b8defd57" testId="7b66fb39-c878-968a-e435-2e988694aa83" testName="Entropic.GUI.Tests.CommitViewModelExtendedTests.CommitItemViewModel_ShortHash_from_full_hash" computerName="DT-2020-RES-1" duration="00:00:00.0007748" startTime="2026-03-24T16:32:22.9723434+00:00" endTime="2026-03-24T16:32:22.9723843+00:00" testType="13cdc9d9-ddb5-4fa4-a97d-d965ccfc6d4b" outcome="Passed" testListId="8c84fa94-04c1-424b-9868-57a2d4851a1d" relativeResultsDirectory="ddfe14f5-ec99-400d-acab-edd1b8defd57" />
    <UnitTestResult executionId="f46586eb-3649-46f0-ac4a-a65648b97a8c" testId="bb0022b9-c61c-271c-19d3-7f93d8033c58" testName="Entropic.GUI.Tests.AppIdentityTests.Window_dimensions_are_standard" computerName="DT-2020-RES-1" duration="00:00:00.0001852" startTime="2026-03-24T16:32:22.9669932+00:00" endTime="2026-03-24T16:32:22.9670349+00:00" testType="13cdc9d9-ddb5-4fa4-a97d-d965ccfc6d4b" outcome="Passed" testListId="8c84fa94-04c1-424b-9868-57a2d4851a1d" relativeResultsDirectory="f46586eb-3649-46f0-ac4a-a65648b97a8c" />
    <UnitTestResult executionId="e99ed732-1751-4c3e-a90c-4ba1affb30be" testId="de677ec9-f65d-15e8-c0a2-1c7b24fa102f" testName="Entropic.GUI.Tests.ContextMenuReqTests.CopyPath_no_selection_is_noop" computerName="DT-2020-RES-1" duration="00:00:00.0001968" startTime="2026-03-24T16:32:22.9675621+00:00" endTime="2026-03-24T16:32:22.9676035+00:00" testType="13cdc9d9-ddb5-4fa4-a97d-d965ccfc6d4b" outcome="Passed" testListId="8c84fa94-04c1-424b-9868-57a2d4851a1d" relativeResultsDirectory="e99ed732-1751-4c3e-a90c-4ba1affb30be" />
    <UnitTestResult executionId="e995af2a-ecd0-423a-b3c4-e1b938f5c2d9" testId="d1da45e3-4cbe-0528-02c4-df2029c110bb" testName="Entropic.GUI.Tests.ScreenshotServiceTests.GenerateFilename_contains_timestamp_and_extension" computerName="DT-2020-RES-1" duration="00:00:00.0023191" startTime="2026-03-24T16:32:22.9621829+00:00" endTime="2026-03-24T16:32:22.9622592+00:00" testType="13cdc9d9-ddb5-4fa4-a97d-d965ccfc6d4b" outcome="Passed" testListId="8c84fa94-04c1-424b-9868-57a2d4851a1d" relativeResultsDirectory="e995af2a-ecd0-423a-b3c4-e1b938f5c2d9" />
    <UnitTestResult executionId="2acd9bfa-19f5-43af-8361-cdaa2c2cca68" testId="ce68203b-cef6-ec66-d9da-a2c831c53e6c" testName="Entropic.GUI.Tests.ProjectItemViewModelTests.ProjectItem_stores_provider_and_name" computerName="DT-2020-RES-1" duration="00:00:00.0050132" startTime="2026-03-24T16:32:22.9629318+00:00" endTime="2026-03-24T16:32:22.9629895+00:00" testType="13cdc9d9-ddb5-4fa4-a97d-d965ccfc6d4b" outcome="Passed" testListId="8c84fa94-04c1-424b-9868-57a2d4851a1d" relativeResultsDirectory="2acd9bfa-19f5-43af-8361-cdaa2c2cca68" />
    <UnitTestResult executionId="d3ee4a5f-1ed4-4e9c-aace-b5ccaf248473" testId="3158a955-62c7-8c82-bd54-24e60b538c52" testName="Entropic.GUI.Tests.PerProjectTodoViewTests.Todos_are_scoped_to_selected_session" computerName="DT-2020-RES-1" duration="00:00:00.0011199" startTime="2026-03-24T16:32:23.0418637+00:00" endTime="2026-03-24T16:32:23.0425303+00:00" testType="13cdc9d9-ddb5-4fa4-a97d-d965ccfc6d4b" outcome="Passed" testListId="8c84fa94-04c1-424b-9868-57a2d4851a1d" relativeResultsDirectory="d3ee4a5f-1ed4-4e9c-aace-b5ccaf248473" />
    <UnitTestResult executionId="d78aacd9-f683-4c8e-9d6a-c378a8439edc" testId="4293e51d-46d5-005f-0924-3b49d06e76ee" testName="Entropic.GUI.Tests.TodoReorderTests.MoveTodoDown_moves_item_down" computerName="DT-2020-RES-1" duration="00:00:00.0004113" startTime="2026-03-24T16:32:23.0037163+00:00" endTime="2026-03-24T16:32:23.0039059+00:00" testType="13cdc9d9-ddb5-4fa4-a97d-d965ccfc6d4b" outcome="Passed" testListId="8c84fa94-04c1-424b-9868-57a2d4851a1d" relativeResultsDirectory="d78aacd9-f683-4c8e-9d6a-c378a8439edc" />
    <UnitTestResult executionId="38f7273b-4af7-4478-93a5-7ef18987033a" testId="cd8d7e81-452b-bb4b-1fb7-cc265e56be62" testName="Entropic.GUI.Tests.SpacingModesTests.SetSpacing_updates_mode_and_pixels(mode: &quot;compact&quot;, expected: 6)" computerName="DT-2020-RES-1" duration="00:00:00.0000108" startTime="2026-03-24T16:32:23.0669025+00:00" endTime="2026-03-24T16:32:23.0669642+00:00" testType="13cdc9d9-ddb5-4fa4-a97d-d965ccfc6d4b" outcome="Passed" testListId="8c84fa94-04c1-424b-9868-57a2d4851a1d" relativeResultsDirectory="38f7273b-4af7-4478-93a5-7ef18987033a" />
    <UnitTestResult executionId="07e5fd73-3995-4cb5-9654-91b4173fedd4" testId="45340c14-3404-c65c-3e50-d83ff81bf3cb" testName="Entropic.GUI.Tests.TodoReorderTests.ReorderTodo_swaps_indices" computerName="DT-2020-RES-1" duration="00:00:00.0001536" startTime="2026-03-24T16:32:23.0033489+00:00" endTime="2026-03-24T16:32:23.0034078+00:00" testType="13cdc9d9-ddb5-4fa4-a97d-d965ccfc6d4b" outcome="Passed" testListId="8c84fa94-04c1-424b-9868-57a2d4851a1d" relativeResultsDirectory="07e5fd73-3995-4cb5-9654-91b4173fedd4" />
    <UnitTestResult executionId="d4adb849-821a-4eec-a41d-fa04ee6e0285" testId="f320b43d-0e6a-89dc-fef6-bbb10f5013c5" testName="Entropic.GUI.Tests.StatusBarTests.StatusText_updates_on_refresh" computerName="DT-2020-RES-1" duration="00:00:00.0087717" startTime="2026-03-24T16:32:22.9908616+00:00" endTime="2026-03-24T16:32:23.0002400+00:00" testType="13cdc9d9-ddb5-4fa4-a97d-d965ccfc6d4b" outcome="Passed" testListId="8c84fa94-04c1-424b-9868-57a2d4851a1d" relativeResultsDirectory="d4adb849-821a-4eec-a41d-fa04ee6e0285" />
    <UnitTestResult executionId="3184de08-28be-4e11-bb4f-7b644bb18e5f" testId="3be254ac-9939-0b30-4f10-007d5d3e06a9" testName="Entropic.GUI.Tests.ProjectListFilteringTests.SetFilter_changes_filter_mode" computerName="DT-2020-RES-1" duration="00:00:00.0009893" startTime="2026-03-24T16:32:22.9680953+00:00" endTime="2026-03-24T16:32:22.9681511+00:00" testType="13cdc9d9-ddb5-4fa4-a97d-d965ccfc6d4b" outcome="Passed" testListId="8c84fa94-04c1-424b-9868-57a2d4851a1d" relativeResultsDirectory="3184de08-28be-4e11-bb4f-7b644bb18e5f" />
    <UnitTestResult executionId="563740bd-05b6-401a-9018-3abc6b44c483" testId="06d32eac-4041-26cf-8dfd-3f894945d08f" testName="Entropic.GUI.Tests.ScreenshotServiceTests.GetSavePath_points_to_desktop" computerName="DT-2020-RES-1" duration="00:00:00.0004123" startTime="2026-03-24T16:32:22.9626883+00:00" endTime="2026-03-24T16:32:22.9627470+00:00" testType="13cdc9d9-ddb5-4fa4-a97d-d965ccfc6d4b" outcome="Passed" testListId="8c84fa94-04c1-424b-9868-57a2d4851a1d" relativeResultsDirectory="563740bd-05b6-401a-9018-3abc6b44c483" />
    <UnitTestResult executionId="153f88ee-3db6-4a66-b527-8f6934313968" testId="17ad2f11-ab76-d750-aaca-acf9adf51b43" testName="Entropic.GUI.Tests.BoidBackdropTests.IsHitTestVisible_is_false" computerName="DT-2020-RES-1" duration="00:00:00.0001102" startTime="2026-03-24T16:32:23.0330347+00:00" endTime="2026-03-24T16:32:23.0332359+00:00" testType="13cdc9d9-ddb5-4fa4-a97d-d965ccfc6d4b" outcome="Passed" testListId="8c84fa94-04c1-424b-9868-57a2d4851a1d" relativeResultsDirectory="153f88ee-3db6-4a66-b527-8f6934313968" />
    <UnitTestResult executionId="69dbc6af-e963-43db-8341-2a7fb9d9dc4b" testId="e20a74ab-fb66-21a0-365f-da22be711727" testName="Entropic.GUI.Tests.MainWindowOverlayTests.Help_has_shortcuts" computerName="DT-2020-RES-1" duration="00:00:00.0002820" startTime="2026-03-24T16:32:23.0563165+00:00" endTime="2026-03-24T16:32:23.0564555+00:00" testType="13cdc9d9-ddb5-4fa4-a97d-d965ccfc6d4b" outcome="Passed" testListId="8c84fa94-04c1-424b-9868-57a2d4851a1d" relativeResultsDirectory="69dbc6af-e963-43db-8341-2a7fb9d9dc4b" />
    <UnitTestResult executionId="73608ef3-fa33-499d-8dc9-83f8e60ce1f2" testId="c252ba58-d518-97bc-55c9-a5207ba373ff" testName="Entropic.GUI.Tests.CommitNavigationTests.ShowCommitsForRepo_switches_to_commit_tab" computerName="DT-2020-RES-1" duration="00:00:00.0014757" startTime="2026-03-24T16:32:23.0582384+00:00" endTime="2026-03-24T16:32:23.0592964+00:00" testType="13cdc9d9-ddb5-4fa4-a97d-d965ccfc6d4b" outcome="Passed" testListId="8c84fa94-04c1-424b-9868-57a2d4851a1d" relativeResultsDirectory="73608ef3-fa33-499d-8dc9-83f8e60ce1f2" />
    <UnitTestResult executionId="edf9b7bb-56db-4eec-8e1e-14b033274181" testId="f5a4b7d0-e325-a269-30ef-21ee3f0a629d" testName="Entropic.GUI.Tests.TodoItemViewModelTests.CanDelete_is_true" computerName="DT-2020-RES-1" duration="00:00:00.0001335" startTime="2026-03-24T16:32:22.9703249+00:00" endTime="2026-03-24T16:32:22.9711462+00:00" testType="13cdc9d9-ddb5-4fa4-a97d-d965ccfc6d4b" outcome="Passed" testListId="8c84fa94-04c1-424b-9868-57a2d4851a1d" relativeResultsDirectory="edf9b7bb-56db-4eec-8e1e-14b033274181" />
    <UnitTestResult executionId="be919ee9-6c68-4722-923b-242cf71a7614" testId="6736d9fa-919c-c21c-3d18-13c16b4b907e" testName="Entropic.GUI.Tests.BoidTests.Boid_initializes_with_defaults" computerName="DT-2020-RES-1" duration="00:00:00.0039650" startTime="2026-03-24T16:32:22.9721824+00:00" endTime="2026-03-24T16:32:22.9738533+00:00" testType="13cdc9d9-ddb5-4fa4-a97d-d965ccfc6d4b" outcome="Passed" testListId="8c84fa94-04c1-424b-9868-57a2d4851a1d" relativeResultsDirectory="be919ee9-6c68-4722-923b-242cf71a7614" />
    <UnitTestResult executionId="e33e1e3a-55f3-4b28-88ae-6ab2a0db8cae" testId="7f139c2a-d2d8-148b-fd17-6e84d7be1e6a" testName="Entropic.GUI.Tests.TodoPersistenceTests.ToCoreTodo_converts_status_correctly" computerName="DT-2020-RES-1" duration="00:00:00.0002033" startTime="2026-03-24T16:32:23.0386707+00:00" endTime="2026-03-24T16:32:23.0387413+00:00" testType="13cdc9d9-ddb5-4fa4-a97d-d965ccfc6d4b" outcome="Passed" testListId="8c84fa94-04c1-424b-9868-57a2d4851a1d" relativeResultsDirectory="e33e1e3a-55f3-4b28-88ae-6ab2a0db8cae" />
    <UnitTestResult executionId="6bdadc0d-4e27-4ada-8d3e-219b6231d51c" testId="5e09bc0c-2464-675a-15ac-125a57a064b6" testName="Entropic.GUI.Tests.MainWindowOverlayTests.ShowCommitsForRepo_switches_to_commit_tab" computerName="DT-2020-RES-1" duration="00:00:00.0125292" startTime="2026-03-24T16:32:23.0432199+00:00" endTime="2026-03-24T16:32:23.0561033+00:00" testType="13cdc9d9-ddb5-4fa4-a97d-d965ccfc6d4b" outcome="Passed" testListId="8c84fa94-04c1-424b-9868-57a2d4851a1d" relativeResultsDirectory="6bdadc0d-4e27-4ada-8d3e-219b6231d51c" />
    <UnitTestResult executionId="2b8c2da5-0a6e-4474-a540-178a68c7c18f" testId="a5ab0119-8e73-d4f5-cd25-e30cd30b88de" testName="Entropic.GUI.Tests.CommitViewModelTests.CommitItemViewModel_formats_stats" computerName="DT-2020-RES-1" duration="00:00:00.0001283" startTime="2026-03-24T16:32:23.0554587+00:00" endTime="2026-03-24T16:32:23.0555064+00:00" testType="13cdc9d9-ddb5-4fa4-a97d-d965ccfc6d4b" outcome="Passed" testListId="8c84fa94-04c1-424b-9868-57a2d4851a1d" relativeResultsDirectory="2b8c2da5-0a6e-4474-a540-178a68c7c18f" />
    <UnitTestResult executionId="fbc642e8-957e-4b63-8943-9ad6dc4deb02" testId="b19827fe-3545-1ab8-9582-caab26218a9a" testName="Entropic.GUI.Tests.SessionSelectionTests.SelectSession_can_be_changed" computerName="DT-2020-RES-1" duration="00:00:00.0003257" startTime="2026-03-24T16:32:23.0197171+00:00" endTime="2026-03-24T16:32:23.0197587+00:00" testType="13cdc9d9-ddb5-4fa4-a97d-d965ccfc6d4b" outcome="Passed" testListId="8c84fa94-04c1-424b-9868-57a2d4851a1d" relativeResultsDirectory="fbc642e8-957e-4b63-8943-9ad6dc4deb02" />
    <UnitTestResult executionId="96575c49-e1a4-4fae-93b7-01c3549e0880" testId="7df0798e-ed48-c306-af50-7a4ab6d46471" testName="Entropic.GUI.Tests.SessionTabsTests.ShortLabel_shows_truncated_id_and_date" computerName="DT-2020-RES-1" duration="00:00:00.0047688" startTime="2026-03-24T16:32:22.9636335+00:00" endTime="2026-03-24T16:32:22.9638864+00:00" testType="13cdc9d9-ddb5-4fa4-a97d-d965ccfc6d4b" outcome="Passed" testListId="8c84fa94-04c1-424b-9868-57a2d4851a1d" relativeResultsDirectory="96575c49-e1a4-4fae-93b7-01c3549e0880" />
    <UnitTestResult executionId="35f9040e-a441-43be-aa68-c0aea916013c" testId="5cb281d7-b16b-9288-1150-c7d96b404ca6" testName="Entropic.GUI.Tests.ProjectsViewModelTests.ProjectsViewModel_starts_with_empty_projects" computerName="DT-2020-RES-1" duration="00:00:00.0003360" startTime="2026-03-24T16:32:23.0605820+00:00" endTime="2026-03-24T16:32:23.0606310+00:00" testType="13cdc9d9-ddb5-4fa4-a97d-d965ccfc6d4b" outcome="Passed" testListId="8c84fa94-04c1-424b-9868-57a2d4851a1d" relativeResultsDirectory="35f9040e-a441-43be-aa68-c0aea916013c" />
    <UnitTestResult executionId="878a710c-5da4-4e5e-81d4-9b980b9b88dd" testId="7b0e86ce-e3d2-d525-5777-24ddd3c9b4e2" testName="Entropic.GUI.Tests.ContextMenuTests.CopyPath_stores_selected_project_path" computerName="DT-2020-RES-1" duration="00:00:00.0056167" startTime="2026-03-24T16:32:22.9638381+00:00" endTime="2026-03-24T16:32:22.9665323+00:00" testType="13cdc9d9-ddb5-4fa4-a97d-d965ccfc6d4b" outcome="Passed" testListId="8c84fa94-04c1-424b-9868-57a2d4851a1d" relativeResultsDirectory="878a710c-5da4-4e5e-81d4-9b980b9b88dd" />
    <UnitTestResult executionId="e6b5fdd4-b403-46c4-b339-e451fe333ef5" testId="5db8b46c-512a-dd89-a789-765426683799" testName="Entropic.GUI.Tests.GitViewModelCommitTests.SelectedRepo_starts_null" computerName="DT-2020-RES-1" duration="00:00:00.0004596" startTime="2026-03-24T16:32:22.9631968+00:00" endTime="2026-03-24T16:32:22.9634218+00:00" testType="13cdc9d9-ddb5-4fa4-a97d-d965ccfc6d4b" outcome="Passed" testListId="8c84fa94-04c1-424b-9868-57a2d4851a1d" relativeResultsDirectory="e6b5fdd4-b403-46c4-b339-e451fe333ef5" />
    <UnitTestResult executionId="f04e6f15-a659-41dc-84a0-dd01f784cffd" testId="b396e9a6-03e4-5760-f6e4-5a8c0e4c8efa" testName="Entropic.GUI.Tests.ErrorBoundaryRecoveryTests.HandleError_stays_alive_after_error" computerName="DT-2020-RES-1" duration="00:00:00.0002870" startTime="2026-03-24T16:32:23.0179056+00:00" endTime="2026-03-24T16:32:23.0180685+00:00" testType="13cdc9d9-ddb5-4fa4-a97d-d965ccfc6d4b" outcome="Passed" testListId="8c84fa94-04c1-424b-9868-57a2d4851a1d" relativeResultsDirectory="f04e6f15-a659-41dc-84a0-dd01f784cffd" />
    <UnitTestResult executionId="79e6d5aa-6dd3-4743-8f39-119437a86d36" testId="fa29b7c2-7405-8dc1-0fbe-a35214bdf1f1" testName="Entropic.GUI.Tests.SpacingModesTests.SetSpacing_updates_mode_and_pixels(mode: &quot;wide&quot;, expected: 14)" computerName="DT-2020-RES-1" duration="00:00:00.0004584" startTime="2026-03-24T16:32:23.0658425+00:00" endTime="2026-03-24T16:32:23.0658819+00:00" testType="13cdc9d9-ddb5-4fa4-a97d-d965ccfc6d4b" outcome="Passed" testListId="8c84fa94-04c1-424b-9868-57a2d4851a1d" relativeResultsDirectory="79e6d5aa-6dd3-4743-8f39-119437a86d36" />
    <UnitTestResult executionId="26ad7403-d026-449d-af49-9234770d0b48" testId="98911e41-2e75-e1d8-d4bd-7c087dca951a" testName="Entropic.GUI.Tests.CommitViewModelTests.CommitViewModel_starts_empty" computerName="DT-2020-RES-1" duration="00:00:00.0004602" startTime="2026-03-24T16:32:23.0399915+00:00" endTime="2026-03-24T16:32:23.0403826+00:00" testType="13cdc9d9-ddb5-4fa4-a97d-d965ccfc6d4b" outcome="Passed" testListId="8c84fa94-04c1-424b-9868-57a2d4851a1d" relativeResultsDirectory="26ad7403-d026-449d-af49-9234770d0b48" />
    <UnitTestResult executionId="a976d2e0-91ea-41cd-ba76-ee464e949a85" testId="32e2bd05-927c-464b-ee5b-d7bf34ef4c23" testName="Entropic.GUI.Tests.GlobalViewModelExtendedTests.Todos_sorted_in_progress_first" computerName="DT-2020-RES-1" duration="00:00:00.0002221" startTime="2026-03-24T16:32:22.9701829+00:00" endTime="2026-03-24T16:32:22.9703655+00:00" testType="13cdc9d9-ddb5-4fa4-a97d-d965ccfc6d4b" outcome="Passed" testListId="8c84fa94-04c1-424b-9868-57a2d4851a1d" relativeResultsDirectory="a976d2e0-91ea-41cd-ba76-ee464e949a85" />
    <UnitTestResult executionId="32495a36-ef4e-4274-824f-8b2b339f27ee" testId="80418ad3-77cf-ee1f-07e5-da81128f5f11" testName="Entropic.GUI.Tests.BoidStochasticTests.Boid_entering_state_fades_in" computerName="DT-2020-RES-1" duration="00:00:00.0005485" startTime="2026-03-24T16:32:23.0350745+00:00" endTime="2026-03-24T16:32:23.0351131+00:00" testType="13cdc9d9-ddb5-4fa4-a97d-d965ccfc6d4b" outcome="Passed" testListId="8c84fa94-04c1-424b-9868-57a2d4851a1d" relativeResultsDirectory="32495a36-ef4e-4274-824f-8b2b339f27ee" />
    <UnitTestResult executionId="ff95a4e3-3c7a-45b6-9147-49eedffd7c5f" testId="4d025954-ee57-78ea-d973-756728071940" testName="Entropic.GUI.Tests.TodoItemViewModelTests.ToggleStatus_cycles_through_states" computerName="DT-2020-RES-1" duration="00:00:00.0003663" startTime="2026-03-24T16:32:22.9700142+00:00" endTime="2026-03-24T16:32:22.9702231+00:00" testType="13cdc9d9-ddb5-4fa4-a97d-d965ccfc6d4b" outcome="Passed" testListId="8c84fa94-04c1-424b-9868-57a2d4851a1d" relativeResultsDirectory="ff95a4e3-3c7a-45b6-9147-49eedffd7c5f" />
    <UnitTestResult executionId="1b247b85-e63a-4ad2-903d-75b47c43b96e" testId="0b756d51-1262-29f7-fd03-07d7af5c1fb5" testName="Entropic.GUI.Tests.BoidBackdropTests.Multiple_steps_keep_boids_near_viewport" computerName="DT-2020-RES-1" duration="00:00:00.0852622" startTime="2026-03-24T16:32:22.9740506+00:00" endTime="2026-03-24T16:32:23.0324230+00:00" testType="13cdc9d9-ddb5-4fa4-a97d-d965ccfc6d4b" outcome="Passed" testListId="8c84fa94-04c1-424b-9868-57a2d4851a1d" relativeResultsDirectory="1b247b85-e63a-4ad2-903d-75b47c43b96e" />
    <UnitTestResult executionId="9a5fc1d9-d307-4b2b-a902-d270994aaffa" testId="4b23e151-c8aa-1782-c3f4-4f398b17c2c5" testName="Entropic.GUI.Tests.ConvertMethodTests.ConvertSession_sets_OwnerSession_on_todos" computerName="DT-2020-RES-1" duration="00:00:00.0002419" startTime="2026-03-24T16:32:23.0052005+00:00" endTime="2026-03-24T16:32:23.0094382+00:00" testType="13cdc9d9-ddb5-4fa4-a97d-d965ccfc6d4b" outcome="Passed" testListId="8c84fa94-04c1-424b-9868-57a2d4851a1d" relativeResultsDirectory="9a5fc1d9-d307-4b2b-a902-d270994aaffa" />
    <UnitTestResult executionId="b2406d02-9368-4694-a022-033551ce3f02" testId="595e7e50-9405-9fb6-638b-0b5c38373cf8" testName="Entropic.GUI.Tests.CrossPlatformTests.EntryPoint_class_exists" computerName="DT-2020-RES-1" duration="00:00:00.0002010" startTime="2026-03-24T16:32:22.9717982+00:00" endTime="2026-03-24T16:32:22.9720153+00:00" testType="13cdc9d9-ddb5-4fa4-a97d-d965ccfc6d4b" outcome="Passed" testListId="8c84fa94-04c1-424b-9868-57a2d4851a1d" relativeResultsDirectory="b2406d02-9368-4694-a022-033551ce3f02" />
    <UnitTestResult executionId="8f408f00-1c2c-41bf-afc8-48d5aa5b585b" testId="ab0280ce-3d8a-b7e6-ab37-7fcc669725bc" testName="Entropic.GUI.Tests.ConfigurableLogLevelTests.LogLevel_defaults_to_info" computerName="DT-2020-RES-1" duration="00:00:00.0001544" startTime="2026-03-24T16:32:23.0402419+00:00" endTime="2026-03-24T16:32:23.0407699+00:00" testType="13cdc9d9-ddb5-4fa4-a97d-d965ccfc6d4b" outcome="Passed" testListId="8c84fa94-04c1-424b-9868-57a2d4851a1d" relativeResultsDirectory="8f408f00-1c2c-41bf-afc8-48d5aa5b585b" />
    <UnitTestResult executionId="7cfef3a9-a7fb-4e30-84a1-a980de29ecdd" testId="f98e2762-7174-635e-600d-dd42f453a735" testName="Entropic.GUI.Tests.ProgramTests.BuildAvaloniaApp_returns_app_builder" computerName="DT-2020-RES-1" duration="00:00:00.0003479" startTime="2026-03-24T16:32:23.0323718+00:00" endTime="2026-03-24T16:32:23.0326938+00:00" testType="13cdc9d9-ddb5-4fa4-a97d-d965ccfc6d4b" outcome="Passed" testListId="8c84fa94-04c1-424b-9868-57a2d4851a1d" relativeResultsDirectory="7cfef3a9-a7fb-4e30-84a1-a980de29ecdd" />
    <UnitTestResult executionId="f42029e7-b459-4fbf-838c-eebd7bba2d19" testId="2f4fac14-dd5e-0f91-0230-7a88159dd550" testName="Entropic.GUI.Tests.TodoItemViewModelTests.StatusIcon_maps_to_correct_symbols" computerName="DT-2020-RES-1" duration="00:00:00.0006678" startTime="2026-03-24T16:32:22.9694342+00:00" endTime="2026-03-24T16:32:22.9694775+00:00" testType="13cdc9d9-ddb5-4fa4-a97d-d965ccfc6d4b" outcome="Passed" testListId="8c84fa94-04c1-424b-9868-57a2d4851a1d" relativeResultsDirectory="f42029e7-b459-4fbf-838c-eebd7bba2d19" />
    <UnitTestResult executionId="77a8cdcc-0cf3-43a3-9956-2274fafdeda2" testId="8b0b6794-3a00-1535-cc75-5ec7fc1f3154" testName="Entropic.GUI.Tests.SessionItemViewModelExtendedTests.ShortLabel_shows_truncated_id_when_no_date" computerName="DT-2020-RES-1" duration="00:00:00.0008728" startTime="2026-03-24T16:32:22.9100712+00:00" endTime="2026-03-24T16:32:22.9101879+00:00" testType="13cdc9d9-ddb5-4fa4-a97d-d965ccfc6d4b" outcome="Passed" testListId="8c84fa94-04c1-424b-9868-57a2d4851a1d" relativeResultsDirectory="77a8cdcc-0cf3-43a3-9956-2274fafdeda2" />
    <UnitTestResult executionId="a07c1d2b-5d1d-469a-8c08-33efb1952cae" testId="cc217c44-a992-2f34-19e2-1aa37e6ffdf2" testName="Entropic.GUI.Tests.MainWindowOverlayTests.ToggleHelp_opens_and_closes" computerName="DT-2020-RES-1" duration="00:00:00.0004935" startTime="2026-03-24T16:32:23.0565953+00:00" endTime="2026-03-24T16:32:23.0568109+00:00" testType="13cdc9d9-ddb5-4fa4-a97d-d965ccfc6d4b" outcome="Passed" testListId="8c84fa94-04c1-424b-9868-57a2d4851a1d" relativeResultsDirectory="a07c1d2b-5d1d-469a-8c08-33efb1952cae" />
    <UnitTestResult executionId="902d02ac-5dcf-42d0-9069-a79bedd913cd" testId="de2825fd-8dbe-1231-4ee9-41084dcb95d0" testName="Entropic.GUI.Tests.TodoReorderTests.ReorderTodo_invalid_indices_no_crash" computerName="DT-2020-RES-1" duration="00:00:00.0003083" startTime="2026-03-24T16:32:23.0029737+00:00" endTime="2026-03-24T16:32:23.0030277+00:00" testType="13cdc9d9-ddb5-4fa4-a97d-d965ccfc6d4b" outcome="Passed" testListId="8c84fa94-04c1-424b-9868-57a2d4851a1d" relativeResultsDirectory="902d02ac-5dcf-42d0-9069-a79bedd913cd" />
    <UnitTestResult executionId="d8dc18f7-6e50-46b9-a68e-8d651ee95ea7" testId="1684268e-9033-2dea-16d5-1a727ba3c261" testName="Entropic.GUI.Tests.SessionSelectionTests.SelectedSession_starts_null" computerName="DT-2020-RES-1" duration="00:00:00.0000888" startTime="2026-03-24T16:32:23.0198735+00:00" endTime="2026-03-24T16:32:23.0199133+00:00" testType="13cdc9d9-ddb5-4fa4-a97d-d965ccfc6d4b" outcome="Passed" testListId="8c84fa94-04c1-424b-9868-57a2d4851a1d" relativeResultsDirectory="d8dc18f7-6e50-46b9-a68e-8d651ee95ea7" />
    <UnitTestResult executionId="4f4197e4-0515-4f14-b2a3-e434abcd34d4" testId="051d3b74-9dd4-311c-eda5-3598c2c4015c" testName="Entropic.GUI.Tests.MainWindowViewModelTests.SetSortMode_updates_property" computerName="DT-2020-RES-1" duration="00:00:00.0011356" startTime="2026-03-24T16:32:23.0014752+00:00" endTime="2026-03-24T16:32:23.0015181+00:00" testType="13cdc9d9-ddb5-4fa4-a97d-d965ccfc6d4b" outcome="Passed" testListId="8c84fa94-04c1-424b-9868-57a2d4851a1d" relativeResultsDirectory="4f4197e4-0515-4f14-b2a3-e434abcd34d4" />
    <UnitTestResult executionId="97a0eef5-4bc7-454a-b35a-4baa5b20d77d" testId="85b88409-7ae6-e796-f7bd-cffb3c92a078" testName="Entropic.GUI.Tests.CoreIntegrationTests.GlobalViewModel_ShowActiveOnly_filters_completed" computerName="DT-2020-RES-1" duration="00:00:00.0015740" startTime="2026-03-24T16:32:22.9748109+00:00" endTime="2026-03-24T16:32:22.9748578+00:00" testType="13cdc9d9-ddb5-4fa4-a97d-d965ccfc6d4b" outcome="Passed" testListId="8c84fa94-04c1-424b-9868-57a2d4851a1d" relativeResultsDirectory="97a0eef5-4bc7-454a-b35a-4baa5b20d77d" />
    <UnitTestResult executionId="f48dea38-d2f7-4ecb-8463-920ecaa26066" testId="0e7f0bae-91de-82cb-30d8-48e298395097" testName="Entropic.GUI.Tests.SessionItemViewModelExtendedTests.ShortLabel_handles_short_session_id" computerName="DT-2020-RES-1" duration="00:00:00.0001309" startTime="2026-03-24T16:32:22.9111831+00:00" endTime="2026-03-24T16:32:22.9112512+00:00" testType="13cdc9d9-ddb5-4fa4-a97d-d965ccfc6d4b" outcome="Passed" testListId="8c84fa94-04c1-424b-9868-57a2d4851a1d" relativeResultsDirectory="f48dea38-d2f7-4ecb-8463-920ecaa26066" />
    <UnitTestResult executionId="a3bb7c29-48c9-49c4-96fd-8eb1ada4aa3b" testId="ccc2e913-1824-d3b0-5ca9-020273bf78da" testName="Entropic.GUI.Tests.TodoReorderTests.MoveTodoDown_at_bottom_does_nothing" computerName="DT-2020-RES-1" duration="00:00:00.0001514" startTime="2026-03-24T16:32:23.0047469+00:00" endTime="2026-03-24T16:32:23.0048110+00:00" testType="13cdc9d9-ddb5-4fa4-a97d-d965ccfc6d4b" outcome="Passed" testListId="8c84fa94-04c1-424b-9868-57a2d4851a1d" relativeResultsDirectory="a3bb7c29-48c9-49c4-96fd-8eb1ada4aa3b" />
    <UnitTestResult executionId="2d6f4e96-cc0f-4bfb-a5da-80f4d8c4a946" testId="e2e21475-5292-d543-308a-2789b277d885" testName="Entropic.GUI.Tests.ContextMenuReqTests.CopyPath_stores_path_from_selected_project" computerName="DT-2020-RES-1" duration="00:00:00.0001193" startTime="2026-03-24T16:32:22.9677191+00:00" endTime="2026-03-24T16:32:22.9677623+00:00" testType="13cdc9d9-ddb5-4fa4-a97d-d965ccfc6d4b" outcome="Passed" testListId="8c84fa94-04c1-424b-9868-57a2d4851a1d" relativeResultsDirectory="2d6f4e96-cc0f-4bfb-a5da-80f4d8c4a946" />
    <UnitTestResult executionId="faefaa9d-d20b-484b-b351-03fc77702463" testId="12526d82-c134-c759-4a9c-9cd248297fa4" testName="Entropic.GUI.Tests.ErrorBoundaryServiceTests.HandleError_stores_and_fires_event" computerName="DT-2020-RES-1" duration="00:00:00.0036407" startTime="2026-03-24T16:32:23.0124535+00:00" endTime="2026-03-24T16:32:23.0161556+00:00" testType="13cdc9d9-ddb5-4fa4-a97d-d965ccfc6d4b" outcome="Passed" testListId="8c84fa94-04c1-424b-9868-57a2d4851a1d" relativeResultsDirectory="faefaa9d-d20b-484b-b351-03fc77702463" />
    <UnitTestResult executionId="c816858d-1a5d-4f25-a8c4-87e88c4daf49" testId="b9c49f68-b3a0-2143-9fe7-384c49580e79" testName="Entropic.GUI.Tests.SessionSelectionTests.SelectSession_sets_SelectedSession" computerName="DT-2020-RES-1" duration="00:00:00.0001232" startTime="2026-03-24T16:32:23.0200127+00:00" endTime="2026-03-24T16:32:23.0200510+00:00" testType="13cdc9d9-ddb5-4fa4-a97d-d965ccfc6d4b" outcome="Passed" testListId="8c84fa94-04c1-424b-9868-57a2d4851a1d" relativeResultsDirectory="c816858d-1a5d-4f25-a8c4-87e88c4daf49" />
    <UnitTestResult executionId="7bf6c5e8-07e7-4e21-981d-6b543adfbd78" testId="3502d9d9-bc9d-5b89-3152-aea64ca7d63a" testName="Entropic.GUI.Tests.CoreIntegrationTests.LoadFromCore_converts_projects_to_ViewModels" computerName="DT-2020-RES-1" duration="00:00:00.0096225" startTime="2026-03-24T16:32:22.9738024+00:00" endTime="2026-03-24T16:32:22.9741400+00:00" testType="13cdc9d9-ddb5-4fa4-a97d-d965ccfc6d4b" outcome="Passed" testListId="8c84fa94-04c1-424b-9868-57a2d4851a1d" relativeResultsDirectory="7bf6c5e8-07e7-4e21-981d-6b543adfbd78" />
    <UnitTestResult executionId="03d555ee-0c26-4d7b-a4b0-5d4025c47eaf" testId="d6c9de66-277e-7f8f-74eb-0566265917fc" testName="Entropic.GUI.Tests.ProjectSortingOptionsTests.SetSortMode_updates_mode" computerName="DT-2020-RES-1" duration="00:00:00.0002438" startTime="2026-03-24T16:32:23.0328837+00:00" endTime="2026-03-24T16:32:23.0330759+00:00" testType="13cdc9d9-ddb5-4fa4-a97d-d965ccfc6d4b" outcome="Passed" testListId="8c84fa94-04c1-424b-9868-57a2d4851a1d" relativeResultsDirectory="03d555ee-0c26-4d7b-a4b0-5d4025c47eaf" />
    <UnitTestResult executionId="91dab28b-c33e-460c-8999-4e203e3d8d5a" testId="79c44cbf-c0b1-297d-74d2-7a1dfde30867" testName="Entropic.GUI.Tests.BoidStochasticTests.Stochastic_params_vary_from_base" computerName="DT-2020-RES-1" duration="00:00:00.0007845" startTime="2026-03-24T16:32:23.0346116+00:00" endTime="2026-03-24T16:32:23.0349711+00:00" testType="13cdc9d9-ddb5-4fa4-a97d-d965ccfc6d4b" outcome="Passed" testListId="8c84fa94-04c1-424b-9868-57a2d4851a1d" relativeResultsDirectory="91dab28b-c33e-460c-8999-4e203e3d8d5a" />
    <UnitTestResult executionId="e43f5e42-80b4-4930-8be0-96554e7606ec" testId="dc290e8b-3fef-569a-f18c-99c4862262bb" testName="Entropic.GUI.Tests.GitViewModelExtendedTests.ViewCommits_requires_selected_repo_and_parent" computerName="DT-2020-RES-1" duration="00:00:00.0005931" startTime="2026-03-24T16:32:23.0353201+00:00" endTime="2026-03-24T16:32:23.0362631+00:00" testType="13cdc9d9-ddb5-4fa4-a97d-d965ccfc6d4b" outcome="Passed" testListId="8c84fa94-04c1-424b-9868-57a2d4851a1d" relativeResultsDirectory="e43f5e42-80b4-4930-8be0-96554e7606ec" />
    <UnitTestResult executionId="7e16f7be-7243-4345-856d-e8907a241a16" testId="3627129c-6a19-98ae-526b-50575fe6b8d8" testName="Entropic.GUI.Tests.GitViewModelExtendedTests.SetRootPath_changes_discovery_root" computerName="DT-2020-RES-1" duration="00:00:00.0002450" startTime="2026-03-24T16:32:23.0342860+00:00" endTime="2026-03-24T16:32:23.0346750+00:00" testType="13cdc9d9-ddb5-4fa4-a97d-d965ccfc6d4b" outcome="Passed" testListId="8c84fa94-04c1-424b-9868-57a2d4851a1d" relativeResultsDirectory="7e16f7be-7243-4345-856d-e8907a241a16" />
    <UnitTestResult executionId="58c6fc99-1723-4cdb-bb60-691382ef766d" testId="41ee13a7-96a7-3225-0198-0cfc4620ef40" testName="Entropic.GUI.Tests.TodoReorderTests.MoveTodoUp_at_top_does_nothing" computerName="DT-2020-RES-1" duration="00:00:00.0001327" startTime="2026-03-24T16:32:23.0035420+00:00" endTime="2026-03-24T16:32:23.0035927+00:00" testType="13cdc9d9-ddb5-4fa4-a97d-d965ccfc6d4b" outcome="Passed" testListId="8c84fa94-04c1-424b-9868-57a2d4851a1d" relativeResultsDirectory="58c6fc99-1723-4cdb-bb60-691382ef766d" />
    <UnitTestResult executionId="9096eb77-573a-4806-8a44-625a1ed8f7bd" testId="c9295b48-2b74-b1ca-ef59-0857e1415b71" testName="Entropic.GUI.Tests.AnimatedBackgroundTests.SimulateStep_populates_boids_up_to_max" computerName="DT-2020-RES-1" duration="00:00:00.0019112" startTime="2026-03-24T16:32:23.0321306+00:00" endTime="2026-03-24T16:32:23.0321755+00:00" testType="13cdc9d9-ddb5-4fa4-a97d-d965ccfc6d4b" outcome="Passed" testListId="8c84fa94-04c1-424b-9868-57a2d4851a1d" relativeResultsDirectory="9096eb77-573a-4806-8a44-625a1ed8f7bd" />
    <UnitTestResult executionId="33e5d919-385b-4de7-8296-a9a78f8f682c" testId="9bf1b3d0-d422-5fd0-6b4d-bce4553481d0" testName="Entropic.GUI.Tests.TodoPersistenceTests.ToggleStatus_updates_derived_properties" computerName="DT-2020-RES-1" duration="00:00:00.0001788" startTime="2026-03-24T16:32:23.0395924+00:00" endTime="2026-03-24T16:32:23.0398012+00:00" testType="13cdc9d9-ddb5-4fa4-a97d-d965ccfc6d4b" outcome="Passed" testListId="8c84fa94-04c1-424b-9868-57a2d4851a1d" relativeResultsDirectory="33e5d919-385b-4de7-8296-a9a78f8f682c" />
    <UnitTestResult executionId="18ac8c4c-6bbb-40e3-a626-925847442278" testId="c3c4534d-ea64-e2d9-c0c7-4accb541b342" testName="Entropic.GUI.Tests.ProgressOverlayTests.Show_sets_visible_and_message" computerName="DT-2020-RES-1" duration="00:00:00.0002049" startTime="2026-03-24T16:32:22.9202255+00:00" endTime="2026-03-24T16:32:22.9203002+00:00" testType="13cdc9d9-ddb5-4fa4-a97d-d965ccfc6d4b" outcome="Passed" testListId="8c84fa94-04c1-424b-9868-57a2d4851a1d" relativeResultsDirectory="18ac8c4c-6bbb-40e3-a626-925847442278" />
    <UnitTestResult executionId="d8f978ef-017d-42d7-a362-0009263a680d" testId="b096b620-0aa9-d06e-98ab-e70a3ea91c12" testName="Entropic.GUI.Tests.MainWindowViewModelTests.ToggleActivityMode_toggles_state" computerName="DT-2020-RES-1" duration="00:00:00.0007595" startTime="2026-03-24T16:32:22.9767307+00:00" endTime="2026-03-24T16:32:22.9769724+00:00" testType="13cdc9d9-ddb5-4fa4-a97d-d965ccfc6d4b" outcome="Passed" testListId="8c84fa94-04c1-424b-9868-57a2d4851a1d" relativeResultsDirectory="d8f978ef-017d-42d7-a362-0009263a680d" />
    <UnitTestResult executionId="434184a7-223f-446d-bd7b-00954fd23e78" testId="5c7b1fb6-466f-494b-6097-7a4a222b6ba3" testName="Entropic.GUI.Tests.SessionSelectionPersistenceTests.SelectedSession_starts_null" computerName="DT-2020-RES-1" duration="00:00:00.0001544" startTime="2026-03-24T16:32:22.9672103+00:00" endTime="2026-03-24T16:32:22.9672518+00:00" testType="13cdc9d9-ddb5-4fa4-a97d-d965ccfc6d4b" outcome="Passed" testListId="8c84fa94-04c1-424b-9868-57a2d4851a1d" relativeResultsDirectory="434184a7-223f-446d-bd7b-00954fd23e78" />
    <UnitTestResult executionId="7b80f4e6-45cb-416b-bcb5-2723873ba628" testId="4837c18c-2687-48a1-3b93-bd2c1e1262e6" testName="Entropic.GUI.Tests.MainWindowTests.DefaultHeight_is_900" computerName="DT-2020-RES-1" duration="00:00:00.0001934" startTime="2026-03-24T16:32:23.0368274+00:00" endTime="2026-03-24T16:32:23.0368749+00:00" testType="13cdc9d9-ddb5-4fa4-a97d-d965ccfc6d4b" outcome="Passed" testListId="8c84fa94-04c1-424b-9868-57a2d4851a1d" relativeResultsDirectory="7b80f4e6-45cb-416b-bcb5-2723873ba628" />
    <UnitTestResult executionId="35762002-a81e-4d9c-bd9a-617b1188f420" testId="004e630c-9b78-7c8d-0e3f-669470cc60c9" testName="Entropic.GUI.Tests.ConfigurableLogLevelTests.LogLevel_can_be_changed" computerName="DT-2020-RES-1" duration="00:00:00.0078092" startTime="2026-03-24T16:32:23.0373645+00:00" endTime="2026-03-24T16:32:23.0397633+00:00" testType="13cdc9d9-ddb5-4fa4-a97d-d965ccfc6d4b" outcome="Passed" testListId="8c84fa94-04c1-424b-9868-57a2d4851a1d" relativeResultsDirectory="35762002-a81e-4d9c-bd9a-617b1188f420" />
    <UnitTestResult executionId="7986a6dd-f8b0-4e72-917e-7790c5238718" testId="e3c9d27d-90e5-3ada-8f10-bfc6362dee8f" testName="Entropic.GUI.Tests.MainWindowViewModelTests.SpacingPixels_maps_mode_to_correct_values" computerName="DT-2020-RES-1" duration="00:00:00.0005572" startTime="2026-03-24T16:32:23.0001931+00:00" endTime="2026-03-24T16:32:23.0013065+00:00" testType="13cdc9d9-ddb5-4fa4-a97d-d965ccfc6d4b" outcome="Passed" testListId="8c84fa94-04c1-424b-9868-57a2d4851a1d" relativeResultsDirectory="7986a6dd-f8b0-4e72-917e-7790c5238718" />
    <UnitTestResult executionId="49d76de1-3d6c-44a3-ac71-f08930a819d9" testId="41e6ec37-825d-ca89-3546-384e9985ba2e" testName="Entropic.GUI.Tests.MainWindowTests.DarkBackground_is_correct_hex" computerName="DT-2020-RES-1" duration="00:00:00.0000693" startTime="2026-03-24T16:32:23.0371524+00:00" endTime="2026-03-24T16:32:23.0372012+00:00" testType="13cdc9d9-ddb5-4fa4-a97d-d965ccfc6d4b" outcome="Passed" testListId="8c84fa94-04c1-424b-9868-57a2d4851a1d" relativeResultsDirectory="49d76de1-3d6c-44a3-ac71-f08930a819d9" />
    <UnitTestResult executionId="7e527bdd-c6e0-4a8d-86cc-00dc091e38bd" testId="d47efeb1-0bd0-546f-13b7-b7a753d81f96" testName="Entropic.GUI.Tests.ToastNotificationReqTests.ShowToast_sets_message" computerName="DT-2020-RES-1" duration="00:00:02.6187136" startTime="2026-03-24T16:32:22.8261048+00:00" endTime="2026-03-24T16:32:25.4710394+00:00" testType="13cdc9d9-ddb5-4fa4-a97d-d965ccfc6d4b" outcome="Passed" testListId="8c84fa94-04c1-424b-9868-57a2d4851a1d" relativeResultsDirectory="7e527bdd-c6e0-4a8d-86cc-00dc091e38bd" />
    <UnitTestResult executionId="d8ae2b5f-dd1c-49bf-bec5-31f45dd0dd20" testId="e6340ffd-8ccb-f3a9-1540-794021d5a95d" testName="Entropic.GUI.Tests.SessionSelectionPersistenceTests.SelectSession_persists_selection" computerName="DT-2020-RES-1" duration="00:00:00.0002626" startTime="2026-03-24T16:32:22.9673752+00:00" endTime="2026-03-24T16:32:22.9674160+00:00" testType="13cdc9d9-ddb5-4fa4-a97d-d965ccfc6d4b" outcome="Passed" testListId="8c84fa94-04c1-424b-9868-57a2d4851a1d" relativeResultsDirectory="d8ae2b5f-dd1c-49bf-bec5-31f45dd0dd20" />
    <UnitTestResult executionId="dc98cfcf-2fde-4917-be03-0622171dd0a9" testId="f48c54ac-54cc-bb52-e725-0eb29b099eab" testName="Entropic.GUI.Tests.SingleInstanceGuardTests.First_instance_acquires_mutex" computerName="DT-2020-RES-1" duration="00:00:00.0009310" startTime="2026-03-24T16:32:22.9691672+00:00" endTime="2026-03-24T16:32:22.9692299+00:00" testType="13cdc9d9-ddb5-4fa4-a97d-d965ccfc6d4b" outcome="Passed" testListId="8c84fa94-04c1-424b-9868-57a2d4851a1d" relativeResultsDirectory="dc98cfcf-2fde-4917-be03-0622171dd0a9" />
    <UnitTestResult executionId="bfb4b638-3db5-4826-bea2-c6b8c2417c3c" testId="67eed352-091c-84d1-3e53-c1146e7c188a" testName="Entropic.GUI.Tests.TodoReorderTests.MoveTodoUp_moves_item_up" computerName="DT-2020-RES-1" duration="00:00:00.0026408" startTime="2026-03-24T16:32:23.0012622+00:00" endTime="2026-03-24T16:32:23.0027597+00:00" testType="13cdc9d9-ddb5-4fa4-a97d-d965ccfc6d4b" outcome="Passed" testListId="8c84fa94-04c1-424b-9868-57a2d4851a1d" relativeResultsDirectory="bfb4b638-3db5-4826-bea2-c6b8c2417c3c" />
    <UnitTestResult executionId="1f4209d6-34f9-4015-9025-c32dbe0f2c41" testId="fc99ad6a-bca1-32be-4797-a86993db6343" testName="Entropic.GUI.Tests.CommitViewModelExtendedTests.ErrorMessage_defaults_to_null" computerName="DT-2020-RES-1" duration="00:00:00.0001702" startTime="2026-03-24T16:32:22.9719673+00:00" endTime="2026-03-24T16:32:22.9722120+00:00" testType="13cdc9d9-ddb5-4fa4-a97d-d965ccfc6d4b" outcome="Passed" testListId="8c84fa94-04c1-424b-9868-57a2d4851a1d" relativeResultsDirectory="1f4209d6-34f9-4015-9025-c32dbe0f2c41" />
    <UnitTestResult executionId="fa2e0f21-099c-440d-b5cb-a89d91cde8d8" testId="0f06b703-e16d-fc13-cb4a-33322310b606" testName="Entropic.GUI.Tests.ConvertMethodTests.ConvertSession_maps_all_fields" computerName="DT-2020-RES-1" duration="00:00:00.0070305" startTime="2026-03-24T16:32:23.0096674+00:00" endTime="2026-03-24T16:32:23.0119024+00:00" testType="13cdc9d9-ddb5-4fa4-a97d-d965ccfc6d4b" outcome="Passed" testListId="8c84fa94-04c1-424b-9868-57a2d4851a1d" relativeResultsDirectory="fa2e0f21-099c-440d-b5cb-a89d91cde8d8" />
    <UnitTestResult executionId="62167918-7ce7-45d9-8793-e7a0c38f8205" testId="289bdad0-2c4c-ef2d-2dfd-267208392dbf" testName="Entropic.GUI.Tests.TodoPersistenceTests.ToggleStatus_cycles_through_states" computerName="DT-2020-RES-1" duration="00:00:00.0003827" startTime="2026-03-24T16:32:23.0388830+00:00" endTime="2026-03-24T16:32:23.0389302+00:00" testType="13cdc9d9-ddb5-4fa4-a97d-d965ccfc6d4b" outcome="Passed" testListId="8c84fa94-04c1-424b-9868-57a2d4851a1d" relativeResultsDirectory="62167918-7ce7-45d9-8793-e7a0c38f8205" />
    <UnitTestResult executionId="f0f08d7b-b3ef-43be-88ee-a169973d63d2" testId="e9637baa-afe5-f2c4-e828-361c2b14b134" testName="Entropic.GUI.Tests.ToastNotificationReqTests.ToastService_fires_event" computerName="DT-2020-RES-1" duration="00:00:00.0003399" startTime="2026-03-24T16:32:25.4728280+00:00" endTime="2026-03-24T16:32:25.4731655+00:00" testType="13cdc9d9-ddb5-4fa4-a97d-d965ccfc6d4b" outcome="Passed" testListId="8c84fa94-04c1-424b-9868-57a2d4851a1d" relativeResultsDirectory="f0f08d7b-b3ef-43be-88ee-a169973d63d2" />
    <UnitTestResult executionId="bc005be2-af1e-4e81-90ab-b4353a940659" testId="dec8d34c-14c9-154b-a043-1c9b6097b3c4" testName="Entropic.GUI.Tests.BoidBackdropTests.SimulateStep_moves_boids" computerName="DT-2020-RES-1" duration="00:00:00.0005329" startTime="2026-03-24T16:32:23.0333362+00:00" endTime="2026-03-24T16:32:23.0343822+00:00" testType="13cdc9d9-ddb5-4fa4-a97d-d965ccfc6d4b" outcome="Passed" testListId="8c84fa94-04c1-424b-9868-57a2d4851a1d" relativeResultsDirectory="bc005be2-af1e-4e81-90ab-b4353a940659" />
    <UnitTestResult executionId="070d84a0-9034-45a6-98f4-ac54552d40e5" testId="81192fb8-0662-51f7-acea-2a9b7a70cfb1" testName="Entropic.GUI.Tests.BoidStochasticTests.Boid_throb_phase_advances" computerName="DT-2020-RES-1" duration="00:00:00.0271281" startTime="2026-03-24T16:32:23.0017042+00:00" endTime="2026-03-24T16:32:23.0343460+00:00" testType="13cdc9d9-ddb5-4fa4-a97d-d965ccfc6d4b" outcome="Passed" testListId="8c84fa94-04c1-424b-9868-57a2d4851a1d" relativeResultsDirectory="070d84a0-9034-45a6-98f4-ac54552d40e5" />
    <UnitTestResult executionId="1d8cd1bb-cc3b-4a2e-8f97-64f6b87f7a36" testId="3bd60431-fe7d-8f01-4388-e576d19a1805" testName="Entropic.GUI.Tests.GlobalViewModelExtendedTests.Refresh_rebuilds_from_same_data" computerName="DT-2020-RES-1" duration="00:00:00.0154255" startTime="2026-03-24T16:32:22.9664838+00:00" endTime="2026-03-24T16:32:22.9700715+00:00" testType="13cdc9d9-ddb5-4fa4-a97d-d965ccfc6d4b" outcome="Passed" testListId="8c84fa94-04c1-424b-9868-57a2d4851a1d" relativeResultsDirectory="1d8cd1bb-cc3b-4a2e-8f97-64f6b87f7a36" />
    <UnitTestResult executionId="a661a23d-08b0-47bd-821c-d21ca0767603" testId="b8505021-74c6-596f-b81c-844d0758100a" testName="Entropic.GUI.Tests.WindowDefaultsTests.DefaultHeight_is_900" computerName="DT-2020-RES-1" duration="00:00:00.0001520" startTime="2026-03-24T16:32:23.0647011+00:00" endTime="2026-03-24T16:32:23.0647634+00:00" testType="13cdc9d9-ddb5-4fa4-a97d-d965ccfc6d4b" outcome="Passed" testListId="8c84fa94-04c1-424b-9868-57a2d4851a1d" relativeResultsDirectory="a661a23d-08b0-47bd-821c-d21ca0767603" />
    <UnitTestResult executionId="28399231-0ad5-4b18-9b07-3e18e2d5d8e0" testId="6cceb15a-e75f-ab88-d888-543da3f0f84b" testName="Entropic.GUI.Tests.CoreIntegrationTests.Filter_hasTodos_excludes_empty_projects" computerName="DT-2020-RES-1" duration="00:00:00.0012580" startTime="2026-03-24T16:32:22.9749699+00:00" endTime="2026-03-24T16:32:22.9753423+00:00" testType="13cdc9d9-ddb5-4fa4-a97d-d965ccfc6d4b" outcome="Passed" testListId="8c84fa94-04c1-424b-9868-57a2d4851a1d" relativeResultsDirectory="28399231-0ad5-4b18-9b07-3e18e2d5d8e0" />
    <UnitTestResult executionId="09c44ed1-2916-4a4e-8d72-1fc601aba544" testId="43bc48eb-5d6e-8083-6dca-ba48c9df2f8e" testName="Entropic.GUI.Tests.SessionItemViewModelTests.SessionItem_stores_session_id_and_provider" computerName="DT-2020-RES-1" duration="00:00:00.0002112" startTime="2026-03-24T16:32:23.0626802+00:00" endTime="2026-03-24T16:32:23.0629755+00:00" testType="13cdc9d9-ddb5-4fa4-a97d-d965ccfc6d4b" outcome="Passed" testListId="8c84fa94-04c1-424b-9868-57a2d4851a1d" relativeResultsDirectory="09c44ed1-2916-4a4e-8d72-1fc601aba544" />
    <UnitTestResult executionId="03f33867-b6bf-4c55-8cd6-56e70e36dfa3" testId="2b4b0e56-6053-89a2-2cf7-b5d718283b16" testName="Entropic.GUI.Tests.ProjectSortTests.ApplySort_by_todos_descending" computerName="DT-2020-RES-1" duration="00:00:00.0005248" startTime="2026-03-24T16:32:23.0564128+00:00" endTime="2026-03-24T16:32:23.0566366+00:00" testType="13cdc9d9-ddb5-4fa4-a97d-d965ccfc6d4b" outcome="Passed" testListId="8c84fa94-04c1-424b-9868-57a2d4851a1d" relativeResultsDirectory="03f33867-b6bf-4c55-8cd6-56e70e36dfa3" />
    <UnitTestResult executionId="20feb44d-c778-43f1-88b3-2187cc0a4d6e" testId="1ab402ae-25c7-fcba-8911-4b3503fd61cd" testName="Entropic.GUI.Tests.TodoReorderTests.ReorderTodo_no_session_no_crash" computerName="DT-2020-RES-1" duration="00:00:00.0000940" startTime="2026-03-24T16:32:23.0031639+00:00" endTime="2026-03-24T16:32:23.0032247+00:00" testType="13cdc9d9-ddb5-4fa4-a97d-d965ccfc6d4b" outcome="Passed" testListId="8c84fa94-04c1-424b-9868-57a2d4851a1d" relativeResultsDirectory="20feb44d-c778-43f1-88b3-2187cc0a4d6e" />
    <UnitTestResult executionId="d73b8ab1-4311-44f9-a9d7-901663ce8471" testId="cb34953c-5ec8-c2c3-6a6f-449d3a4934cf" testName="Entropic.GUI.Tests.TodoPersistenceTests.ToCoreTodo_maps_optional_fields" computerName="DT-2020-RES-1" duration="00:00:00.0004899" startTime="2026-03-24T16:32:23.0382997+00:00" endTime="2026-03-24T16:32:23.0383556+00:00" testType="13cdc9d9-ddb5-4fa4-a97d-d965ccfc6d4b" outcome="Passed" testListId="8c84fa94-04c1-424b-9868-57a2d4851a1d" relativeResultsDirectory="d73b8ab1-4311-44f9-a9d7-901663ce8471" />
    <UnitTestResult executionId="8afe8a59-837e-4acf-a127-f6079b9ab3af" testId="e8fca9f9-c343-8fa2-5e13-287c0241df43" testName="Entropic.GUI.Tests.TabSwitchingTests.SwitchTab_sets_tab_index" computerName="DT-2020-RES-1" duration="00:00:00.0002382" startTime="2026-03-24T16:32:23.0645623+00:00" endTime="2026-03-24T16:32:23.0649464+00:00" testType="13cdc9d9-ddb5-4fa4-a97d-d965ccfc6d4b" outcome="Passed" testListId="8c84fa94-04c1-424b-9868-57a2d4851a1d" relativeResultsDirectory="8afe8a59-837e-4acf-a127-f6079b9ab3af" />
    <UnitTestResult executionId="e3524c5e-e69f-40a0-93bc-85722226447b" testId="6ce2d101-1055-58a3-1b57-a2f22d35c545" testName="Entropic.GUI.Tests.DarkThemeTests.Dark_background_constant_defined" computerName="DT-2020-RES-1" duration="00:00:00.0001455" startTime="2026-03-24T16:32:22.9679125+00:00" endTime="2026-03-24T16:32:22.9679536+00:00" testType="13cdc9d9-ddb5-4fa4-a97d-d965ccfc6d4b" outcome="Passed" testListId="8c84fa94-04c1-424b-9868-57a2d4851a1d" relativeResultsDirectory="e3524c5e-e69f-40a0-93bc-85722226447b" />
  </Results>
  <TestDefinitions>
    <UnitTest name="Entropic.GUI.Tests.ProgramTests.BuildAvaloniaApp_returns_app_builder" storage="c:\users\mathew.burkitt\source\repos\dt\entropic\source\dotnet\entropic.gui.tests\bin\debug\net10.0\entropic.gui.tests.dll" id="f98e2762-7174-635e-600d-dd42f453a735">
      <Execution id="7cfef3a9-a7fb-4e30-84a1-a980de29ecdd" />
      <TestMethod codeBase="C:\Users\mathew.burkitt\source\repos\DT\Entropic\source\dotnet\Entropic.GUI.Tests\bin\Debug\net10.0\Entropic.GUI.Tests.dll" adapterTypeName="executor://xunit/VsTestRunner3/netcore/" className="Entropic.GUI.Tests.ProgramTests" name="BuildAvaloniaApp_returns_app_builder" />
    </UnitTest>
    <UnitTest name="Entropic.GUI.Tests.SpacingModesTests.SetSpacing_updates_mode_and_pixels(mode: &quot;wide&quot;, expected: 14)" storage="c:\users\mathew.burkitt\source\repos\dt\entropic\source\dotnet\entropic.gui.tests\bin\debug\net10.0\entropic.gui.tests.dll" id="fa29b7c2-7405-8dc1-0fbe-a35214bdf1f1">
      <Execution id="79e6d5aa-6dd3-4743-8f39-119437a86d36" />
      <TestMethod codeBase="C:\Users\mathew.burkitt\source\repos\DT\Entropic\source\dotnet\Entropic.GUI.Tests\bin\Debug\net10.0\Entropic.GUI.Tests.dll" adapterTypeName="executor://xunit/VsTestRunner3/netcore/" className="Entropic.GUI.Tests.SpacingModesTests" name="SetSpacing_updates_mode_and_pixels" />
    </UnitTest>
    <UnitTest name="Entropic.GUI.Tests.ToastNotificationReqTests.ShowToast_sets_message" storage="c:\users\mathew.burkitt\source\repos\dt\entropic\source\dotnet\entropic.gui.tests\bin\debug\net10.0\entropic.gui.tests.dll" id="d47efeb1-0bd0-546f-13b7-b7a753d81f96">
      <Execution id="7e527bdd-c6e0-4a8d-86cc-00dc091e38bd" />
      <TestMethod codeBase="C:\Users\mathew.burkitt\source\repos\DT\Entropic\source\dotnet\Entropic.GUI.Tests\bin\Debug\net10.0\Entropic.GUI.Tests.dll" adapterTypeName="executor://xunit/VsTestRunner3/netcore/" className="Entropic.GUI.Tests.ToastNotificationReqTests" name="ShowToast_sets_message" />
    </UnitTest>
    <UnitTest name="Entropic.GUI.Tests.GitViewModelExtendedTests.ViewCommits_requires_selected_repo_and_parent" storage="c:\users\mathew.burkitt\source\repos\dt\entropic\source\dotnet\entropic.gui.tests\bin\debug\net10.0\entropic.gui.tests.dll" id="dc290e8b-3fef-569a-f18c-99c4862262bb">
      <Execution id="e43f5e42-80b4-4930-8be0-96554e7606ec" />
      <TestMethod codeBase="C:\Users\mathew.burkitt\source\repos\DT\Entropic\source\dotnet\Entropic.GUI.Tests\bin\Debug\net10.0\Entropic.GUI.Tests.dll" adapterTypeName="executor://xunit/VsTestRunner3/netcore/" className="Entropic.GUI.Tests.GitViewModelExtendedTests" name="ViewCommits_requires_selected_repo_and_parent" />
[...]
    <TestEntry testId="93d72451-4693-b85e-091c-937725e81cf0" executionId="f2045c7c-1360-4675-987f-e49bac5a4bd9" testListId="8c84fa94-04c1-424b-9868-57a2d4851a1d" />
    <TestEntry testId="4800f310-1291-d9e7-9611-f1f07fb4399f" executionId="5b4a6ab9-d12a-4f53-a9c7-ee12045a5371" testListId="8c84fa94-04c1-424b-9868-57a2d4851a1d" />
    <TestEntry testId="b741c724-2a0d-f197-23df-c7e541fe6c39" executionId="3fa3c415-3f46-4a27-9bc4-8fb42eae34ab" testListId="8c84fa94-04c1-424b-9868-57a2d4851a1d" />
    <TestEntry testId="26115c64-f222-4a46-37a5-b5441ed8d980" executionId="b230da20-137d-4347-aa49-b1e289b64d0b" testListId="8c84fa94-04c1-424b-9868-57a2d4851a1d" />
    <TestEntry testId="fa03b10d-23ca-b302-bf3c-71291cd97203" executionId="ec7a1668-0b42-4be4-9433-c7cbe4760096" testListId="8c84fa94-04c1-424b-9868-57a2d4851a1d" />
    <TestEntry testId="d65b7efb-fe21-dbfc-9848-343f0f4b1156" executionId="a0ae8323-0c6e-4c0d-98af-c50ba8cf74b9" testListId="8c84fa94-04c1-424b-9868-57a2d4851a1d" />
    <TestEntry testId="f96459f2-2996-a85a-78b7-3fc447e4557f" executionId="6e8f2380-8332-4c8b-b4a0-c953af1bfcd0" testListId="8c84fa94-04c1-424b-9868-57a2d4851a1d" />
    <TestEntry testId="6612cced-739e-a3f5-90ef-0e3782a4d299" executionId="611690ee-15c1-41f7-9f8f-1405a2768688" testListId="8c84fa94-04c1-424b-9868-57a2d4851a1d" />
    <TestEntry testId="5d31cbfc-4062-bf54-1e95-e2182fe0349a" executionId="ca1a12bb-4a5f-4173-a5c1-7ac21a143a81" testListId="8c84fa94-04c1-424b-9868-57a2d4851a1d" />
    <TestEntry testId="73ef2a3b-c3b1-c0c7-61e0-fb1eec8c805d" executionId="7c61383e-4ca3-46e0-88d1-6e342a956fff" testListId="8c84fa94-04c1-424b-9868-57a2d4851a1d" />
    <TestEntry testId="c898d6da-6a65-fc5a-370c-7a75cf957d21" executionId="0c715eb7-9b52-4b87-8c3d-87f0624b0cb3" testListId="8c84fa94-04c1-424b-9868-57a2d4851a1d" />
    <TestEntry testId="2bb0b5f5-5b6c-aa57-b784-a5767d6ea624" executionId="eae1bba2-503a-4713-a0c0-d7b13d238455" testListId="8c84fa94-04c1-424b-9868-57a2d4851a1d" />
    <TestEntry testId="2bbcc13c-ebc5-d508-3ae8-4a11b7254afd" executionId="346a1f81-dc6b-44e6-a7e5-9fbe2465ff9d" testListId="8c84fa94-04c1-424b-9868-57a2d4851a1d" />
    <TestEntry testId="0d0364a7-8928-036d-b76d-143fe3a54f24" executionId="690db0c7-7d93-4009-b1ea-7e10324e0819" testListId="8c84fa94-04c1-424b-9868-57a2d4851a1d" />
    <TestEntry testId="448df9fd-fc5d-3081-9b11-8b193c4c6090" executionId="0deeb855-152f-43c1-a920-048bb0a38b75" testListId="8c84fa94-04c1-424b-9868-57a2d4851a1d" />
    <TestEntry testId="3294bbb6-cca7-c324-0a62-8c995ec89f2a" executionId="c381f8ad-e122-4ff2-9303-d8775bde39aa" testListId="8c84fa94-04c1-424b-9868-57a2d4851a1d" />
    <TestEntry testId="abc70b18-b821-f917-bde1-ea1996d2a78d" executionId="eee05a56-856d-469a-937e-605f2e2b47d4" testListId="8c84fa94-04c1-424b-9868-57a2d4851a1d" />
    <TestEntry testId="8d13ea85-c077-24e1-183a-f21e33beb1d6" executionId="528e1f41-cee6-49c7-9a1d-283ad9d29872" testListId="8c84fa94-04c1-424b-9868-57a2d4851a1d" />
    <TestEntry testId="86390019-f255-e14c-f3ba-f7bc0d76a27d" executionId="441a1328-ff03-4b4f-8479-66df5110fb67" testListId="8c84fa94-04c1-424b-9868-57a2d4851a1d" />
    <TestEntry testId="b9cf312c-b5df-248d-892a-d268f17e29fe" executionId="343dc61c-1820-486a-9972-664d74ca9dc7" testListId="8c84fa94-04c1-424b-9868-57a2d4851a1d" />
    <TestEntry testId="62f5dc6d-38dd-0d55-22e7-108029287c37" executionId="23c765fd-1695-43c2-ba96-43491fce2647" testListId="8c84fa94-04c1-424b-9868-57a2d4851a1d" />
    <TestEntry testId="8ce58515-9552-fe63-aaed-00088805f564" executionId="3fd08749-4a44-4e20-a674-22fa6fc96a36" testListId="8c84fa94-04c1-424b-9868-57a2d4851a1d" />
    <TestEntry testId="bd7259cd-b7c8-abf5-ad27-dcc79cf08e6c" executionId="57f29783-8d23-40fe-be42-15529230f4f4" testListId="8c84fa94-04c1-424b-9868-57a2d4851a1d" />
    <TestEntry testId="5cb3330a-2f24-0b85-7413-58b1042aef03" executionId="d3762a73-aa07-422c-8714-f3989b28e88c" testListId="8c84fa94-04c1-424b-9868-57a2d4851a1d" />
    <TestEntry testId="00fda91c-3df7-bf79-7abc-e21f84b04163" executionId="8c37ff70-9b0f-4097-acee-8e7849f816d3" testListId="8c84fa94-04c1-424b-9868-57a2d4851a1d" />
    <TestEntry testId="a69bdc7a-d207-37ce-eb12-2f8ccb50018a" executionId="f44048bb-4fce-428e-98e5-097b55144ea6" testListId="8c84fa94-04c1-424b-9868-57a2d4851a1d" />
    <TestEntry testId="e156f79e-2a29-ffff-7f89-a4d51307bc99" executionId="8d71c373-15b0-4b5f-95c9-a3ef667c898f" testListId="8c84fa94-04c1-424b-9868-57a2d4851a1d" />
    <TestEntry testId="0a7580f1-0205-efbe-1d4f-c1b40136b0ed" executionId="211b1071-37ea-485a-bb86-d663fac9a34a" testListId="8c84fa94-04c1-424b-9868-57a2d4851a1d" />
    <TestEntry testId="644f3d37-d1ea-e2f5-0ed9-e97dc9cb419d" executionId="07e30f7f-347b-4893-a92e-425e044fee6e" testListId="8c84fa94-04c1-424b-9868-57a2d4851a1d" />
    <TestEntry testId="33c5e11a-0940-ea99-a544-32d769929a2e" executionId="098082c7-40ea-4124-8e31-b33c1c74e37d" testListId="8c84fa94-04c1-424b-9868-57a2d4851a1d" />
    <TestEntry testId="9c203d69-02a8-d0eb-8539-55d6c8999b2a" executionId="b2023375-0fd8-4b02-93ab-ba066ab6dc08" testListId="8c84fa94-04c1-424b-9868-57a2d4851a1d" />
    <TestEntry testId="59fe1c1e-0ad3-3026-fecd-04b27c5fbea1" executionId="06752083-048a-4c0a-9ff1-afdbe4d33e2b" testListId="8c84fa94-04c1-424b-9868-57a2d4851a1d" />
    <TestEntry testId="2c8f4a90-26dd-745a-eb0c-8ee8d4ad5399" executionId="1459026f-d136-479d-85a8-4225a6e033df" testListId="8c84fa94-04c1-424b-9868-57a2d4851a1d" />
    <TestEntry testId="7b66fb39-c878-968a-e435-2e988694aa83" executionId="ddfe14f5-ec99-400d-acab-edd1b8defd57" testListId="8c84fa94-04c1-424b-9868-57a2d4851a1d" />
    <TestEntry testId="bb0022b9-c61c-271c-19d3-7f93d8033c58" executionId="f46586eb-3649-46f0-ac4a-a65648b97a8c" testListId="8c84fa94-04c1-424b-9868-57a2d4851a1d" />
    <TestEntry testId="de677ec9-f65d-15e8-c0a2-1c7b24fa102f" executionId="e99ed732-1751-4c3e-a90c-4ba1affb30be" testListId="8c84fa94-04c1-424b-9868-57a2d4851a1d" />
    <TestEntry testId="d1da45e3-4cbe-0528-02c4-df2029c110bb" executionId="e995af2a-ecd0-423a-b3c4-e1b938f5c2d9" testListId="8c84fa94-04c1-424b-9868-57a2d4851a1d" />
    <TestEntry testId="ce68203b-cef6-ec66-d9da-a2c831c53e6c" executionId="2acd9bfa-19f5-43af-8361-cdaa2c2cca68" testListId="8c84fa94-04c1-424b-9868-57a2d4851a1d" />
    <TestEntry testId="3158a955-62c7-8c82-bd54-24e60b538c52" executionId="d3ee4a5f-1ed4-4e9c-aace-b5ccaf248473" testListId="8c84fa94-04c1-424b-9868-57a2d4851a1d" />
    <TestEntry testId="4293e51d-46d5-005f-0924-3b49d06e76ee" executionId="d78aacd9-f683-4c8e-9d6a-c378a8439edc" testListId="8c84fa94-04c1-424b-9868-57a2d4851a1d" />
    <TestEntry testId="cd8d7e81-452b-bb4b-1fb7-cc265e56be62" executionId="38f7273b-4af7-4478-93a5-7ef18987033a" testListId="8c84fa94-04c1-424b-9868-57a2d4851a1d" />
    <TestEntry testId="45340c14-3404-c65c-3e50-d83ff81bf3cb" executionId="07e5fd73-3995-4cb5-9654-91b4173fedd4" testListId="8c84fa94-04c1-424b-9868-57a2d4851a1d" />
    <TestEntry testId="f320b43d-0e6a-89dc-fef6-bbb10f5013c5" executionId="d4adb849-821a-4eec-a41d-fa04ee6e0285" testListId="8c84fa94-04c1-424b-9868-57a2d4851a1d" />
    <TestEntry testId="3be254ac-9939-0b30-4f10-007d5d3e06a9" executionId="3184de08-28be-4e11-bb4f-7b644bb18e5f" testListId="8c84fa94-04c1-424b-9868-57a2d4851a1d" />
    <TestEntry testId="06d32eac-4041-26cf-8dfd-3f894945d08f" executionId="563740bd-05b6-401a-9018-3abc6b44c483" testListId="8c84fa94-04c1-424b-9868-57a2d4851a1d" />
    <TestEntry testId="17ad2f11-ab76-d750-aaca-acf9adf51b43" executionId="153f88ee-3db6-4a66-b527-8f6934313968" testListId="8c84fa94-04c1-424b-9868-57a2d4851a1d" />
    <TestEntry testId="e20a74ab-fb66-21a0-365f-da22be711727" executionId="69dbc6af-e963-43db-8341-2a7fb9d9dc4b" testListId="8c84fa94-04c1-424b-9868-57a2d4851a1d" />
    <TestEntry testId="c252ba58-d518-97bc-55c9-a5207ba373ff" executionId="73608ef3-fa33-499d-8dc9-83f8e60ce1f2" testListId="8c84fa94-04c1-424b-9868-57a2d4851a1d" />
    <TestEntry testId="f5a4b7d0-e325-a269-30ef-21ee3f0a629d" executionId="edf9b7bb-56db-4eec-8e1e-14b033274181" testListId="8c84fa94-04c1-424b-9868-57a2d4851a1d" />
    <TestEntry testId="6736d9fa-919c-c21c-3d18-13c16b4b907e" executionId="be919ee9-6c68-4722-923b-242cf71a7614" testListId="8c84fa94-04c1-424b-9868-57a2d4851a1d" />
    <TestEntry testId="7f139c2a-d2d8-148b-fd17-6e84d7be1e6a" executionId="e33e1e3a-55f3-4b28-88ae-6ab2a0db8cae" testListId="8c84fa94-04c1-424b-9868-57a2d4851a1d" />
    <TestEntry testId="5e09bc0c-2464-675a-15ac-125a57a064b6" executionId="6bdadc0d-4e27-4ada-8d3e-219b6231d51c" testListId="8c84fa94-04c1-424b-9868-57a2d4851a1d" />
    <TestEntry testId="a5ab0119-8e73-d4f5-cd25-e30cd30b88de" executionId="2b8c2da5-0a6e-4474-a540-178a68c7c18f" testListId="8c84fa94-04c1-424b-9868-57a2d4851a1d" />
    <TestEntry testId="b19827fe-3545-1ab8-9582-caab26218a9a" executionId="fbc642e8-957e-4b63-8943-9ad6dc4deb02" testListId="8c84fa94-04c1-424b-9868-57a2d4851a1d" />
    <TestEntry testId="7df0798e-ed48-c306-af50-7a4ab6d46471" executionId="96575c49-e1a4-4fae-93b7-01c3549e0880" testListId="8c84fa94-04c1-424b-9868-57a2d4851a1d" />
    <TestEntry testId="5cb281d7-b16b-9288-1150-c7d96b404ca6" executionId="35f9040e-a441-43be-aa68-c0aea916013c" testListId="8c84fa94-04c1-424b-9868-57a2d4851a1d" />
    <TestEntry testId="7b0e86ce-e3d2-d525-5777-24ddd3c9b4e2" executionId="878a710c-5da4-4e5e-81d4-9b980b9b88dd" testListId="8c84fa94-04c1-424b-9868-57a2d4851a1d" />
    <TestEntry testId="5db8b46c-512a-dd89-a789-765426683799" executionId="e6b5fdd4-b403-46c4-b339-e451fe333ef5" testListId="8c84fa94-04c1-424b-9868-57a2d4851a1d" />
    <TestEntry testId="b396e9a6-03e4-5760-f6e4-5a8c0e4c8efa" executionId="f04e6f15-a659-41dc-84a0-dd01f784cffd" testListId="8c84fa94-04c1-424b-9868-57a2d4851a1d" />
    <TestEntry testId="fa29b7c2-7405-8dc1-0fbe-a35214bdf1f1" executionId="79e6d5aa-6dd3-4743-8f39-119437a86d36" testListId="8c84fa94-04c1-424b-9868-57a2d4851a1d" />
    <TestEntry testId="98911e41-2e75-e1d8-d4bd-7c087dca951a" executionId="26ad7403-d026-449d-af49-9234770d0b48" testListId="8c84fa94-04c1-424b-9868-57a2d4851a1d" />
    <TestEntry testId="32e2bd05-927c-464b-ee5b-d7bf34ef4c23" executionId="a976d2e0-91ea-41cd-ba76-ee464e949a85" testListId="8c84fa94-04c1-424b-9868-57a2d4851a1d" />
    <TestEntry testId="80418ad3-77cf-ee1f-07e5-da81128f5f11" executionId="32495a36-ef4e-4274-824f-8b2b339f27ee" testListId="8c84fa94-04c1-424b-9868-57a2d4851a1d" />
    <TestEntry testId="4d025954-ee57-78ea-d973-756728071940" executionId="ff95a4e3-3c7a-45b6-9147-49eedffd7c5f" testListId="8c84fa94-04c1-424b-9868-57a2d4851a1d" />
    <TestEntry testId="0b756d51-1262-29f7-fd03-07d7af5c1fb5" executionId="1b247b85-e63a-4ad2-903d-75b47c43b96e" testListId="8c84fa94-04c1-424b-9868-57a2d4851a1d" />
    <TestEntry testId="4b23e151-c8aa-1782-c3f4-4f398b17c2c5" executionId="9a5fc1d9-d307-4b2b-a902-d270994aaffa" testListId="8c84fa94-04c1-424b-9868-57a2d4851a1d" />
    <TestEntry testId="595e7e50-9405-9fb6-638b-0b5c38373cf8" executionId="b2406d02-9368-4694-a022-033551ce3f02" testListId="8c84fa94-04c1-424b-9868-57a2d4851a1d" />
    <TestEntry testId="ab0280ce-3d8a-b7e6-ab37-7fcc669725bc" executionId="8f408f00-1c2c-41bf-afc8-48d5aa5b585b" testListId="8c84fa94-04c1-424b-9868-57a2d4851a1d" />
    <TestEntry testId="f98e2762-7174-635e-600d-dd42f453a735" executionId="7cfef3a9-a7fb-4e30-84a1-a980de29ecdd" testListId="8c84fa94-04c1-424b-9868-57a2d4851a1d" />
    <TestEntry testId="2f4fac14-dd5e-0f91-0230-7a88159dd550" executionId="f42029e7-b459-4fbf-838c-eebd7bba2d19" testListId="8c84fa94-04c1-424b-9868-57a2d4851a1d" />
    <TestEntry testId="8b0b6794-3a00-1535-cc75-5ec7fc1f3154" executionId="77a8cdcc-0cf3-43a3-9956-2274fafdeda2" testListId="8c84fa94-04c1-424b-9868-57a2d4851a1d" />
    <TestEntry testId="cc217c44-a992-2f34-19e2-1aa37e6ffdf2" executionId="a07c1d2b-5d1d-469a-8c08-33efb1952cae" testListId="8c84fa94-04c1-424b-9868-57a2d4851a1d" />
    <TestEntry testId="de2825fd-8dbe-1231-4ee9-41084dcb95d0" executionId="902d02ac-5dcf-42d0-9069-a79bedd913cd" testListId="8c84fa94-04c1-424b-9868-57a2d4851a1d" />
    <TestEntry testId="1684268e-9033-2dea-16d5-1a727ba3c261" executionId="d8dc18f7-6e50-46b9-a68e-8d651ee95ea7" testListId="8c84fa94-04c1-424b-9868-57a2d4851a1d" />
    <TestEntry testId="051d3b74-9dd4-311c-eda5-3598c2c4015c" executionId="4f4197e4-0515-4f14-b2a3-e434abcd34d4" testListId="8c84fa94-04c1-424b-9868-57a2d4851a1d" />
    <TestEntry testId="85b88409-7ae6-e796-f7bd-cffb3c92a078" executionId="97a0eef5-4bc7-454a-b35a-4baa5b20d77d" testListId="8c84fa94-04c1-424b-9868-57a2d4851a1d" />
    <TestEntry testId="0e7f0bae-91de-82cb-30d8-48e298395097" executionId="f48dea38-d2f7-4ecb-8463-920ecaa26066" testListId="8c84fa94-04c1-424b-9868-57a2d4851a1d" />
    <TestEntry testId="ccc2e913-1824-d3b0-5ca9-020273bf78da" executionId="a3bb7c29-48c9-49c4-96fd-8eb1ada4aa3b" testListId="8c84fa94-04c1-424b-9868-57a2d4851a1d" />
    <TestEntry testId="e2e21475-5292-d543-308a-2789b277d885" executionId="2d6f4e96-cc0f-4bfb-a5da-80f4d8c4a946" testListId="8c84fa94-04c1-424b-9868-57a2d4851a1d" />
    <TestEntry testId="12526d82-c134-c759-4a9c-9cd248297fa4" executionId="faefaa9d-d20b-484b-b351-03fc77702463" testListId="8c84fa94-04c1-424b-9868-57a2d4851a1d" />
    <TestEntry testId="b9c49f68-b3a0-2143-9fe7-384c49580e79" executionId="c816858d-1a5d-4f25-a8c4-87e88c4daf49" testListId="8c84fa94-04c1-424b-9868-57a2d4851a1d" />
    <TestEntry testId="3502d9d9-bc9d-5b89-3152-aea64ca7d63a" executionId="7bf6c5e8-07e7-4e21-981d-6b543adfbd78" testListId="8c84fa94-04c1-424b-9868-57a2d4851a1d" />
    <TestEntry testId="d6c9de66-277e-7f8f-74eb-0566265917fc" executionId="03d555ee-0c26-4d7b-a4b0-5d4025c47eaf" testListId="8c84fa94-04c1-424b-9868-57a2d4851a1d" />
    <TestEntry testId="79c44cbf-c0b1-297d-74d2-7a1dfde30867" executionId="91dab28b-c33e-460c-8999-4e203e3d8d5a" testListId="8c84fa94-04c1-424b-9868-57a2d4851a1d" />
    <TestEntry testId="dc290e8b-3fef-569a-f18c-99c4862262bb" executionId="e43f5e42-80b4-4930-8be0-96554e7606ec" testListId="8c84fa94-04c1-424b-9868-57a2d4851a1d" />
    <TestEntry testId="3627129c-6a19-98ae-526b-50575fe6b8d8" executionId="7e16f7be-7243-4345-856d-e8907a241a16" testListId="8c84fa94-04c1-424b-9868-57a2d4851a1d" />
    <TestEntry testId="41ee13a7-96a7-3225-0198-0cfc4620ef40" executionId="58c6fc99-1723-4cdb-bb60-691382ef766d" testListId="8c84fa94-04c1-424b-9868-57a2d4851a1d" />
    <TestEntry testId="c9295b48-2b74-b1ca-ef59-0857e1415b71" executionId="9096eb77-573a-4806-8a44-625a1ed8f7bd" testListId="8c84fa94-04c1-424b-9868-57a2d4851a1d" />
    <TestEntry testId="9bf1b3d0-d422-5fd0-6b4d-bce4553481d0" executionId="33e5d919-385b-4de7-8296-a9a78f8f682c" testListId="8c84fa94-04c1-424b-9868-57a2d4851a1d" />
    <TestEntry testId="c3c4534d-ea64-e2d9-c0c7-4accb541b342" executionId="18ac8c4c-6bbb-40e3-a626-925847442278" testListId="8c84fa94-04c1-424b-9868-57a2d4851a1d" />
    <TestEntry testId="b096b620-0aa9-d06e-98ab-e70a3ea91c12" executionId="d8f978ef-017d-42d7-a362-0009263a680d" testListId="8c84fa94-04c1-424b-9868-57a2d4851a1d" />
    <TestEntry testId="5c7b1fb6-466f-494b-6097-7a4a222b6ba3" executionId="434184a7-223f-446d-bd7b-00954fd23e78" testListId="8c84fa94-04c1-424b-9868-57a2d4851a1d" />
    <TestEntry testId="4837c18c-2687-48a1-3b93-bd2c1e1262e6" executionId="7b80f4e6-45cb-416b-bcb5-2723873ba628" testListId="8c84fa94-04c1-424b-9868-57a2d4851a1d" />
    <TestEntry testId="004e630c-9b78-7c8d-0e3f-669470cc60c9" executionId="35762002-a81e-4d9c-bd9a-617b1188f420" testListId="8c84fa94-04c1-424b-9868-57a2d4851a1d" />
    <TestEntry testId="e3c9d27d-90e5-3ada-8f10-bfc6362dee8f" executionId="7986a6dd-f8b0-4e72-917e-7790c5238718" testListId="8c84fa94-04c1-424b-9868-57a2d4851a1d" />
    <TestEntry testId="41e6ec37-825d-ca89-3546-384e9985ba2e" executionId="49d76de1-3d6c-44a3-ac71-f08930a819d9" testListId="8c84fa94-04c1-424b-9868-57a2d4851a1d" />
    <TestEntry testId="d47efeb1-0bd0-546f-13b7-b7a753d81f96" executionId="7e527bdd-c6e0-4a8d-86cc-00dc091e38bd" testListId="8c84fa94-04c1-424b-9868-57a2d4851a1d" />
    <TestEntry testId="e6340ffd-8ccb-f3a9-1540-794021d5a95d" executionId="d8ae2b5f-dd1c-49bf-bec5-31f45dd0dd20" testListId="8c84fa94-04c1-424b-9868-57a2d4851a1d" />
    <TestEntry testId="f48c54ac-54cc-bb52-e725-0eb29b099eab" executionId="dc98cfcf-2fde-4917-be03-0622171dd0a9" testListId="8c84fa94-04c1-424b-9868-57a2d4851a1d" />
    <TestEntry testId="67eed352-091c-84d1-3e53-c1146e7c188a" executionId="bfb4b638-3db5-4826-bea2-c6b8c2417c3c" testListId="8c84fa94-04c1-424b-9868-57a2d4851a1d" />
    <TestEntry testId="fc99ad6a-bca1-32be-4797-a86993db6343" executionId="1f4209d6-34f9-4015-9025-c32dbe0f2c41" testListId="8c84fa94-04c1-424b-9868-57a2d4851a1d" />
    <TestEntry testId="0f06b703-e16d-fc13-cb4a-33322310b606" executionId="fa2e0f21-099c-440d-b5cb-a89d91cde8d8" testListId="8c84fa94-04c1-424b-9868-57a2d4851a1d" />
    <TestEntry testId="289bdad0-2c4c-ef2d-2dfd-267208392dbf" executionId="62167918-7ce7-45d9-8793-e7a0c38f8205" testListId="8c84fa94-04c1-424b-9868-57a2d4851a1d" />
    <TestEntry testId="e9637baa-afe5-f2c4-e828-361c2b14b134" executionId="f0f08d7b-b3ef-43be-88ee-a169973d63d2" testListId="8c84fa94-04c1-424b-9868-57a2d4851a1d" />
    <TestEntry testId="dec8d34c-14c9-154b-a043-1c9b6097b3c4" executionId="bc005be2-af1e-4e81-90ab-b4353a940659" testListId="8c84fa94-04c1-424b-9868-57a2d4851a1d" />
    <TestEntry testId="81192fb8-0662-51f7-acea-2a9b7a70cfb1" executionId="070d84a0-9034-45a6-98f4-ac54552d40e5" testListId="8c84fa94-04c1-424b-9868-57a2d4851a1d" />
    <TestEntry testId="3bd60431-fe7d-8f01-4388-e576d19a1805" executionId="1d8cd1bb-cc3b-4a2e-8f97-64f6b87f7a36" testListId="8c84fa94-04c1-424b-9868-57a2d4851a1d" />
    <TestEntry testId="b8505021-74c6-596f-b81c-844d0758100a" executionId="a661a23d-08b0-47bd-821c-d21ca0767603" testListId="8c84fa94-04c1-424b-9868-57a2d4851a1d" />
    <TestEntry testId="6cceb15a-e75f-ab88-d888-543da3f0f84b" executionId="28399231-0ad5-4b18-9b07-3e18e2d5d8e0" testListId="8c84fa94-04c1-424b-9868-57a2d4851a1d" />
    <TestEntry testId="43bc48eb-5d6e-8083-6dca-ba48c9df2f8e" executionId="09c44ed1-2916-4a4e-8d72-1fc601aba544" testListId="8c84fa94-04c1-424b-9868-57a2d4851a1d" />
    <TestEntry testId="2b4b0e56-6053-89a2-2cf7-b5d718283b16" executionId="03f33867-b6bf-4c55-8cd6-56e70e36dfa3" testListId="8c84fa94-04c1-424b-9868-57a2d4851a1d" />
    <TestEntry testId="1ab402ae-25c7-fcba-8911-4b3503fd61cd" executionId="20feb44d-c778-43f1-88b3-2187cc0a4d6e" testListId="8c84fa94-04c1-424b-9868-57a2d4851a1d" />
    <TestEntry testId="cb34953c-5ec8-c2c3-6a6f-449d3a4934cf" executionId="d73b8ab1-4311-44f9-a9d7-901663ce8471" testListId="8c84fa94-04c1-424b-9868-57a2d4851a1d" />
    <TestEntry testId="e8fca9f9-c343-8fa2-5e13-287c0241df43" executionId="8afe8a59-837e-4acf-a127-f6079b9ab3af" testListId="8c84fa94-04c1-424b-9868-57a2d4851a1d" />
    <TestEntry testId="6ce2d101-1055-58a3-1b57-a2f22d35c545" executionId="e3524c5e-e69f-40a0-93bc-85722226447b" testListId="8c84fa94-04c1-424b-9868-57a2d4851a1d" />
  </TestEntries>
  <TestLists>
    <TestList name="Results Not in a List" id="8c84fa94-04c1-424b-9868-57a2d4851a1d" />
    <TestList name="All Loaded Results" id="19431567-8539-422a-85d7-44ee4e166bda" />
  </TestLists>
  <ResultSummary outcome="Completed">
    <Counters total="144" executed="144" passed="144" failed="0" error="0" timeout="0" aborted="0" inconclusive="0" passedButRunAborted="0" notRunnable="0" notExecuted="0" disconnected="0" warning="0" completed="0" inProgress="0" pending="0" />
    <Output>
      <StdOut>[xUnit.net 00:00:00.00] xUnit.net VSTest Adapter v3.1.4+50e68bbb8b (64-bit .NET 10.0.4)&#xD;
[xUnit.net 00:00:00.13]   Discovering: Entropic.GUI.Tests&#xD;
[xUnit.net 00:00:00.24]   Discovered:  Entropic.GUI.Tests&#xD;
[xUnit.net 00:00:00.30]   Starting:    Entropic.GUI.Tests&#xD;
[xUnit.net 00:00:03.10]   Finished:    Entropic.GUI.Tests&#xD;
</StdOut>
    </Output>
  </ResultSummary>
</TestRun>