<?xml version='1.0' encoding='utf-8'?>
<testsuites name="jest tests" tests="210" failures="1" errors="0" time="13.483">
  <testsuite name="Project Loading" errors="0" failures="1" skipped="0" timestamp="2026-03-18T17:07:04" time="1.69" tests="3">
    <testcase classname="Project Loading" name="Project Loading should load the same number of projects as folders in ~/.claude/projects" time="0.331">
    </testcase>
    <testcase classname="Project Loading" name="Project Loading should load projects with sessions and todos" time="0.002">
      <failure>Error: expect(received).toBeGreaterThan(expected)

Expected: &gt; 0
Received:   0
    at Object.&lt;anonymous&gt; (C:\Users\mathew.burkitt\source\repos\DT\Entropic\typescript\src\tests\ProjectLoading.test.ts:76:43)
    at Promise.finally.completed (C:\Users\mathew.burkitt\source\repos\DT\Entropic\typescript\node_modules\jest-circus\build\jestAdapterInit.js:1556:28)
    at new Promise (&lt;anonymous&gt;)
    at callAsyncCircusFn (C:\Users\mathew.burkitt\source\repos\DT\Entropic\typescript\node_modules\jest-circus\build\jestAdapterInit.js:1496:10)
    at _callCircusTest (C:\Users\mathew.burkitt\source\repos\DT\Entropic\typescript\node_modules\jest-circus\build\jestAdapterInit.js:1006:40)
    at _runTest (C:\Users\mathew.burkitt\source\repos\DT\Entropic\typescript\node_modules\jest-circus\build\jestAdapterInit.js:946:3)
    at _runTestsForDescribeBlock (C:\Users\mathew.burkitt\source\repos\DT\Entropic\typescript\node_modules\jest-circus\build\jestAdapterInit.js:839:13)
    at _runTestsForDescribeBlock (C:\Users\mathew.burkitt\source\repos\DT\Entropic\typescript\node_modules\jest-circus\build\jestAdapterInit.js:829:11)
    at run (C:\Users\mathew.burkitt\source\repos\DT\Entropic\typescript\node_modules\jest-circus\build\jestAdapterInit.js:757:3)
    at runAndTransformResultsToJestFormat (C:\Users\mathew.burkitt\source\repos\DT\Entropic\typescript\node_modules\jest-circus\build\jestAdapterInit.js:1917:21)
    at jestAdapter (C:\Users\mathew.burkitt\source\repos\DT\Entropic\typescript\node_modules\jest-circus\build\runner.js:101:19)
    at runTestInternal (C:\Users\mathew.burkitt\source\repos\DT\Entropic\typescript\node_modules\jest-runner\build\testWorker.js:275:16)
    at runTest (C:\Users\mathew.burkitt\source\repos\DT\Entropic\typescript\node_modules\jest-runner\build\testWorker.js:343:7)
    at Object.worker (C:\Users\mathew.burkitt\source\repos\DT\Entropic\typescript\node_modules\jest-runner\build\testWorker.js:497:12)</failure>
    </testcase>
    <testcase classname="Project Loading" name="Project Loading should report detailed loading statistics" time="0.082">
    </testcase>
  </testsuite>
  <testsuite name="TodoManager E2E Test Suite" errors="0" failures="0" skipped="0" timestamp="2026-03-18T17:07:06" time="1.006" tests="27">
    <testcase classname="TodoManager E2E Test Suite" name="TodoManager E2E Test Suite 1. Create test-only Todo list should create an empty todo list file" time="0.007">
    </testcase>
    <testcase classname="TodoManager E2E Test Suite" name="TodoManager E2E Test Suite 1. Create test-only Todo list should handle reading from non-existent file" time="0.006">
    </testcase>
    <testcase classname="TodoManager E2E Test Suite" name="TodoManager E2E Test Suite 2. Add Todos should add a single todo" time="0.008">
    </testcase>
    <testcase classname="TodoManager E2E Test Suite" name="TodoManager E2E Test Suite 2. Add Todos should add multiple todos" time="0.028">
    </testcase>
    <testcase classname="TodoManager E2E Test Suite" name="TodoManager E2E Test Suite 2. Add Todos should preserve activeForm field" time="0.004">
    </testcase>
    <testcase classname="TodoManager E2E Test Suite" name="TodoManager E2E Test Suite 3. Reorder Todos should reorder todo from beginning to end" time="0.013">
    </testcase>
    <testcase classname="TodoManager E2E Test Suite" name="TodoManager E2E Test Suite 3. Reorder Todos should reorder todo from end to beginning" time="0.017">
    </testcase>
    <testcase classname="TodoManager E2E Test Suite" name="TodoManager E2E Test Suite 3. Reorder Todos should reorder adjacent todos" time="0.008">
    </testcase>
    <testcase classname="TodoManager E2E Test Suite" name="TodoManager E2E Test Suite 3. Reorder Todos should fail with invalid indices" time="0.004">
    </testcase>
    <testcase classname="TodoManager E2E Test Suite" name="TodoManager E2E Test Suite 3. Reorder Todos should persist reordering to file" time="0.006">
    </testcase>
    <testcase classname="TodoManager E2E Test Suite" name="TodoManager E2E Test Suite 4. Rename Todos should rename a todo" time="0.005">
    </testcase>
    <testcase classname="TodoManager E2E Test Suite" name="TodoManager E2E Test Suite 4. Rename Todos should trim whitespace from new content" time="0.009">
    </testcase>
    <testcase classname="TodoManager E2E Test Suite" name="TodoManager E2E Test Suite 4. Rename Todos should fail with empty content" time="0.003">
    </testcase>
    <testcase classname="TodoManager E2E Test Suite" name="TodoManager E2E Test Suite 4. Rename Todos should fail with invalid index" time="0.003">
    </testcase>
    <testcase classname="TodoManager E2E Test Suite" name="TodoManager E2E Test Suite 4. Rename Todos should persist renaming to file" time="0.008">
    </testcase>
    <testcase classname="TodoManager E2E Test Suite" name="TodoManager E2E Test Suite 5. Delete Todos should delete a todo from the middle" time="0.004">
    </testcase>
    <testcase classname="TodoManager E2E Test Suite" name="TodoManager E2E Test Suite 5. Delete Todos should delete the first todo" time="0.004">
    </testcase>
    <testcase classname="TodoManager E2E Test Suite" name="TodoManager E2E Test Suite 5. Delete Todos should delete the last todo" time="0.005">
    </testcase>
    <testcase classname="TodoManager E2E Test Suite" name="TodoManager E2E Test Suite 5. Delete Todos should handle deleting all todos" time="0.009">
    </testcase>
    <testcase classname="TodoManager E2E Test Suite" name="TodoManager E2E Test Suite 5. Delete Todos should fail with invalid index" time="0.012">
    </testcase>
    <testcase classname="TodoManager E2E Test Suite" name="TodoManager E2E Test Suite 5. Delete Todos should persist deletion to file" time="0.012">
    </testcase>
    <testcase classname="TodoManager E2E Test Suite" name="TodoManager E2E Test Suite 6. Delete test-only Todo list file should delete the todo file" time="0.007">
    </testcase>
    <testcase classname="TodoManager E2E Test Suite" name="TodoManager E2E Test Suite 6. Delete test-only Todo list file should handle deleting non-existent file" time="0.001">
    </testcase>
    <testcase classname="TodoManager E2E Test Suite" name="TodoManager E2E Test Suite 7. Complex E2E workflow should handle a complete workflow" time="0.583">
    </testcase>
    <testcase classname="TodoManager E2E Test Suite" name="TodoManager E2E Test Suite 8. Error handling and validation should handle corrupted JSON file" time="0.028">
    </testcase>
    <testcase classname="TodoManager E2E Test Suite" name="TodoManager E2E Test Suite 8. Error handling and validation should handle non-array JSON" time="0.053">
    </testcase>
    <testcase classname="TodoManager E2E Test Suite" name="TodoManager E2E Test Suite 8. Error handling and validation should handle invalid todo structure" time="0.015">
    </testcase>
  </testsuite>
  <testsuite name="undefined" errors="0" failures="0" skipped="0" timestamp="2026-03-18T17:07:05" time="3.356" tests="1">
    <testcase classname="undefined" name=" title bar provider toggles affect Project and Global views" time="1.31">
    </testcase>
  </testsuite>
  <testsuite name="ProjectsPaneMVVM (direct facade)" errors="0" failures="0" skipped="0" timestamp="2026-03-18T17:07:07" time="2.269" tests="11">
    <testcase classname="ProjectsPaneMVVM (direct facade)" name="ProjectsPaneMVVM (direct facade) should render projects list" time="0.159">
    </testcase>
    <testcase classname="ProjectsPaneMVVM (direct facade)" name="ProjectsPaneMVVM (direct facade) should handle project selection" time="0.1">
    </testcase>
    <testcase classname="ProjectsPaneMVVM (direct facade)" name="ProjectsPaneMVVM (direct facade) should handle refresh button" time="0.143">
    </testcase>
    <testcase classname="ProjectsPaneMVVM (direct facade)" name="ProjectsPaneMVVM (direct facade) should toggle activity mode" time="0.102">
    </testcase>
    <testcase classname="ProjectsPaneMVVM (direct facade)" name="ProjectsPaneMVVM (direct facade) should cycle through sort methods" time="0.115">
    </testcase>
    <testcase classname="ProjectsPaneMVVM (direct facade)" name="ProjectsPaneMVVM (direct facade) should toggle filter buttons" time="0.073">
    </testcase>
    <testcase classname="ProjectsPaneMVVM (direct facade)" name="ProjectsPaneMVVM (direct facade) should filter out deleted projects" time="0.089">
    </testcase>
    <testcase classname="ProjectsPaneMVVM (direct facade)" name="ProjectsPaneMVVM (direct facade) should show basic controls" time="0.028">
    </testcase>
    <testcase classname="ProjectsPaneMVVM (direct facade)" name="ProjectsPaneMVVM (direct facade) should handle context menu events" time="0.091">
    </testcase>
    <testcase classname="ProjectsPaneMVVM (direct facade)" name="ProjectsPaneMVVM (direct facade) should show project tooltips" time="0.063">
    </testcase>
    <testcase classname="ProjectsPaneMVVM (direct facade)" name="ProjectsPaneMVVM (direct facade) should indicate unmatched projects" time="0.098">
    </testcase>
  </testsuite>
  <testsuite name="App" errors="0" failures="0" skipped="0" timestamp="2026-03-18T17:07:08" time="1.629" tests="5">
    <testcase classname="App" name="App renders project view after splash and switches to global view when requested" time="0.329">
    </testcase>
    <testcase classname="App" name="App applies provider filter changes via DI container and persists preference" time="0.243">
    </testcase>
    <testcase classname="App" name="App updates activity mode state when ProjectView requests a toggle" time="0.171">
    </testcase>
    <testcase classname="App" name="App switches to git view when requested" time="0.174">
    </testcase>
    <testcase classname="App" name="App switches to commit view when requested" time="0.219">
    </testcase>
  </testsuite>
  <testsuite name="DI provider filter" errors="0" failures="0" skipped="0" timestamp="2026-03-18T17:07:09" time="0.889" tests="1">
    <testcase classname="DI provider filter" name="DI provider filter projects &amp; sessions reflect provider allow-list" time="0.692">
    </testcase>
  </testsuite>
  <testsuite name="CommitView" errors="0" failures="0" skipped="0" timestamp="2026-03-18T17:07:10" time="0.793" tests="2">
    <testcase classname="CommitView" name="CommitView renders provided data" time="0.153">
    </testcase>
    <testcase classname="CommitView" name="CommitView allows switching repositories" time="0.02">
    </testcase>
  </testsuite>
  <testsuite name="Unified project loader (projects + todos)" errors="0" failures="0" skipped="0" timestamp="2026-03-18T17:07:10" time="0.795" tests="1">
    <testcase classname="Unified project loader (projects + todos)" name="Unified project loader (projects + todos) merges both sources, computes startDate and active counts (agnostic)" time="0.329">
    </testcase>
  </testsuite>
  <testsuite name="GitView" errors="0" failures="0" skipped="0" timestamp="2026-03-18T17:07:11" time="0.705" tests="1">
    <testcase classname="GitView" name="GitView renders provided repositories" time="0.03">
    </testcase>
  </testsuite>
  <testsuite name="ProjectsViewModel (agnostic)" errors="0" failures="0" skipped="0" timestamp="2026-03-18T17:07:11" time="0.483" tests="23">
    <testcase classname="ProjectsViewModel (agnostic)" name="ProjectsViewModel (agnostic) loadProjects should load all projects from repository" time="0.014">
    </testcase>
    <testcase classname="ProjectsViewModel (agnostic)" name="ProjectsViewModel (agnostic) loadProjects should handle repository errors gracefully" time="0.008">
    </testcase>
    <testcase classname="ProjectsViewModel (agnostic)" name="ProjectsViewModel (agnostic) loadProjects should set loading state during operation" time="0.05">
    </testcase>
    <testcase classname="ProjectsViewModel (agnostic)" name="ProjectsViewModel (agnostic) loadProjects should clear errors on successful load" time="0.01">
    </testcase>
    <testcase classname="ProjectsViewModel (agnostic)" name="ProjectsViewModel (agnostic) project access methods should return all projects" time="0.004">
    </testcase>
    <testcase classname="ProjectsViewModel (agnostic)" name="ProjectsViewModel (agnostic) project access methods should return immutable project array" time="0.006">
    </testcase>
    <testcase classname="ProjectsViewModel (agnostic)" name="ProjectsViewModel (agnostic) project access methods should find project by ID" time="0.005">
    </testcase>
    <testcase classname="ProjectsViewModel (agnostic)" name="ProjectsViewModel (agnostic) project access methods should return null for non-existent project ID" time="0.005">
    </testcase>
    <testcase classname="ProjectsViewModel (agnostic)" name="ProjectsViewModel (agnostic) project filtering should filter existing projects" time="0.008">
    </testcase>
    <testcase classname="ProjectsViewModel (agnostic)" name="ProjectsViewModel (agnostic) project filtering should filter unmatched projects" time="0.006">
    </testcase>
    <testcase classname="ProjectsViewModel (agnostic)" name="ProjectsViewModel (agnostic) project filtering should sort projects by date (most recent first)" time="0.018">
    </testcase>
    <testcase classname="ProjectsViewModel (agnostic)" name="ProjectsViewModel (agnostic) project counts should count total projects" time="0.007">
    </testcase>
    <testcase classname="ProjectsViewModel (agnostic)" name="ProjectsViewModel (agnostic) project counts should count existing projects" time="0.007">
    </testcase>
    <testcase classname="ProjectsViewModel (agnostic)" name="ProjectsViewModel (agnostic) project counts should count unmatched projects" time="0.005">
    </testcase>
    <testcase classname="ProjectsViewModel (agnostic)" name="ProjectsViewModel (agnostic) UI helper methods should generate display names for existing projects" time="0.006">
    </testcase>
    <testcase classname="ProjectsViewModel (agnostic)" name="ProjectsViewModel (agnostic) UI helper methods should use flattened name for unmatched projects" time="0.007">
    </testcase>
    <testcase classname="ProjectsViewModel (agnostic)" name="ProjectsViewModel (agnostic) UI helper methods should generate correct status icons" time="0.029">
    </testcase>
    <testcase classname="ProjectsViewModel (agnostic)" name="ProjectsViewModel (agnostic) UI helper methods should generate informative tooltips" time="0.018">
    </testcase>
    <testcase classname="ProjectsViewModel (agnostic)" name="ProjectsViewModel (agnostic) UI helper methods should generate tooltips for unmatched projects" time="0.009">
    </testcase>
    <testcase classname="ProjectsViewModel (agnostic)" name="ProjectsViewModel (agnostic) error handling should track and clear errors" time="0.005">
    </testcase>
    <testcase classname="ProjectsViewModel (agnostic)" name="ProjectsViewModel (agnostic) refresh functionality should reload projects when refreshed" time="0.005">
    </testcase>
    <testcase classname="ProjectsViewModel (agnostic)" name="ProjectsViewModel (agnostic) edge cases should handle empty repository" time="0.018">
    </testcase>
    <testcase classname="ProjectsViewModel (agnostic)" name="ProjectsViewModel (agnostic) edge cases should handle projects with same modification time" time="0.038">
    </testcase>
  </testsuite>
  <testsuite name="PathUtils" errors="0" failures="0" skipped="0" timestamp="2026-03-18T17:07:11" time="0.366" tests="15">
    <testcase classname="PathUtils" name="PathUtils createFlattenedPath should flatten Unix paths correctly" time="0.001">
    </testcase>
    <testcase classname="PathUtils" name="PathUtils createFlattenedPath should flatten Windows paths correctly" time="0">
    </testcase>
    <testcase classname="PathUtils" name="PathUtils createFlattenedPath should handle paths with special characters" time="0.001">
    </testcase>
    <testcase classname="PathUtils" name="PathUtils createFlattenedPath should handle empty and root paths" time="0">
    </testcase>
    <testcase classname="PathUtils" name="PathUtils guessPathFromFlattenedName should unflatten Unix-ish paths permissively" time="0.003">
    </testcase>
    <testcase classname="PathUtils" name="PathUtils guessPathFromFlattenedName should unflatten Windows paths permissively" time="0.003">
    </testcase>
    <testcase classname="PathUtils" name="PathUtils guessPathFromFlattenedName should handle empty and invalid paths" time="0.001">
    </testcase>
    <testcase classname="PathUtils" name="PathUtils findProjectDirectory should find project directory from flattened path" time="0.001">
    </testcase>
    <testcase classname="PathUtils" name="PathUtils findProjectDirectory should find project directory from metadata" time="0.02">
    </testcase>
    <testcase classname="PathUtils" name="PathUtils findProjectDirectory should find parent project for subdirectory paths" time="0.009">
    </testcase>
    <testcase classname="PathUtils" name="PathUtils findProjectDirectory should return not found for non-existent project" time="0.023">
    </testcase>
    <testcase classname="PathUtils" name="PathUtils getRealProjectPath should get real project path from session (jsonl match)" time="0.005">
    </testcase>
    <testcase classname="PathUtils" name="PathUtils getRealProjectPath should return null when session not found" time="0.002">
    </testcase>
    <testcase classname="PathUtils" name="PathUtils validatePath should validate existing paths" time="0.002">
    </testcase>
    <testcase classname="PathUtils" name="PathUtils validatePath should return false for non-existent paths" time="0.001">
    </testcase>
  </testsuite>
  <testsuite name="Project-Todo MVVM Integration" errors="0" failures="0" skipped="0" timestamp="2026-03-18T17:07:12" time="0.26" tests="9">
    <testcase classname="Project-Todo MVVM Integration" name="Project-Todo MVVM Integration ViewModels integration should load projects and sessions independently" time="0.01">
    </testcase>
    <testcase classname="Project-Todo MVVM Integration" name="Project-Todo MVVM Integration ViewModels integration should filter sessions by project path" time="0.007">
    </testcase>
    <testcase classname="Project-Todo MVVM Integration" name="Project-Todo MVVM Integration ViewModels integration should provide project and session statistics" time="0.014">
    </testcase>
    <testcase classname="Project-Todo MVVM Integration" name="Project-Todo MVVM Integration ViewModels integration should handle error states gracefully" time="0.026">
    </testcase>
    <testcase classname="Project-Todo MVVM Integration" name="Project-Todo MVVM Integration ViewModels integration should maintain independent loading states" time="0.005">
    </testcase>
    <testcase classname="Project-Todo MVVM Integration" name="Project-Todo MVVM Integration Simple repository testing should create different repository instances for isolation" time="0.006">
    </testcase>
    <testcase classname="Project-Todo MVVM Integration" name="Project-Todo MVVM Integration Simple repository testing should work with different data sets" time="0.01">
    </testcase>
    <testcase classname="Project-Todo MVVM Integration" name="Project-Todo MVVM Integration Real-world workflow simulation should simulate project selection and todo viewing workflow" time="0.017">
    </testcase>
    <testcase classname="Project-Todo MVVM Integration" name="Project-Todo MVVM Integration Real-world workflow simulation should handle session-based todo management" time="0.005">
    </testcase>
  </testsuite>
  <testsuite name="ChatHistoryViewModel" errors="0" failures="0" skipped="0" timestamp="2026-03-18T17:07:12" time="0.182" tests="25">
    <testcase classname="ChatHistoryViewModel" name="ChatHistoryViewModel loadProjectPrompts should load prompts for a specific project" time="0.002">
    </testcase>
    <testcase classname="ChatHistoryViewModel" name="ChatHistoryViewModel loadProjectPrompts should handle non-existent project gracefully" time="0">
    </testcase>
    <testcase classname="ChatHistoryViewModel" name="ChatHistoryViewModel loadProjectPrompts should handle repository errors gracefully" time="0">
    </testcase>
    <testcase classname="ChatHistoryViewModel" name="ChatHistoryViewModel loadProjectPrompts should set loading state during operation" time="0.001">
    </testcase>
    <testcase classname="ChatHistoryViewModel" name="ChatHistoryViewModel loadProjectPrompts should clear previous prompts when loading new project" time="0.001">
    </testcase>
    <testcase classname="ChatHistoryViewModel" name="ChatHistoryViewModel conversation management should get current conversation" time="0.001">
    </testcase>
    <testcase classname="ChatHistoryViewModel" name="ChatHistoryViewModel conversation management should load all conversations" time="0">
    </testcase>
    <testcase classname="ChatHistoryViewModel" name="ChatHistoryViewModel conversation management should get conversation for specific project" time="0.001">
    </testcase>
    <testcase classname="ChatHistoryViewModel" name="ChatHistoryViewModel prompt access methods should return immutable prompts array" time="0">
    </testcase>
    <testcase classname="ChatHistoryViewModel" name="ChatHistoryViewModel prompt access methods should filter prompts by role" time="0">
    </testcase>
    <testcase classname="ChatHistoryViewModel" name="ChatHistoryViewModel prompt access methods should filter prompts by session" time="0.005">
    </testcase>
    <testcase classname="ChatHistoryViewModel" name="ChatHistoryViewModel prompt access methods should get prompts sorted by date" time="0">
    </testcase>
    <testcase classname="ChatHistoryViewModel" name="ChatHistoryViewModel search functionality should search prompts by content" time="0.006">
    </testcase>
    <testcase classname="ChatHistoryViewModel" name="ChatHistoryViewModel search functionality should search within specific project" time="0">
    </testcase>
    <testcase classname="ChatHistoryViewModel" name="ChatHistoryViewModel search functionality should handle empty search results" time="0.001">
    </testcase>
    <testcase classname="ChatHistoryViewModel" name="ChatHistoryViewModel statistics should calculate chat statistics" time="0.001">
    </testcase>
    <testcase classname="ChatHistoryViewModel" name="ChatHistoryViewModel statistics should return empty statistics for project without prompts" time="0.002">
    </testcase>
    <testcase classname="ChatHistoryViewModel" name="ChatHistoryViewModel statistics should count unique sessions" time="0">
    </testcase>
    <testcase classname="ChatHistoryViewModel" name="ChatHistoryViewModel statistics should get prompt count" time="0.001">
    </testcase>
    <testcase classname="ChatHistoryViewModel" name="ChatHistoryViewModel sorting and filtering should set and get sort order" time="0.001">
    </testcase>
    <testcase classname="ChatHistoryViewModel" name="ChatHistoryViewModel sorting and filtering should check if project has prompts" time="0">
    </testcase>
    <testcase classname="ChatHistoryViewModel" name="ChatHistoryViewModel error handling should track and clear errors" time="0.001">
    </testcase>
    <testcase classname="ChatHistoryViewModel" name="ChatHistoryViewModel refresh functionality should reload current project prompts" time="0.001">
    </testcase>
    <testcase classname="ChatHistoryViewModel" name="ChatHistoryViewModel edge cases should handle empty repository" time="0">
    </testcase>
    <testcase classname="ChatHistoryViewModel" name="ChatHistoryViewModel edge cases should handle prompts with same timestamp" time="0.001">
    </testcase>
  </testsuite>
  <testsuite name="Real Provider Filtering (No Mocks)" errors="0" failures="0" skipped="0" timestamp="2026-03-18T17:07:12" time="0.201" tests="3">
    <testcase classname="Real Provider Filtering (No Mocks)" name="Real Provider Filtering (No Mocks) Provider filtering actually works with real file system" time="0.006">
    </testcase>
    <testcase classname="Real Provider Filtering (No Mocks)" name="Real Provider Filtering (No Mocks) View models notify listeners on real data changes" time="0.007">
    </testcase>
    <testcase classname="Real Provider Filtering (No Mocks)" name="Real Provider Filtering (No Mocks) Filter state persists through view changes" time="0.003">
    </testcase>
  </testsuite>
  <testsuite name="FileSystemProjectRepository (agnostic)" errors="0" failures="0" skipped="0" timestamp="2026-03-18T17:07:12" time="0.801" tests="9">
    <testcase classname="FileSystemProjectRepository (agnostic)" name="FileSystemProjectRepository (agnostic) getAllProjects loads projects from the provided directory" time="0.059">
    </testcase>
    <testcase classname="FileSystemProjectRepository (agnostic)" name="FileSystemProjectRepository (agnostic) getAllProjects should handle non-existent projects directory gracefully" time="0">
    </testcase>
    <testcase classname="FileSystemProjectRepository (agnostic)" name="FileSystemProjectRepository (agnostic) getAllProjects should filter existing vs non-existing projects correctly" time="0.045">
    </testcase>
    <testcase classname="FileSystemProjectRepository (agnostic)" name="FileSystemProjectRepository (agnostic) getProject finds existing project by ID" time="0.255">
    </testcase>
    <testcase classname="FileSystemProjectRepository (agnostic)" name="FileSystemProjectRepository (agnostic) getProject should return null for non-existent project ID" time="0.101">
    </testcase>
    <testcase classname="FileSystemProjectRepository (agnostic)" name="FileSystemProjectRepository (agnostic) projectExists checks project existence by flattened id" time="0">
    </testcase>
    <testcase classname="FileSystemProjectRepository (agnostic)" name="FileSystemProjectRepository (agnostic) utility methods should provide correct projects directory path" time="0.001">
    </testcase>
    <testcase classname="FileSystemProjectRepository (agnostic)" name="FileSystemProjectRepository (agnostic) utility methods should build correct project paths" time="0">
    </testcase>
    <testcase classname="FileSystemProjectRepository (agnostic)" name="FileSystemProjectRepository (agnostic) utility methods should check accessibility" time="0.01">
    </testcase>
  </testsuite>
  <testsuite name="Todo Merge Functionality" errors="0" failures="0" skipped="0" timestamp="2026-03-18T17:07:13" time="0.14" tests="20">
    <testcase classname="Todo Merge Functionality" name="Todo Merge Functionality Duplicate Detection should identify exact duplicates" time="0.001">
    </testcase>
    <testcase classname="Todo Merge Functionality" name="Todo Merge Functionality Duplicate Detection should identify case-insensitive duplicates" time="0">
    </testcase>
    <testcase classname="Todo Merge Functionality" name="Todo Merge Functionality Duplicate Detection should not identify different todos as duplicates" time="0.001">
    </testcase>
    <testcase classname="Todo Merge Functionality" name="Todo Merge Functionality Merge Logic should merge two todo lists removing duplicates" time="0">
    </testcase>
    <testcase classname="Todo Merge Functionality" name="Todo Merge Functionality Merge Logic should handle empty source list" time="0.001">
    </testcase>
    <testcase classname="Todo Merge Functionality" name="Todo Merge Functionality Merge Logic should handle empty target list" time="0">
    </testcase>
    <testcase classname="Todo Merge Functionality" name="Todo Merge Functionality Merge Logic should handle all duplicates" time="0">
    </testcase>
    <testcase classname="Todo Merge Functionality" name="Todo Merge Functionality Session Selection for Merge should identify older session as source" time="0.001">
    </testcase>
    <testcase classname="Todo Merge Functionality" name="Todo Merge Functionality Session Selection for Merge should handle sessions with same date" time="0">
    </testcase>
    <testcase classname="Todo Merge Functionality" name="Todo Merge Functionality Tab Multi-Selection should allow selecting exactly 2 tabs" time="0.001">
    </testcase>
    <testcase classname="Todo Merge Functionality" name="Todo Merge Functionality Tab Multi-Selection should not allow merge with 1 tab" time="0">
    </testcase>
    <testcase classname="Todo Merge Functionality" name="Todo Merge Functionality Tab Multi-Selection should not allow merge with 3 tabs" time="0">
    </testcase>
    <testcase classname="Todo Merge Functionality" name="Todo Merge Functionality Tab Multi-Selection should toggle tab selection" time="0">
    </testcase>
    <testcase classname="Todo Merge Functionality" name="Todo Merge Functionality Merge Preview Calculations should calculate correct merge statistics" time="0.001">
    </testcase>
    <testcase classname="Todo Merge Functionality" name="Todo Merge Functionality Status Conflict Resolution should keep target status for duplicate todos" time="0">
    </testcase>
    <testcase classname="Todo Merge Functionality" name="Session Memory Feature should remember session selection per project" time="0.001">
    </testcase>
    <testcase classname="Todo Merge Functionality" name="Session Memory Feature should update session selection when changed" time="0">
    </testcase>
    <testcase classname="Todo Merge Functionality" name="Session Memory Feature should return undefined for unknown project" time="0">
    </testcase>
    <testcase classname="Todo Merge Functionality" name="Context Menu Actions Copy Session ID should copy session ID to clipboard" time="0.001">
    </testcase>
    <testcase classname="Todo Merge Functionality" name="Context Menu Actions Merge Mode Selection should start merge mode with one tab selected" time="0">
    </testcase>
  </testsuite>
  <testsuite name="TodosViewModel" errors="0" failures="0" skipped="0" timestamp="2026-03-18T17:07:13" time="0.193" tests="29">
    <testcase classname="TodosViewModel" name="TodosViewModel loadSessions should load all sessions from repository" time="0.002">
    </testcase>
    <testcase classname="TodosViewModel" name="TodosViewModel loadSessions should handle repository errors gracefully" time="0.001">
    </testcase>
    <testcase classname="TodosViewModel" name="TodosViewModel loadSessions should set loading state during operation" time="0">
    </testcase>
    <testcase classname="TodosViewModel" name="TodosViewModel loadSessions should clear errors on successful load" time="0">
    </testcase>
    <testcase classname="TodosViewModel" name="TodosViewModel session access methods should return all sessions" time="0.001">
    </testcase>
    <testcase classname="TodosViewModel" name="TodosViewModel session access methods should return immutable session array" time="0">
    </testcase>
    <testcase classname="TodosViewModel" name="TodosViewModel session access methods should find session by ID" time="0.001">
    </testcase>
    <testcase classname="TodosViewModel" name="TodosViewModel session access methods should return null for non-existent session ID" time="0.001">
    </testcase>
    <testcase classname="TodosViewModel" name="TodosViewModel project filtering should filter sessions by project path" time="0">
    </testcase>
    <testcase classname="TodosViewModel" name="TodosViewModel project filtering should return empty array for project with no sessions" time="0.001">
    </testcase>
    <testcase classname="TodosViewModel" name="TodosViewModel project filtering should handle sessions without project paths" time="0">
    </testcase>
    <testcase classname="TodosViewModel" name="TodosViewModel todo management should get all todos from all sessions" time="0.001">
    </testcase>
    <testcase classname="TodosViewModel" name="TodosViewModel todo management should get todos for specific session" time="0">
    </testcase>
    <testcase classname="TodosViewModel" name="TodosViewModel todo management should return empty array for non-existent session" time="0.001">
    </testcase>
    <testcase classname="TodosViewModel" name="TodosViewModel todo management should filter todos by status" time="0.026">
    </testcase>
    <testcase classname="TodosViewModel" name="TodosViewModel todo management should filter todos by priority" time="0.001">
    </testcase>
    <testcase classname="TodosViewModel" name="TodosViewModel session statistics should count total sessions" time="0.001">
    </testcase>
    <testcase classname="TodosViewModel" name="TodosViewModel session statistics should count sessions with todos" time="0.009">
    </testcase>
    <testcase classname="TodosViewModel" name="TodosViewModel session statistics should count empty sessions" time="0">
    </testcase>
    <testcase classname="TodosViewModel" name="TodosViewModel session statistics should count total todos" time="0">
    </testcase>
    <testcase classname="TodosViewModel" name="TodosViewModel session statistics should count todos by status" time="0">
    </testcase>
    <testcase classname="TodosViewModel" name="TodosViewModel session sorting should sort sessions by date (most recent first)" time="0.001">
    </testcase>
    <testcase classname="TodosViewModel" name="TodosViewModel session sorting should sort sessions by todo count (most todos first)" time="0.001">
    </testcase>
    <testcase classname="TodosViewModel" name="TodosViewModel todo mutation operations should save todos for session" time="0.001">
    </testcase>
    <testcase classname="TodosViewModel" name="TodosViewModel todo mutation operations should handle save errors gracefully" time="0">
    </testcase>
    <testcase classname="TodosViewModel" name="TodosViewModel error handling should track and clear errors" time="0.001">
    </testcase>
    <testcase classname="TodosViewModel" name="TodosViewModel refresh functionality should reload sessions when refreshed" time="0.001">
    </testcase>
    <testcase classname="TodosViewModel" name="TodosViewModel edge cases should handle empty repository" time="0">
    </testcase>
    <testcase classname="TodosViewModel" name="TodosViewModel edge cases should handle sessions with same modification time" time="0">
    </testcase>
  </testsuite>
  <testsuite name="Aggregator" errors="0" failures="0" skipped="0" timestamp="2026-03-18T17:07:13" time="0.129" tests="2">
    <testcase classname="Aggregator" name="Aggregator merges provider results and dedupes sessions per provider/project" time="0.003">
    </testcase>
    <testcase classname="Aggregator" name="Aggregator reports error when every provider fails" time="0">
    </testcase>
  </testsuite>
  <testsuite name="UI Interaction Tests" errors="0" failures="0" skipped="0" timestamp="2026-03-18T17:07:13" time="0.184" tests="21">
    <testcase classname="UI Interaction Tests" name="UI Interaction Tests Tab Click Behaviors should handle normal click" time="0.011">
    </testcase>
    <testcase classname="UI Interaction Tests" name="UI Interaction Tests Tab Click Behaviors should handle Ctrl+Click for multi-select" time="0">
    </testcase>
    <testcase classname="UI Interaction Tests" name="UI Interaction Tests Tab Click Behaviors should handle Cmd+Click on Mac" time="0">
    </testcase>
    <testcase classname="UI Interaction Tests" name="UI Interaction Tests Right-Click Context Menu should show context menu on right-click" time="0.001">
    </testcase>
    <testcase classname="UI Interaction Tests" name="UI Interaction Tests Right-Click Context Menu should hide context menu on click away" time="0.001">
    </testcase>
    <testcase classname="UI Interaction Tests" name="UI Interaction Tests Right-Click Context Menu should hide context menu on Escape key" time="0">
    </testcase>
    <testcase classname="UI Interaction Tests" name="UI Interaction Tests Merge Button Visibility should show merge button when 2 tabs selected" time="0">
    </testcase>
    <testcase classname="UI Interaction Tests" name="UI Interaction Tests Merge Button Visibility should hide merge button when 1 tab selected" time="0">
    </testcase>
    <testcase classname="UI Interaction Tests" name="UI Interaction Tests Merge Button Visibility should hide merge button when 3 tabs selected" time="0.001">
    </testcase>
    <testcase classname="UI Interaction Tests" name="UI Interaction Tests Merge Button Visibility should hide merge button when no tabs selected" time="0">
    </testcase>
    <testcase classname="UI Interaction Tests" name="UI Interaction Tests Todo Item Multi-Selection should select single item on click" time="0">
    </testcase>
    <testcase classname="UI Interaction Tests" name="UI Interaction Tests Todo Item Multi-Selection should select range on Shift+Click" time="0.001">
    </testcase>
    <testcase classname="UI Interaction Tests" name="UI Interaction Tests Todo Item Multi-Selection should toggle selection on Ctrl+Click" time="0">
    </testcase>
    <testcase classname="UI Interaction Tests" name="UI Interaction Tests Keyboard Navigation should move selected items up with Ctrl+Up" time="0.001">
    </testcase>
    <testcase classname="UI Interaction Tests" name="UI Interaction Tests Keyboard Navigation should move selected items down with Ctrl+Down" time="0">
    </testcase>
    <testcase classname="UI Interaction Tests" name="UI Interaction Tests Keyboard Navigation should not move when at boundary" time="0.005">
    </testcase>
    <testcase classname="UI Interaction Tests" name="UI Interaction Tests Keyboard Navigation should only move contiguous selections" time="0.001">
    </testcase>
    <testcase classname="UI Interaction Tests" name="UI Interaction Tests Status Bar Messages should show correct message for no selection" time="0">
    </testcase>
    <testcase classname="UI Interaction Tests" name="UI Interaction Tests Status Bar Messages should show correct message for single selection" time="0.001">
    </testcase>
    <testcase classname="UI Interaction Tests" name="UI Interaction Tests Status Bar Messages should show correct message for multiple contiguous selection" time="0">
    </testcase>
    <testcase classname="UI Interaction Tests" name="UI Interaction Tests Status Bar Messages should show correct message for non-contiguous selection" time="0">
    </testcase>
  </testsuite>
  <testsuite name="git status collectors" errors="0" failures="0" skipped="0" timestamp="2026-03-18T17:07:04" time="10.725" tests="2">
    <testcase classname="git status collectors" name="git status collectors collectGitStatus returns repository summary" time="0.425">
    </testcase>
    <testcase classname="git status collectors" name="git status collectors collectCommitHistory returns commits with stats and co-authors" time="0.39">
    </testcase>
  </testsuite>
</testsuites>