TN:
SF:src/App.GlobalView.tsx
FN:34,GlobalView
FNF:1
FNH:0
FNDA:0,GlobalView
DA:1,1
DA:2,1
DA:3,1
DA:34,1
DA:35,0
DA:36,0
LF:6
LH:4
BRF:0
BRH:0
end_of_record
TN:
SF:src/App.ProjectView.MergeDialog.tsx
FN:27,formatUKDate
FN:36,formatUKTime
FN:61,MergeDialog
FN:73,(anonymous_4)
FN:79,(anonymous_5)
FN:82,(anonymous_6)
FN:100,(anonymous_7)
FN:161,(anonymous_8)
FN:180,(anonymous_9)
FN:209,(anonymous_10)
FN:234,(anonymous_11)
FNF:11
FNH:0
FNDA:0,formatUKDate
FNDA:0,formatUKTime
FNDA:0,MergeDialog
FNDA:0,(anonymous_4)
FNDA:0,(anonymous_5)
FNDA:0,(anonymous_6)
FNDA:0,(anonymous_7)
FNDA:0,(anonymous_8)
FNDA:0,(anonymous_9)
FNDA:0,(anonymous_10)
FNDA:0,(anonymous_11)
DA:1,1
DA:2,1
DA:28,0
DA:29,0
DA:30,0
DA:31,0
DA:32,0
DA:37,0
DA:38,0
DA:39,0
DA:61,1
DA:73,0
DA:74,0
DA:75,0
DA:79,0
DA:81,0
DA:82,0
DA:85,0
DA:88,0
DA:89,0
DA:90,0
DA:96,0
DA:100,0
DA:101,0
DA:103,0
DA:104,0
DA:107,0
DA:108,0
DA:109,0
DA:110,0
DA:111,0
DA:116,0
DA:117,0
DA:118,0
DA:119,0
DA:123,0
DA:126,0
DA:128,0
DA:130,0
DA:131,0
DA:132,0
DA:136,0
DA:137,0
DA:143,0
DA:150,0
DA:155,0
DA:158,0
DA:161,0
DA:162,0
DA:163,0
DA:164,0
DA:166,0
DA:167,0
DA:168,0
DA:172,0
DA:173,0
DA:177,0
DA:180,0
DA:181,0
DA:182,0
DA:185,0
DA:188,0
DA:189,0
DA:190,0
DA:191,0
DA:194,0
DA:197,0
DA:198,0
DA:201,0
DA:210,0
DA:235,0
LF:71
LH:3
BRDA:74,0,0,0
BRDA:74,1,0,0
BRDA:74,1,1,0
BRDA:74,1,2,0
BRDA:89,2,0,0
BRDA:108,3,0,0
BRDA:116,4,0,0
BRDA:130,5,0,0
BRDA:130,5,1,0
BRDA:136,6,0,0
BRDA:136,6,1,0
BRDA:166,7,0,0
BRDA:166,7,1,0
BRDA:172,8,0,0
BRDA:181,9,0,0
BRDA:188,10,0,0
BRDA:197,11,0,0
BRDA:197,12,0,0
BRDA:197,12,1,0
BRDA:197,12,2,0
BRDA:230,13,0,0
BRDA:230,13,1,0
BRDA:261,14,0,0
BRDA:261,14,1,0
BRF:24
BRH:0
end_of_record
TN:
SF:src/App.ProjectView.ProjectsPane.tsx
FN:30,formatUKDate
FN:39,formatUKTime
FN:55,ProjectsPane
FN:60,(anonymous_12)
FN:64,(anonymous_13)
FN:70,(anonymous_14)
FN:82,(anonymous_15)
FN:82,(anonymous_16)
FN:86,(anonymous_17)
FN:94,(anonymous_18)
FN:96,(anonymous_19)
FN:105,(anonymous_20)
FN:114,(anonymous_21)
FN:115,(anonymous_22)
FN:144,(anonymous_23)
FN:154,(anonymous_24)
FN:163,(anonymous_25)
FN:170,(anonymous_26)
FN:178,(anonymous_27)
FN:179,(anonymous_28)
FN:184,(anonymous_29)
FN:185,(anonymous_30)
FNF:22
FNH:0
FNDA:0,formatUKDate
FNDA:0,formatUKTime
FNDA:0,ProjectsPane
FNDA:0,(anonymous_12)
FNDA:0,(anonymous_13)
FNDA:0,(anonymous_14)
FNDA:0,(anonymous_15)
FNDA:0,(anonymous_16)
FNDA:0,(anonymous_17)
FNDA:0,(anonymous_18)
FNDA:0,(anonymous_19)
FNDA:0,(anonymous_20)
FNDA:0,(anonymous_21)
FNDA:0,(anonymous_22)
FNDA:0,(anonymous_23)
FNDA:0,(anonymous_24)
FNDA:0,(anonymous_25)
FNDA:0,(anonymous_26)
FNDA:0,(anonymous_27)
FNDA:0,(anonymous_28)
FNDA:0,(anonymous_29)
FNDA:0,(anonymous_30)
DA:1,1
DA:2,1
DA:3,1
DA:31,0
DA:32,0
DA:33,0
DA:34,0
DA:35,0
DA:40,0
DA:41,0
DA:42,0
DA:55,1
DA:56,0
DA:57,0
DA:58,0
DA:60,0
DA:61,0
DA:64,0
DA:65,0
DA:66,0
DA:70,0
DA:71,0
DA:72,0
DA:73,0
DA:74,0
DA:75,0
DA:80,0
DA:82,0
DA:85,0
DA:86,0
DA:87,0
DA:94,0
DA:95,0
DA:96,0
DA:97,0
DA:98,0
DA:99,0
DA:102,0
DA:105,0
DA:106,0
DA:108,0
DA:110,0
DA:111,0
DA:112,0
DA:114,0
DA:115,0
DA:116,0
DA:118,0
DA:122,0
DA:144,0
DA:154,0
DA:163,0
DA:170,0
DA:179,0
DA:180,0
DA:184,0
DA:185,0
LF:57
LH:4
BRDA:65,0,0,0
BRDA:71,1,0,0
BRDA:71,1,1,0
BRDA:71,1,2,0
BRDA:71,1,3,0
BRDA:80,2,0,0
BRDA:80,2,1,0
BRDA:85,3,0,0
BRDA:87,4,0,0
BRDA:87,4,1,0
BRDA:87,4,2,0
BRDA:98,5,0,0
BRDA:106,6,0,0
BRDA:106,6,1,0
BRDA:106,6,2,0
BRDA:106,6,3,0
BRDA:127,7,0,0
BRDA:127,7,1,0
BRDA:155,8,0,0
BRDA:155,8,1,0
BRDA:155,9,0,0
BRDA:155,9,1,0
BRDA:162,10,0,0
BRDA:162,10,1,0
BRDA:169,11,0,0
BRDA:169,11,1,0
BRDA:183,12,0,0
BRDA:183,12,1,0
BRDA:183,13,0,0
BRDA:183,13,1,0
BRDA:188,14,0,0
BRDA:188,14,1,0
BRDA:189,15,0,0
BRDA:189,15,1,0
BRDA:193,16,0,0
BRDA:193,16,1,0
BRF:36
BRH:0
end_of_record
TN:
SF:src/App.ProjectView.PromptView.tsx
FN:22,PromptView
FN:29,(anonymous_10)
FN:33,(anonymous_11)
FN:60,(anonymous_12)
FN:70,(anonymous_13)
FN:86,(anonymous_14)
FN:99,(anonymous_15)
FN:111,(anonymous_16)
FN:133,(anonymous_17)
FN:133,(anonymous_18)
FN:161,(anonymous_19)
FNF:11
FNH:0
FNDA:0,PromptView
FNDA:0,(anonymous_10)
FNDA:0,(anonymous_11)
FNDA:0,(anonymous_12)
FNDA:0,(anonymous_13)
FNDA:0,(anonymous_14)
FNDA:0,(anonymous_15)
FNDA:0,(anonymous_16)
FNDA:0,(anonymous_17)
FNDA:0,(anonymous_18)
FNDA:0,(anonymous_19)
DA:1,1
DA:22,1
DA:23,0
DA:24,0
DA:25,0
DA:26,0
DA:29,0
DA:30,0
DA:33,0
DA:34,0
DA:36,0
DA:37,0
DA:38,0
DA:40,0
DA:42,0
DA:43,0
DA:44,0
DA:47,0
DA:48,0
DA:50,0
DA:51,0
DA:52,0
DA:53,0
DA:54,0
DA:57,0
DA:60,0
DA:61,0
DA:62,0
DA:63,0
DA:65,0
DA:68,0
DA:70,0
DA:71,0
DA:72,0
DA:73,0
DA:76,0
DA:78,0
DA:79,0
DA:80,0
DA:82,0
DA:86,0
DA:88,0
DA:89,0
DA:90,0
DA:91,0
DA:95,0
DA:96,0
DA:99,0
DA:100,0
DA:101,0
DA:102,0
DA:103,0
DA:104,0
DA:105,0
DA:106,0
DA:107,0
DA:108,0
DA:111,0
DA:113,0
DA:114,0
DA:116,0
DA:119,0
DA:120,0
DA:127,0
DA:133,0
DA:162,0
LF:66
LH:2
BRDA:34,0,0,0
BRDA:47,1,0,0
BRDA:61,2,0,0
BRDA:61,2,1,0
BRDA:61,2,2,0
BRDA:61,2,3,0
BRDA:62,3,0,0
BRDA:62,4,0,0
BRDA:62,4,1,0
BRDA:73,5,0,0
BRDA:73,5,1,0
BRDA:79,6,0,0
BRDA:79,6,1,0
BRDA:88,7,0,0
BRDA:113,8,0,0
BRDA:119,9,0,0
BRDA:133,10,0,0
BRDA:133,10,1,0
BRDA:135,11,0,0
BRDA:135,11,1,0
BRDA:137,12,0,0
BRDA:137,12,1,0
BRDA:143,13,0,0
BRDA:143,13,1,0
BRDA:146,14,0,0
BRDA:146,14,1,0
BRDA:152,15,0,0
BRDA:152,15,1,0
BRDA:152,15,2,0
BRDA:152,15,3,0
BRDA:167,16,0,0
BRDA:167,16,1,0
BRDA:162,17,0,0
BRDA:162,17,1,0
BRF:34
BRH:0
end_of_record
TN:
SF:src/App.ProjectView.SessionControls.tsx
FN:54,SessionControls
FN:74,(anonymous_10)
FN:78,(anonymous_11)
FN:99,(anonymous_12)
FN:111,(anonymous_13)
FN:114,(anonymous_14)
FN:146,(anonymous_15)
FN:164,(anonymous_16)
FN:200,(anonymous_17)
FN:207,(anonymous_18)
FN:221,(anonymous_19)
FN:228,(anonymous_20)
FN:235,(anonymous_21)
FN:249,(anonymous_22)
FN:253,(anonymous_23)
FN:255,(anonymous_24)
FN:261,(anonymous_25)
FN:270,(anonymous_26)
FNF:18
FNH:0
FNDA:0,SessionControls
FNDA:0,(anonymous_10)
FNDA:0,(anonymous_11)
FNDA:0,(anonymous_12)
FNDA:0,(anonymous_13)
FNDA:0,(anonymous_14)
FNDA:0,(anonymous_15)
FNDA:0,(anonymous_16)
FNDA:0,(anonymous_17)
FNDA:0,(anonymous_18)
FNDA:0,(anonymous_19)
FNDA:0,(anonymous_20)
FNDA:0,(anonymous_21)
FNDA:0,(anonymous_22)
FNDA:0,(anonymous_23)
FNDA:0,(anonymous_24)
FNDA:0,(anonymous_25)
FNDA:0,(anonymous_26)
DA:1,1
DA:2,1
DA:3,1
DA:4,1
DA:54,1
DA:71,0
DA:72,0
DA:74,0
DA:75,0
DA:78,0
DA:80,0
DA:81,0
DA:82,0
DA:86,0
DA:92,0
DA:95,0
DA:96,0
DA:99,0
DA:100,0
DA:101,0
DA:103,0
DA:104,0
DA:107,0
DA:109,0
DA:111,0
DA:114,0
DA:115,0
DA:116,0
DA:117,0
DA:119,0
DA:120,0
DA:121,0
DA:125,0
DA:126,0
DA:127,0
DA:128,0
DA:130,0
DA:131,0
DA:132,0
DA:134,0
DA:135,0
DA:139,0
DA:140,0
DA:145,0
DA:146,0
DA:149,0
DA:150,0
DA:151,0
DA:152,0
DA:156,0
DA:157,0
DA:159,0
DA:164,0
DA:165,0
DA:166,0
DA:167,0
DA:168,0
DA:170,0
DA:171,0
DA:172,0
DA:177,0
DA:178,0
DA:181,0
DA:182,0
DA:186,0
DA:200,0
DA:207,0
DA:221,0
DA:228,0
DA:235,0
DA:249,0
DA:253,0
DA:255,0
DA:261,0
DA:270,0
LF:75
LH:5
BRDA:75,0,0,0
BRDA:75,1,0,0
BRDA:75,1,1,0
BRDA:80,2,0,0
BRDA:87,3,0,0
BRDA:87,3,1,0
BRDA:89,4,0,0
BRDA:89,4,1,0
BRDA:92,5,0,0
BRDA:109,6,0,0
BRDA:109,6,1,0
BRDA:119,7,0,0
BRDA:119,7,1,0
BRDA:125,8,0,0
BRDA:125,8,1,0
BRDA:125,9,0,0
BRDA:125,9,1,0
BRDA:131,10,0,0
BRDA:131,10,1,0
BRDA:149,11,0,0
BRDA:149,11,1,0
BRDA:151,12,0,0
BRDA:170,13,0,0
BRDA:170,13,1,0
BRDA:181,14,0,0
BRDA:191,15,0,0
BRDA:191,15,1,0
BRDA:191,15,2,0
BRDA:199,16,0,0
BRDA:199,16,1,0
BRDA:206,17,0,0
BRDA:206,17,1,0
BRDA:214,18,0,0
BRDA:214,18,1,0
BRDA:220,19,0,0
BRDA:220,19,1,0
BRDA:227,20,0,0
BRDA:227,20,1,0
BRDA:234,21,0,0
BRDA:234,21,1,0
BRDA:244,22,0,0
BRDA:244,22,1,0
BRDA:249,23,0,0
BRDA:249,23,1,0
BRDA:258,24,0,0
BRDA:258,24,1,0
BRDA:280,25,0,0
BRDA:280,25,1,0
BRF:48
BRH:0
end_of_record
TN:
SF:src/App.ProjectView.SessionTabs.tsx
FN:26,formatUKDate
FN:35,formatUKTime
FN:55,SessionTabs
FN:67,(anonymous_4)
FN:68,(anonymous_5)
FN:80,(anonymous_6)
FN:123,(anonymous_7)
FN:124,(anonymous_8)
FN:133,(anonymous_9)
FN:134,(anonymous_10)
FNF:10
FNH:0
FNDA:0,formatUKDate
FNDA:0,formatUKTime
FNDA:0,SessionTabs
FNDA:0,(anonymous_4)
FNDA:0,(anonymous_5)
FNDA:0,(anonymous_6)
FNDA:0,(anonymous_7)
FNDA:0,(anonymous_8)
FNDA:0,(anonymous_9)
FNDA:0,(anonymous_10)
DA:1,1
DA:27,0
DA:28,0
DA:29,0
DA:30,0
DA:31,0
DA:36,0
DA:37,0
DA:38,0
DA:55,1
DA:67,0
DA:68,0
DA:69,0
DA:70,0
DA:73,0
DA:80,0
DA:81,0
DA:82,0
DA:85,0
DA:86,0
DA:87,0
DA:88,0
DA:90,0
DA:107,0
DA:108,0
DA:110,0
DA:113,0
DA:116,0
DA:117,0
DA:120,0
DA:123,0
DA:125,0
DA:126,0
DA:127,0
DA:129,0
DA:133,0
DA:134,0
LF:37
LH:2
BRDA:69,0,0,0
BRDA:69,0,1,0
BRDA:74,1,0,0
BRDA:74,1,1,0
BRDA:75,2,0,0
BRDA:75,2,1,0
BRDA:76,3,0,0
BRDA:76,3,1,0
BRDA:82,4,0,0
BRDA:82,4,1,0
BRDA:85,5,0,0
BRDA:85,5,1,0
BRDA:86,6,0,0
BRDA:86,6,1,0
BRDA:87,7,0,0
BRDA:87,7,1,0
BRDA:88,8,0,0
BRDA:88,8,1,0
BRDA:107,9,0,0
BRDA:107,9,1,0
BRDA:116,10,0,0
BRDA:132,11,0,0
BRDA:132,11,1,0
BRDA:132,12,0,0
BRDA:132,12,1,0
BRDA:146,13,0,0
BRDA:146,13,1,0
BRDA:153,14,0,0
BRDA:153,14,1,0
BRF:29
BRH:0
end_of_record
TN:
SF:src/App.ProjectView.SingleProjectPane.tsx
FN:60,SingleProjectPane
FN:90,(anonymous_10)
FN:91,(anonymous_11)
FN:100,(anonymous_12)
FN:105,(anonymous_13)
FN:109,(anonymous_14)
FN:126,(anonymous_15)
FN:141,(anonymous_16)
FN:148,(anonymous_17)
FN:153,(anonymous_18)
FN:157,(anonymous_19)
FN:176,(anonymous_20)
FN:181,(anonymous_21)
FN:215,(anonymous_22)
FN:221,(anonymous_23)
FN:246,(anonymous_24)
FN:253,(anonymous_25)
FN:309,(anonymous_26)
FN:335,(anonymous_27)
FNF:19
FNH:0
FNDA:0,SingleProjectPane
FNDA:0,(anonymous_10)
FNDA:0,(anonymous_11)
FNDA:0,(anonymous_12)
FNDA:0,(anonymous_13)
FNDA:0,(anonymous_14)
FNDA:0,(anonymous_15)
FNDA:0,(anonymous_16)
FNDA:0,(anonymous_17)
FNDA:0,(anonymous_18)
FNDA:0,(anonymous_19)
FNDA:0,(anonymous_20)
FNDA:0,(anonymous_21)
FNDA:0,(anonymous_22)
FNDA:0,(anonymous_23)
FNDA:0,(anonymous_24)
FNDA:0,(anonymous_25)
FNDA:0,(anonymous_26)
FNDA:0,(anonymous_27)
DA:1,1
DA:2,1
DA:5,1
DA:6,1
DA:7,1
DA:8,1
DA:9,1
DA:10,1
DA:60,1
DA:67,0
DA:68,0
DA:69,0
DA:76,0
DA:77,0
DA:78,0
DA:81,0
DA:82,0
DA:83,0
DA:84,0
DA:85,0
DA:86,0
DA:87,0
DA:90,0
DA:91,0
DA:92,0
DA:93,0
DA:94,0
DA:98,0
DA:99,0
DA:100,0
DA:105,0
DA:106,0
DA:107,0
DA:109,0
DA:110,0
DA:111,0
DA:112,0
DA:115,0
DA:117,0
DA:121,0
DA:122,0
DA:126,0
DA:127,0
DA:128,0
DA:129,0
DA:130,0
DA:133,0
DA:134,0
DA:141,0
DA:142,0
DA:143,0
DA:144,0
DA:147,0
DA:148,0
DA:149,0
DA:152,0
DA:153,0
DA:155,0
DA:157,0
DA:158,0
DA:160,0
DA:161,0
DA:164,0
DA:166,0
DA:167,0
DA:168,0
DA:169,0
DA:170,0
DA:172,0
DA:176,0
DA:177,0
DA:178,0
DA:179,0
DA:181,0
DA:182,0
DA:184,0
DA:185,0
DA:186,0
DA:188,0
DA:189,0
DA:190,0
DA:191,0
DA:193,0
DA:194,0
DA:198,0
DA:199,0
DA:200,0
DA:207,0
DA:215,0
DA:216,0
DA:217,0
DA:221,0
DA:222,0
DA:223,0
DA:224,0
DA:226,0
DA:227,0
DA:228,0
DA:232,0
DA:233,0
DA:234,0
DA:235,0
DA:236,0
DA:237,0
DA:238,0
DA:240,0
DA:242,0
DA:246,0
DA:247,0
DA:248,0
DA:249,0
DA:253,0
DA:254,0
DA:255,0
DA:256,0
DA:257,0
DA:258,0
DA:259,0
DA:262,0
DA:264,0
DA:265,0
DA:275,0
DA:309,0
LF:123
LH:9
BRDA:93,0,0,0
BRDA:98,1,0,0
BRDA:106,2,0,0
BRDA:106,2,1,0
BRDA:106,3,0,0
BRDA:106,3,1,0
BRDA:106,3,2,0
BRDA:111,4,0,0
BRDA:111,4,1,0
BRDA:142,5,0,0
BRDA:148,6,0,0
BRDA:148,6,1,0
BRDA:155,7,0,0
BRDA:155,7,1,0
BRDA:190,8,0,0
BRDA:190,8,1,0
BRDA:216,9,0,0
BRDA:216,10,0,0
BRDA:216,10,1,0
BRDA:226,11,0,0
BRDA:226,11,1,0
BRDA:232,12,0,0
BRDA:232,12,1,0
BRDA:232,13,0,0
BRDA:232,13,1,0
BRDA:238,14,0,0
BRDA:238,14,1,0
BRDA:247,15,0,0
BRDA:262,16,0,0
BRDA:262,16,1,0
BRDA:262,16,2,0
BRDA:264,17,0,0
BRDA:296,18,0,0
BRDA:296,18,1,0
BRDA:325,19,0,0
BRDA:325,19,1,0
BRF:36
BRH:0
end_of_record
TN:
SF:src/App.ProjectView.TodoList.tsx
FN:34,formatUKTime
FN:51,TodoList
FN:72,(anonymous_11)
FN:80,(anonymous_12)
FN:81,(anonymous_13)
FN:101,(anonymous_14)
FN:104,(anonymous_15)
FN:109,(anonymous_16)
FN:113,(anonymous_17)
FN:132,(anonymous_18)
FN:149,(anonymous_19)
FN:158,(anonymous_20)
FN:186,(anonymous_21)
FN:195,(anonymous_22)
FN:201,(anonymous_23)
FN:214,(anonymous_24)
FN:222,(anonymous_25)
FN:233,(anonymous_26)
FN:238,(anonymous_27)
FN:243,(anonymous_28)
FN:250,(anonymous_29)
FN:256,(anonymous_30)
FN:279,(anonymous_31)
FN:285,(anonymous_32)
FN:294,(anonymous_33)
FN:314,(anonymous_34)
FN:327,(anonymous_35)
FN:329,(anonymous_36)
FN:343,(anonymous_37)
FN:357,(anonymous_38)
FN:379,(anonymous_39)
FN:391,(anonymous_40)
FN:392,(anonymous_41)
FN:393,(anonymous_42)
FN:394,(anonymous_43)
FN:395,(anonymous_44)
FN:402,(anonymous_45)
FN:413,(anonymous_46)
FN:414,(anonymous_47)
FN:430,(anonymous_48)
FN:439,(anonymous_49)
FN:471,(anonymous_50)
FNF:42
FNH:0
FNDA:0,formatUKTime
FNDA:0,TodoList
FNDA:0,(anonymous_11)
FNDA:0,(anonymous_12)
FNDA:0,(anonymous_13)
FNDA:0,(anonymous_14)
FNDA:0,(anonymous_15)
FNDA:0,(anonymous_16)
FNDA:0,(anonymous_17)
FNDA:0,(anonymous_18)
FNDA:0,(anonymous_19)
FNDA:0,(anonymous_20)
FNDA:0,(anonymous_21)
FNDA:0,(anonymous_22)
FNDA:0,(anonymous_23)
FNDA:0,(anonymous_24)
FNDA:0,(anonymous_25)
FNDA:0,(anonymous_26)
FNDA:0,(anonymous_27)
FNDA:0,(anonymous_28)
FNDA:0,(anonymous_29)
FNDA:0,(anonymous_30)
FNDA:0,(anonymous_31)
FNDA:0,(anonymous_32)
FNDA:0,(anonymous_33)
FNDA:0,(anonymous_34)
FNDA:0,(anonymous_35)
FNDA:0,(anonymous_36)
FNDA:0,(anonymous_37)
FNDA:0,(anonymous_38)
FNDA:0,(anonymous_39)
FNDA:0,(anonymous_40)
FNDA:0,(anonymous_41)
FNDA:0,(anonymous_42)
FNDA:0,(anonymous_43)
FNDA:0,(anonymous_44)
FNDA:0,(anonymous_45)
FNDA:0,(anonymous_46)
FNDA:0,(anonymous_47)
FNDA:0,(anonymous_48)
FNDA:0,(anonymous_49)
FNDA:0,(anonymous_50)
DA:1,1
DA:2,1
DA:35,0
DA:36,0
DA:37,0
DA:51,1
DA:62,0
DA:63,0
DA:64,0
DA:65,0
DA:66,0
DA:67,0
DA:68,0
DA:69,0
DA:72,0
DA:73,0
DA:74,0
DA:75,0
DA:80,0
DA:81,0
DA:83,0
DA:84,0
DA:85,0
DA:89,0
DA:90,0
DA:91,0
DA:92,0
DA:93,0
DA:94,0
DA:95,0
DA:100,0
DA:101,0
DA:104,0
DA:105,0
DA:106,0
DA:109,0
DA:110,0
DA:113,0
DA:114,0
DA:115,0
DA:118,0
DA:119,0
DA:121,0
DA:122,0
DA:123,0
DA:126,0
DA:127,0
DA:129,0
DA:132,0
DA:133,0
DA:134,0
DA:136,0
DA:137,0
DA:138,0
DA:139,0
DA:140,0
DA:143,0
DA:144,0
DA:146,0
DA:149,0
DA:150,0
DA:151,0
DA:153,0
DA:154,0
DA:158,0
DA:159,0
DA:161,0
DA:162,0
DA:163,0
DA:164,0
DA:165,0
DA:167,0
DA:168,0
DA:169,0
DA:171,0
DA:172,0
DA:173,0
DA:175,0
DA:177,0
DA:178,0
DA:181,0
DA:182,0
DA:186,0
DA:188,0
DA:189,0
DA:191,0
DA:192,0
DA:195,0
DA:196,0
DA:197,0
DA:198,0
DA:201,0
DA:202,0
DA:203,0
DA:204,0
DA:205,0
DA:206,0
DA:207,0
DA:208,0
DA:210,0
DA:211,0
DA:214,0
DA:215,0
DA:216,0
DA:218,0
DA:219,0
DA:222,0
DA:223,0
DA:224,0
DA:225,0
DA:226,0
DA:227,0
DA:228,0
DA:229,0
DA:233,0
DA:234,0
DA:235,0
DA:238,0
DA:239,0
DA:240,0
DA:242,0
DA:243,0
DA:244,0
DA:245,0
DA:246,0
DA:250,0
DA:251,0
DA:252,0
DA:256,0
DA:257,0
DA:258,0
DA:259,0
DA:261,0
DA:262,0
DA:263,0
DA:267,0
DA:268,0
DA:269,0
DA:270,0
DA:271,0
DA:273,0
DA:275,0
DA:279,0
DA:280,0
DA:281,0
DA:282,0
DA:285,0
DA:286,0
DA:287,0
DA:288,0
DA:289,0
DA:290,0
DA:294,0
DA:295,0
DA:296,0
DA:297,0
DA:300,0
DA:301,0
DA:302,0
DA:303,0
DA:305,0
DA:308,0
DA:309,0
DA:312,0
DA:314,0
DA:315,0
DA:317,0
DA:319,0
DA:321,0
DA:323,0
DA:327,0
DA:328,0
DA:329,0
DA:330,0
DA:331,0
DA:333,0
DA:336,0
DA:337,0
DA:340,0
DA:346,0
DA:347,0
DA:348,0
DA:351,0
DA:352,0
DA:353,0
DA:354,0
DA:360,0
DA:361,0
DA:362,0
DA:365,0
DA:366,0
DA:367,0
DA:380,0
DA:381,0
DA:382,0
DA:384,0
DA:391,0
DA:392,0
DA:393,0
DA:394,0
DA:395,0
DA:403,0
DA:404,0
DA:413,0
DA:415,0
DA:416,0
DA:431,0
DA:432,0
DA:440,0
DA:441,0
DA:471,0
LF:211
LH:3
BRDA:73,0,0,0
BRDA:73,1,0,0
BRDA:73,1,1,0
BRDA:83,2,0,0
BRDA:89,3,0,0
BRDA:89,4,0,0
BRDA:89,4,1,0
BRDA:90,5,0,0
BRDA:90,5,1,0
BRDA:90,6,0,0
BRDA:90,6,1,0
BRDA:90,6,2,0
BRDA:93,7,0,0
BRDA:93,8,0,0
BRDA:93,8,1,0
BRDA:93,8,2,0
BRDA:110,9,0,0
BRDA:110,10,0,0
BRDA:110,10,1,0
BRDA:115,11,0,0
BRDA:121,12,0,0
BRDA:121,12,1,0
BRDA:121,13,0,0
BRDA:121,13,1,0
BRDA:134,14,0,0
BRDA:134,14,1,0
BRDA:138,15,0,0
BRDA:138,16,0,0
BRDA:138,16,1,0
BRDA:151,17,0,0
BRDA:151,17,1,0
BRDA:159,18,0,0
BRDA:159,18,1,0
BRDA:159,19,0,0
BRDA:159,19,1,0
BRDA:169,20,0,0
BRDA:169,20,1,0
BRDA:169,21,0,0
BRDA:169,21,1,0
BRDA:172,22,0,0
BRDA:172,22,1,0
BRDA:188,23,0,0
BRDA:188,24,0,0
BRDA:188,24,1,0
BRDA:203,25,0,0
BRDA:203,26,0,0
BRDA:203,26,1,0
BRDA:203,26,2,0
BRDA:215,27,0,0
BRDA:215,28,0,0
BRDA:215,28,1,0
BRDA:219,29,0,0
BRDA:219,29,1,0
BRDA:219,30,0,0
BRDA:219,30,1,0
BRDA:223,31,0,0
BRDA:223,32,0,0
BRDA:223,32,1,0
BRDA:223,32,2,0
BRDA:239,33,0,0
BRDA:239,34,0,0
BRDA:239,34,1,0
BRDA:242,35,0,0
BRDA:251,36,0,0
BRDA:251,37,0,0
BRDA:251,37,1,0
BRDA:251,37,2,0
BRDA:261,38,0,0
BRDA:261,38,1,0
BRDA:267,39,0,0
BRDA:267,39,1,0
BRDA:267,40,0,0
BRDA:267,40,1,0
BRDA:271,41,0,0
BRDA:271,41,1,0
BRDA:286,42,0,0
BRDA:286,42,1,0
BRDA:286,42,2,0
BRDA:286,42,3,0
BRDA:295,43,0,0
BRDA:295,43,1,0
BRDA:295,43,2,0
BRDA:300,44,0,0
BRDA:300,44,1,0
BRDA:302,45,0,0
BRDA:302,45,1,0
BRDA:312,46,0,0
BRDA:312,46,1,0
BRDA:312,46,2,0
BRDA:315,47,0,0
BRDA:315,47,1,0
BRDA:315,47,2,0
BRDA:315,47,3,0
BRDA:328,48,0,0
BRDA:331,49,0,0
BRDA:336,50,0,0
BRDA:342,51,0,0
BRDA:342,51,1,0
BRDA:347,52,0,0
BRDA:347,53,0,0
BRDA:347,53,1,0
BRDA:347,53,2,0
BRDA:351,54,0,0
BRDA:351,55,0,0
BRDA:351,55,1,0
BRDA:351,55,2,0
BRDA:361,56,0,0
BRDA:361,57,0,0
BRDA:361,57,1,0
BRDA:361,57,2,0
BRDA:372,58,0,0
BRDA:372,58,1,0
BRDA:387,59,0,0
BRDA:387,59,1,0
BRDA:388,60,0,0
BRDA:388,60,1,0
BRDA:408,61,0,0
BRDA:408,61,1,0
BRDA:415,62,0,0
BRDA:416,63,0,0
BRDA:424,64,0,0
BRDA:424,64,1,0
BRDA:386,65,0,0
BRDA:386,65,1,0
BRDA:455,66,0,0
BRDA:455,66,1,0
BRDA:455,66,2,0
BRDA:458,67,0,0
BRDA:458,67,1,0
BRDA:461,68,0,0
BRDA:461,68,1,0
BRDA:461,68,2,0
BRDA:464,69,0,0
BRDA:464,69,1,0
BRDA:464,69,2,0
BRDA:470,70,0,0
BRDA:470,70,1,0
BRDA:471,71,0,0
BRDA:471,71,1,0
BRDA:472,72,0,0
BRDA:472,72,1,0
BRF:141
BRH:0
end_of_record
TN:
SF:src/App.ProjectView.tsx
FN:38,ProjectView
FN:48,(anonymous_10)
FN:49,(anonymous_11)
FN:57,(anonymous_12)
FN:66,(anonymous_13)
FN:73,(anonymous_14)
FN:75,(anonymous_15)
FN:77,(anonymous_16)
FN:117,(anonymous_17)
FN:119,(anonymous_18)
FN:124,(anonymous_19)
FN:133,(anonymous_20)
FN:136,(anonymous_21)
FN:148,(anonymous_22)
FN:157,(anonymous_23)
FN:166,(anonymous_24)
FN:171,(anonymous_25)
FN:179,(anonymous_26)
FN:202,(anonymous_27)
FNF:19
FNH:0
FNDA:0,ProjectView
FNDA:0,(anonymous_10)
FNDA:0,(anonymous_11)
FNDA:0,(anonymous_12)
FNDA:0,(anonymous_13)
FNDA:0,(anonymous_14)
FNDA:0,(anonymous_15)
FNDA:0,(anonymous_16)
FNDA:0,(anonymous_17)
FNDA:0,(anonymous_18)
FNDA:0,(anonymous_19)
FNDA:0,(anonymous_20)
FNDA:0,(anonymous_21)
FNDA:0,(anonymous_22)
FNDA:0,(anonymous_23)
FNDA:0,(anonymous_24)
FNDA:0,(anonymous_25)
FNDA:0,(anonymous_26)
FNDA:0,(anonymous_27)
DA:1,1
DA:2,1
DA:3,1
DA:4,1
DA:38,1
DA:39,0
DA:40,0
DA:41,0
DA:42,0
DA:43,0
DA:44,0
DA:45,0
DA:48,0
DA:49,0
DA:50,0
DA:51,0
DA:52,0
DA:53,0
DA:57,0
DA:58,0
DA:61,0
DA:62,0
DA:63,0
DA:66,0
DA:67,0
DA:68,0
DA:73,0
DA:74,0
DA:75,0
DA:76,0
DA:77,0
DA:78,0
DA:79,0
DA:80,0
DA:82,0
DA:83,0
DA:85,0
DA:91,0
DA:92,0
DA:93,0
DA:94,0
DA:97,0
DA:98,0
DA:99,0
DA:100,0
DA:101,0
DA:102,0
DA:103,0
DA:109,0
DA:110,0
DA:111,0
DA:117,0
DA:118,0
DA:119,0
DA:120,0
DA:121,0
DA:123,0
DA:124,0
DA:125,0
DA:126,0
DA:133,0
DA:135,0
DA:136,0
DA:137,0
DA:138,0
DA:139,0
DA:143,0
DA:146,0
DA:147,0
DA:148,0
DA:149,0
DA:150,0
DA:151,0
DA:156,0
DA:157,0
DA:158,0
DA:160,0
DA:162,0
DA:166,0
DA:167,0
DA:170,0
DA:171,0
DA:172,0
DA:173,0
DA:174,0
DA:179,0
DA:181,0
DA:184,0
DA:202,0
LF:89
LH:5
BRDA:50,0,0,0
BRDA:52,1,0,0
BRDA:52,2,0,0
BRDA:52,2,1,0
BRDA:61,3,0,0
BRDA:74,4,0,0
BRDA:74,5,0,0
BRDA:74,5,1,0
BRDA:74,5,2,0
BRDA:76,6,0,0
BRDA:78,7,0,0
BRDA:82,8,0,0
BRDA:82,9,0,0
BRDA:82,9,1,0
BRDA:91,10,0,0
BRDA:91,11,0,0
BRDA:91,11,1,0
BRDA:100,12,0,0
BRDA:100,13,0,0
BRDA:100,13,1,0
BRDA:109,14,0,0
BRDA:109,15,0,0
BRDA:109,15,1,0
BRDA:118,16,0,0
BRDA:120,17,0,0
BRDA:123,18,0,0
BRDA:125,19,0,0
BRDA:135,20,0,0
BRDA:135,21,0,0
BRDA:135,21,1,0
BRDA:147,22,0,0
BRDA:149,23,0,0
BRDA:156,24,0,0
BRDA:156,24,1,0
BRDA:170,25,0,0
BRF:35
BRH:0
end_of_record
TN:
SF:src/App.tsx
FN:44,App
FN:63,(anonymous_10)
FN:89,(anonymous_11)
FN:94,(anonymous_12)
FN:100,(anonymous_13)
FN:105,(anonymous_14)
FN:109,(anonymous_15)
FN:113,(anonymous_16)
FN:119,(anonymous_17)
FN:120,(anonymous_18)
FN:126,(anonymous_19)
FN:133,(anonymous_20)
FN:148,(anonymous_21)
FN:153,(anonymous_22)
FN:154,(anonymous_23)
FN:158,(anonymous_24)
FN:159,(anonymous_25)
FN:175,(anonymous_26)
FN:178,(anonymous_27)
FN:179,(anonymous_28)
FN:205,(anonymous_29)
FN:206,(anonymous_30)
FN:213,(anonymous_31)
FN:217,(anonymous_32)
FN:237,(anonymous_33)
FN:241,(anonymous_34)
FN:249,(anonymous_35)
FN:271,(anonymous_36)
FN:277,(anonymous_37)
FN:278,(anonymous_38)
FN:279,(anonymous_39)
FN:280,(anonymous_40)
FN:319,(anonymous_41)
FN:325,(anonymous_42)
FNF:34
FNH:5
FNDA:6,App
FNDA:0,(anonymous_10)
FNDA:5,(anonymous_11)
FNDA:0,(anonymous_12)
FNDA:0,(anonymous_13)
FNDA:5,(anonymous_14)
FNDA:5,(anonymous_15)
FNDA:5,(anonymous_16)
FNDA:0,(anonymous_17)
FNDA:0,(anonymous_18)
FNDA:0,(anonymous_19)
FNDA:0,(anonymous_20)
FNDA:0,(anonymous_21)
FNDA:0,(anonymous_22)
FNDA:0,(anonymous_23)
FNDA:0,(anonymous_24)
FNDA:0,(anonymous_25)
FNDA:0,(anonymous_26)
FNDA:0,(anonymous_27)
FNDA:0,(anonymous_28)
FNDA:0,(anonymous_29)
FNDA:0,(anonymous_30)
FNDA:0,(anonymous_31)
FNDA:0,(anonymous_32)
FNDA:0,(anonymous_33)
FNDA:0,(anonymous_34)
FNDA:0,(anonymous_35)
FNDA:0,(anonymous_36)
FNDA:0,(anonymous_37)
FNDA:0,(anonymous_38)
FNDA:0,(anonymous_39)
FNDA:0,(anonymous_40)
FNDA:0,(anonymous_41)
FNDA:0,(anonymous_42)
DA:1,1
DA:2,1
DA:3,1
DA:4,1
DA:5,1
DA:6,1
DA:7,1
DA:8,1
DA:9,1
DA:45,6
DA:46,6
DA:47,5
DA:48,5
DA:49,5
DA:50,5
DA:51,5
DA:54,5
DA:55,5
DA:58,5
DA:59,5
DA:60,5
DA:63,5
DA:64,0
DA:65,0
DA:66,0
DA:69,0
DA:70,0
DA:71,0
DA:72,0
DA:73,0
DA:74,0
DA:75,0
DA:81,0
DA:83,0
DA:89,5
DA:90,5
DA:94,5
DA:95,0
DA:97,0
DA:100,0
DA:101,0
DA:105,5
DA:106,5
DA:109,5
DA:110,5
DA:112,5
DA:113,5
DA:115,0
DA:116,0
DA:119,0
DA:120,0
DA:122,0
DA:124,0
DA:125,0
DA:126,0
DA:127,0
DA:131,0
DA:132,0
DA:133,0
DA:134,0
DA:136,0
DA:139,0
DA:142,0
DA:144,0
DA:145,0
DA:146,0
DA:148,0
DA:151,0
DA:154,0
DA:155,0
DA:157,0
DA:158,0
DA:159,0
DA:161,0
DA:162,0
DA:164,0
DA:166,0
DA:170,0
DA:174,0
DA:175,0
DA:178,0
DA:179,0
DA:181,0
DA:182,0
DA:185,0
DA:186,0
DA:187,0
DA:188,0
DA:191,0
DA:192,0
DA:193,0
DA:194,0
DA:195,0
DA:196,0
DA:197,0
DA:203,0
DA:204,0
DA:205,0
DA:206,0
DA:209,0
DA:210,0
DA:213,0
DA:216,0
DA:217,0
DA:221,0
DA:222,0
DA:226,0
DA:227,0
DA:228,0
DA:229,0
DA:233,0
DA:237,0
DA:238,0
DA:239,0
DA:241,0
DA:242,0
DA:243,0
DA:246,0
DA:249,5
DA:251,0
DA:252,0
DA:254,0
DA:257,5
DA:258,5
DA:259,5
DA:267,0
DA:268,0
DA:271,0
DA:274,0
DA:277,0
DA:278,0
DA:279,0
DA:280,0
DA:286,0
DA:287,0
DA:296,0
DA:319,0
DA:325,0
DA:338,1
LF:139
LH:36
BRDA:72,0,0,0
BRDA:72,1,0,0
BRDA:72,1,1,0
BRDA:81,2,0,0
BRDA:81,3,0,0
BRDA:81,3,1,0
BRDA:124,4,0,0
BRDA:124,4,1,0
BRDA:131,5,0,0
BRDA:146,6,0,0
BRDA:146,6,1,0
BRDA:155,7,0,0
BRDA:155,7,1,0
BRDA:159,8,0,0
BRDA:159,8,1,0
BRDA:174,9,0,0
BRDA:174,9,1,0
BRDA:185,10,0,0
BRDA:194,11,0,0
BRDA:194,12,0,0
BRDA:194,12,1,0
BRDA:203,13,0,0
BRDA:203,14,0,0
BRDA:203,14,1,0
BRDA:203,14,2,0
BRDA:204,15,0,0
BRDA:204,16,0,0
BRDA:204,16,1,0
BRDA:216,17,0,0
BRDA:221,18,0,0
BRDA:221,19,0,0
BRDA:221,19,1,0
BRDA:229,20,0,0
BRDA:229,20,1,0
BRDA:257,21,0,5
BRDA:286,22,0,0
BRDA:286,23,0,0
BRDA:286,23,1,0
BRDA:308,24,0,0
BRDA:308,24,1,0
BRDA:315,25,0,0
BRDA:315,25,1,0
BRF:42
BRH:1
end_of_record
TN:
SF:src/AppMinimal.tsx
FN:36,AppMinimal
FN:40,(anonymous_10)
FN:44,(anonymous_11)
FN:72,(anonymous_12)
FNF:4
FNH:0
FNDA:0,AppMinimal
FNDA:0,(anonymous_10)
FNDA:0,(anonymous_11)
FNDA:0,(anonymous_12)
DA:1,0
DA:2,0
DA:37,0
DA:38,0
DA:40,0
DA:41,0
DA:44,0
DA:45,0
DA:46,0
DA:47,0
DA:48,0
DA:49,0
DA:50,0
DA:52,0
DA:53,0
DA:57,0
DA:58,0
DA:65,0
DA:73,0
DA:83,0
LF:20
LH:0
BRDA:57,0,0,0
BRF:1
BRH:0
end_of_record
TN:
SF:src/TestApp.tsx
FN:3,TestApp
FN:9,(anonymous_2)
FNF:2
FNH:0
FNDA:0,TestApp
FNDA:0,(anonymous_2)
DA:1,0
DA:4,0
DA:5,0
DA:9,0
DA:14,0
LF:5
LH:0
BRF:0
BRH:0
end_of_record
TN:
SF:src/main.tsx
FNF:0
FNH:0
DA:1,0
DA:2,0
DA:3,0
DA:6,0
DA:8,0
DA:9,0
DA:10,0
DA:12,0
DA:13,0
DA:14,0
DA:15,0
DA:16,0
DA:21,0
DA:23,0
DA:26,0
LF:15
LH:0
BRDA:12,0,0,0
BRDA:12,0,1,0
BRF:2
BRH:0
end_of_record
TN:
SF:src/components/AnimatedBackground.tsx
FN:6,(anonymous_10)
FN:17,(anonymous_11)
FN:23,(anonymous_12)
FN:31,(anonymous_13)
FN:46,(anonymous_14)
FN:66,(anonymous_15)
FN:69,(anonymous_16)
FNF:7
FNH:0
FNDA:0,(anonymous_10)
FNDA:0,(anonymous_11)
FNDA:0,(anonymous_12)
FNDA:0,(anonymous_13)
FNDA:0,(anonymous_14)
FNDA:0,(anonymous_15)
FNDA:0,(anonymous_16)
DA:1,1
DA:2,1
DA:4,1
DA:6,1
DA:7,0
DA:8,0
DA:9,0
DA:10,0
DA:11,0
DA:12,0
DA:13,0
DA:14,0
DA:17,0
DA:18,0
DA:19,0
DA:23,0
DA:24,0
DA:25,0
DA:26,0
DA:27,0
DA:31,0
DA:33,0
DA:34,0
DA:35,0
DA:39,0
DA:40,0
DA:41,0
DA:46,0
DA:47,0
DA:48,0
DA:49,0
DA:52,0
DA:53,0
DA:54,0
DA:57,0
DA:58,0
DA:61,0
DA:63,0
DA:66,0
DA:67,0
DA:69,0
DA:70,0
DA:71,0
DA:76,0
LF:44
LH:4
BRDA:33,0,0,0
BRDA:39,1,0,0
BRDA:70,2,0,0
BRF:3
BRH:0
end_of_record
TN:
SF:src/components/BoidSystem.tsx
FN:36,(anonymous_10)
FN:41,(anonymous_11)
FN:45,(anonymous_12)
FN:63,(anonymous_13)
FN:86,(anonymous_14)
FN:93,(anonymous_15)
FN:100,(anonymous_16)
FN:107,(anonymous_17)
FN:115,(anonymous_18)
FN:138,(anonymous_19)
FN:197,(anonymous_20)
FN:204,(anonymous_21)
FN:230,(anonymous_22)
FN:278,(anonymous_23)
FN:359,(anonymous_24)
FN:365,(anonymous_25)
FN:369,(anonymous_26)
FN:391,(anonymous_27)
FNF:18
FNH:1
FNDA:1,(anonymous_10)
FNDA:0,(anonymous_11)
FNDA:0,(anonymous_12)
FNDA:0,(anonymous_13)
FNDA:0,(anonymous_14)
FNDA:0,(anonymous_15)
FNDA:0,(anonymous_16)
FNDA:0,(anonymous_17)
FNDA:0,(anonymous_18)
FNDA:0,(anonymous_19)
FNDA:0,(anonymous_20)
FNDA:0,(anonymous_21)
FNDA:0,(anonymous_22)
FNDA:0,(anonymous_23)
FNDA:0,(anonymous_24)
FNDA:0,(anonymous_25)
FNDA:0,(anonymous_26)
FNDA:0,(anonymous_27)
DA:1,1
DA:2,1
DA:3,1
DA:6,1
DA:31,1
DA:32,1
DA:33,1
DA:34,1
DA:37,1
DA:38,1
DA:43,0
DA:45,0
DA:46,0
DA:47,0
DA:50,0
DA:51,0
DA:53,0
DA:57,0
DA:58,0
DA:59,0
DA:64,0
DA:68,1
DA:86,1
DA:87,0
DA:88,0
DA:89,0
DA:90,0
DA:93,0
DA:94,0
DA:95,0
DA:96,0
DA:100,0
DA:101,0
DA:102,0
DA:103,0
DA:107,0
DA:108,0
DA:109,0
DA:110,0
DA:111,0
DA:115,0
DA:116,0
DA:117,0
DA:118,0
DA:120,0
DA:121,0
DA:123,0
DA:124,0
DA:127,0
DA:128,0
DA:131,0
DA:132,0
DA:138,0
DA:139,0
DA:140,0
DA:142,0
DA:143,0
DA:147,0
DA:149,0
DA:150,0
DA:151,0
DA:152,0
DA:153,0
DA:155,0
DA:156,0
DA:157,0
DA:158,0
DA:159,0
DA:161,0
DA:162,0
DA:163,0
DA:164,0
DA:165,0
DA:167,0
DA:168,0
DA:169,0
DA:170,0
DA:171,0
DA:173,0
DA:174,0
DA:175,0
DA:176,0
DA:179,0
DA:197,0
DA:198,0
DA:199,0
DA:200,0
DA:204,0
DA:205,0
DA:206,0
DA:208,0
DA:209,0
DA:210,0
DA:211,0
DA:214,0
DA:215,0
DA:218,0
DA:219,0
DA:220,0
DA:221,0
DA:222,0
DA:223,0
DA:228,0
DA:230,0
DA:232,0
DA:233,0
DA:236,0
DA:237,0
DA:241,0
DA:242,0
DA:243,0
DA:244,0
DA:245,0
DA:247,0
DA:248,0
DA:249,0
DA:250,0
DA:251,0
DA:255,0
DA:256,0
DA:257,0
DA:262,0
DA:263,0
DA:264,0
DA:265,0
DA:269,0
DA:270,0
DA:274,0
DA:275,0
DA:276,0
DA:278,0
DA:279,0
DA:281,0
DA:284,0
DA:285,0
DA:286,0
DA:287,0
DA:291,0
DA:292,0
DA:293,0
DA:294,0
DA:298,0
DA:299,0
DA:300,0
DA:301,0
DA:306,0
DA:307,0
DA:308,0
DA:312,0
DA:313,0
DA:314,0
DA:315,0
DA:316,0
DA:320,0
DA:321,0
DA:324,0
DA:325,0
DA:328,0
DA:329,0
DA:330,0
DA:331,0
DA:334,0
DA:335,0
DA:336,0
DA:337,0
DA:341,0
DA:342,0
DA:343,0
DA:344,0
DA:348,0
DA:349,0
DA:352,0
DA:354,0
DA:359,0
DA:361,0
DA:362,0
DA:365,0
DA:366,0
DA:367,0
DA:369,0
DA:370,0
DA:371,0
DA:376,0
DA:392,0
DA:393,0
LF:185
LH:12
BRDA:57,0,0,0
BRDA:95,1,0,0
BRDA:102,2,0,0
BRDA:120,3,0,0
BRDA:131,4,0,0
BRDA:140,5,0,0
BRDA:147,6,0,0
BRDA:147,6,1,0
BRDA:147,6,2,0
BRDA:147,6,3,0
BRDA:147,6,4,0
BRDA:206,7,0,0
BRDA:219,8,0,0
BRDA:221,9,0,0
BRDA:236,10,0,0
BRDA:241,11,0,0
BRDA:241,11,1,0
BRDA:243,12,0,0
BRDA:247,13,0,0
BRDA:247,13,1,0
BRDA:249,14,0,0
BRDA:256,15,0,0
BRDA:262,16,0,0
BRDA:269,17,0,0
BRDA:279,18,0,0
BRDA:279,19,0,0
BRDA:279,19,1,0
BRDA:284,20,0,0
BRDA:291,21,0,0
BRDA:298,22,0,0
BRDA:298,23,0,0
BRDA:298,23,1,0
BRDA:306,24,0,0
BRDA:312,25,0,0
BRDA:328,26,0,0
BRDA:328,26,1,0
BRDA:330,27,0,0
BRDA:334,28,0,0
BRDA:334,28,1,0
BRDA:336,29,0,0
BRDA:342,30,0,0
BRDA:352,31,0,0
BRDA:352,32,0,0
BRDA:352,32,1,0
BRDA:352,32,2,0
BRDA:352,32,3,0
BRDA:370,33,0,0
BRF:47
BRH:0
end_of_record
TN:
SF:src/components/ContextMenus.tsx
FN:20,(anonymous_1)
FN:41,(anonymous_2)
FN:57,(anonymous_3)
FNF:3
FNH:0
FNDA:0,(anonymous_1)
FNDA:0,(anonymous_2)
FNDA:0,(anonymous_3)
DA:1,0
DA:20,0
DA:33,0
DA:42,0
DA:43,0
DA:44,0
DA:57,0
LF:7
LH:0
BRDA:36,0,0,0
BRDA:36,0,1,0
BRDA:42,1,0,0
BRDA:53,2,0,0
BRDA:53,2,1,0
BRF:5
BRH:0
end_of_record
TN:
SF:src/components/FilterControls.tsx
FN:9,(anonymous_1)
FN:19,(anonymous_2)
FN:19,(anonymous_3)
FN:26,(anonymous_4)
FN:26,(anonymous_5)
FN:33,(anonymous_6)
FN:33,(anonymous_7)
FNF:7
FNH:0
FNDA:0,(anonymous_1)
FNDA:0,(anonymous_2)
FNDA:0,(anonymous_3)
FNDA:0,(anonymous_4)
FNDA:0,(anonymous_5)
FNDA:0,(anonymous_6)
FNDA:0,(anonymous_7)
DA:1,0
DA:9,0
DA:13,0
DA:19,0
DA:26,0
DA:33,0
LF:6
LH:0
BRDA:18,0,0,0
BRDA:18,0,1,0
BRDA:25,1,0,0
BRDA:25,1,1,0
BRDA:32,2,0,0
BRDA:32,2,1,0
BRF:6
BRH:0
end_of_record
TN:
SF:src/components/GlobalOverview.tsx
FN:16,(anonymous_10)
FN:23,(anonymous_11)
FN:28,(anonymous_12)
FN:36,(anonymous_13)
FN:38,(anonymous_14)
FN:47,(anonymous_15)
FN:60,(anonymous_16)
FN:63,(anonymous_17)
FN:64,(anonymous_18)
FN:95,(anonymous_19)
FN:124,(anonymous_20)
FN:133,(anonymous_21)
FN:153,(anonymous_22)
FN:171,(anonymous_23)
FN:177,(anonymous_24)
FN:183,(anonymous_25)
FN:189,(anonymous_26)
FN:195,(anonymous_27)
FN:202,(anonymous_28)
FN:212,(anonymous_29)
FN:224,(anonymous_30)
FNF:21
FNH:0
FNDA:0,(anonymous_10)
FNDA:0,(anonymous_11)
FNDA:0,(anonymous_12)
FNDA:0,(anonymous_13)
FNDA:0,(anonymous_14)
FNDA:0,(anonymous_15)
FNDA:0,(anonymous_16)
FNDA:0,(anonymous_17)
FNDA:0,(anonymous_18)
FNDA:0,(anonymous_19)
FNDA:0,(anonymous_20)
FNDA:0,(anonymous_21)
FNDA:0,(anonymous_22)
FNDA:0,(anonymous_23)
FNDA:0,(anonymous_24)
FNDA:0,(anonymous_25)
FNDA:0,(anonymous_26)
FNDA:0,(anonymous_27)
FNDA:0,(anonymous_28)
FNDA:0,(anonymous_29)
FNDA:0,(anonymous_30)
DA:1,1
DA:3,1
DA:16,1
DA:17,0
DA:18,0
DA:19,0
DA:20,0
DA:23,0
DA:24,0
DA:25,0
DA:28,0
DA:29,0
DA:30,0
DA:31,0
DA:36,0
DA:37,0
DA:38,0
DA:39,0
DA:40,0
DA:43,0
DA:47,0
DA:58,0
DA:60,0
DA:61,0
DA:63,0
DA:64,0
DA:65,0
DA:70,0
DA:71,0
DA:72,0
DA:73,0
DA:74,0
DA:78,0
DA:95,0
DA:96,0
DA:98,0
DA:100,0
DA:101,0
DA:103,0
DA:104,0
DA:106,0
DA:107,0
DA:109,0
DA:110,0
DA:112,0
DA:113,0
DA:114,0
DA:115,0
DA:118,0
DA:121,0
DA:124,0
DA:125,0
DA:126,0
DA:128,0
DA:129,0
DA:133,0
DA:134,0
DA:135,0
DA:138,0
DA:140,0
DA:141,0
DA:153,0
DA:154,0
DA:155,0
DA:156,0
DA:157,0
DA:158,0
DA:159,0
DA:162,0
DA:171,0
DA:177,0
DA:183,0
DA:189,0
DA:195,0
DA:203,0
DA:212,0
DA:224,0
LF:77
LH:3
BRDA:16,0,0,0
BRDA:29,1,0,0
BRDA:39,2,0,0
BRDA:39,3,0,0
BRDA:39,3,1,0
BRDA:43,4,0,0
BRDA:43,4,1,0
BRDA:61,5,0,0
BRDA:61,5,1,0
BRDA:65,6,0,0
BRDA:71,7,0,0
BRDA:98,8,0,0
BRDA:98,8,1,0
BRDA:98,8,2,0
BRDA:98,8,3,0
BRDA:98,8,4,0
BRDA:112,9,0,0
BRDA:112,9,1,0
BRDA:113,10,0,0
BRDA:113,10,1,0
BRDA:118,11,0,0
BRDA:118,11,1,0
BRDA:125,12,0,0
BRDA:125,12,1,0
BRDA:126,13,0,0
BRDA:126,13,1,0
BRDA:134,14,0,0
BRDA:135,15,0,0
BRDA:135,15,1,0
BRDA:140,16,0,0
BRDA:223,17,0,0
BRDA:223,17,1,0
BRDA:224,18,0,0
BRDA:224,18,1,0
BRDA:224,19,0,0
BRDA:224,19,1,0
BRDA:227,20,0,0
BRDA:227,20,1,0
BRF:38
BRH:0
end_of_record
TN:
SF:src/components/MergeDialog.tsx
FN:21,(anonymous_1)
FN:44,(anonymous_2)
FN:69,(anonymous_3)
FN:98,(anonymous_4)
FNF:4
FNH:0
FNDA:0,(anonymous_1)
FNDA:0,(anonymous_2)
FNDA:0,(anonymous_3)
FNDA:0,(anonymous_4)
DA:1,0
DA:21,0
DA:32,0
DA:33,0
DA:36,0
DA:45,0
DA:70,0
DA:99,0
DA:100,0
LF:9
LH:0
BRDA:32,0,0,0
BRDA:32,1,0,0
BRDA:32,1,1,0
BRDA:32,1,2,0
BRDA:65,2,0,0
BRDA:65,2,1,0
BRDA:96,3,0,0
BRDA:96,3,1,0
BRF:8
BRH:0
end_of_record
TN:
SF:src/components/PaneLayout.tsx
FN:13,PaneHeader
FN:39,PaneControls
FNF:2
FNH:0
FNDA:0,PaneHeader
FNDA:0,PaneControls
DA:1,1
DA:13,1
DA:14,0
DA:39,1
DA:40,0
DA:63,1
LF:6
LH:4
BRDA:13,0,0,0
BRDA:39,1,0,0
BRF:2
BRH:0
end_of_record
TN:
SF:src/components/ProgressOverlay.tsx
FN:10,(anonymous_1)
FNF:1
FNH:0
FNDA:0,(anonymous_1)
DA:1,1
DA:2,1
DA:10,1
DA:11,0
DA:13,0
LF:5
LH:3
BRDA:11,0,0,0
BRDA:22,1,0,0
BRDA:22,1,1,0
BRF:3
BRH:0
end_of_record
TN:
SF:src/components/ProjectControls.tsx
FN:29,(anonymous_1)
FN:49,(anonymous_2)
FN:49,(anonymous_3)
FN:56,(anonymous_4)
FN:56,(anonymous_5)
FN:63,(anonymous_6)
FN:63,(anonymous_7)
FN:76,(anonymous_8)
FN:95,(anonymous_9)
FN:99,(anonymous_10)
FN:101,(anonymous_11)
FN:107,(anonymous_12)
FN:116,(anonymous_13)
FNF:13
FNH:0
FNDA:0,(anonymous_1)
FNDA:0,(anonymous_2)
FNDA:0,(anonymous_3)
FNDA:0,(anonymous_4)
FNDA:0,(anonymous_5)
FNDA:0,(anonymous_6)
FNDA:0,(anonymous_7)
FNDA:0,(anonymous_8)
FNDA:0,(anonymous_9)
FNDA:0,(anonymous_10)
FNDA:0,(anonymous_11)
FNDA:0,(anonymous_12)
FNDA:0,(anonymous_13)
DA:1,0
DA:29,0
DA:42,0
DA:49,0
DA:56,0
DA:63,0
DA:77,0
DA:78,0
DA:79,0
DA:80,0
DA:95,0
DA:99,0
DA:101,0
DA:107,0
DA:116,0
LF:15
LH:0
BRDA:48,0,0,0
BRDA:48,0,1,0
BRDA:55,1,0,0
BRDA:55,1,1,0
BRDA:62,2,0,0
BRDA:62,2,1,0
BRDA:84,3,0,0
BRDA:84,3,1,0
BRDA:84,4,0,0
BRDA:84,4,1,0
BRDA:90,5,0,0
BRDA:90,5,1,0
BRDA:95,6,0,0
BRDA:95,6,1,0
BRDA:104,7,0,0
BRDA:104,7,1,0
BRF:16
BRH:0
end_of_record
TN:
SF:src/components/ProjectSidebar.tsx
FN:24,(anonymous_1)
FN:52,(anonymous_2)
FN:67,(anonymous_3)
FN:71,(anonymous_4)
FN:81,(anonymous_5)
FN:88,(anonymous_6)
FN:97,(anonymous_7)
FN:98,(anonymous_8)
FN:99,(anonymous_9)
FN:99,(anonymous_10)
FN:104,(anonymous_11)
FN:105,(anonymous_12)
FNF:12
FNH:0
FNDA:0,(anonymous_1)
FNDA:0,(anonymous_2)
FNDA:0,(anonymous_3)
FNDA:0,(anonymous_4)
FNDA:0,(anonymous_5)
FNDA:0,(anonymous_6)
FNDA:0,(anonymous_7)
FNDA:0,(anonymous_8)
FNDA:0,(anonymous_9)
FNDA:0,(anonymous_10)
FNDA:0,(anonymous_11)
FNDA:0,(anonymous_12)
DA:1,0
DA:3,0
DA:4,0
DA:24,0
DA:41,0
DA:53,0
DA:54,0
DA:57,0
DA:58,0
DA:68,0
DA:71,0
DA:81,0
DA:88,0
DA:98,0
DA:99,0
DA:100,0
DA:104,0
DA:105,0
LF:18
LH:0
BRDA:57,0,0,0
BRDA:57,1,0,0
BRDA:57,1,1,0
BRDA:70,2,0,0
BRDA:70,2,1,0
BRDA:72,3,0,0
BRDA:72,3,1,0
BRDA:72,4,0,0
BRDA:72,4,1,0
BRDA:80,5,0,0
BRDA:80,5,1,0
BRDA:87,6,0,0
BRDA:87,6,1,0
BRDA:103,7,0,0
BRDA:103,7,1,0
BRDA:103,8,0,0
BRDA:103,8,1,0
BRDA:108,9,0,0
BRDA:108,9,1,0
BRDA:109,10,0,0
BRDA:109,10,1,0
BRDA:113,11,0,0
BRDA:113,11,1,0
BRF:23
BRH:0
end_of_record
TN:
SF:src/components/SessionControls.tsx
FN:14,(anonymous_1)
FN:30,(anonymous_2)
FN:34,(anonymous_3)
FN:36,(anonymous_4)
FN:42,(anonymous_5)
FN:51,(anonymous_6)
FNF:6
FNH:0
FNDA:0,(anonymous_1)
FNDA:0,(anonymous_2)
FNDA:0,(anonymous_3)
FNDA:0,(anonymous_4)
FNDA:0,(anonymous_5)
FNDA:0,(anonymous_6)
DA:1,0
DA:14,0
DA:23,0
DA:30,0
DA:34,0
DA:36,0
DA:42,0
DA:51,0
LF:8
LH:0
BRDA:25,0,0,0
BRDA:25,0,1,0
BRDA:30,1,0,0
BRDA:30,1,1,0
BRDA:39,2,0,0
BRDA:39,2,1,0
BRF:6
BRH:0
end_of_record
TN:
SF:src/components/SessionTabs.tsx
FN:16,(anonymous_1)
FN:30,(anonymous_2)
FN:31,(anonymous_3)
FN:40,(anonymous_4)
FN:41,(anonymous_5)
FNF:5
FNH:0
FNDA:0,(anonymous_1)
FNDA:0,(anonymous_2)
FNDA:0,(anonymous_3)
FNDA:0,(anonymous_4)
FNDA:0,(anonymous_5)
DA:1,0
DA:3,0
DA:4,0
DA:16,0
DA:25,0
DA:27,0
DA:30,0
DA:32,0
DA:33,0
DA:34,0
DA:36,0
DA:40,0
DA:41,0
LF:13
LH:0
BRDA:25,0,0,0
BRDA:39,1,0,0
BRDA:39,1,1,0
BRDA:39,2,0,0
BRDA:39,2,1,0
BRDA:53,3,0,0
BRDA:53,3,1,0
BRF:7
BRH:0
end_of_record
TN:
SF:src/components/SpacingControls.tsx
FN:9,(anonymous_1)
FN:19,(anonymous_2)
FNF:2
FNH:0
FNDA:0,(anonymous_1)
FNDA:0,(anonymous_2)
DA:1,0
DA:9,0
DA:13,0
DA:20,0
DA:21,0
DA:22,0
DA:23,0
LF:7
LH:0
BRDA:27,0,0,0
BRDA:27,0,1,0
BRDA:27,1,0,0
BRDA:27,1,1,0
BRF:4
BRH:0
end_of_record
TN:
SF:src/components/SplashScreen.tsx
FN:9,(anonymous_10)
FN:17,(anonymous_11)
FN:20,(anonymous_12)
FN:21,(anonymous_13)
FN:22,(anonymous_14)
FN:29,(anonymous_15)
FN:36,(anonymous_16)
FN:38,(anonymous_17)
FN:39,(anonymous_18)
FN:56,(anonymous_19)
FN:64,(anonymous_20)
FN:72,(anonymous_21)
FN:73,(anonymous_22)
FN:78,(anonymous_23)
FN:97,(anonymous_24)
FNF:15
FNH:7
FNDA:5,(anonymous_10)
FNDA:5,(anonymous_11)
FNDA:0,(anonymous_12)
FNDA:0,(anonymous_13)
FNDA:0,(anonymous_14)
FNDA:5,(anonymous_15)
FNDA:5,(anonymous_16)
FNDA:0,(anonymous_17)
FNDA:0,(anonymous_18)
FNDA:5,(anonymous_19)
FNDA:0,(anonymous_20)
FNDA:5,(anonymous_21)
FNDA:0,(anonymous_22)
FNDA:5,(anonymous_23)
FNDA:0,(anonymous_24)
DA:1,1
DA:2,1
DA:9,1
DA:10,5
DA:11,5
DA:12,5
DA:13,5
DA:14,5
DA:17,5
DA:18,5
DA:19,0
DA:20,0
DA:21,0
DA:22,0
DA:29,5
DA:30,5
DA:31,5
DA:36,5
DA:37,5
DA:38,0
DA:39,0
DA:40,0
DA:41,0
DA:43,0
DA:44,0
DA:46,0
DA:48,0
DA:49,0
DA:53,0
DA:56,5
DA:57,5
DA:58,0
DA:64,5
DA:65,0
DA:66,0
DA:69,5
DA:72,5
DA:73,5
DA:74,0
DA:75,0
DA:77,5
DA:78,5
DA:81,5
DA:98,0
LF:44
LH:24
BRDA:18,0,0,0
BRDA:30,1,0,5
BRDA:37,2,0,0
BRDA:41,3,0,0
BRDA:43,4,0,0
BRDA:57,5,0,0
BRF:6
BRH:1
end_of_record
TN:
SF:src/components/TodoList.tsx
FN:33,(anonymous_1)
FN:64,(anonymous_2)
FN:78,(anonymous_3)
FN:100,(anonymous_4)
FN:112,(anonymous_5)
FN:113,(anonymous_6)
FN:114,(anonymous_7)
FN:115,(anonymous_8)
FN:116,(anonymous_9)
FN:127,(anonymous_10)
FN:128,(anonymous_11)
FN:144,(anonymous_12)
FN:153,(anonymous_13)
FN:185,(anonymous_14)
FNF:14
FNH:0
FNDA:0,(anonymous_1)
FNDA:0,(anonymous_2)
FNDA:0,(anonymous_3)
FNDA:0,(anonymous_4)
FNDA:0,(anonymous_5)
FNDA:0,(anonymous_6)
FNDA:0,(anonymous_7)
FNDA:0,(anonymous_8)
FNDA:0,(anonymous_9)
FNDA:0,(anonymous_10)
FNDA:0,(anonymous_11)
FNDA:0,(anonymous_12)
FNDA:0,(anonymous_13)
FNDA:0,(anonymous_14)
DA:1,0
DA:3,0
DA:4,0
DA:33,0
DA:59,0
DA:61,0
DA:67,0
DA:68,0
DA:69,0
DA:72,0
DA:73,0
DA:74,0
DA:75,0
DA:81,0
DA:82,0
DA:83,0
DA:86,0
DA:87,0
DA:88,0
DA:101,0
DA:102,0
DA:103,0
DA:105,0
DA:112,0
DA:113,0
DA:114,0
DA:115,0
DA:116,0
DA:127,0
DA:129,0
DA:130,0
DA:145,0
DA:146,0
DA:154,0
DA:155,0
DA:185,0
LF:36
LH:0
BRDA:59,0,0,0
BRDA:63,1,0,0
BRDA:63,1,1,0
BRDA:68,2,0,0
BRDA:68,3,0,0
BRDA:68,3,1,0
BRDA:68,3,2,0
BRDA:72,4,0,0
BRDA:72,5,0,0
BRDA:72,5,1,0
BRDA:72,5,2,0
BRDA:82,6,0,0
BRDA:82,7,0,0
BRDA:82,7,1,0
BRDA:82,7,2,0
BRDA:93,8,0,0
BRDA:93,8,1,0
BRDA:108,9,0,0
BRDA:108,9,1,0
BRDA:109,10,0,0
BRDA:109,10,1,0
BRDA:122,11,0,0
BRDA:122,11,1,0
BRDA:129,12,0,0
BRDA:130,13,0,0
BRDA:138,14,0,0
BRDA:138,14,1,0
BRDA:107,15,0,0
BRDA:107,15,1,0
BRDA:169,16,0,0
BRDA:169,16,1,0
BRDA:169,16,2,0
BRDA:172,17,0,0
BRDA:172,17,1,0
BRDA:175,18,0,0
BRDA:175,18,1,0
BRDA:175,18,2,0
BRDA:178,19,0,0
BRDA:178,19,1,0
BRDA:178,19,2,0
BRDA:184,20,0,0
BRDA:184,20,1,0
BRDA:185,21,0,0
BRDA:185,21,1,0
BRDA:186,22,0,0
BRDA:186,22,1,0
BRF:46
BRH:0
end_of_record
TN:
SF:src/components/TodosContainer.tsx
FN:33,(anonymous_1)
FN:63,(anonymous_2)
FN:77,(anonymous_3)
FN:99,(anonymous_4)
FN:111,(anonymous_5)
FN:112,(anonymous_6)
FN:113,(anonymous_7)
FN:114,(anonymous_8)
FN:115,(anonymous_9)
FN:126,(anonymous_10)
FN:127,(anonymous_11)
FN:143,(anonymous_12)
FN:152,(anonymous_13)
FN:184,(anonymous_14)
FNF:14
FNH:0
FNDA:0,(anonymous_1)
FNDA:0,(anonymous_2)
FNDA:0,(anonymous_3)
FNDA:0,(anonymous_4)
FNDA:0,(anonymous_5)
FNDA:0,(anonymous_6)
FNDA:0,(anonymous_7)
FNDA:0,(anonymous_8)
FNDA:0,(anonymous_9)
FNDA:0,(anonymous_10)
FNDA:0,(anonymous_11)
FNDA:0,(anonymous_12)
FNDA:0,(anonymous_13)
FNDA:0,(anonymous_14)
DA:1,0
DA:3,0
DA:33,0
DA:60,0
DA:66,0
DA:67,0
DA:68,0
DA:71,0
DA:72,0
DA:73,0
DA:74,0
DA:80,0
DA:81,0
DA:82,0
DA:85,0
DA:86,0
DA:87,0
DA:100,0
DA:101,0
DA:102,0
DA:104,0
DA:111,0
DA:112,0
DA:113,0
DA:114,0
DA:115,0
DA:126,0
DA:128,0
DA:129,0
DA:144,0
DA:145,0
DA:153,0
DA:154,0
DA:184,0
LF:34
LH:0
BRDA:62,0,0,0
BRDA:62,0,1,0
BRDA:67,1,0,0
BRDA:67,2,0,0
BRDA:67,2,1,0
BRDA:67,2,2,0
BRDA:71,3,0,0
BRDA:71,4,0,0
BRDA:71,4,1,0
BRDA:71,4,2,0
BRDA:81,5,0,0
BRDA:81,6,0,0
BRDA:81,6,1,0
BRDA:81,6,2,0
BRDA:92,7,0,0
BRDA:92,7,1,0
BRDA:107,8,0,0
BRDA:107,8,1,0
BRDA:108,9,0,0
BRDA:108,9,1,0
BRDA:121,10,0,0
BRDA:121,10,1,0
BRDA:128,11,0,0
BRDA:129,12,0,0
BRDA:137,13,0,0
BRDA:137,13,1,0
BRDA:106,14,0,0
BRDA:106,14,1,0
BRDA:168,15,0,0
BRDA:168,15,1,0
BRDA:168,15,2,0
BRDA:171,16,0,0
BRDA:171,16,1,0
BRDA:174,17,0,0
BRDA:174,17,1,0
BRDA:174,17,2,0
BRDA:177,18,0,0
BRDA:177,18,1,0
BRDA:177,18,2,0
BRDA:183,19,0,0
BRDA:183,19,1,0
BRDA:184,20,0,0
BRDA:184,20,1,0
BRDA:185,21,0,0
BRDA:185,21,1,0
BRF:45
BRH:0
end_of_record
TN:
SF:src/components/UnifiedTitleBar.tsx
FN:19,UnifiedTitleBar
FN:42,(anonymous_11)
FN:48,(anonymous_12)
FN:56,(anonymous_13)
FN:71,(anonymous_14)
FN:91,(anonymous_15)
FN:94,(anonymous_16)
FN:117,(anonymous_17)
FN:128,(anonymous_18)
FN:146,(anonymous_19)
FN:162,(anonymous_20)
FNF:11
FNH:0
FNDA:0,UnifiedTitleBar
FNDA:0,(anonymous_11)
FNDA:0,(anonymous_12)
FNDA:0,(anonymous_13)
FNDA:0,(anonymous_14)
FNDA:0,(anonymous_15)
FNDA:0,(anonymous_16)
FNDA:0,(anonymous_17)
FNDA:0,(anonymous_18)
FNDA:0,(anonymous_19)
FNDA:0,(anonymous_20)
DA:1,1
DA:2,1
DA:19,1
DA:29,0
DA:32,0
DA:33,0
DA:34,0
DA:35,0
DA:36,0
DA:37,0
DA:38,0
DA:39,0
DA:42,0
DA:43,0
DA:44,0
DA:48,0
DA:49,0
DA:50,0
DA:51,0
DA:52,0
DA:56,0
DA:58,0
DA:59,0
DA:60,0
DA:64,0
DA:65,0
DA:66,0
DA:71,0
DA:72,0
DA:73,0
DA:74,0
DA:77,0
DA:78,0
DA:79,0
DA:82,0
DA:83,0
DA:86,0
DA:88,0
DA:91,0
DA:92,0
DA:94,0
DA:95,0
DA:96,0
DA:101,0
DA:117,0
DA:128,0
DA:146,0
DA:163,0
DA:164,0
DA:165,0
DA:166,0
LF:51
LH:3
BRDA:58,0,0,0
BRDA:64,1,0,0
BRDA:95,2,0,0
BRDA:106,3,0,0
BRDA:106,3,1,0
BRDA:127,4,0,0
BRDA:127,4,1,0
BRDA:145,5,0,0
BRDA:145,5,1,0
BRDA:170,6,0,0
BRDA:170,6,1,0
BRDA:170,7,0,0
BRDA:170,7,1,0
BRF:13
BRH:0
end_of_record
TN:
SF:src/main/main.ts
FN:51,convertFlattenedPath
FN:57,findProjectForSession
FN:71,getRealProjectPath
FN:78,validatePath
FN:83,guessPathFromFlattenedName
FN:88,saveProjectMetadata
FN:94,loadTodosData
FN:307,(anonymous_8)
FN:308,(anonymous_9)
FN:319,takeScreenshot
FN:348,showHelp
FN:404,setupMenu
FN:429,(anonymous_13)
FN:463,(anonymous_14)
FN:502,(anonymous_15)
FN:514,createWindow
FN:541,(anonymous_17)
FN:552,setupFileWatching
FN:558,(anonymous_19)
FN:579,(anonymous_20)
FN:601,(anonymous_21)
FN:619,cleanupFileWatchers
FN:620,(anonymous_23)
FN:638,(anonymous_24)
FN:648,(anonymous_25)
FN:650,(anonymous_26)
FN:658,(anonymous_27)
FN:665,(anonymous_28)
FN:680,(anonymous_29)
FN:695,(anonymous_30)
FN:715,(anonymous_31)
FN:729,(anonymous_32)
FN:780,(anonymous_33)
FN:785,(anonymous_34)
FN:793,(anonymous_35)
FN:800,(anonymous_36)
FNF:36
FNH:0
FNDA:0,convertFlattenedPath
FNDA:0,findProjectForSession
FNDA:0,getRealProjectPath
FNDA:0,validatePath
FNDA:0,guessPathFromFlattenedName
FNDA:0,saveProjectMetadata
FNDA:0,loadTodosData
FNDA:0,(anonymous_8)
FNDA:0,(anonymous_9)
FNDA:0,takeScreenshot
FNDA:0,showHelp
FNDA:0,setupMenu
FNDA:0,(anonymous_13)
FNDA:0,(anonymous_14)
FNDA:0,(anonymous_15)
FNDA:0,createWindow
FNDA:0,(anonymous_17)
FNDA:0,setupFileWatching
FNDA:0,(anonymous_19)
FNDA:0,(anonymous_20)
FNDA:0,(anonymous_21)
FNDA:0,cleanupFileWatchers
FNDA:0,(anonymous_23)
FNDA:0,(anonymous_24)
FNDA:0,(anonymous_25)
FNDA:0,(anonymous_26)
FNDA:0,(anonymous_27)
FNDA:0,(anonymous_28)
FNDA:0,(anonymous_29)
FNDA:0,(anonymous_30)
FNDA:0,(anonymous_31)
FNDA:0,(anonymous_32)
FNDA:0,(anonymous_33)
FNDA:0,(anonymous_34)
FNDA:0,(anonymous_35)
FNDA:0,(anonymous_36)
DA:1,0
DA:2,0
DA:3,0
DA:4,0
DA:5,0
DA:6,0
DA:7,0
DA:8,0
DA:11,0
DA:12,0
DA:14,0
DA:15,0
DA:16,0
DA:18,0
DA:21,0
DA:22,0
DA:23,0
DA:24,0
DA:53,0
DA:59,0
DA:73,0
DA:79,0
DA:84,0
DA:90,0
DA:95,0
DA:96,0
DA:97,0
DA:98,0
DA:100,0
DA:101,0
DA:102,0
DA:103,0
DA:106,0
DA:107,0
DA:108,0
DA:109,0
DA:111,0
DA:112,0
DA:113,0
DA:114,0
DA:115,0
DA:117,0
DA:120,0
DA:121,0
DA:122,0
DA:124,0
DA:127,0
DA:129,0
DA:131,0
DA:132,0
DA:134,0
DA:135,0
DA:136,0
DA:138,0
DA:139,0
DA:142,0
DA:145,0
DA:146,0
DA:147,0
DA:150,0
DA:154,0
DA:155,0
DA:157,0
DA:158,0
DA:159,0
DA:160,0
DA:161,0
DA:162,0
DA:164,0
DA:174,0
DA:175,0
DA:176,0
DA:177,0
DA:178,0
DA:180,0
DA:181,0
DA:184,0
DA:186,0
DA:187,0
DA:188,0
DA:190,0
DA:191,0
DA:193,0
DA:194,0
DA:196,0
DA:201,0
DA:202,0
DA:209,0
DA:212,0
DA:213,0
DA:216,0
DA:224,0
DA:229,0
DA:230,0
DA:231,0
DA:232,0
DA:234,0
DA:235,0
DA:237,0
DA:240,0
DA:241,0
DA:242,0
DA:248,0
DA:249,0
DA:250,0
DA:251,0
DA:252,0
DA:253,0
DA:256,0
DA:257,0
DA:258,0
DA:259,0
DA:260,0
DA:263,0
DA:265,0
DA:266,0
DA:272,0
DA:273,0
DA:280,0
DA:281,0
DA:284,0
DA:285,0
DA:288,0
DA:299,0
DA:303,0
DA:304,0
DA:305,0
DA:306,0
DA:307,0
DA:308,0
DA:310,0
DA:313,0
DA:316,0
DA:320,0
DA:322,0
DA:323,0
DA:324,0
DA:327,0
DA:328,0
DA:330,0
DA:333,0
DA:341,0
DA:343,0
DA:344,0
DA:349,0
DA:394,0
DA:405,0
DA:407,0
DA:430,0
DA:463,0
DA:503,0
DA:510,0
DA:511,0
DA:515,0
DA:531,0
DA:532,0
DA:533,0
DA:536,0
DA:538,0
DA:541,0
DA:542,0
DA:546,0
DA:550,0
DA:554,0
DA:555,0
DA:558,0
DA:559,0
DA:560,0
DA:562,0
DA:563,0
DA:572,0
DA:576,0
DA:577,0
DA:579,0
DA:580,0
DA:581,0
DA:583,0
DA:584,0
DA:593,0
DA:597,0
DA:598,0
DA:599,0
DA:601,0
DA:602,0
DA:603,0
DA:605,0
DA:606,0
DA:615,0
DA:620,0
DA:621,0
DA:622,0
DA:624,0
DA:627,0
DA:631,0
DA:633,0
DA:634,0
DA:635,0
DA:638,0
DA:639,0
DA:641,0
DA:642,0
DA:643,0
DA:648,0
DA:650,0
DA:651,0
DA:652,0
DA:653,0
DA:654,0
DA:658,0
DA:659,0
DA:660,0
DA:661,0
DA:665,0
DA:668,0
DA:669,0
DA:671,0
DA:672,0
DA:674,0
DA:675,0
DA:680,0
DA:683,0
DA:684,0
DA:686,0
DA:687,0
DA:689,0
DA:690,0
DA:695,0
DA:696,0
DA:697,0
DA:701,0
DA:703,0
DA:704,0
DA:705,0
DA:708,0
DA:709,0
DA:711,0
DA:714,0
DA:715,0
DA:717,0
DA:719,0
DA:720,0
DA:723,0
DA:724,0
DA:725,0
DA:727,0
DA:728,0
DA:729,0
DA:730,0
DA:733,0
DA:734,0
DA:735,0
DA:736,0
DA:739,0
DA:741,0
DA:759,0
DA:763,0
DA:766,0
DA:769,0
DA:770,0
DA:774,0
DA:777,0
DA:780,0
DA:781,0
DA:782,0
DA:785,0
DA:786,0
DA:787,0
DA:788,0
DA:793,0
DA:794,0
DA:795,0
DA:796,0
DA:800,0
DA:801,0
LF:274
LH:0
BRDA:114,0,0,0
BRDA:114,0,1,0
BRDA:132,1,0,0
BRDA:142,2,0,0
BRDA:146,3,0,0
BRDA:146,3,1,0
BRDA:154,4,0,0
BRDA:159,5,0,0
BRDA:159,6,0,0
BRDA:159,6,1,0
BRDA:161,7,0,0
BRDA:162,8,0,0
BRDA:162,8,1,0
BRDA:174,9,0,0
BRDA:176,10,0,0
BRDA:176,10,1,0
BRDA:176,11,0,0
BRDA:176,11,1,0
BRDA:180,12,0,0
BRDA:187,13,0,0
BRDA:190,14,0,0
BRDA:193,15,0,0
BRDA:201,16,0,0
BRDA:212,17,0,0
BRDA:212,18,0,0
BRDA:212,18,1,0
BRDA:234,19,0,0
BRDA:234,20,0,0
BRDA:234,20,1,0
BRDA:235,21,0,0
BRDA:235,21,1,0
BRDA:237,22,0,0
BRDA:237,22,1,0
BRDA:240,23,0,0
BRDA:249,24,0,0
BRDA:249,24,1,0
BRDA:253,25,0,0
BRDA:258,26,0,0
BRDA:258,26,1,0
BRDA:272,27,0,0
BRDA:284,28,0,0
BRDA:284,29,0,0
BRDA:284,29,1,0
BRDA:320,30,0,0
BRDA:409,31,0,0
BRDA:409,31,1,0
BRDA:434,32,0,0
BRDA:434,32,1,0
BRDA:479,33,0,0
BRDA:479,33,1,0
BRDA:531,34,0,0
BRDA:531,34,1,0
BRDA:554,35,0,0
BRDA:559,36,0,0
BRDA:559,37,0,0
BRDA:559,37,1,0
BRDA:559,37,2,0
BRDA:562,38,0,0
BRDA:562,39,0,0
BRDA:562,39,1,0
BRDA:576,40,0,0
BRDA:580,41,0,0
BRDA:580,42,0,0
BRDA:580,42,1,0
BRDA:583,43,0,0
BRDA:583,44,0,0
BRDA:583,44,1,0
BRDA:598,45,0,0
BRDA:602,46,0,0
BRDA:605,47,0,0
BRDA:605,48,0,0
BRDA:605,48,1,0
BRDA:633,49,0,0
BRDA:633,49,1,0
BRDA:641,50,0,0
BRDA:642,51,0,0
BRDA:671,52,0,0
BRDA:671,52,1,0
BRDA:686,53,0,0
BRDA:686,53,1,0
BRDA:703,54,0,0
BRDA:703,55,0,0
BRDA:703,55,1,0
BRDA:739,56,0,0
BRDA:739,57,0,0
BRDA:739,57,1,0
BRDA:739,57,2,0
BRDA:739,57,3,0
BRDA:742,58,0,0
BRDA:742,58,1,0
BRDA:745,59,0,0
BRDA:745,59,1,0
BRDA:746,60,0,0
BRDA:746,60,1,0
BRDA:750,61,0,0
BRDA:750,61,1,0
BRDA:751,62,0,0
BRDA:751,62,1,0
BRDA:786,63,0,0
BRDA:795,64,0,0
BRF:100
BRH:0
end_of_record
TN:
SF:src/utils/PathUtils.ts
FN:30,(anonymous_1)
FN:37,(anonymous_2)
FN:45,(anonymous_3)
FN:53,(anonymous_4)
FN:110,(anonymous_5)
FN:121,(anonymous_6)
FN:132,(anonymous_7)
FN:219,(anonymous_8)
FN:293,(anonymous_9)
FN:305,(anonymous_10)
FN:376,(anonymous_11)
FN:388,(anonymous_12)
FN:396,(anonymous_13)
FNF:13
FNH:10
FNDA:2,(anonymous_1)
FNDA:1,(anonymous_2)
FNDA:23,(anonymous_3)
FNDA:12,(anonymous_4)
FNDA:4,(anonymous_5)
FNDA:3,(anonymous_6)
FNDA:2,(anonymous_7)
FNDA:4,(anonymous_8)
FNDA:2,(anonymous_9)
FNDA:6,(anonymous_10)
FNDA:0,(anonymous_11)
FNDA:0,(anonymous_12)
FNDA:0,(anonymous_13)
DA:1,1
DA:2,1
DA:3,1
DA:4,1
DA:7,1
DA:25,1
DA:31,2
DA:38,1
DA:46,23
DA:54,12
DA:55,12
DA:58,12
DA:59,24
DA:60,24
DA:61,24
DA:62,11
DA:63,11
DA:64,11
DA:65,2
DA:77,10
DA:78,10
DA:80,10
DA:81,1
DA:89,9
DA:90,9
DA:92,8
DA:93,8
DA:94,2
DA:95,2
DA:99,7
DA:102,0
DA:103,0
DA:111,4
DA:112,4
DA:114,0
DA:122,3
DA:123,3
DA:125,1
DA:133,2
DA:134,2
DA:135,2
DA:137,2
DA:138,3
DA:141,3
DA:142,3
DA:143,2
DA:147,1
DA:148,1
DA:151,1
DA:152,3
DA:155,3
DA:158,3
DA:161,3
DA:162,1
DA:166,3
DA:167,1
DA:171,3
DA:173,4
DA:174,1
DA:175,1
DA:176,1
DA:181,3
DA:182,63
DA:183,0
DA:184,0
DA:185,0
DA:189,3
DA:192,3
DA:195,1
DA:197,1
DA:198,1
DA:201,0
DA:202,0
DA:203,0
DA:207,1
DA:208,1
DA:212,2
DA:220,4
DA:223,4
DA:224,4
DA:225,4
DA:226,0
DA:227,0
DA:228,0
DA:229,0
DA:237,4
DA:238,4
DA:239,1
DA:242,1
DA:245,1
DA:246,1
DA:247,3
DA:249,0
DA:250,0
DA:251,3
DA:252,3
DA:257,1
DA:258,1
DA:261,1
DA:263,1
DA:266,0
DA:267,0
DA:270,0
DA:275,3
DA:276,1
DA:277,1
DA:279,1
DA:280,1
DA:282,0
DA:286,2
DA:294,2
DA:296,2
DA:299,2
DA:300,2
DA:301,4
DA:302,4
DA:305,6
DA:306,1
DA:307,1
DA:311,2
DA:313,1
DA:319,1
DA:320,1
DA:323,1
DA:324,1
DA:325,1
DA:326,1
DA:327,1
DA:328,1
DA:335,0
DA:336,0
DA:337,0
DA:338,0
DA:339,0
DA:340,0
DA:341,0
DA:342,0
DA:351,0
DA:354,0
DA:355,0
DA:357,0
DA:365,0
DA:366,0
DA:377,0
DA:378,0
DA:379,0
DA:389,0
DA:390,0
DA:392,0
DA:393,0
DA:394,0
DA:396,0
DA:397,0
DA:401,0
DA:404,0
LF:155
LH:110
BRDA:61,0,0,11
BRDA:64,1,0,2
BRDA:80,2,0,1
BRDA:90,3,0,8
BRDA:90,4,0,9
BRDA:90,4,1,9
BRDA:90,4,2,9
BRDA:90,4,3,8
BRDA:93,5,0,2
BRDA:133,6,0,1
BRDA:133,6,1,1
BRDA:134,7,0,1
BRDA:134,7,1,1
BRDA:135,8,0,1
BRDA:135,8,1,1
BRDA:142,9,0,2
BRDA:161,10,0,1
BRDA:166,11,0,1
BRDA:173,12,0,1
BRDA:182,13,0,0
BRDA:189,14,0,0
BRDA:192,15,0,1
BRDA:195,16,0,1
BRDA:195,16,1,0
BRDA:207,17,0,1
BRDA:225,18,0,0
BRDA:228,19,0,0
BRDA:238,20,0,1
BRDA:247,21,0,0
BRDA:247,21,1,3
BRDA:247,22,0,3
BRDA:247,22,1,0
BRDA:251,23,0,3
BRDA:261,24,0,1
BRDA:261,25,0,1
BRDA:261,25,1,1
BRDA:266,26,0,0
BRDA:266,26,1,0
BRDA:275,27,0,1
BRDA:279,28,0,1
BRDA:279,29,0,1
BRDA:279,29,1,1
BRDA:279,29,2,1
BRDA:305,30,0,1
BRDA:311,31,0,1
BRDA:327,32,0,1
BRDA:336,33,0,0
BRDA:336,34,0,0
BRDA:336,34,1,0
BRDA:341,35,0,0
BRDA:354,36,0,0
BRDA:354,36,1,0
BRDA:354,37,0,0
BRDA:354,37,1,0
BRDA:360,38,0,0
BRDA:360,38,1,0
BRDA:361,39,0,0
BRDA:361,39,1,0
BRDA:396,40,0,0
BRF:59
BRH:37
end_of_record
TN:
SF:src/utils/Result.ts
FN:15,Ok
FN:19,Err
FN:24,(anonymous_2)
FN:28,(anonymous_3)
FN:32,(anonymous_4)
FN:36,(anonymous_5)
FN:40,(anonymous_6)
FN:47,(anonymous_7)
FN:54,(anonymous_8)
FNF:9
FNH:6
FNDA:123,Ok
FNDA:10,Err
FNDA:123,(anonymous_2)
FNDA:10,(anonymous_3)
FNDA:115,(anonymous_4)
FNDA:13,(anonymous_5)
FNDA:0,(anonymous_6)
FNDA:0,(anonymous_7)
FNDA:0,(anonymous_8)
DA:15,2
DA:16,123
DA:19,2
DA:20,10
DA:23,2
DA:25,123
DA:29,10
DA:33,115
DA:37,13
DA:41,0
DA:42,0
DA:44,0
DA:48,0
DA:49,0
DA:51,0
DA:55,0
DA:56,0
DA:57,0
DA:59,0
LF:19
LH:9
BRDA:41,0,0,0
BRDA:48,1,0,0
BRDA:60,2,0,0
BRDA:60,2,1,0
BRF:4
BRH:0
end_of_record
TN:
SF:src/utils/TodoManager.ts
FN:16,(anonymous_1)
FN:21,(anonymous_2)
FN:58,(anonymous_3)
FN:84,(anonymous_4)
FN:110,(anonymous_5)
FN:138,(anonymous_6)
FN:168,(anonymous_7)
FN:191,(anonymous_8)
FN:209,(anonymous_9)
FN:218,(anonymous_10)
FN:227,(anonymous_11)
FNF:11
FNH:11
FNDA:32,(anonymous_1)
FNDA:45,(anonymous_2)
FNDA:50,(anonymous_3)
FNDA:9,(anonymous_4)
FNDA:7,(anonymous_5)
FNDA:7,(anonymous_6)
FNDA:12,(anonymous_7)
FNDA:3,(anonymous_8)
FNDA:48,(anonymous_9)
FNDA:250,(anonymous_10)
FNDA:9,(anonymous_11)
DA:1,1
DA:2,1
DA:3,1
DA:13,1
DA:14,32
DA:17,32
DA:22,45
DA:23,45
DA:24,45
DA:25,1
DA:28,44
DA:31,44
DA:32,0
DA:35,44
DA:37,43
DA:38,1
DA:42,42
DA:43,116
DA:44,1
DA:48,41
DA:50,1
DA:59,50
DA:61,50
DA:62,134
DA:63,0
DA:68,50
DA:69,50
DA:72,50
DA:74,50
DA:76,0
DA:85,9
DA:86,9
DA:87,0
DA:90,9
DA:93,9
DA:99,9
DA:101,9
DA:102,9
DA:103,0
DA:106,9
DA:111,7
DA:112,7
DA:113,0
DA:116,7
DA:118,7
DA:119,1
DA:121,6
DA:122,1
DA:126,5
DA:127,5
DA:129,5
DA:130,5
DA:131,0
DA:134,5
DA:139,7
DA:140,7
DA:141,0
DA:144,7
DA:146,7
DA:147,1
DA:150,6
DA:151,2
DA:154,4
DA:159,4
DA:160,4
DA:161,0
DA:164,4
DA:169,12
DA:170,12
DA:171,0
DA:174,12
DA:176,12
DA:177,2
DA:180,10
DA:182,10
DA:183,10
DA:184,0
DA:187,10
DA:192,3
DA:193,3
DA:194,3
DA:195,1
DA:198,2
DA:199,2
DA:201,0
DA:210,48
DA:211,48
DA:212,46
DA:214,2
DA:219,250
DA:228,9
LF:91
LH:79
BRDA:24,0,0,1
BRDA:31,1,0,0
BRDA:37,2,0,1
BRDA:43,3,0,1
BRDA:51,4,0,1
BRDA:51,4,1,0
BRDA:62,5,0,0
BRDA:77,6,0,0
BRDA:77,6,1,0
BRDA:86,7,0,0
BRDA:95,8,0,9
BRDA:95,8,1,9
BRDA:96,9,0,9
BRDA:96,9,1,9
BRDA:102,10,0,0
BRDA:112,11,0,0
BRDA:118,12,0,1
BRDA:118,13,0,7
BRDA:118,13,1,6
BRDA:121,14,0,1
BRDA:121,15,0,6
BRDA:121,15,1,6
BRDA:130,16,0,0
BRDA:140,17,0,0
BRDA:146,18,0,1
BRDA:146,19,0,7
BRDA:146,19,1,7
BRDA:150,20,0,2
BRDA:150,21,0,6
BRDA:150,21,1,5
BRDA:160,22,0,0
BRDA:170,23,0,0
BRDA:176,24,0,2
BRDA:176,25,0,12
BRDA:176,25,1,11
BRDA:183,26,0,0
BRDA:194,27,0,1
BRDA:202,28,0,0
BRDA:202,28,1,0
BRDA:220,29,0,250
BRDA:220,29,1,250
BRDA:220,29,2,250
BRDA:220,29,3,249
BRF:43
BRH:28
end_of_record
TN:
SF:src/utils/dateHelpers.ts
FN:2,formatUKDate
FN:11,formatUKTime
FNF:2
FNH:0
FNDA:0,formatUKDate
FNDA:0,formatUKTime
DA:2,0
DA:3,0
DA:4,0
DA:5,0
DA:6,0
DA:7,0
DA:11,0
DA:12,0
DA:13,0
DA:14,0
LF:10
LH:0
BRF:0
BRH:0
end_of_record
TN:
SF:src/utils/todoHelpers.ts
FN:3,(anonymous_0)
FN:12,(anonymous_1)
FN:13,(anonymous_2)
FN:25,(anonymous_3)
FN:34,(anonymous_4)
FN:42,(anonymous_5)
FNF:6
FNH:0
FNDA:0,(anonymous_0)
FNDA:0,(anonymous_1)
FNDA:0,(anonymous_2)
FNDA:0,(anonymous_3)
FNDA:0,(anonymous_4)
FNDA:0,(anonymous_5)
DA:3,0
DA:4,0
DA:5,0
DA:6,0
DA:7,0
DA:8,0
DA:12,0
DA:13,0
DA:14,0
DA:15,0
DA:18,0
DA:25,0
DA:26,0
DA:27,0
DA:28,0
DA:29,0
DA:30,0
DA:34,0
DA:35,0
DA:36,0
DA:39,0
DA:40,0
DA:42,0
DA:48,0
DA:49,0
DA:51,0
LF:26
LH:0
BRDA:4,0,0,0
BRDA:4,0,1,0
BRDA:4,0,2,0
BRDA:4,0,3,0
BRDA:14,1,0,0
BRDA:14,1,1,0
BRDA:19,2,0,0
BRDA:19,2,1,0
BRDA:20,3,0,0
BRDA:20,3,1,0
BRDA:21,4,0,0
BRDA:21,4,1,0
BRDA:26,5,0,0
BRDA:26,5,1,0
BRDA:26,5,2,0
BRDA:26,5,3,0
BRDA:36,6,0,0
BRDA:36,6,1,0
BRDA:53,7,0,0
BRDA:53,7,1,0
BRDA:65,8,0,0
BRDA:65,8,1,0
BRF:22
BRH:0
end_of_record
